<PACKETTRACER5>
 <VERSION>8.2.2.0400</VERSION>
 <PIXMAPBANK>
  <IMAGE>
   <IMAGE_PATH></IMAGE_PATH>
   <IMAGE_CONTENT></IMAGE_CONTENT>
  </IMAGE>
 </PIXMAPBANK>
 <MOVIEBANK/>
 <NETWORK>
  <DEVICES>
   <DEVICE>
    <ENGINE>
     <TYPE model="PC-PT" customModel="">Pc</TYPE>
     <NAME translate="true">PC0</NAME>
     <POWER>true</POWER>
     <DESCRIPTION></DESCRIPTION>
     <MODULE>
      <TYPE>eNonRemovableModule</TYPE>
      <MODEL/>
      <SLOT>
       <TYPE>ePtHostModule</TYPE>
       <MODULE>
        <TYPE>ePtHostModule</TYPE>
        <MODEL>PT-HOST-NM-1CFE</MODEL>
        <PORT>
         <TYPE>eCopperFastEthernet</TYPE>
         <POWER>true</POWER>
         <MEDIATYPE>0</MEDIATYPE>
         <PINS>false</PINS>
         <BANDWIDTH>100000</BANDWIDTH>
         <FULLDUPLEX>true</FULLDUPLEX>
         <AUTONEGOTIATEBANDWIDTH>true</AUTONEGOTIATEBANDWIDTH>
         <AUTONEGOTIATEDUPLEX>true</AUTONEGOTIATEDUPLEX>
         <MACADDRESS>0030.F256.089B</MACADDRESS>
         <BIA>0030.F256.089B</BIA>
         <CLOCKRATE>2000000</CLOCKRATE>
         <CLOCKRATEFLAG>false</CLOCKRATEFLAG>
         <DESCRIPTION/>
         <CHANNEL>0</CHANNEL>
         <CHANNEL5GHZ>0</CHANNEL5GHZ>
         <COVERAGERANGE>0</COVERAGERANGE>
         <SAVED_FULLDUPLEX>false</SAVED_FULLDUPLEX>
         <UP_METHOD>5</UP_METHOD>
         <IP/>
         <SUBNET/>
         <PORT_GATEWAY/>
         <PORT_DNS/>
         <PORT_DHCP_ENABLE>false</PORT_DHCP_ENABLE>
         <ND_SUPPRESSED>false</ND_SUPPRESSED>
         <ND_IPV6_DNS_ADDRESSES/>
         <TIMEOUT>14400000</TIMEOUT>
         <PC_FIREWALL>false</PC_FIREWALL>
         <PC_IPV6_FIREWALL>false</PC_IPV6_FIREWALL>
         <IPV6_ENABLED>false</IPV6_ENABLED>
         <IPV6_ADDRESS_AUTOCONFIG>false</IPV6_ADDRESS_AUTOCONFIG>
         <IPV6_PORT_GATEWAY/>
         <IPV6_PORT_DNS/>
         <IPV6_LINK_LOCAL>FE80::230:F2FF:FE56:89B</IPV6_LINK_LOCAL>
         <IPV6_DEFAULT_LINK_LOCAL>FE80::230:F2FF:FE56:89B</IPV6_DEFAULT_LINK_LOCAL>
         <IPV6_PORT_DHCP_ENABLED>false</IPV6_PORT_DHCP_ENABLED>
         <IPV6_ADDRESSES/>
         <IP_UNNUMBERED/>
         <DHCP_SERVER_IP>0.0.0.0</DHCP_SERVER_IP>
        </PORT>
       </MODULE>
      </SLOT>
      <SLOT>
       <TYPE>eNonRemovableModule</TYPE>
       <MODULE>
        <TYPE>eNonRemovableModule</TYPE>
        <MODEL/>
        <SLOT>
         <TYPE>eTrs35</TYPE>
        </SLOT>
        <SLOT>
         <TYPE>eTrs35</TYPE>
        </SLOT>
       </MODULE>
      </SLOT>
     </MODULE>
     <CUSTOM_VARS>AAAAAA==</CUSTOM_VARS>
     <CUSTOM_INTERFACE></CUSTOM_INTERFACE>
     <SYS_CONTACT></SYS_CONTACT>
     <SYS_LOCATION></SYS_LOCATION>
     <COORD_SETTINGS>
      <X_COORD>1224.51</X_COORD>
      <Y_COORD>1232</Y_COORD>
      <Z_COORD>0</Z_COORD>
     </COORD_SETTINGS>
     <SERIALNUMBER>PTT081034J6-</SERIALNUMBER>
     <EXT_ATTRIBUTES>MTBF:43800;cost:1000;power source:0;rack units:3;wattage:150;</EXT_ATTRIBUTES>
     <USB_PORT_COUNT>2</USB_PORT_COUNT>
     <TEMPLATE_CREATION_TIME>0</TEMPLATE_CREATION_TIME>
     <STARTTIME>730936800000</STARTTIME>
     <STARTSIMTIME>9438</STARTSIMTIME>
     <USER_APPS>
      <RUNNING_APPS/>
      <DESKTOP_APPS/>
     </USER_APPS>
     <BLUETOOTH_PORT>
      <PORT>
       <TYPE>eBluetooth</TYPE>
       <POWER>false</POWER>
       <MEDIATYPE>0</MEDIATYPE>
       <PINS>false</PINS>
       <BANDWIDTH>25000</BANDWIDTH>
       <FULLDUPLEX>false</FULLDUPLEX>
       <AUTONEGOTIATEBANDWIDTH>true</AUTONEGOTIATEBANDWIDTH>
       <AUTONEGOTIATEDUPLEX>true</AUTONEGOTIATEDUPLEX>
       <MACADDRESS>0000.0C39.6677</MACADDRESS>
       <BIA>0000.0C39.6677</BIA>
       <CLOCKRATE>2000000</CLOCKRATE>
       <CLOCKRATEFLAG>false</CLOCKRATEFLAG>
       <DESCRIPTION/>
       <CHANNEL>0</CHANNEL>
       <CHANNEL5GHZ>0</CHANNEL5GHZ>
       <COVERAGERANGE>10</COVERAGERANGE>
       <SAVED_FULLDUPLEX>false</SAVED_FULLDUPLEX>
       <UP_METHOD>5</UP_METHOD>
       <IP/>
       <SUBNET/>
       <PORT_GATEWAY/>
       <PORT_DNS/>
       <PORT_DHCP_ENABLE>false</PORT_DHCP_ENABLE>
       <ND_SUPPRESSED>false</ND_SUPPRESSED>
       <ND_IPV6_DNS_ADDRESSES/>
       <TIMEOUT>14400000</TIMEOUT>
       <PC_FIREWALL>false</PC_FIREWALL>
       <PC_IPV6_FIREWALL>false</PC_IPV6_FIREWALL>
       <IPV6_ENABLED>false</IPV6_ENABLED>
       <IPV6_ADDRESS_AUTOCONFIG>false</IPV6_ADDRESS_AUTOCONFIG>
       <IPV6_PORT_GATEWAY/>
       <IPV6_PORT_DNS/>
       <IPV6_LINK_LOCAL/>
       <IPV6_DEFAULT_LINK_LOCAL>FE80::200:CFF:FE39:6677</IPV6_DEFAULT_LINK_LOCAL>
       <IPV6_PORT_DHCP_ENABLED>false</IPV6_PORT_DHCP_ENABLED>
       <IPV6_ADDRESSES/>
       <IP_UNNUMBERED/>
       <DHCP_SERVER_IP>0.0.0.0</DHCP_SERVER_IP>
      </PORT>
     </BLUETOOTH_PORT>
     <SAVE_REF_ID>save-ref-id:3601499262973250691</SAVE_REF_ID>
     <SYS_NAME>PC</SYS_NAME>
     <GATEWAY/>
     <DNS_CLIENT>
      <SERVER_IP/>
      <SERVER_IPV6/>
     </DNS_CLIENT>
     <EMAIL_CLIENT>
      <ENABLED>0</ENABLED>
      <NAME></NAME>
      <MAIL_ID></MAIL_ID>
      <POP3_SERVER></POP3_SERVER>
      <SMTP_SERVER></SMTP_SERVER>
      <USER></USER>
      <PASSWORD></PASSWORD>
      <NO_OF_MAILS>0</NO_OF_MAILS>
     </EMAIL_CLIENT>
     <WIRELESS_CLIENT>
      <WIRELESS_COMMON>
       <NETWORK_MODE>7</NETWORK_MODE>
       <SSID>Default</SSID>
       <ENCRYPT_TYPE>0</ENCRYPT_TYPE>
       <AUTHEN_TYPE>0</AUTHEN_TYPE>
       <RADIO_BAND>0</RADIO_BAND>
       <WIDE_CHANNEL>0</WIDE_CHANNEL>
       <STANDARD_CHANNEL>0</STANDARD_CHANNEL>
       <STANDARD_CHANNEL5G>112</STANDARD_CHANNEL5G>
      </WIRELESS_COMMON>
      <PROFILES>
       <WIRELESS_PROFILE>
        <NAME>Default</NAME>
        <SSID>Default</SSID>
        <NETWORK_TYPE>7</NETWORK_TYPE>
        <RADIO_BAND>0</RADIO_BAND>
        <AUTHEN_TYPE>0</AUTHEN_TYPE>
        <ENCRYPT_TYPE>0</ENCRYPT_TYPE>
        <WEP_KEY></WEP_KEY>
        <WPA_EAP_USERID></WPA_EAP_USERID>
        <WPA_EAP_PASSWORD></WPA_EAP_PASSWORD>
        <DHCP_ENABLED>1</DHCP_ENABLED>
        <DHCPV6_ENABLED>1</DHCPV6_ENABLED>
        <IP_ADDRESS/>
        <SUBNET_MASK/>
        <DEFAULT_GATEWAY/>
        <DNS/>
        <CHANNEL>1</CHANNEL>
        <VLAN>1</VLAN>
       </WIRELESS_PROFILE>
      </PROFILES>
      <CURRENT_PROFILE>
       <WIRELESS_PROFILE>
        <NAME>Default</NAME>
        <SSID>Default</SSID>
        <NETWORK_TYPE>7</NETWORK_TYPE>
        <RADIO_BAND>0</RADIO_BAND>
        <AUTHEN_TYPE>0</AUTHEN_TYPE>
        <ENCRYPT_TYPE>0</ENCRYPT_TYPE>
        <WEP_KEY></WEP_KEY>
        <WPA_EAP_USERID></WPA_EAP_USERID>
        <WPA_EAP_PASSWORD></WPA_EAP_PASSWORD>
        <DHCP_ENABLED>1</DHCP_ENABLED>
        <DHCPV6_ENABLED>1</DHCPV6_ENABLED>
        <IP_ADDRESS/>
        <SUBNET_MASK/>
        <DEFAULT_GATEWAY/>
        <DNS/>
        <CHANNEL>1</CHANNEL>
        <VLAN>1</VLAN>
       </WIRELESS_PROFILE>
      </CURRENT_PROFILE>
     </WIRELESS_CLIENT>
     <CELLULAR_CLIENT>
      <WIRELESS_CLIENT>
       <WIRELESS_COMMON>
        <NETWORK_MODE>7</NETWORK_MODE>
        <SSID>ptcellular</SSID>
        <ENCRYPT_TYPE>0</ENCRYPT_TYPE>
        <AUTHEN_TYPE>0</AUTHEN_TYPE>
        <RADIO_BAND>0</RADIO_BAND>
        <WIDE_CHANNEL>0</WIDE_CHANNEL>
        <STANDARD_CHANNEL>0</STANDARD_CHANNEL>
        <STANDARD_CHANNEL5G>112</STANDARD_CHANNEL5G>
       </WIRELESS_COMMON>
       <PROFILES>
        <WIRELESS_PROFILE>
         <NAME>ptcellular</NAME>
         <SSID>ptcellular</SSID>
         <NETWORK_TYPE>7</NETWORK_TYPE>
         <RADIO_BAND>0</RADIO_BAND>
         <AUTHEN_TYPE>0</AUTHEN_TYPE>
         <ENCRYPT_TYPE>0</ENCRYPT_TYPE>
         <WEP_KEY></WEP_KEY>
         <WPA_EAP_USERID></WPA_EAP_USERID>
         <WPA_EAP_PASSWORD></WPA_EAP_PASSWORD>
         <DHCP_ENABLED>1</DHCP_ENABLED>
         <DHCPV6_ENABLED>1</DHCPV6_ENABLED>
         <IP_ADDRESS/>
         <SUBNET_MASK/>
         <DEFAULT_GATEWAY/>
         <DNS/>
         <CHANNEL>1</CHANNEL>
         <VLAN>1</VLAN>
        </WIRELESS_PROFILE>
       </PROFILES>
       <CURRENT_PROFILE>
        <WIRELESS_PROFILE>
         <NAME>ptcellular</NAME>
         <SSID>ptcellular</SSID>
         <NETWORK_TYPE>7</NETWORK_TYPE>
         <RADIO_BAND>0</RADIO_BAND>
         <AUTHEN_TYPE>0</AUTHEN_TYPE>
         <ENCRYPT_TYPE>0</ENCRYPT_TYPE>
         <WEP_KEY></WEP_KEY>
         <WPA_EAP_USERID></WPA_EAP_USERID>
         <WPA_EAP_PASSWORD></WPA_EAP_PASSWORD>
         <DHCP_ENABLED>1</DHCP_ENABLED>
         <DHCPV6_ENABLED>1</DHCPV6_ENABLED>
         <IP_ADDRESS/>
         <SUBNET_MASK/>
         <DEFAULT_GATEWAY/>
         <DNS/>
         <CHANNEL>1</CHANNEL>
         <VLAN>1</VLAN>
        </WIRELESS_PROFILE>
       </CURRENT_PROFILE>
      </WIRELESS_CLIENT>
      <PROFILES/>
      <CURRENT_PROFILE_NUM>0</CURRENT_PROFILE_NUM>
      <CO_USERNAME>CentralOffice</CO_USERNAME>
      <CO_PASSWORD>cisco</CO_PASSWORD>
      <ACTIVATED>0</ACTIVATED>
     </CELLULAR_CLIENT>
     <DHCP_CLIENT>
      <PORT_DATA_MAP/>
     </DHCP_CLIENT>
     <ACL_PROCESS>
      <ACLS/>
     </ACL_PROCESS>
     <ACL_V6_PROCESS>
      <ACLS/>
     </ACL_V6_PROCESS>
     <GATEWAYV6/>
     <ISATAP_ENABLED>false</ISATAP_ENABLED>
     <ISATAP_ROUTER/>
     <DHCPV6_MAIN>
      <PARTIAL_DUID>B0-D8-09-C7-</PARTIAL_DUID>
      <ENABLED_PORTS/>
     </DHCPV6_MAIN>
     <NDV6>
      <ENABLED_HOST/>
      <ENABLED_ROUTER>0</ENABLED_ROUTER>
      <SERVER_ROUTER_PORT_DATA_HEAD/>
     </NDV6>
     <NF_COLLECTOR>
      <ENABLED>0</ENABLED>
     </NF_COLLECTOR>
     <VOIP_TFTP_IP>
      <TFTP_IP>0.0.0.0</TFTP_IP>
      <IS_DEFAULT_TFTP>1</IS_DEFAULT_TFTP>
     </VOIP_TFTP_IP>
     <FILE_MANAGER>
      <FILE class="CDirectory">
       <FILE_NUMBER>0</FILE_NUMBER>
       <NAME></NAME>
       <DATE_TIME>0</DATE_TIME>
       <PERMISSION>6</PERMISSION>
       <FILE_CONTENT/>
       <FILES>
        <FILE class="CFileSystem">
         <FILE_NUMBER>0</FILE_NUMBER>
         <NAME>Desktop:</NAME>
         <DATE_TIME>0</DATE_TIME>
         <PERMISSION>6</PERMISSION>
         <FILE_CONTENT/>
         <FILES>
          <FILE class="CFile">
           <FILE_NUMBER>3</FILE_NUMBER>
           <NAME>HomeRouter-PT-AC_v1.04.16_fw,0.bin</NAME>
           <DATE_TIME>0</DATE_TIME>
           <PERMISSION>6</PERMISSION>
           <FILE_CONTENT class="CLinksysFirmwareUpgPage">
            <TEXT>Home Router PT-AC firmware1</TEXT>
            <Firmware_Version>v1.04.16</Firmware_Version>
           </FILE_CONTENT>
          </FILE>
          <FILE class="CFile">
           <FILE_NUMBER>4</FILE_NUMBER>
           <NAME>HomeRouter-PT-AC_v2.0_10.1.17_fw,0.bin</NAME>
           <DATE_TIME>0</DATE_TIME>
           <PERMISSION>6</PERMISSION>
           <FILE_CONTENT class="CLinksysFirmwareUpgPage">
            <TEXT>Home Router PT-AC firmware2</TEXT>
            <Firmware_Version>v2.0_10.1.17</Firmware_Version>
           </FILE_CONTENT>
          </FILE>
          <FILE class="CFile">
           <FILE_NUMBER>1</FILE_NUMBER>
           <NAME>WRT300N-v1.03.6_fw,0.bin</NAME>
           <DATE_TIME>0</DATE_TIME>
           <PERMISSION>6</PERMISSION>
           <FILE_CONTENT class="CLinksysFirmwareUpgPage">
            <TEXT>Linkys firmware1</TEXT>
            <Firmware_Version>v1.03.6</Firmware_Version>
           </FILE_CONTENT>
          </FILE>
          <FILE class="CFile">
           <FILE_NUMBER>2</FILE_NUMBER>
           <NAME>WRT300N-v1.1_1.51.2_fw,0.bin</NAME>
           <DATE_TIME>0</DATE_TIME>
           <PERMISSION>6</PERMISSION>
           <FILE_CONTENT class="CLinksysFirmwareUpgPage">
            <TEXT>Linkys firmware2</TEXT>
            <Firmware_Version>v1.1_1.51.2</Firmware_Version>
           </FILE_CONTENT>
          </FILE>
         </FILES>
         <FILE_COUNTER>4</FILE_COUNTER>
         <CAPACITY>100000000</CAPACITY>
        </FILE>
        <FILE class="CFileSystem">
         <FILE_NUMBER>0</FILE_NUMBER>
         <NAME>Dev:</NAME>
         <DATE_TIME>0</DATE_TIME>
         <PERMISSION>6</PERMISSION>
         <FILE_CONTENT/>
         <FILES/>
         <FILE_COUNTER>0</FILE_COUNTER>
         <CAPACITY>1000000000</CAPACITY>
        </FILE>
        <FILE class="CFileSystem">
         <FILE_NUMBER>0</FILE_NUMBER>
         <NAME>c:</NAME>
         <DATE_TIME>0</DATE_TIME>
         <PERMISSION>6</PERMISSION>
         <FILE_CONTENT/>
         <FILES>
          <FILE class="CFile">
           <FILE_NUMBER>1</FILE_NUMBER>
           <NAME>sampleFile.txt</NAME>
           <DATE_TIME>0</DATE_TIME>
           <PERMISSION>6</PERMISSION>
           <FILE_CONTENT class="CTextFileContent">
            <TEXT>This is a sample text file</TEXT>
           </FILE_CONTENT>
          </FILE>
         </FILES>
         <FILE_COUNTER>1</FILE_COUNTER>
         <CAPACITY>1000000000</CAPACITY>
        </FILE>
       </FILES>
      </FILE>
     </FILE_MANAGER>
     <ALGORITHM_SETTINGS>
      <USE_GLOBAL>true</USE_GLOBAL>
      <CBAC_HALF_OPEN_SESSION_MULTIPLIER>1</CBAC_HALF_OPEN_SESSION_MULTIPLIER>
      <TCP_MAX_CONNECTING_SESSIONS>100</TCP_MAX_CONNECTING_SESSIONS>
      <TCP_MAX_OPENED_SESSIONS>1000</TCP_MAX_OPENED_SESSIONS>
      <INTERFACE_QUEUE_SIZE>10</INTERFACE_QUEUE_SIZE>
      <STORM_CONTROL_MULTIPLIER>10</STORM_CONTROL_MULTIPLIER>
      <TCP_MAX_RETRANSMISSION_TIMEOUT>1000</TCP_MAX_RETRANSMISSION_TIMEOUT>
     </ALGORITHM_SETTINGS>
     <TRAFFICGEN_USER_TRAFFIC/>
     <TERMINAL_SETTINGS>
      <BITS>9600</BITS>
      <DATA_BITS>8</DATA_BITS>
      <PARITY>2</PARITY>
      <STOP_BITS>1</STOP_BITS>
      <FLOW_CONTROL>0</FLOW_CONTROL>
     </TERMINAL_SETTINGS>
     <PPPOE_SETTINGS>
      <AUTHEN_TYPE>1/2/</AUTHEN_TYPE>
     </PPPOE_SETTINGS>
     <LOCK_SETTINGS>
      <DLOCK>1</DLOCK>
      <LOCK>0</LOCK>
      <PASSWD></PASSWD>
     </LOCK_SETTINGS>
     <HTML_TAB>
      <HTML_CODE></HTML_CODE>
     </HTML_TAB>
     <GUI_TAB>
      <GUI_CODE></GUI_CODE>
     </GUI_TAB>
     <IMAGE_SETTINGS>
      <CUSTOM_PHYSICAL></CUSTOM_PHYSICAL>
     </IMAGE_SETTINGS>
     <BLUETOOTH_MANAGER>
      <DISCOVERABLE>true</DISCOVERABLE>
      <PAIRED_DEVICES/>
      <BEACON_BROADCASTING>false</BEACON_BROADCASTING>
      <BEACON_FREQUENCY>10</BEACON_FREQUENCY>
      <BEACON_UUID>{862bf335-8d17-49d0-bff1-f1d5affd7eb8}</BEACON_UUID>
      <BEACON_DATA></BEACON_DATA>
      <TETHER>false</TETHER>
      <TETHERED_MAC>false</TETHERED_MAC>
     </BLUETOOTH_MANAGER>
     <DOT1X_SETTINGS>
      <PORTS/>
     </DOT1X_SETTINGS>
     <SNMP_MANAGER>
      <AGENT_IP>0.0.0.0</AGENT_IP>
      <AGENT_PORT>161</AGENT_PORT>
      <MANAGER_PORT>161</MANAGER_PORT>
      <READ_COMMUNITY></READ_COMMUNITY>
      <WRITE_COMMUNITY></WRITE_COMMUNITY>
      <SNMP_VERSION>1</SNMP_VERSION>
     </SNMP_MANAGER>
    </ENGINE>
    <WORKSPACE>
     <LOGICAL>
      <X>329.5</X>
      <Y>300</Y>
      <DEVCLUSTERID>1-1</DEVCLUSTERID>
      <CUSTOM_IMAGE_LOGICAL></CUSTOM_IMAGE_LOGICAL>
      <CUSTOM_IMAGE_PHYSICAL></CUSTOM_IMAGE_PHYSICAL>
      <MEM_ADDR>1401415383952</MEM_ADDR>
      <DEV_ADDR>1401287128976</DEV_ADDR>
     </LOGICAL>
     <PHYSICAL>{4811c13d-1e8e-4024-abbc-4820396e8e94},{21977af5-7fb8-4485-9495-7ca9ecf49bab},{5f9da8fe-f51e-4ff5-b152-025c2a6c1c3c},{1e6b3360-f3f3-44d5-b1b8-a4467865c4de}</PHYSICAL>
     <PHYSICAL_CPUR>
      <X_PN>0.043</X_PN>
      <Y_PN>0.1075</Y_PN>
      <X>86</X>
      <Y>215</Y>
      <SLOT>0</SLOT>
      <SUBSLOT>0</SUBSLOT>
      <PARENT_PATH>{4811c13d-1e8e-4024-abbc-4820396e8e94},{21977af5-7fb8-4485-9495-7ca9ecf49bab},{5f9da8fe-f51e-4ff5-b152-025c2a6c1c3c}</PARENT_PATH>
      <CONTAINER_ID>{5f9da8fe-f51e-4ff5-b152-025c2a6c1c3c}</CONTAINER_ID>
     </PHYSICAL_CPUR>
    </WORKSPACE>
   </DEVICE>
   <DEVICE>
    <ENGINE>
     <TYPE model="Laptop-PT" customModel="">Laptop</TYPE>
     <NAME translate="true">Laptop0</NAME>
     <POWER>true</POWER>
     <DESCRIPTION></DESCRIPTION>
     <MODULE>
      <TYPE>eNonRemovableModule</TYPE>
      <MODEL/>
      <SLOT>
       <TYPE>ePtLaptopModule</TYPE>
       <MODULE>
        <TYPE>ePtLaptopModule</TYPE>
        <MODEL>PT-LAPTOP-NM-1CFE</MODEL>
        <PORT>
         <TYPE>eCopperFastEthernet</TYPE>
         <POWER>true</POWER>
         <MEDIATYPE>0</MEDIATYPE>
         <PINS>false</PINS>
         <BANDWIDTH>100000</BANDWIDTH>
         <FULLDUPLEX>true</FULLDUPLEX>
         <AUTONEGOTIATEBANDWIDTH>true</AUTONEGOTIATEBANDWIDTH>
         <AUTONEGOTIATEDUPLEX>true</AUTONEGOTIATEDUPLEX>
         <MACADDRESS>0040.0BBA.BAD5</MACADDRESS>
         <BIA>0040.0BBA.BAD5</BIA>
         <CLOCKRATE>2000000</CLOCKRATE>
         <CLOCKRATEFLAG>false</CLOCKRATEFLAG>
         <DESCRIPTION/>
         <CHANNEL>0</CHANNEL>
         <CHANNEL5GHZ>0</CHANNEL5GHZ>
         <COVERAGERANGE>0</COVERAGERANGE>
         <SAVED_FULLDUPLEX>false</SAVED_FULLDUPLEX>
         <UP_METHOD>5</UP_METHOD>
         <IP/>
         <SUBNET/>
         <PORT_GATEWAY/>
         <PORT_DNS/>
         <PORT_DHCP_ENABLE>false</PORT_DHCP_ENABLE>
         <ND_SUPPRESSED>false</ND_SUPPRESSED>
         <ND_IPV6_DNS_ADDRESSES/>
         <TIMEOUT>14400000</TIMEOUT>
         <PC_FIREWALL>false</PC_FIREWALL>
         <PC_IPV6_FIREWALL>false</PC_IPV6_FIREWALL>
         <IPV6_ENABLED>false</IPV6_ENABLED>
         <IPV6_ADDRESS_AUTOCONFIG>false</IPV6_ADDRESS_AUTOCONFIG>
         <IPV6_PORT_GATEWAY/>
         <IPV6_PORT_DNS/>
         <IPV6_LINK_LOCAL>FE80::240:BFF:FEBA:BAD5</IPV6_LINK_LOCAL>
         <IPV6_DEFAULT_LINK_LOCAL>FE80::240:BFF:FEBA:BAD5</IPV6_DEFAULT_LINK_LOCAL>
         <IPV6_PORT_DHCP_ENABLED>false</IPV6_PORT_DHCP_ENABLED>
         <IPV6_ADDRESSES/>
         <IP_UNNUMBERED/>
         <DHCP_SERVER_IP>0.0.0.0</DHCP_SERVER_IP>
        </PORT>
       </MODULE>
      </SLOT>
      <SLOT>
       <TYPE>eNonRemovableModule</TYPE>
       <MODULE>
        <TYPE>eNonRemovableModule</TYPE>
        <MODEL/>
        <SLOT>
         <TYPE>eTrs35</TYPE>
        </SLOT>
        <SLOT>
         <TYPE>eTrs35</TYPE>
        </SLOT>
       </MODULE>
      </SLOT>
     </MODULE>
     <CUSTOM_VARS>AAAAAA==</CUSTOM_VARS>
     <CUSTOM_INTERFACE></CUSTOM_INTERFACE>
     <SYS_CONTACT></SYS_CONTACT>
     <SYS_LOCATION></SYS_LOCATION>
     <COORD_SETTINGS>
      <X_COORD>1229.5</X_COORD>
      <Y_COORD>1232</Y_COORD>
      <Z_COORD>0</Z_COORD>
     </COORD_SETTINGS>
     <SERIALNUMBER>PTT08102X1N-</SERIALNUMBER>
     <EXT_ATTRIBUTES>MTBF:26280;cost:1000;power source:0;rack units:2;wattage:60;</EXT_ATTRIBUTES>
     <USB_PORT_COUNT>2</USB_PORT_COUNT>
     <TEMPLATE_CREATION_TIME>0</TEMPLATE_CREATION_TIME>
     <STARTTIME>730936800000</STARTTIME>
     <STARTSIMTIME>12074</STARTSIMTIME>
     <USER_APPS>
      <RUNNING_APPS/>
      <DESKTOP_APPS/>
     </USER_APPS>
     <BLUETOOTH_PORT>
      <PORT>
       <TYPE>eBluetooth</TYPE>
       <POWER>false</POWER>
       <MEDIATYPE>0</MEDIATYPE>
       <PINS>false</PINS>
       <BANDWIDTH>25000</BANDWIDTH>
       <FULLDUPLEX>false</FULLDUPLEX>
       <AUTONEGOTIATEBANDWIDTH>true</AUTONEGOTIATEBANDWIDTH>
       <AUTONEGOTIATEDUPLEX>true</AUTONEGOTIATEDUPLEX>
       <MACADDRESS>0090.2BCC.B43C</MACADDRESS>
       <BIA>0090.2BCC.B43C</BIA>
       <CLOCKRATE>2000000</CLOCKRATE>
       <CLOCKRATEFLAG>false</CLOCKRATEFLAG>
       <DESCRIPTION/>
       <CHANNEL>0</CHANNEL>
       <CHANNEL5GHZ>0</CHANNEL5GHZ>
       <COVERAGERANGE>10</COVERAGERANGE>
       <SAVED_FULLDUPLEX>false</SAVED_FULLDUPLEX>
       <UP_METHOD>5</UP_METHOD>
       <IP/>
       <SUBNET/>
       <PORT_GATEWAY/>
       <PORT_DNS/>
       <PORT_DHCP_ENABLE>false</PORT_DHCP_ENABLE>
       <ND_SUPPRESSED>false</ND_SUPPRESSED>
       <ND_IPV6_DNS_ADDRESSES/>
       <TIMEOUT>14400000</TIMEOUT>
       <PC_FIREWALL>false</PC_FIREWALL>
       <PC_IPV6_FIREWALL>false</PC_IPV6_FIREWALL>
       <IPV6_ENABLED>false</IPV6_ENABLED>
       <IPV6_ADDRESS_AUTOCONFIG>false</IPV6_ADDRESS_AUTOCONFIG>
       <IPV6_PORT_GATEWAY/>
       <IPV6_PORT_DNS/>
       <IPV6_LINK_LOCAL/>
       <IPV6_DEFAULT_LINK_LOCAL>FE80::290:2BFF:FECC:B43C</IPV6_DEFAULT_LINK_LOCAL>
       <IPV6_PORT_DHCP_ENABLED>false</IPV6_PORT_DHCP_ENABLED>
       <IPV6_ADDRESSES/>
       <IP_UNNUMBERED/>
       <DHCP_SERVER_IP>0.0.0.0</DHCP_SERVER_IP>
      </PORT>
     </BLUETOOTH_PORT>
     <SAVE_REF_ID>save-ref-id:2881419008108514634</SAVE_REF_ID>
     <SYS_NAME>PC</SYS_NAME>
     <GATEWAY/>
     <DNS_CLIENT>
      <SERVER_IP/>
      <SERVER_IPV6/>
     </DNS_CLIENT>
     <EMAIL_CLIENT>
      <ENABLED>0</ENABLED>
      <NAME></NAME>
      <MAIL_ID></MAIL_ID>
      <POP3_SERVER></POP3_SERVER>
      <SMTP_SERVER></SMTP_SERVER>
      <USER></USER>
      <PASSWORD></PASSWORD>
      <NO_OF_MAILS>0</NO_OF_MAILS>
     </EMAIL_CLIENT>
     <WIRELESS_CLIENT>
      <WIRELESS_COMMON>
       <NETWORK_MODE>7</NETWORK_MODE>
       <SSID>Default</SSID>
       <ENCRYPT_TYPE>0</ENCRYPT_TYPE>
       <AUTHEN_TYPE>0</AUTHEN_TYPE>
       <RADIO_BAND>0</RADIO_BAND>
       <WIDE_CHANNEL>0</WIDE_CHANNEL>
       <STANDARD_CHANNEL>0</STANDARD_CHANNEL>
       <STANDARD_CHANNEL5G>112</STANDARD_CHANNEL5G>
      </WIRELESS_COMMON>
      <PROFILES>
       <WIRELESS_PROFILE>
        <NAME>Default</NAME>
        <SSID>Default</SSID>
        <NETWORK_TYPE>7</NETWORK_TYPE>
        <RADIO_BAND>0</RADIO_BAND>
        <AUTHEN_TYPE>0</AUTHEN_TYPE>
        <ENCRYPT_TYPE>0</ENCRYPT_TYPE>
        <WEP_KEY></WEP_KEY>
        <WPA_EAP_USERID></WPA_EAP_USERID>
        <WPA_EAP_PASSWORD></WPA_EAP_PASSWORD>
        <DHCP_ENABLED>1</DHCP_ENABLED>
        <DHCPV6_ENABLED>1</DHCPV6_ENABLED>
        <IP_ADDRESS/>
        <SUBNET_MASK/>
        <DEFAULT_GATEWAY/>
        <DNS/>
        <CHANNEL>1</CHANNEL>
        <VLAN>1</VLAN>
       </WIRELESS_PROFILE>
      </PROFILES>
      <CURRENT_PROFILE>
       <WIRELESS_PROFILE>
        <NAME>Default</NAME>
        <SSID>Default</SSID>
        <NETWORK_TYPE>7</NETWORK_TYPE>
        <RADIO_BAND>0</RADIO_BAND>
        <AUTHEN_TYPE>0</AUTHEN_TYPE>
        <ENCRYPT_TYPE>0</ENCRYPT_TYPE>
        <WEP_KEY></WEP_KEY>
        <WPA_EAP_USERID></WPA_EAP_USERID>
        <WPA_EAP_PASSWORD></WPA_EAP_PASSWORD>
        <DHCP_ENABLED>1</DHCP_ENABLED>
        <DHCPV6_ENABLED>1</DHCPV6_ENABLED>
        <IP_ADDRESS/>
        <SUBNET_MASK/>
        <DEFAULT_GATEWAY/>
        <DNS/>
        <CHANNEL>1</CHANNEL>
        <VLAN>1</VLAN>
       </WIRELESS_PROFILE>
      </CURRENT_PROFILE>
     </WIRELESS_CLIENT>
     <CELLULAR_CLIENT>
      <WIRELESS_CLIENT>
       <WIRELESS_COMMON>
        <NETWORK_MODE>7</NETWORK_MODE>
        <SSID>ptcellular</SSID>
        <ENCRYPT_TYPE>0</ENCRYPT_TYPE>
        <AUTHEN_TYPE>0</AUTHEN_TYPE>
        <RADIO_BAND>0</RADIO_BAND>
        <WIDE_CHANNEL>0</WIDE_CHANNEL>
        <STANDARD_CHANNEL>0</STANDARD_CHANNEL>
        <STANDARD_CHANNEL5G>112</STANDARD_CHANNEL5G>
       </WIRELESS_COMMON>
       <PROFILES>
        <WIRELESS_PROFILE>
         <NAME>ptcellular</NAME>
         <SSID>ptcellular</SSID>
         <NETWORK_TYPE>7</NETWORK_TYPE>
         <RADIO_BAND>0</RADIO_BAND>
         <AUTHEN_TYPE>0</AUTHEN_TYPE>
         <ENCRYPT_TYPE>0</ENCRYPT_TYPE>
         <WEP_KEY></WEP_KEY>
         <WPA_EAP_USERID></WPA_EAP_USERID>
         <WPA_EAP_PASSWORD></WPA_EAP_PASSWORD>
         <DHCP_ENABLED>1</DHCP_ENABLED>
         <DHCPV6_ENABLED>1</DHCPV6_ENABLED>
         <IP_ADDRESS/>
         <SUBNET_MASK/>
         <DEFAULT_GATEWAY/>
         <DNS/>
         <CHANNEL>1</CHANNEL>
         <VLAN>1</VLAN>
        </WIRELESS_PROFILE>
       </PROFILES>
       <CURRENT_PROFILE>
        <WIRELESS_PROFILE>
         <NAME>ptcellular</NAME>
         <SSID>ptcellular</SSID>
         <NETWORK_TYPE>7</NETWORK_TYPE>
         <RADIO_BAND>0</RADIO_BAND>
         <AUTHEN_TYPE>0</AUTHEN_TYPE>
         <ENCRYPT_TYPE>0</ENCRYPT_TYPE>
         <WEP_KEY></WEP_KEY>
         <WPA_EAP_USERID></WPA_EAP_USERID>
         <WPA_EAP_PASSWORD></WPA_EAP_PASSWORD>
         <DHCP_ENABLED>1</DHCP_ENABLED>
         <DHCPV6_ENABLED>1</DHCPV6_ENABLED>
         <IP_ADDRESS/>
         <SUBNET_MASK/>
         <DEFAULT_GATEWAY/>
         <DNS/>
         <CHANNEL>1</CHANNEL>
         <VLAN>1</VLAN>
        </WIRELESS_PROFILE>
       </CURRENT_PROFILE>
      </WIRELESS_CLIENT>
      <PROFILES/>
      <CURRENT_PROFILE_NUM>0</CURRENT_PROFILE_NUM>
      <CO_USERNAME>CentralOffice</CO_USERNAME>
      <CO_PASSWORD>cisco</CO_PASSWORD>
      <ACTIVATED>0</ACTIVATED>
     </CELLULAR_CLIENT>
     <DHCP_CLIENT>
      <PORT_DATA_MAP/>
     </DHCP_CLIENT>
     <ACL_PROCESS>
      <ACLS/>
     </ACL_PROCESS>
     <ACL_V6_PROCESS>
      <ACLS/>
     </ACL_V6_PROCESS>
     <GATEWAYV6/>
     <ISATAP_ENABLED>false</ISATAP_ENABLED>
     <ISATAP_ROUTER/>
     <DHCPV6_MAIN>
      <PARTIAL_DUID>90-74-08-A1-</PARTIAL_DUID>
      <ENABLED_PORTS/>
     </DHCPV6_MAIN>
     <NDV6>
      <ENABLED_HOST/>
      <ENABLED_ROUTER>0</ENABLED_ROUTER>
      <SERVER_ROUTER_PORT_DATA_HEAD/>
     </NDV6>
     <NF_COLLECTOR>
      <ENABLED>0</ENABLED>
     </NF_COLLECTOR>
     <VOIP_TFTP_IP>
      <TFTP_IP>0.0.0.0</TFTP_IP>
      <IS_DEFAULT_TFTP>1</IS_DEFAULT_TFTP>
     </VOIP_TFTP_IP>
     <FILE_MANAGER>
      <FILE class="CDirectory">
       <FILE_NUMBER>0</FILE_NUMBER>
       <NAME></NAME>
       <DATE_TIME>0</DATE_TIME>
       <PERMISSION>6</PERMISSION>
       <FILE_CONTENT/>
       <FILES>
        <FILE class="CFileSystem">
         <FILE_NUMBER>0</FILE_NUMBER>
         <NAME>Desktop:</NAME>
         <DATE_TIME>0</DATE_TIME>
         <PERMISSION>6</PERMISSION>
         <FILE_CONTENT/>
         <FILES>
          <FILE class="CFile">
           <FILE_NUMBER>3</FILE_NUMBER>
           <NAME>HomeRouter-PT-AC_v1.04.16_fw,0.bin</NAME>
           <DATE_TIME>0</DATE_TIME>
           <PERMISSION>6</PERMISSION>
           <FILE_CONTENT class="CLinksysFirmwareUpgPage">
            <TEXT>Home Router PT-AC firmware1</TEXT>
            <Firmware_Version>v1.04.16</Firmware_Version>
           </FILE_CONTENT>
          </FILE>
          <FILE class="CFile">
           <FILE_NUMBER>4</FILE_NUMBER>
           <NAME>HomeRouter-PT-AC_v2.0_10.1.17_fw,0.bin</NAME>
           <DATE_TIME>0</DATE_TIME>
           <PERMISSION>6</PERMISSION>
           <FILE_CONTENT class="CLinksysFirmwareUpgPage">
            <TEXT>Home Router PT-AC firmware2</TEXT>
            <Firmware_Version>v2.0_10.1.17</Firmware_Version>
           </FILE_CONTENT>
          </FILE>
          <FILE class="CFile">
           <FILE_NUMBER>1</FILE_NUMBER>
           <NAME>WRT300N-v1.03.6_fw,0.bin</NAME>
           <DATE_TIME>0</DATE_TIME>
           <PERMISSION>6</PERMISSION>
           <FILE_CONTENT class="CLinksysFirmwareUpgPage">
            <TEXT>Linkys firmware1</TEXT>
            <Firmware_Version>v1.03.6</Firmware_Version>
           </FILE_CONTENT>
          </FILE>
          <FILE class="CFile">
           <FILE_NUMBER>2</FILE_NUMBER>
           <NAME>WRT300N-v1.1_1.51.2_fw,0.bin</NAME>
           <DATE_TIME>0</DATE_TIME>
           <PERMISSION>6</PERMISSION>
           <FILE_CONTENT class="CLinksysFirmwareUpgPage">
            <TEXT>Linkys firmware2</TEXT>
            <Firmware_Version>v1.1_1.51.2</Firmware_Version>
           </FILE_CONTENT>
          </FILE>
         </FILES>
         <FILE_COUNTER>4</FILE_COUNTER>
         <CAPACITY>100000000</CAPACITY>
        </FILE>
        <FILE class="CFileSystem">
         <FILE_NUMBER>0</FILE_NUMBER>
         <NAME>Dev:</NAME>
         <DATE_TIME>0</DATE_TIME>
         <PERMISSION>6</PERMISSION>
         <FILE_CONTENT/>
         <FILES/>
         <FILE_COUNTER>0</FILE_COUNTER>
         <CAPACITY>1000000000</CAPACITY>
        </FILE>
        <FILE class="CFileSystem">
         <FILE_NUMBER>0</FILE_NUMBER>
         <NAME>c:</NAME>
         <DATE_TIME>0</DATE_TIME>
         <PERMISSION>6</PERMISSION>
         <FILE_CONTENT/>
         <FILES>
          <FILE class="CFile">
           <FILE_NUMBER>1</FILE_NUMBER>
           <NAME>sampleFile.txt</NAME>
           <DATE_TIME>0</DATE_TIME>
           <PERMISSION>6</PERMISSION>
           <FILE_CONTENT class="CTextFileContent">
            <TEXT>This is a sample text file</TEXT>
           </FILE_CONTENT>
          </FILE>
         </FILES>
         <FILE_COUNTER>1</FILE_COUNTER>
         <CAPACITY>1000000000</CAPACITY>
        </FILE>
       </FILES>
      </FILE>
     </FILE_MANAGER>
     <ALGORITHM_SETTINGS>
      <USE_GLOBAL>true</USE_GLOBAL>
      <CBAC_HALF_OPEN_SESSION_MULTIPLIER>1</CBAC_HALF_OPEN_SESSION_MULTIPLIER>
      <TCP_MAX_CONNECTING_SESSIONS>100</TCP_MAX_CONNECTING_SESSIONS>
      <TCP_MAX_OPENED_SESSIONS>1000</TCP_MAX_OPENED_SESSIONS>
      <INTERFACE_QUEUE_SIZE>10</INTERFACE_QUEUE_SIZE>
      <STORM_CONTROL_MULTIPLIER>10</STORM_CONTROL_MULTIPLIER>
      <TCP_MAX_RETRANSMISSION_TIMEOUT>1000</TCP_MAX_RETRANSMISSION_TIMEOUT>
     </ALGORITHM_SETTINGS>
     <TRAFFICGEN_USER_TRAFFIC/>
     <TERMINAL_SETTINGS>
      <BITS>9600</BITS>
      <DATA_BITS>8</DATA_BITS>
      <PARITY>2</PARITY>
      <STOP_BITS>1</STOP_BITS>
      <FLOW_CONTROL>0</FLOW_CONTROL>
     </TERMINAL_SETTINGS>
     <PPPOE_SETTINGS>
      <AUTHEN_TYPE>1/2/</AUTHEN_TYPE>
     </PPPOE_SETTINGS>
     <LOCK_SETTINGS>
      <DLOCK>1</DLOCK>
      <LOCK>0</LOCK>
      <PASSWD></PASSWD>
     </LOCK_SETTINGS>
     <HTML_TAB>
      <HTML_CODE></HTML_CODE>
     </HTML_TAB>
     <GUI_TAB>
      <GUI_CODE></GUI_CODE>
     </GUI_TAB>
     <IMAGE_SETTINGS>
      <CUSTOM_PHYSICAL></CUSTOM_PHYSICAL>
     </IMAGE_SETTINGS>
     <BLUETOOTH_MANAGER>
      <DISCOVERABLE>true</DISCOVERABLE>
      <PAIRED_DEVICES/>
      <BEACON_BROADCASTING>false</BEACON_BROADCASTING>
      <BEACON_FREQUENCY>10</BEACON_FREQUENCY>
      <BEACON_UUID>{23e8c3ca-d95f-408a-8edb-40f0fa863a78}</BEACON_UUID>
      <BEACON_DATA></BEACON_DATA>
      <TETHER>false</TETHER>
      <TETHERED_MAC>false</TETHERED_MAC>
     </BLUETOOTH_MANAGER>
     <DOT1X_SETTINGS>
      <PORTS/>
     </DOT1X_SETTINGS>
     <SNMP_MANAGER>
      <AGENT_IP>0.0.0.0</AGENT_IP>
      <AGENT_PORT>161</AGENT_PORT>
      <MANAGER_PORT>161</MANAGER_PORT>
      <READ_COMMUNITY></READ_COMMUNITY>
      <WRITE_COMMUNITY></WRITE_COMMUNITY>
      <SNMP_VERSION>1</SNMP_VERSION>
     </SNMP_MANAGER>
    </ENGINE>
    <WORKSPACE>
     <LOGICAL>
      <X>426.5</X>
      <Y>445</Y>
      <DEVCLUSTERID>1-1</DEVCLUSTERID>
      <CUSTOM_IMAGE_LOGICAL></CUSTOM_IMAGE_LOGICAL>
      <CUSTOM_IMAGE_PHYSICAL></CUSTOM_IMAGE_PHYSICAL>
      <MEM_ADDR>1401415376272</MEM_ADDR>
      <DEV_ADDR>1401410954400</DEV_ADDR>
     </LOGICAL>
     <PHYSICAL>{4811c13d-1e8e-4024-abbc-4820396e8e94},{21977af5-7fb8-4485-9495-7ca9ecf49bab},{5f9da8fe-f51e-4ff5-b152-025c2a6c1c3c},{de0f7733-c266-4b17-b4d5-73e8dd3dda21}</PHYSICAL>
     <PHYSICAL_CPUR>
      <X_PN>0.086</X_PN>
      <Y_PN>0.1075</Y_PN>
      <X>172</X>
      <Y>215</Y>
      <SLOT>0</SLOT>
      <SUBSLOT>0</SUBSLOT>
      <PARENT_PATH>{4811c13d-1e8e-4024-abbc-4820396e8e94},{21977af5-7fb8-4485-9495-7ca9ecf49bab},{5f9da8fe-f51e-4ff5-b152-025c2a6c1c3c}</PARENT_PATH>
      <CONTAINER_ID>{5f9da8fe-f51e-4ff5-b152-025c2a6c1c3c}</CONTAINER_ID>
     </PHYSICAL_CPUR>
    </WORKSPACE>
   </DEVICE>
   <DEVICE>
    <ENGINE>
     <TYPE model="PC-PT" customModel="">Pc</TYPE>
     <NAME translate="true">PC1</NAME>
     <POWER>true</POWER>
     <DESCRIPTION></DESCRIPTION>
     <MODULE>
      <TYPE>eNonRemovableModule</TYPE>
      <MODEL/>
      <SLOT>
       <TYPE>ePtHostModule</TYPE>
       <MODULE>
        <TYPE>ePtHostModule</TYPE>
        <MODEL>PT-HOST-NM-1CFE</MODEL>
        <PORT>
         <TYPE>eCopperFastEthernet</TYPE>
         <POWER>true</POWER>
         <MEDIATYPE>0</MEDIATYPE>
         <PINS>false</PINS>
         <BANDWIDTH>100000</BANDWIDTH>
         <FULLDUPLEX>true</FULLDUPLEX>
         <AUTONEGOTIATEBANDWIDTH>true</AUTONEGOTIATEBANDWIDTH>
         <AUTONEGOTIATEDUPLEX>true</AUTONEGOTIATEDUPLEX>
         <MACADDRESS>0090.21CE.93E2</MACADDRESS>
         <BIA>0090.21CE.93E2</BIA>
         <CLOCKRATE>2000000</CLOCKRATE>
         <CLOCKRATEFLAG>false</CLOCKRATEFLAG>
         <DESCRIPTION/>
         <CHANNEL>0</CHANNEL>
         <CHANNEL5GHZ>0</CHANNEL5GHZ>
         <COVERAGERANGE>0</COVERAGERANGE>
         <SAVED_FULLDUPLEX>false</SAVED_FULLDUPLEX>
         <UP_METHOD>5</UP_METHOD>
         <IP/>
         <SUBNET/>
         <PORT_GATEWAY/>
         <PORT_DNS/>
         <PORT_DHCP_ENABLE>false</PORT_DHCP_ENABLE>
         <ND_SUPPRESSED>false</ND_SUPPRESSED>
         <ND_IPV6_DNS_ADDRESSES/>
         <TIMEOUT>14400000</TIMEOUT>
         <PC_FIREWALL>false</PC_FIREWALL>
         <PC_IPV6_FIREWALL>false</PC_IPV6_FIREWALL>
         <IPV6_ENABLED>false</IPV6_ENABLED>
         <IPV6_ADDRESS_AUTOCONFIG>false</IPV6_ADDRESS_AUTOCONFIG>
         <IPV6_PORT_GATEWAY/>
         <IPV6_PORT_DNS/>
         <IPV6_LINK_LOCAL>FE80::290:21FF:FECE:93E2</IPV6_LINK_LOCAL>
         <IPV6_DEFAULT_LINK_LOCAL>FE80::290:21FF:FECE:93E2</IPV6_DEFAULT_LINK_LOCAL>
         <IPV6_PORT_DHCP_ENABLED>false</IPV6_PORT_DHCP_ENABLED>
         <IPV6_ADDRESSES/>
         <IP_UNNUMBERED/>
         <DHCP_SERVER_IP>0.0.0.0</DHCP_SERVER_IP>
        </PORT>
       </MODULE>
      </SLOT>
      <SLOT>
       <TYPE>eNonRemovableModule</TYPE>
       <MODULE>
        <TYPE>eNonRemovableModule</TYPE>
        <MODEL/>
        <SLOT>
         <TYPE>eTrs35</TYPE>
        </SLOT>
        <SLOT>
         <TYPE>eTrs35</TYPE>
        </SLOT>
       </MODULE>
      </SLOT>
     </MODULE>
     <CUSTOM_VARS>AAAAAA==</CUSTOM_VARS>
     <CUSTOM_INTERFACE></CUSTOM_INTERFACE>
     <SYS_CONTACT></SYS_CONTACT>
     <SYS_LOCATION></SYS_LOCATION>
     <COORD_SETTINGS>
      <X_COORD>1234.49</X_COORD>
      <Y_COORD>1232</Y_COORD>
      <Z_COORD>0</Z_COORD>
     </COORD_SETTINGS>
     <SERIALNUMBER>PTT08109V64-</SERIALNUMBER>
     <EXT_ATTRIBUTES>MTBF:43800;cost:1000;power source:0;rack units:3;wattage:150;</EXT_ATTRIBUTES>
     <USB_PORT_COUNT>2</USB_PORT_COUNT>
     <TEMPLATE_CREATION_TIME>0</TEMPLATE_CREATION_TIME>
     <STARTTIME>730936800000</STARTTIME>
     <STARTSIMTIME>13549</STARTSIMTIME>
     <USER_APPS>
      <RUNNING_APPS/>
      <DESKTOP_APPS/>
     </USER_APPS>
     <BLUETOOTH_PORT>
      <PORT>
       <TYPE>eBluetooth</TYPE>
       <POWER>false</POWER>
       <MEDIATYPE>0</MEDIATYPE>
       <PINS>false</PINS>
       <BANDWIDTH>25000</BANDWIDTH>
       <FULLDUPLEX>false</FULLDUPLEX>
       <AUTONEGOTIATEBANDWIDTH>true</AUTONEGOTIATEBANDWIDTH>
       <AUTONEGOTIATEDUPLEX>true</AUTONEGOTIATEDUPLEX>
       <MACADDRESS>0003.E492.DE67</MACADDRESS>
       <BIA>0003.E492.DE67</BIA>
       <CLOCKRATE>2000000</CLOCKRATE>
       <CLOCKRATEFLAG>false</CLOCKRATEFLAG>
       <DESCRIPTION/>
       <CHANNEL>0</CHANNEL>
       <CHANNEL5GHZ>0</CHANNEL5GHZ>
       <COVERAGERANGE>10</COVERAGERANGE>
       <SAVED_FULLDUPLEX>false</SAVED_FULLDUPLEX>
       <UP_METHOD>5</UP_METHOD>
       <IP/>
       <SUBNET/>
       <PORT_GATEWAY/>
       <PORT_DNS/>
       <PORT_DHCP_ENABLE>false</PORT_DHCP_ENABLE>
       <ND_SUPPRESSED>false</ND_SUPPRESSED>
       <ND_IPV6_DNS_ADDRESSES/>
       <TIMEOUT>14400000</TIMEOUT>
       <PC_FIREWALL>false</PC_FIREWALL>
       <PC_IPV6_FIREWALL>false</PC_IPV6_FIREWALL>
       <IPV6_ENABLED>false</IPV6_ENABLED>
       <IPV6_ADDRESS_AUTOCONFIG>false</IPV6_ADDRESS_AUTOCONFIG>
       <IPV6_PORT_GATEWAY/>
       <IPV6_PORT_DNS/>
       <IPV6_LINK_LOCAL/>
       <IPV6_DEFAULT_LINK_LOCAL>FE80::203:E4FF:FE92:DE67</IPV6_DEFAULT_LINK_LOCAL>
       <IPV6_PORT_DHCP_ENABLED>false</IPV6_PORT_DHCP_ENABLED>
       <IPV6_ADDRESSES/>
       <IP_UNNUMBERED/>
       <DHCP_SERVER_IP>0.0.0.0</DHCP_SERVER_IP>
      </PORT>
     </BLUETOOTH_PORT>
     <SAVE_REF_ID>save-ref-id:5585291157242800884</SAVE_REF_ID>
     <SYS_NAME>PC</SYS_NAME>
     <GATEWAY/>
     <DNS_CLIENT>
      <SERVER_IP/>
      <SERVER_IPV6/>
     </DNS_CLIENT>
     <EMAIL_CLIENT>
      <ENABLED>0</ENABLED>
      <NAME></NAME>
      <MAIL_ID></MAIL_ID>
      <POP3_SERVER></POP3_SERVER>
      <SMTP_SERVER></SMTP_SERVER>
      <USER></USER>
      <PASSWORD></PASSWORD>
      <NO_OF_MAILS>0</NO_OF_MAILS>
     </EMAIL_CLIENT>
     <WIRELESS_CLIENT>
      <WIRELESS_COMMON>
       <NETWORK_MODE>7</NETWORK_MODE>
       <SSID>Default</SSID>
       <ENCRYPT_TYPE>0</ENCRYPT_TYPE>
       <AUTHEN_TYPE>0</AUTHEN_TYPE>
       <RADIO_BAND>0</RADIO_BAND>
       <WIDE_CHANNEL>0</WIDE_CHANNEL>
       <STANDARD_CHANNEL>0</STANDARD_CHANNEL>
       <STANDARD_CHANNEL5G>112</STANDARD_CHANNEL5G>
      </WIRELESS_COMMON>
      <PROFILES>
       <WIRELESS_PROFILE>
        <NAME>Default</NAME>
        <SSID>Default</SSID>
        <NETWORK_TYPE>7</NETWORK_TYPE>
        <RADIO_BAND>0</RADIO_BAND>
        <AUTHEN_TYPE>0</AUTHEN_TYPE>
        <ENCRYPT_TYPE>0</ENCRYPT_TYPE>
        <WEP_KEY></WEP_KEY>
        <WPA_EAP_USERID></WPA_EAP_USERID>
        <WPA_EAP_PASSWORD></WPA_EAP_PASSWORD>
        <DHCP_ENABLED>1</DHCP_ENABLED>
        <DHCPV6_ENABLED>1</DHCPV6_ENABLED>
        <IP_ADDRESS/>
        <SUBNET_MASK/>
        <DEFAULT_GATEWAY/>
        <DNS/>
        <CHANNEL>1</CHANNEL>
        <VLAN>1</VLAN>
       </WIRELESS_PROFILE>
      </PROFILES>
      <CURRENT_PROFILE>
       <WIRELESS_PROFILE>
        <NAME>Default</NAME>
        <SSID>Default</SSID>
        <NETWORK_TYPE>7</NETWORK_TYPE>
        <RADIO_BAND>0</RADIO_BAND>
        <AUTHEN_TYPE>0</AUTHEN_TYPE>
        <ENCRYPT_TYPE>0</ENCRYPT_TYPE>
        <WEP_KEY></WEP_KEY>
        <WPA_EAP_USERID></WPA_EAP_USERID>
        <WPA_EAP_PASSWORD></WPA_EAP_PASSWORD>
        <DHCP_ENABLED>1</DHCP_ENABLED>
        <DHCPV6_ENABLED>1</DHCPV6_ENABLED>
        <IP_ADDRESS/>
        <SUBNET_MASK/>
        <DEFAULT_GATEWAY/>
        <DNS/>
        <CHANNEL>1</CHANNEL>
        <VLAN>1</VLAN>
       </WIRELESS_PROFILE>
      </CURRENT_PROFILE>
     </WIRELESS_CLIENT>
     <CELLULAR_CLIENT>
      <WIRELESS_CLIENT>
       <WIRELESS_COMMON>
        <NETWORK_MODE>7</NETWORK_MODE>
        <SSID>ptcellular</SSID>
        <ENCRYPT_TYPE>0</ENCRYPT_TYPE>
        <AUTHEN_TYPE>0</AUTHEN_TYPE>
        <RADIO_BAND>0</RADIO_BAND>
        <WIDE_CHANNEL>0</WIDE_CHANNEL>
        <STANDARD_CHANNEL>0</STANDARD_CHANNEL>
        <STANDARD_CHANNEL5G>112</STANDARD_CHANNEL5G>
       </WIRELESS_COMMON>
       <PROFILES>
        <WIRELESS_PROFILE>
         <NAME>ptcellular</NAME>
         <SSID>ptcellular</SSID>
         <NETWORK_TYPE>7</NETWORK_TYPE>
         <RADIO_BAND>0</RADIO_BAND>
         <AUTHEN_TYPE>0</AUTHEN_TYPE>
         <ENCRYPT_TYPE>0</ENCRYPT_TYPE>
         <WEP_KEY></WEP_KEY>
         <WPA_EAP_USERID></WPA_EAP_USERID>
         <WPA_EAP_PASSWORD></WPA_EAP_PASSWORD>
         <DHCP_ENABLED>1</DHCP_ENABLED>
         <DHCPV6_ENABLED>1</DHCPV6_ENABLED>
         <IP_ADDRESS/>
         <SUBNET_MASK/>
         <DEFAULT_GATEWAY/>
         <DNS/>
         <CHANNEL>1</CHANNEL>
         <VLAN>1</VLAN>
        </WIRELESS_PROFILE>
       </PROFILES>
       <CURRENT_PROFILE>
        <WIRELESS_PROFILE>
         <NAME>ptcellular</NAME>
         <SSID>ptcellular</SSID>
         <NETWORK_TYPE>7</NETWORK_TYPE>
         <RADIO_BAND>0</RADIO_BAND>
         <AUTHEN_TYPE>0</AUTHEN_TYPE>
         <ENCRYPT_TYPE>0</ENCRYPT_TYPE>
         <WEP_KEY></WEP_KEY>
         <WPA_EAP_USERID></WPA_EAP_USERID>
         <WPA_EAP_PASSWORD></WPA_EAP_PASSWORD>
         <DHCP_ENABLED>1</DHCP_ENABLED>
         <DHCPV6_ENABLED>1</DHCPV6_ENABLED>
         <IP_ADDRESS/>
         <SUBNET_MASK/>
         <DEFAULT_GATEWAY/>
         <DNS/>
         <CHANNEL>1</CHANNEL>
         <VLAN>1</VLAN>
        </WIRELESS_PROFILE>
       </CURRENT_PROFILE>
      </WIRELESS_CLIENT>
      <PROFILES/>
      <CURRENT_PROFILE_NUM>0</CURRENT_PROFILE_NUM>
      <CO_USERNAME>CentralOffice</CO_USERNAME>
      <CO_PASSWORD>cisco</CO_PASSWORD>
      <ACTIVATED>0</ACTIVATED>
     </CELLULAR_CLIENT>
     <DHCP_CLIENT>
      <PORT_DATA_MAP/>
     </DHCP_CLIENT>
     <ACL_PROCESS>
      <ACLS/>
     </ACL_PROCESS>
     <ACL_V6_PROCESS>
      <ACLS/>
     </ACL_V6_PROCESS>
     <GATEWAYV6/>
     <ISATAP_ENABLED>false</ISATAP_ENABLED>
     <ISATAP_ROUTER/>
     <DHCPV6_MAIN>
      <PARTIAL_DUID>E7-CC-77-02-</PARTIAL_DUID>
      <ENABLED_PORTS/>
     </DHCPV6_MAIN>
     <NDV6>
      <ENABLED_HOST/>
      <ENABLED_ROUTER>0</ENABLED_ROUTER>
      <SERVER_ROUTER_PORT_DATA_HEAD/>
     </NDV6>
     <NF_COLLECTOR>
      <ENABLED>0</ENABLED>
     </NF_COLLECTOR>
     <VOIP_TFTP_IP>
      <TFTP_IP>0.0.0.0</TFTP_IP>
      <IS_DEFAULT_TFTP>1</IS_DEFAULT_TFTP>
     </VOIP_TFTP_IP>
     <FILE_MANAGER>
      <FILE class="CDirectory">
       <FILE_NUMBER>0</FILE_NUMBER>
       <NAME></NAME>
       <DATE_TIME>0</DATE_TIME>
       <PERMISSION>6</PERMISSION>
       <FILE_CONTENT/>
       <FILES>
        <FILE class="CFileSystem">
         <FILE_NUMBER>0</FILE_NUMBER>
         <NAME>Desktop:</NAME>
         <DATE_TIME>0</DATE_TIME>
         <PERMISSION>6</PERMISSION>
         <FILE_CONTENT/>
         <FILES>
          <FILE class="CFile">
           <FILE_NUMBER>3</FILE_NUMBER>
           <NAME>HomeRouter-PT-AC_v1.04.16_fw,0.bin</NAME>
           <DATE_TIME>0</DATE_TIME>
           <PERMISSION>6</PERMISSION>
           <FILE_CONTENT class="CLinksysFirmwareUpgPage">
            <TEXT>Home Router PT-AC firmware1</TEXT>
            <Firmware_Version>v1.04.16</Firmware_Version>
           </FILE_CONTENT>
          </FILE>
          <FILE class="CFile">
           <FILE_NUMBER>4</FILE_NUMBER>
           <NAME>HomeRouter-PT-AC_v2.0_10.1.17_fw,0.bin</NAME>
           <DATE_TIME>0</DATE_TIME>
           <PERMISSION>6</PERMISSION>
           <FILE_CONTENT class="CLinksysFirmwareUpgPage">
            <TEXT>Home Router PT-AC firmware2</TEXT>
            <Firmware_Version>v2.0_10.1.17</Firmware_Version>
           </FILE_CONTENT>
          </FILE>
          <FILE class="CFile">
           <FILE_NUMBER>1</FILE_NUMBER>
           <NAME>WRT300N-v1.03.6_fw,0.bin</NAME>
           <DATE_TIME>0</DATE_TIME>
           <PERMISSION>6</PERMISSION>
           <FILE_CONTENT class="CLinksysFirmwareUpgPage">
            <TEXT>Linkys firmware1</TEXT>
            <Firmware_Version>v1.03.6</Firmware_Version>
           </FILE_CONTENT>
          </FILE>
          <FILE class="CFile">
           <FILE_NUMBER>2</FILE_NUMBER>
           <NAME>WRT300N-v1.1_1.51.2_fw,0.bin</NAME>
           <DATE_TIME>0</DATE_TIME>
           <PERMISSION>6</PERMISSION>
           <FILE_CONTENT class="CLinksysFirmwareUpgPage">
            <TEXT>Linkys firmware2</TEXT>
            <Firmware_Version>v1.1_1.51.2</Firmware_Version>
           </FILE_CONTENT>
          </FILE>
         </FILES>
         <FILE_COUNTER>4</FILE_COUNTER>
         <CAPACITY>100000000</CAPACITY>
        </FILE>
        <FILE class="CFileSystem">
         <FILE_NUMBER>0</FILE_NUMBER>
         <NAME>Dev:</NAME>
         <DATE_TIME>0</DATE_TIME>
         <PERMISSION>6</PERMISSION>
         <FILE_CONTENT/>
         <FILES/>
         <FILE_COUNTER>0</FILE_COUNTER>
         <CAPACITY>1000000000</CAPACITY>
        </FILE>
        <FILE class="CFileSystem">
         <FILE_NUMBER>0</FILE_NUMBER>
         <NAME>c:</NAME>
         <DATE_TIME>0</DATE_TIME>
         <PERMISSION>6</PERMISSION>
         <FILE_CONTENT/>
         <FILES>
          <FILE class="CFile">
           <FILE_NUMBER>1</FILE_NUMBER>
           <NAME>sampleFile.txt</NAME>
           <DATE_TIME>0</DATE_TIME>
           <PERMISSION>6</PERMISSION>
           <FILE_CONTENT class="CTextFileContent">
            <TEXT>This is a sample text file</TEXT>
           </FILE_CONTENT>
          </FILE>
         </FILES>
         <FILE_COUNTER>1</FILE_COUNTER>
         <CAPACITY>1000000000</CAPACITY>
        </FILE>
       </FILES>
      </FILE>
     </FILE_MANAGER>
     <ALGORITHM_SETTINGS>
      <USE_GLOBAL>true</USE_GLOBAL>
      <CBAC_HALF_OPEN_SESSION_MULTIPLIER>1</CBAC_HALF_OPEN_SESSION_MULTIPLIER>
      <TCP_MAX_CONNECTING_SESSIONS>100</TCP_MAX_CONNECTING_SESSIONS>
      <TCP_MAX_OPENED_SESSIONS>1000</TCP_MAX_OPENED_SESSIONS>
      <INTERFACE_QUEUE_SIZE>10</INTERFACE_QUEUE_SIZE>
      <STORM_CONTROL_MULTIPLIER>10</STORM_CONTROL_MULTIPLIER>
      <TCP_MAX_RETRANSMISSION_TIMEOUT>1000</TCP_MAX_RETRANSMISSION_TIMEOUT>
     </ALGORITHM_SETTINGS>
     <TRAFFICGEN_USER_TRAFFIC/>
     <TERMINAL_SETTINGS>
      <BITS>9600</BITS>
      <DATA_BITS>8</DATA_BITS>
      <PARITY>2</PARITY>
      <STOP_BITS>1</STOP_BITS>
      <FLOW_CONTROL>0</FLOW_CONTROL>
     </TERMINAL_SETTINGS>
     <PPPOE_SETTINGS>
      <AUTHEN_TYPE>1/2/</AUTHEN_TYPE>
     </PPPOE_SETTINGS>
     <LOCK_SETTINGS>
      <DLOCK>1</DLOCK>
      <LOCK>0</LOCK>
      <PASSWD></PASSWD>
     </LOCK_SETTINGS>
     <HTML_TAB>
      <HTML_CODE></HTML_CODE>
     </HTML_TAB>
     <GUI_TAB>
      <GUI_CODE></GUI_CODE>
     </GUI_TAB>
     <IMAGE_SETTINGS>
      <CUSTOM_PHYSICAL></CUSTOM_PHYSICAL>
     </IMAGE_SETTINGS>
     <BLUETOOTH_MANAGER>
      <DISCOVERABLE>true</DISCOVERABLE>
      <PAIRED_DEVICES/>
      <BEACON_BROADCASTING>false</BEACON_BROADCASTING>
      <BEACON_FREQUENCY>10</BEACON_FREQUENCY>
      <BEACON_UUID>{5546a045-048f-4235-a825-bf7c1e50ec8d}</BEACON_UUID>
      <BEACON_DATA></BEACON_DATA>
      <TETHER>false</TETHER>
      <TETHERED_MAC>false</TETHERED_MAC>
     </BLUETOOTH_MANAGER>
     <DOT1X_SETTINGS>
      <PORTS/>
     </DOT1X_SETTINGS>
     <SNMP_MANAGER>
      <AGENT_IP>0.0.0.0</AGENT_IP>
      <AGENT_PORT>161</AGENT_PORT>
      <MANAGER_PORT>161</MANAGER_PORT>
      <READ_COMMUNITY></READ_COMMUNITY>
      <WRITE_COMMUNITY></WRITE_COMMUNITY>
      <SNMP_VERSION>1</SNMP_VERSION>
     </SNMP_MANAGER>
    </ENGINE>
    <WORKSPACE>
     <LOGICAL>
      <X>479.5</X>
      <Y>185</Y>
      <DEVCLUSTERID>1-1</DEVCLUSTERID>
      <CUSTOM_IMAGE_LOGICAL></CUSTOM_IMAGE_LOGICAL>
      <CUSTOM_IMAGE_PHYSICAL></CUSTOM_IMAGE_PHYSICAL>
      <MEM_ADDR>1401415381072</MEM_ADDR>
      <DEV_ADDR>1401414298768</DEV_ADDR>
     </LOGICAL>
     <PHYSICAL>{4811c13d-1e8e-4024-abbc-4820396e8e94},{21977af5-7fb8-4485-9495-7ca9ecf49bab},{5f9da8fe-f51e-4ff5-b152-025c2a6c1c3c},{0f54a995-05b7-467d-85a7-7a46c2a422b2}</PHYSICAL>
     <PHYSICAL_CPUR>
      <X_PN>0.129</X_PN>
      <Y_PN>0.1075</Y_PN>
      <X>258</X>
      <Y>215</Y>
      <SLOT>0</SLOT>
      <SUBSLOT>0</SUBSLOT>
      <PARENT_PATH>{4811c13d-1e8e-4024-abbc-4820396e8e94},{21977af5-7fb8-4485-9495-7ca9ecf49bab},{5f9da8fe-f51e-4ff5-b152-025c2a6c1c3c}</PARENT_PATH>
      <CONTAINER_ID>{5f9da8fe-f51e-4ff5-b152-025c2a6c1c3c}</CONTAINER_ID>
     </PHYSICAL_CPUR>
    </WORKSPACE>
   </DEVICE>
   <DEVICE>
    <ENGINE>
     <TYPE model="2960-24TT" customModel="2960 IOS15">Switch</TYPE>
     <NAME translate="true">Switch0</NAME>
     <POWER>true</POWER>
     <DESCRIPTION></DESCRIPTION>
     <MODULE>
      <TYPE>eNonRemovableModule</TYPE>
      <MODEL/>
      <SLOT>
       <TYPE>eNonRemovableModule</TYPE>
       <MODULE>
        <TYPE>eNonRemovableModule</TYPE>
        <MODEL/>
        <PORT>
         <TYPE>eCopperFastEthernet</TYPE>
         <POWER>true</POWER>
         <MEDIATYPE>0</MEDIATYPE>
         <PINS>true</PINS>
         <BANDWIDTH>100000</BANDWIDTH>
         <FULLDUPLEX>true</FULLDUPLEX>
         <AUTONEGOTIATEBANDWIDTH>true</AUTONEGOTIATEBANDWIDTH>
         <AUTONEGOTIATEDUPLEX>true</AUTONEGOTIATEDUPLEX>
         <MACADDRESS>0090.21E1.4201</MACADDRESS>
         <BIA>0090.21E1.4201</BIA>
         <CLOCKRATE>2000000</CLOCKRATE>
         <CLOCKRATEFLAG>false</CLOCKRATEFLAG>
         <DESCRIPTION/>
         <CHANNEL>0</CHANNEL>
         <CHANNEL5GHZ>0</CHANNEL5GHZ>
         <COVERAGERANGE>0</COVERAGERANGE>
         <SAVED_FULLDUPLEX>false</SAVED_FULLDUPLEX>
         <UP_METHOD>5</UP_METHOD>
        </PORT>
        <PORT>
         <TYPE>eCopperFastEthernet</TYPE>
         <POWER>true</POWER>
         <MEDIATYPE>0</MEDIATYPE>
         <PINS>true</PINS>
         <BANDWIDTH>100000</BANDWIDTH>
         <FULLDUPLEX>true</FULLDUPLEX>
         <AUTONEGOTIATEBANDWIDTH>true</AUTONEGOTIATEBANDWIDTH>
         <AUTONEGOTIATEDUPLEX>true</AUTONEGOTIATEDUPLEX>
         <MACADDRESS>0090.21E1.4202</MACADDRESS>
         <BIA>0090.21E1.4202</BIA>
         <CLOCKRATE>2000000</CLOCKRATE>
         <CLOCKRATEFLAG>false</CLOCKRATEFLAG>
         <DESCRIPTION/>
         <CHANNEL>0</CHANNEL>
         <CHANNEL5GHZ>0</CHANNEL5GHZ>
         <COVERAGERANGE>0</COVERAGERANGE>
         <SAVED_FULLDUPLEX>false</SAVED_FULLDUPLEX>
         <UP_METHOD>5</UP_METHOD>
        </PORT>
        <PORT>
         <TYPE>eCopperFastEthernet</TYPE>
         <POWER>true</POWER>
         <MEDIATYPE>0</MEDIATYPE>
         <PINS>true</PINS>
         <BANDWIDTH>100000</BANDWIDTH>
         <FULLDUPLEX>true</FULLDUPLEX>
         <AUTONEGOTIATEBANDWIDTH>true</AUTONEGOTIATEBANDWIDTH>
         <AUTONEGOTIATEDUPLEX>true</AUTONEGOTIATEDUPLEX>
         <MACADDRESS>0090.21E1.4203</MACADDRESS>
         <BIA>0090.21E1.4203</BIA>
         <CLOCKRATE>2000000</CLOCKRATE>
         <CLOCKRATEFLAG>false</CLOCKRATEFLAG>
         <DESCRIPTION/>
         <CHANNEL>0</CHANNEL>
         <CHANNEL5GHZ>0</CHANNEL5GHZ>
         <COVERAGERANGE>0</COVERAGERANGE>
         <SAVED_FULLDUPLEX>false</SAVED_FULLDUPLEX>
         <UP_METHOD>5</UP_METHOD>
        </PORT>
        <PORT>
         <TYPE>eCopperFastEthernet</TYPE>
         <POWER>true</POWER>
         <MEDIATYPE>0</MEDIATYPE>
         <PINS>true</PINS>
         <BANDWIDTH>100000</BANDWIDTH>
         <FULLDUPLEX>false</FULLDUPLEX>
         <AUTONEGOTIATEBANDWIDTH>true</AUTONEGOTIATEBANDWIDTH>
         <AUTONEGOTIATEDUPLEX>true</AUTONEGOTIATEDUPLEX>
         <MACADDRESS>0090.21E1.4204</MACADDRESS>
         <BIA>0090.21E1.4204</BIA>
         <CLOCKRATE>2000000</CLOCKRATE>
         <CLOCKRATEFLAG>false</CLOCKRATEFLAG>
         <DESCRIPTION/>
         <CHANNEL>0</CHANNEL>
         <CHANNEL5GHZ>0</CHANNEL5GHZ>
         <COVERAGERANGE>0</COVERAGERANGE>
         <SAVED_FULLDUPLEX>false</SAVED_FULLDUPLEX>
         <UP_METHOD>5</UP_METHOD>
        </PORT>
        <PORT>
         <TYPE>eCopperFastEthernet</TYPE>
         <POWER>true</POWER>
         <MEDIATYPE>0</MEDIATYPE>
         <PINS>true</PINS>
         <BANDWIDTH>100000</BANDWIDTH>
         <FULLDUPLEX>false</FULLDUPLEX>
         <AUTONEGOTIATEBANDWIDTH>true</AUTONEGOTIATEBANDWIDTH>
         <AUTONEGOTIATEDUPLEX>true</AUTONEGOTIATEDUPLEX>
         <MACADDRESS>0090.21E1.4205</MACADDRESS>
         <BIA>0090.21E1.4205</BIA>
         <CLOCKRATE>2000000</CLOCKRATE>
         <CLOCKRATEFLAG>false</CLOCKRATEFLAG>
         <DESCRIPTION/>
         <CHANNEL>0</CHANNEL>
         <CHANNEL5GHZ>0</CHANNEL5GHZ>
         <COVERAGERANGE>0</COVERAGERANGE>
         <SAVED_FULLDUPLEX>false</SAVED_FULLDUPLEX>
         <UP_METHOD>5</UP_METHOD>
        </PORT>
        <PORT>
         <TYPE>eCopperFastEthernet</TYPE>
         <POWER>true</POWER>
         <MEDIATYPE>0</MEDIATYPE>
         <PINS>true</PINS>
         <BANDWIDTH>100000</BANDWIDTH>
         <FULLDUPLEX>false</FULLDUPLEX>
         <AUTONEGOTIATEBANDWIDTH>true</AUTONEGOTIATEBANDWIDTH>
         <AUTONEGOTIATEDUPLEX>true</AUTONEGOTIATEDUPLEX>
         <MACADDRESS>0090.21E1.4206</MACADDRESS>
         <BIA>0090.21E1.4206</BIA>
         <CLOCKRATE>2000000</CLOCKRATE>
         <CLOCKRATEFLAG>false</CLOCKRATEFLAG>
         <DESCRIPTION/>
         <CHANNEL>0</CHANNEL>
         <CHANNEL5GHZ>0</CHANNEL5GHZ>
         <COVERAGERANGE>0</COVERAGERANGE>
         <SAVED_FULLDUPLEX>false</SAVED_FULLDUPLEX>
         <UP_METHOD>5</UP_METHOD>
        </PORT>
        <PORT>
         <TYPE>eCopperFastEthernet</TYPE>
         <POWER>true</POWER>
         <MEDIATYPE>0</MEDIATYPE>
         <PINS>true</PINS>
         <BANDWIDTH>100000</BANDWIDTH>
         <FULLDUPLEX>false</FULLDUPLEX>
         <AUTONEGOTIATEBANDWIDTH>true</AUTONEGOTIATEBANDWIDTH>
         <AUTONEGOTIATEDUPLEX>true</AUTONEGOTIATEDUPLEX>
         <MACADDRESS>0090.21E1.4207</MACADDRESS>
         <BIA>0090.21E1.4207</BIA>
         <CLOCKRATE>2000000</CLOCKRATE>
         <CLOCKRATEFLAG>false</CLOCKRATEFLAG>
         <DESCRIPTION/>
         <CHANNEL>0</CHANNEL>
         <CHANNEL5GHZ>0</CHANNEL5GHZ>
         <COVERAGERANGE>0</COVERAGERANGE>
         <SAVED_FULLDUPLEX>false</SAVED_FULLDUPLEX>
         <UP_METHOD>5</UP_METHOD>
        </PORT>
        <PORT>
         <TYPE>eCopperFastEthernet</TYPE>
         <POWER>true</POWER>
         <MEDIATYPE>0</MEDIATYPE>
         <PINS>true</PINS>
         <BANDWIDTH>100000</BANDWIDTH>
         <FULLDUPLEX>false</FULLDUPLEX>
         <AUTONEGOTIATEBANDWIDTH>true</AUTONEGOTIATEBANDWIDTH>
         <AUTONEGOTIATEDUPLEX>true</AUTONEGOTIATEDUPLEX>
         <MACADDRESS>0090.21E1.4208</MACADDRESS>
         <BIA>0090.21E1.4208</BIA>
         <CLOCKRATE>2000000</CLOCKRATE>
         <CLOCKRATEFLAG>false</CLOCKRATEFLAG>
         <DESCRIPTION/>
         <CHANNEL>0</CHANNEL>
         <CHANNEL5GHZ>0</CHANNEL5GHZ>
         <COVERAGERANGE>0</COVERAGERANGE>
         <SAVED_FULLDUPLEX>false</SAVED_FULLDUPLEX>
         <UP_METHOD>5</UP_METHOD>
        </PORT>
        <PORT>
         <TYPE>eCopperFastEthernet</TYPE>
         <POWER>true</POWER>
         <MEDIATYPE>0</MEDIATYPE>
         <PINS>true</PINS>
         <BANDWIDTH>100000</BANDWIDTH>
         <FULLDUPLEX>false</FULLDUPLEX>
         <AUTONEGOTIATEBANDWIDTH>true</AUTONEGOTIATEBANDWIDTH>
         <AUTONEGOTIATEDUPLEX>true</AUTONEGOTIATEDUPLEX>
         <MACADDRESS>0090.21E1.4209</MACADDRESS>
         <BIA>0090.21E1.4209</BIA>
         <CLOCKRATE>2000000</CLOCKRATE>
         <CLOCKRATEFLAG>false</CLOCKRATEFLAG>
         <DESCRIPTION/>
         <CHANNEL>0</CHANNEL>
         <CHANNEL5GHZ>0</CHANNEL5GHZ>
         <COVERAGERANGE>0</COVERAGERANGE>
         <SAVED_FULLDUPLEX>false</SAVED_FULLDUPLEX>
         <UP_METHOD>5</UP_METHOD>
        </PORT>
        <PORT>
         <TYPE>eCopperFastEthernet</TYPE>
         <POWER>true</POWER>
         <MEDIATYPE>0</MEDIATYPE>
         <PINS>true</PINS>
         <BANDWIDTH>100000</BANDWIDTH>
         <FULLDUPLEX>false</FULLDUPLEX>
         <AUTONEGOTIATEBANDWIDTH>true</AUTONEGOTIATEBANDWIDTH>
         <AUTONEGOTIATEDUPLEX>true</AUTONEGOTIATEDUPLEX>
         <MACADDRESS>0090.21E1.420A</MACADDRESS>
         <BIA>0090.21E1.420A</BIA>
         <CLOCKRATE>2000000</CLOCKRATE>
         <CLOCKRATEFLAG>false</CLOCKRATEFLAG>
         <DESCRIPTION/>
         <CHANNEL>0</CHANNEL>
         <CHANNEL5GHZ>0</CHANNEL5GHZ>
         <COVERAGERANGE>0</COVERAGERANGE>
         <SAVED_FULLDUPLEX>false</SAVED_FULLDUPLEX>
         <UP_METHOD>5</UP_METHOD>
        </PORT>
        <PORT>
         <TYPE>eCopperFastEthernet</TYPE>
         <POWER>true</POWER>
         <MEDIATYPE>0</MEDIATYPE>
         <PINS>true</PINS>
         <BANDWIDTH>100000</BANDWIDTH>
         <FULLDUPLEX>false</FULLDUPLEX>
         <AUTONEGOTIATEBANDWIDTH>true</AUTONEGOTIATEBANDWIDTH>
         <AUTONEGOTIATEDUPLEX>true</AUTONEGOTIATEDUPLEX>
         <MACADDRESS>0090.21E1.420B</MACADDRESS>
         <BIA>0090.21E1.420B</BIA>
         <CLOCKRATE>2000000</CLOCKRATE>
         <CLOCKRATEFLAG>false</CLOCKRATEFLAG>
         <DESCRIPTION/>
         <CHANNEL>0</CHANNEL>
         <CHANNEL5GHZ>0</CHANNEL5GHZ>
         <COVERAGERANGE>0</COVERAGERANGE>
         <SAVED_FULLDUPLEX>false</SAVED_FULLDUPLEX>
         <UP_METHOD>5</UP_METHOD>
        </PORT>
        <PORT>
         <TYPE>eCopperFastEthernet</TYPE>
         <POWER>true</POWER>
         <MEDIATYPE>0</MEDIATYPE>
         <PINS>true</PINS>
         <BANDWIDTH>100000</BANDWIDTH>
         <FULLDUPLEX>false</FULLDUPLEX>
         <AUTONEGOTIATEBANDWIDTH>true</AUTONEGOTIATEBANDWIDTH>
         <AUTONEGOTIATEDUPLEX>true</AUTONEGOTIATEDUPLEX>
         <MACADDRESS>0090.21E1.420C</MACADDRESS>
         <BIA>0090.21E1.420C</BIA>
         <CLOCKRATE>2000000</CLOCKRATE>
         <CLOCKRATEFLAG>false</CLOCKRATEFLAG>
         <DESCRIPTION/>
         <CHANNEL>0</CHANNEL>
         <CHANNEL5GHZ>0</CHANNEL5GHZ>
         <COVERAGERANGE>0</COVERAGERANGE>
         <SAVED_FULLDUPLEX>false</SAVED_FULLDUPLEX>
         <UP_METHOD>5</UP_METHOD>
        </PORT>
        <PORT>
         <TYPE>eCopperFastEthernet</TYPE>
         <POWER>true</POWER>
         <MEDIATYPE>0</MEDIATYPE>
         <PINS>true</PINS>
         <BANDWIDTH>100000</BANDWIDTH>
         <FULLDUPLEX>false</FULLDUPLEX>
         <AUTONEGOTIATEBANDWIDTH>true</AUTONEGOTIATEBANDWIDTH>
         <AUTONEGOTIATEDUPLEX>true</AUTONEGOTIATEDUPLEX>
         <MACADDRESS>0090.21E1.420D</MACADDRESS>
         <BIA>0090.21E1.420D</BIA>
         <CLOCKRATE>2000000</CLOCKRATE>
         <CLOCKRATEFLAG>false</CLOCKRATEFLAG>
         <DESCRIPTION/>
         <CHANNEL>0</CHANNEL>
         <CHANNEL5GHZ>0</CHANNEL5GHZ>
         <COVERAGERANGE>0</COVERAGERANGE>
         <SAVED_FULLDUPLEX>false</SAVED_FULLDUPLEX>
         <UP_METHOD>5</UP_METHOD>
        </PORT>
        <PORT>
         <TYPE>eCopperFastEthernet</TYPE>
         <POWER>true</POWER>
         <MEDIATYPE>0</MEDIATYPE>
         <PINS>true</PINS>
         <BANDWIDTH>100000</BANDWIDTH>
         <FULLDUPLEX>false</FULLDUPLEX>
         <AUTONEGOTIATEBANDWIDTH>true</AUTONEGOTIATEBANDWIDTH>
         <AUTONEGOTIATEDUPLEX>true</AUTONEGOTIATEDUPLEX>
         <MACADDRESS>0090.21E1.420E</MACADDRESS>
         <BIA>0090.21E1.420E</BIA>
         <CLOCKRATE>2000000</CLOCKRATE>
         <CLOCKRATEFLAG>false</CLOCKRATEFLAG>
         <DESCRIPTION/>
         <CHANNEL>0</CHANNEL>
         <CHANNEL5GHZ>0</CHANNEL5GHZ>
         <COVERAGERANGE>0</COVERAGERANGE>
         <SAVED_FULLDUPLEX>false</SAVED_FULLDUPLEX>
         <UP_METHOD>5</UP_METHOD>
        </PORT>
        <PORT>
         <TYPE>eCopperFastEthernet</TYPE>
         <POWER>true</POWER>
         <MEDIATYPE>0</MEDIATYPE>
         <PINS>true</PINS>
         <BANDWIDTH>100000</BANDWIDTH>
         <FULLDUPLEX>false</FULLDUPLEX>
         <AUTONEGOTIATEBANDWIDTH>true</AUTONEGOTIATEBANDWIDTH>
         <AUTONEGOTIATEDUPLEX>true</AUTONEGOTIATEDUPLEX>
         <MACADDRESS>0090.21E1.420F</MACADDRESS>
         <BIA>0090.21E1.420F</BIA>
         <CLOCKRATE>2000000</CLOCKRATE>
         <CLOCKRATEFLAG>false</CLOCKRATEFLAG>
         <DESCRIPTION/>
         <CHANNEL>0</CHANNEL>
         <CHANNEL5GHZ>0</CHANNEL5GHZ>
         <COVERAGERANGE>0</COVERAGERANGE>
         <SAVED_FULLDUPLEX>false</SAVED_FULLDUPLEX>
         <UP_METHOD>5</UP_METHOD>
        </PORT>
        <PORT>
         <TYPE>eCopperFastEthernet</TYPE>
         <POWER>true</POWER>
         <MEDIATYPE>0</MEDIATYPE>
         <PINS>true</PINS>
         <BANDWIDTH>100000</BANDWIDTH>
         <FULLDUPLEX>false</FULLDUPLEX>
         <AUTONEGOTIATEBANDWIDTH>true</AUTONEGOTIATEBANDWIDTH>
         <AUTONEGOTIATEDUPLEX>true</AUTONEGOTIATEDUPLEX>
         <MACADDRESS>0090.21E1.4210</MACADDRESS>
         <BIA>0090.21E1.4210</BIA>
         <CLOCKRATE>2000000</CLOCKRATE>
         <CLOCKRATEFLAG>false</CLOCKRATEFLAG>
         <DESCRIPTION/>
         <CHANNEL>0</CHANNEL>
         <CHANNEL5GHZ>0</CHANNEL5GHZ>
         <COVERAGERANGE>0</COVERAGERANGE>
         <SAVED_FULLDUPLEX>false</SAVED_FULLDUPLEX>
         <UP_METHOD>5</UP_METHOD>
        </PORT>
        <PORT>
         <TYPE>eCopperFastEthernet</TYPE>
         <POWER>true</POWER>
         <MEDIATYPE>0</MEDIATYPE>
         <PINS>true</PINS>
         <BANDWIDTH>100000</BANDWIDTH>
         <FULLDUPLEX>false</FULLDUPLEX>
         <AUTONEGOTIATEBANDWIDTH>true</AUTONEGOTIATEBANDWIDTH>
         <AUTONEGOTIATEDUPLEX>true</AUTONEGOTIATEDUPLEX>
         <MACADDRESS>0090.21E1.4211</MACADDRESS>
         <BIA>0090.21E1.4211</BIA>
         <CLOCKRATE>2000000</CLOCKRATE>
         <CLOCKRATEFLAG>false</CLOCKRATEFLAG>
         <DESCRIPTION/>
         <CHANNEL>0</CHANNEL>
         <CHANNEL5GHZ>0</CHANNEL5GHZ>
         <COVERAGERANGE>0</COVERAGERANGE>
         <SAVED_FULLDUPLEX>false</SAVED_FULLDUPLEX>
         <UP_METHOD>5</UP_METHOD>
        </PORT>
        <PORT>
         <TYPE>eCopperFastEthernet</TYPE>
         <POWER>true</POWER>
         <MEDIATYPE>0</MEDIATYPE>
         <PINS>true</PINS>
         <BANDWIDTH>100000</BANDWIDTH>
         <FULLDUPLEX>false</FULLDUPLEX>
         <AUTONEGOTIATEBANDWIDTH>true</AUTONEGOTIATEBANDWIDTH>
         <AUTONEGOTIATEDUPLEX>true</AUTONEGOTIATEDUPLEX>
         <MACADDRESS>0090.21E1.4212</MACADDRESS>
         <BIA>0090.21E1.4212</BIA>
         <CLOCKRATE>2000000</CLOCKRATE>
         <CLOCKRATEFLAG>false</CLOCKRATEFLAG>
         <DESCRIPTION/>
         <CHANNEL>0</CHANNEL>
         <CHANNEL5GHZ>0</CHANNEL5GHZ>
         <COVERAGERANGE>0</COVERAGERANGE>
         <SAVED_FULLDUPLEX>false</SAVED_FULLDUPLEX>
         <UP_METHOD>5</UP_METHOD>
        </PORT>
        <PORT>
         <TYPE>eCopperFastEthernet</TYPE>
         <POWER>true</POWER>
         <MEDIATYPE>0</MEDIATYPE>
         <PINS>true</PINS>
         <BANDWIDTH>100000</BANDWIDTH>
         <FULLDUPLEX>false</FULLDUPLEX>
         <AUTONEGOTIATEBANDWIDTH>true</AUTONEGOTIATEBANDWIDTH>
         <AUTONEGOTIATEDUPLEX>true</AUTONEGOTIATEDUPLEX>
         <MACADDRESS>0090.21E1.4213</MACADDRESS>
         <BIA>0090.21E1.4213</BIA>
         <CLOCKRATE>2000000</CLOCKRATE>
         <CLOCKRATEFLAG>false</CLOCKRATEFLAG>
         <DESCRIPTION/>
         <CHANNEL>0</CHANNEL>
         <CHANNEL5GHZ>0</CHANNEL5GHZ>
         <COVERAGERANGE>0</COVERAGERANGE>
         <SAVED_FULLDUPLEX>false</SAVED_FULLDUPLEX>
         <UP_METHOD>5</UP_METHOD>
        </PORT>
        <PORT>
         <TYPE>eCopperFastEthernet</TYPE>
         <POWER>true</POWER>
         <MEDIATYPE>0</MEDIATYPE>
         <PINS>true</PINS>
         <BANDWIDTH>100000</BANDWIDTH>
         <FULLDUPLEX>false</FULLDUPLEX>
         <AUTONEGOTIATEBANDWIDTH>true</AUTONEGOTIATEBANDWIDTH>
         <AUTONEGOTIATEDUPLEX>true</AUTONEGOTIATEDUPLEX>
         <MACADDRESS>0090.21E1.4214</MACADDRESS>
         <BIA>0090.21E1.4214</BIA>
         <CLOCKRATE>2000000</CLOCKRATE>
         <CLOCKRATEFLAG>false</CLOCKRATEFLAG>
         <DESCRIPTION/>
         <CHANNEL>0</CHANNEL>
         <CHANNEL5GHZ>0</CHANNEL5GHZ>
         <COVERAGERANGE>0</COVERAGERANGE>
         <SAVED_FULLDUPLEX>false</SAVED_FULLDUPLEX>
         <UP_METHOD>5</UP_METHOD>
        </PORT>
        <PORT>
         <TYPE>eCopperFastEthernet</TYPE>
         <POWER>true</POWER>
         <MEDIATYPE>0</MEDIATYPE>
         <PINS>true</PINS>
         <BANDWIDTH>100000</BANDWIDTH>
         <FULLDUPLEX>false</FULLDUPLEX>
         <AUTONEGOTIATEBANDWIDTH>true</AUTONEGOTIATEBANDWIDTH>
         <AUTONEGOTIATEDUPLEX>true</AUTONEGOTIATEDUPLEX>
         <MACADDRESS>0090.21E1.4215</MACADDRESS>
         <BIA>0090.21E1.4215</BIA>
         <CLOCKRATE>2000000</CLOCKRATE>
         <CLOCKRATEFLAG>false</CLOCKRATEFLAG>
         <DESCRIPTION/>
         <CHANNEL>0</CHANNEL>
         <CHANNEL5GHZ>0</CHANNEL5GHZ>
         <COVERAGERANGE>0</COVERAGERANGE>
         <SAVED_FULLDUPLEX>false</SAVED_FULLDUPLEX>
         <UP_METHOD>5</UP_METHOD>
        </PORT>
        <PORT>
         <TYPE>eCopperFastEthernet</TYPE>
         <POWER>true</POWER>
         <MEDIATYPE>0</MEDIATYPE>
         <PINS>true</PINS>
         <BANDWIDTH>100000</BANDWIDTH>
         <FULLDUPLEX>false</FULLDUPLEX>
         <AUTONEGOTIATEBANDWIDTH>true</AUTONEGOTIATEBANDWIDTH>
         <AUTONEGOTIATEDUPLEX>true</AUTONEGOTIATEDUPLEX>
         <MACADDRESS>0090.21E1.4216</MACADDRESS>
         <BIA>0090.21E1.4216</BIA>
         <CLOCKRATE>2000000</CLOCKRATE>
         <CLOCKRATEFLAG>false</CLOCKRATEFLAG>
         <DESCRIPTION/>
         <CHANNEL>0</CHANNEL>
         <CHANNEL5GHZ>0</CHANNEL5GHZ>
         <COVERAGERANGE>0</COVERAGERANGE>
         <SAVED_FULLDUPLEX>false</SAVED_FULLDUPLEX>
         <UP_METHOD>5</UP_METHOD>
        </PORT>
        <PORT>
         <TYPE>eCopperFastEthernet</TYPE>
         <POWER>true</POWER>
         <MEDIATYPE>0</MEDIATYPE>
         <PINS>true</PINS>
         <BANDWIDTH>100000</BANDWIDTH>
         <FULLDUPLEX>false</FULLDUPLEX>
         <AUTONEGOTIATEBANDWIDTH>true</AUTONEGOTIATEBANDWIDTH>
         <AUTONEGOTIATEDUPLEX>true</AUTONEGOTIATEDUPLEX>
         <MACADDRESS>0090.21E1.4217</MACADDRESS>
         <BIA>0090.21E1.4217</BIA>
         <CLOCKRATE>2000000</CLOCKRATE>
         <CLOCKRATEFLAG>false</CLOCKRATEFLAG>
         <DESCRIPTION/>
         <CHANNEL>0</CHANNEL>
         <CHANNEL5GHZ>0</CHANNEL5GHZ>
         <COVERAGERANGE>0</COVERAGERANGE>
         <SAVED_FULLDUPLEX>false</SAVED_FULLDUPLEX>
         <UP_METHOD>5</UP_METHOD>
        </PORT>
        <PORT>
         <TYPE>eCopperFastEthernet</TYPE>
         <POWER>true</POWER>
         <MEDIATYPE>0</MEDIATYPE>
         <PINS>true</PINS>
         <BANDWIDTH>100000</BANDWIDTH>
         <FULLDUPLEX>false</FULLDUPLEX>
         <AUTONEGOTIATEBANDWIDTH>true</AUTONEGOTIATEBANDWIDTH>
         <AUTONEGOTIATEDUPLEX>true</AUTONEGOTIATEDUPLEX>
         <MACADDRESS>0090.21E1.4218</MACADDRESS>
         <BIA>0090.21E1.4218</BIA>
         <CLOCKRATE>2000000</CLOCKRATE>
         <CLOCKRATEFLAG>false</CLOCKRATEFLAG>
         <DESCRIPTION/>
         <CHANNEL>0</CHANNEL>
         <CHANNEL5GHZ>0</CHANNEL5GHZ>
         <COVERAGERANGE>0</COVERAGERANGE>
         <SAVED_FULLDUPLEX>false</SAVED_FULLDUPLEX>
         <UP_METHOD>5</UP_METHOD>
        </PORT>
        <PORT>
         <TYPE>eCopperGigabitEthernet</TYPE>
         <POWER>true</POWER>
         <MEDIATYPE>0</MEDIATYPE>
         <PINS>true</PINS>
         <BANDWIDTH>1000000</BANDWIDTH>
         <FULLDUPLEX>false</FULLDUPLEX>
         <AUTONEGOTIATEBANDWIDTH>true</AUTONEGOTIATEBANDWIDTH>
         <AUTONEGOTIATEDUPLEX>true</AUTONEGOTIATEDUPLEX>
         <MACADDRESS>0090.21E1.4219</MACADDRESS>
         <BIA>0090.21E1.4219</BIA>
         <CLOCKRATE>2000000</CLOCKRATE>
         <CLOCKRATEFLAG>false</CLOCKRATEFLAG>
         <DESCRIPTION/>
         <CHANNEL>0</CHANNEL>
         <CHANNEL5GHZ>0</CHANNEL5GHZ>
         <COVERAGERANGE>0</COVERAGERANGE>
         <SAVED_FULLDUPLEX>false</SAVED_FULLDUPLEX>
         <UP_METHOD>5</UP_METHOD>
        </PORT>
        <PORT>
         <TYPE>eCopperGigabitEthernet</TYPE>
         <POWER>true</POWER>
         <MEDIATYPE>0</MEDIATYPE>
         <PINS>true</PINS>
         <BANDWIDTH>1000000</BANDWIDTH>
         <FULLDUPLEX>false</FULLDUPLEX>
         <AUTONEGOTIATEBANDWIDTH>true</AUTONEGOTIATEBANDWIDTH>
         <AUTONEGOTIATEDUPLEX>true</AUTONEGOTIATEDUPLEX>
         <MACADDRESS>0090.21E1.421A</MACADDRESS>
         <BIA>0090.21E1.421A</BIA>
         <CLOCKRATE>2000000</CLOCKRATE>
         <CLOCKRATEFLAG>false</CLOCKRATEFLAG>
         <DESCRIPTION/>
         <CHANNEL>0</CHANNEL>
         <CHANNEL5GHZ>0</CHANNEL5GHZ>
         <COVERAGERANGE>0</COVERAGERANGE>
         <SAVED_FULLDUPLEX>false</SAVED_FULLDUPLEX>
         <UP_METHOD>5</UP_METHOD>
        </PORT>
       </MODULE>
      </SLOT>
     </MODULE>
     <CUSTOM_VARS>AAAAAA==</CUSTOM_VARS>
     <CUSTOM_INTERFACE></CUSTOM_INTERFACE>
     <SYS_CONTACT></SYS_CONTACT>
     <SYS_LOCATION></SYS_LOCATION>
     <COORD_SETTINGS>
      <X_COORD>1269.51</X_COORD>
      <Y_COORD>1236.93</Y_COORD>
      <Z_COORD>0</Z_COORD>
     </COORD_SETTINGS>
     <SERIALNUMBER>CAT10109TGV-</SERIALNUMBER>
     <EXT_ATTRIBUTES>MTBF:300000;cost:1500;power source:0;rack units:1;wattage:40;</EXT_ATTRIBUTES>
     <USB_PORT_COUNT>0</USB_PORT_COUNT>
     <TEMPLATE_CREATION_TIME>1589954475388</TEMPLATE_CREATION_TIME>
     <STARTTIME>730936800000</STARTTIME>
     <STARTSIMTIME>17694</STARTSIMTIME>
     <USER_APPS>
      <RUNNING_APPS/>
      <DESKTOP_APPS/>
     </USER_APPS>
     <SAVE_REF_ID>save-ref-id:10385418376921974062</SAVE_REF_ID>
     <SYS_NAME>Switch</SYS_NAME>
     <RUNNINGCONFIG>
      <LINE>!</LINE>
      <LINE>version 15.0</LINE>
      <LINE>no service timestamps log datetime msec</LINE>
      <LINE>no service timestamps debug datetime msec</LINE>
      <LINE>no service password-encryption</LINE>
      <LINE>!</LINE>
      <LINE>hostname Switch</LINE>
      <LINE>!</LINE>
      <LINE>!</LINE>
      <LINE>!</LINE>
      <LINE>!</LINE>
      <LINE>!</LINE>
      <LINE>!</LINE>
      <LINE>spanning-tree mode pvst</LINE>
      <LINE>spanning-tree extend system-id</LINE>
      <LINE>!</LINE>
      <LINE>interface FastEthernet0/1</LINE>
      <LINE>!</LINE>
      <LINE>interface FastEthernet0/2</LINE>
      <LINE>!</LINE>
      <LINE>interface FastEthernet0/3</LINE>
      <LINE>!</LINE>
      <LINE>interface FastEthernet0/4</LINE>
      <LINE>!</LINE>
      <LINE>interface FastEthernet0/5</LINE>
      <LINE>!</LINE>
      <LINE>interface FastEthernet0/6</LINE>
      <LINE>!</LINE>
      <LINE>interface FastEthernet0/7</LINE>
      <LINE>!</LINE>
      <LINE>interface FastEthernet0/8</LINE>
      <LINE>!</LINE>
      <LINE>interface FastEthernet0/9</LINE>
      <LINE>!</LINE>
      <LINE>interface FastEthernet0/10</LINE>
      <LINE>!</LINE>
      <LINE>interface FastEthernet0/11</LINE>
      <LINE>!</LINE>
      <LINE>interface FastEthernet0/12</LINE>
      <LINE>!</LINE>
      <LINE>interface FastEthernet0/13</LINE>
      <LINE>!</LINE>
      <LINE>interface FastEthernet0/14</LINE>
      <LINE>!</LINE>
      <LINE>interface FastEthernet0/15</LINE>
      <LINE>!</LINE>
      <LINE>interface FastEthernet0/16</LINE>
      <LINE>!</LINE>
      <LINE>interface FastEthernet0/17</LINE>
      <LINE>!</LINE>
      <LINE>interface FastEthernet0/18</LINE>
      <LINE>!</LINE>
      <LINE>interface FastEthernet0/19</LINE>
      <LINE>!</LINE>
      <LINE>interface FastEthernet0/20</LINE>
      <LINE>!</LINE>
      <LINE>interface FastEthernet0/21</LINE>
      <LINE>!</LINE>
      <LINE>interface FastEthernet0/22</LINE>
      <LINE>!</LINE>
      <LINE>interface FastEthernet0/23</LINE>
      <LINE>!</LINE>
      <LINE>interface FastEthernet0/24</LINE>
      <LINE>!</LINE>
      <LINE>interface GigabitEthernet0/1</LINE>
      <LINE>!</LINE>
      <LINE>interface GigabitEthernet0/2</LINE>
      <LINE>!</LINE>
      <LINE>interface Vlan1</LINE>
      <LINE> no ip address</LINE>
      <LINE> shutdown</LINE>
      <LINE>!</LINE>
      <LINE>!</LINE>
      <LINE>!</LINE>
      <LINE>!</LINE>
      <LINE>line con 0</LINE>
      <LINE>!</LINE>
      <LINE>line vty 0 4</LINE>
      <LINE> login</LINE>
      <LINE>line vty 5 15</LINE>
      <LINE> login</LINE>
      <LINE>!</LINE>
      <LINE>!</LINE>
      <LINE>!</LINE>
      <LINE>!</LINE>
      <LINE>end</LINE>
     </RUNNINGCONFIG>
     <STARTUPCONFIG/>
     <CURRENT_COMMAND_SET>2960_15.0_SE4</CURRENT_COMMAND_SET>
     <FILE_MANAGER>
      <FILE class="CDirectory">
       <FILE_NUMBER>0</FILE_NUMBER>
       <NAME></NAME>
       <DATE_TIME>0</DATE_TIME>
       <PERMISSION>6</PERMISSION>
       <FILE_CONTENT/>
       <FILES>
        <FILE class="CFileSystem">
         <FILE_NUMBER>0</FILE_NUMBER>
         <NAME>flash:</NAME>
         <DATE_TIME>0</DATE_TIME>
         <PERMISSION>6</PERMISSION>
         <FILE_CONTENT/>
         <FILES>
          <FILE class="CFile">
           <FILE_NUMBER>1</FILE_NUMBER>
           <NAME>2960-lanbasek9-mz.150-2.SE4.bin</NAME>
           <DATE_TIME>0</DATE_TIME>
           <PERMISSION>6</PERMISSION>
           <FILE_CONTENT class="CIosFileContent">
            <DEVICE_TYPE>Switch</DEVICE_TYPE>
            <SET_NAME>2960_15.0_SE4</SET_NAME>
           </FILE_CONTENT>
          </FILE>
         </FILES>
         <FILE_COUNTER>1</FILE_COUNTER>
         <CAPACITY>64016384</CAPACITY>
        </FILE>
       </FILES>
      </FILE>
     </FILE_MANAGER>
     <CONFIG_REGISTER>15</CONFIG_REGISTER>
     <NEXT_CONFIG_REGISTER>15</NEXT_CONFIG_REGISTER>
     <CURRENT_BOOT_FILE>flash:/2960-lanbasek9-mz.150-2.SE4.bin</CURRENT_BOOT_FILE>
     <CONFIG_BOOT_FILES></CONFIG_BOOT_FILES>
     <BUILD_IN_ADDR>0001.42EE.E106</BUILD_IN_ADDR>
     <BIOS_VERSION></BIOS_VERSION>
     <SECURITY>
      <KEY_NAME></KEY_NAME>
      <TEMP_KEY_NAME></TEMP_KEY_NAME>
      <RSA_KEY></RSA_KEY>
      <TEMP_RSA_KEY></TEMP_RSA_KEY>
      <TIME_DATE></TIME_DATE>
      <ENABLED>0</ENABLED>
      <MODULUS_BITS>0</MODULUS_BITS>
     </SECURITY>
     <ALGORITHM_SETTINGS>
      <USE_GLOBAL>true</USE_GLOBAL>
      <CBAC_HALF_OPEN_SESSION_MULTIPLIER>1</CBAC_HALF_OPEN_SESSION_MULTIPLIER>
      <TCP_MAX_CONNECTING_SESSIONS>100</TCP_MAX_CONNECTING_SESSIONS>
      <TCP_MAX_OPENED_SESSIONS>1000</TCP_MAX_OPENED_SESSIONS>
      <INTERFACE_QUEUE_SIZE>10</INTERFACE_QUEUE_SIZE>
      <STORM_CONTROL_MULTIPLIER>10</STORM_CONTROL_MULTIPLIER>
      <TCP_MAX_RETRANSMISSION_TIMEOUT>1000</TCP_MAX_RETRANSMISSION_TIMEOUT>
     </ALGORITHM_SETTINGS>
     <SCP_SERVER_ENABLED>false</SCP_SERVER_ENABLED>
     <VLANS>
      <VLAN name="default" number="1" rspan="0"/>
      <VLAN name="fddi-default" number="1002" rspan="0"/>
      <VLAN name="token-ring-default" number="1003" rspan="0"/>
      <VLAN name="fddinet-default" number="1004" rspan="0"/>
      <VLAN name="trnet-default" number="1005" rspan="0"/>
     </VLANS>
     <VTP>
      <DOMAIN_NAME></DOMAIN_NAME>
      <MODE>0</MODE>
      <VERSION>1</VERSION>
      <PASSWORD></PASSWORD>
      <CONFIG_REVISION>0</CONFIG_REVISION>
      <UPDATER_IP>0.0.0.0</UPDATER_IP>
      <UPDATE_TIMESTAMP>0-0-00 00:00:00</UPDATE_TIMESTAMP>
     </VTP>
     <DHCP_SNOOPING_BINDING_DB_AGENT>
      <CONFIGURED_FILENAME></CONFIGURED_FILENAME>
      <TMP_FILENAME></TMP_FILENAME>
     </DHCP_SNOOPING_BINDING_DB_AGENT>
     <SDM>
      <ACTIVE_TEMPLATE>0</ACTIVE_TEMPLATE>
      <NEXT_TEMPLATE>0</NEXT_TEMPLATE>
     </SDM>
    </ENGINE>
    <WORKSPACE>
     <LOGICAL>
      <X>485</X>
      <Y>318</Y>
      <DEVCLUSTERID>1-1</DEVCLUSTERID>
      <CUSTOM_IMAGE_LOGICAL></CUSTOM_IMAGE_LOGICAL>
      <CUSTOM_IMAGE_PHYSICAL></CUSTOM_IMAGE_PHYSICAL>
      <MEM_ADDR>1401415381552</MEM_ADDR>
      <DEV_ADDR>1401294003096</DEV_ADDR>
     </LOGICAL>
     <PHYSICAL>{4811c13d-1e8e-4024-abbc-4820396e8e94},{21977af5-7fb8-4485-9495-7ca9ecf49bab},{5f9da8fe-f51e-4ff5-b152-025c2a6c1c3c},{0dd7b0ae-e00f-4d68-af5b-879b3cef07c3},{308f7d13-0b53-42c0-b84b-acff8ec866ba},{8a40cd36-8372-45c3-a8b1-e0a96c8d01b0}</PHYSICAL>
     <PHYSICAL_CPUR>
      <X_PN>0.12875</X_PN>
      <Y_PN>0.0885</Y_PN>
      <X>4</X>
      <Y>0</Y>
      <SLOT>0</SLOT>
      <SUBSLOT>0</SUBSLOT>
      <PARENT_PATH>{4811c13d-1e8e-4024-abbc-4820396e8e94},{21977af5-7fb8-4485-9495-7ca9ecf49bab},{5f9da8fe-f51e-4ff5-b152-025c2a6c1c3c},{0dd7b0ae-e00f-4d68-af5b-879b3cef07c3}</PARENT_PATH>
      <CONTAINER_ID>{308f7d13-0b53-42c0-b84b-acff8ec866ba}</CONTAINER_ID>
     </PHYSICAL_CPUR>
    </WORKSPACE>
   </DEVICE>
   <DEVICE>
    <ENGINE>
     <TYPE model="Power Distribution Device" customModel="">Power Distribution Device</TYPE>
     <NAME translate="true">Power Distribution Device0</NAME>
     <POWER>true</POWER>
     <DESCRIPTION></DESCRIPTION>
     <MODULE>
      <TYPE>eNonRemovableModule</TYPE>
      <MODEL/>
     </MODULE>
     <CUSTOM_VARS>AAAAAA==</CUSTOM_VARS>
     <CUSTOM_INTERFACE></CUSTOM_INTERFACE>
     <SYS_CONTACT></SYS_CONTACT>
     <SYS_LOCATION></SYS_LOCATION>
     <COORD_SETTINGS>
      <X_COORD>1269.51</X_COORD>
      <Y_COORD>1236.93</Y_COORD>
      <Z_COORD>0</Z_COORD>
     </COORD_SETTINGS>
     <SERIALNUMBER>PTT08102LQ7-</SERIALNUMBER>
     <EXT_ATTRIBUTES>MTBF:300000;cost:250;power source:1;rack units:2;wattage:5;</EXT_ATTRIBUTES>
     <USB_PORT_COUNT>0</USB_PORT_COUNT>
     <TEMPLATE_CREATION_TIME>0</TEMPLATE_CREATION_TIME>
     <STARTTIME>730936800000</STARTTIME>
     <STARTSIMTIME>17727</STARTSIMTIME>
     <USER_APPS>
      <RUNNING_APPS/>
      <DESKTOP_APPS/>
     </USER_APPS>
     <SAVE_REF_ID>save-ref-id:6656904247259958430</SAVE_REF_ID>
    </ENGINE>
    <WORKSPACE>
     <LOGICAL>
      <X>3899</X>
      <Y>3900</Y>
      <DEVCLUSTERID>1-1</DEVCLUSTERID>
      <CUSTOM_IMAGE_LOGICAL></CUSTOM_IMAGE_LOGICAL>
      <CUSTOM_IMAGE_PHYSICAL></CUSTOM_IMAGE_PHYSICAL>
      <MEM_ADDR>1401415382512</MEM_ADDR>
      <DEV_ADDR>1401282824960</DEV_ADDR>
     </LOGICAL>
     <PHYSICAL>{4811c13d-1e8e-4024-abbc-4820396e8e94},{21977af5-7fb8-4485-9495-7ca9ecf49bab},{5f9da8fe-f51e-4ff5-b152-025c2a6c1c3c},{0dd7b0ae-e00f-4d68-af5b-879b3cef07c3},{308f7d13-0b53-42c0-b84b-acff8ec866ba},{37d6f7db-1034-457f-949a-40803a1fbccb}</PHYSICAL>
     <PHYSICAL_CPUR>
      <X_PN>0.97475</X_PN>
      <Y_PN>0.975</Y_PN>
      <X>0</X>
      <Y>0</Y>
      <SLOT>0</SLOT>
      <SUBSLOT>0</SUBSLOT>
      <PARENT_PATH>{4811c13d-1e8e-4024-abbc-4820396e8e94},{21977af5-7fb8-4485-9495-7ca9ecf49bab},{5f9da8fe-f51e-4ff5-b152-025c2a6c1c3c},{0dd7b0ae-e00f-4d68-af5b-879b3cef07c3}</PARENT_PATH>
      <CONTAINER_ID>{308f7d13-0b53-42c0-b84b-acff8ec866ba}</CONTAINER_ID>
     </PHYSICAL_CPUR>
    </WORKSPACE>
   </DEVICE>
  </DEVICES>
  <LINKS>
   <LINK>
    <TYPE>eCopper</TYPE>
    <CABLE>
     <LENGTH>45.2756</LENGTH>
     <FUNCTIONAL>true</FUNCTIONAL>
     <FROM>save-ref-id:3601499262973250691</FROM>
     <PORT>FastEthernet0</PORT>
     <TO>save-ref-id:10385418376921974062</TO>
     <PORT>FastEthernet0/1</PORT>
     <FROM_DEVICE_MEM_ADDR>1401287128976</FROM_DEVICE_MEM_ADDR>
     <TO_DEVICE_MEM_ADDR>1401294003096</TO_DEVICE_MEM_ADDR>
     <FROM_PORT_MEM_ADDR>1401287537168</FROM_PORT_MEM_ADDR>
     <TO_PORT_MEM_ADDR>1401505919400</TO_PORT_MEM_ADDR>
     <GEO_VIEW_COLOR>#6ba72e</GEO_VIEW_COLOR>
     <IS_MANAGED_IN_RACK_VIEW>false</IS_MANAGED_IN_RACK_VIEW>
     <TYPE>eStraightThrough</TYPE>
    </CABLE>
   </LINK>
   <LINK>
    <TYPE>eCopper</TYPE>
    <CABLE>
     <LENGTH>35.3635</LENGTH>
     <FUNCTIONAL>true</FUNCTIONAL>
     <FROM>save-ref-id:5585291157242800884</FROM>
     <PORT>FastEthernet0</PORT>
     <TO>save-ref-id:10385418376921974062</TO>
     <PORT>FastEthernet0/2</PORT>
     <FROM_DEVICE_MEM_ADDR>1401414298768</FROM_DEVICE_MEM_ADDR>
     <TO_DEVICE_MEM_ADDR>1401294003096</TO_DEVICE_MEM_ADDR>
     <FROM_PORT_MEM_ADDR>1401415120448</FROM_PORT_MEM_ADDR>
     <TO_PORT_MEM_ADDR>1401292196072</TO_PORT_MEM_ADDR>
     <GEO_VIEW_COLOR>#6ba72e</GEO_VIEW_COLOR>
     <IS_MANAGED_IN_RACK_VIEW>false</IS_MANAGED_IN_RACK_VIEW>
     <TYPE>eStraightThrough</TYPE>
    </CABLE>
   </LINK>
   <LINK>
    <TYPE>eCopper</TYPE>
    <CABLE>
     <LENGTH>40.3148</LENGTH>
     <FUNCTIONAL>true</FUNCTIONAL>
     <FROM>save-ref-id:2881419008108514634</FROM>
     <PORT>FastEthernet0</PORT>
     <TO>save-ref-id:10385418376921974062</TO>
     <PORT>FastEthernet0/3</PORT>
     <FROM_DEVICE_MEM_ADDR>1401410954400</FROM_DEVICE_MEM_ADDR>
     <TO_DEVICE_MEM_ADDR>1401294003096</TO_DEVICE_MEM_ADDR>
     <FROM_PORT_MEM_ADDR>1401504165472</FROM_PORT_MEM_ADDR>
     <TO_PORT_MEM_ADDR>1401291987880</TO_PORT_MEM_ADDR>
     <GEO_VIEW_COLOR>#6ba72e</GEO_VIEW_COLOR>
     <IS_MANAGED_IN_RACK_VIEW>false</IS_MANAGED_IN_RACK_VIEW>
     <TYPE>eStraightThrough</TYPE>
    </CABLE>
   </LINK>
  </LINKS>
  <SHAPETESTS/>
  <DESCRIPTION translate="true"></DESCRIPTION>
 </NETWORK>
 <SCENARIOSET>
  <SCENARIO>
   <NAME translate="true">Scenario 0</NAME>
   <DESCRIPTION translate="true"/>
  </SCENARIO>
 </SCENARIOSET>
 <OPTIONS>
  <LANGUAGE>default.ptl</LANGUAGE>
  <ANIMATION>true</ANIMATION>
  <DISABLE_TEXT_TO_SPEECH>false</DISABLE_TEXT_TO_SPEECH>
  <LOGICALALIGN>false</LOGICALALIGN>
  <PHYSICALALIGN>false</PHYSICALALIGN>
  <SOUND>false</SOUND>
  <TELEPHONESOUND>true</TELEPHONESOUND>
  <DOCK>true</DOCK>
  <LOGGING>true</LOGGING>
  <PASS/>
  <CONFIGPATH>./</CONFIGPATH>
  <MODELSHOWN>true</MODELSHOWN>
  <LINKLIGHTSSHOWN>true</LINKLIGHTSSHOWN>
  <PORTSHOWN>false</PORTSHOWN>
  <BACKGROUNDS/>
  <HIDEPHYSICAL>false</HIDEPHYSICAL>
  <HIDEATTRIBUTES>false</HIDEATTRIBUTES>
  <HIDECONFIG>false</HIDECONFIG>
  <HIDECONFIGOFROUTERANDSWITCH>false</HIDECONFIGOFROUTERANDSWITCH>
  <HIDECLIOFROUTERANDSWITCH>false</HIDECLIOFROUTERANDSWITCH>
  <HIDESERVICES>false</HIDESERVICES>
  <HIDECLI>false</HIDECLI>
  <HIDEDESKTOP>false</HIDEDESKTOP>
  <HIDEGUI>false</HIDEGUI>
  <HIDEDEVICELABEL>false</HIDEDEVICELABEL>
  <BUFFER_FILTERED_EVENTS_ONLY>false</BUFFER_FILTERED_EVENTS_ONLY>
  <ACCESSIBLE>false</ACCESSIBLE>
  <COLOR>
   <IOSTEXTCOLOR iosTextColor="#000000"/>
   <IOSBACKGROUNDCOLOR iosBackgroundColor="#ffffff"/>
   <CONSOLETEXTCOLOR consoleTextColor="#ffffff"/>
   <CONSOLEBACKGROUNDCOLOR consoleBackgroundColor="#000000"/>
   <TOOLTIPBACKGROUNDCOLOR tooltipBackgroundColor="#ffffff"/>
   <TOOLTIPTEXTCOLOR tooltipTextColor="#000000"/>
  </COLOR>
  <FONT>
   <CLIFONT pointsize="8 " family="Courier New"/>
   <HEADERFONT pointsize="8 " family="Verdana"/>
   <WORKSPACEFONT pointsize="8 " family="Verdana"/>
   <ACTIVITYFONT pointsize="8 " family="Verdana"/>
   <FILEMENUFONT pointsize="8 " family="Tahoma"/>
   <TABSWITCH pointsize="8 " family="Verdana"/>
   <TOOLTIP pointsize="8 " family="Courier New"/>
   <BUTTONLABELS pointsize="8 " family="Verdana"/>
   <APPLICATION scale="1 "/>
  </FONT>
  <BUFFER_FULL_ACTION>0</BUFFER_FULL_ACTION>
  <MULTIUSER>
   <NAME></NAME>
   <ALLOWREMOTESAVING>true</ALLOWREMOTESAVING>
   <ALWAYSLISTENATSTARTUP>false</ALWAYSLISTENATSTARTUP>
   <SHOW_CONNECTED_PORT_NAMES>true</SHOW_CONNECTED_PORT_NAMES>
   <MU_PEERS>
    <PEER>localhost:38000</PEER>
   </MU_PEERS>
   <REMOTE_SAVING_DEPTH>5</REMOTE_SAVING_DEPTH>
   <MU_PASSWORD>cisco</MU_PASSWORD>
   <MU_ACCEPT_MODE>2</MU_ACCEPT_MODE>
   <MU_NEW_RNET_ACCEPT_MODE>2</MU_NEW_RNET_ACCEPT_MODE>
   <MU_ALLOW_PTMP_BROADCAST>true</MU_ALLOW_PTMP_BROADCAST>
  </MULTIUSER>
  <IPC_MANAGER>
   <METAFILE_PATH>../extensions/ptaplayer/ptaplayer.pta</METAFILE_PATH>
   <DISABLED_CEPS/>
   <TRUSTED_PUBLISHERS>
    <CERTIFICATE>-----BEGIN CERTIFICATE-----
MIIDiDCCAnACCQDoCOquTr671zANBgkqhkiG9w0BAQsFADCBhTELMAkGA1UEBhMC
VVMxEzARBgNVBAgMCkNhbGlmb3JuaWExETAPBgNVBAcMCFNhbiBKb3NlMQ4wDAYD
VQQKDAVDaXNjbzEbMBkGA1UECwwSTmV0d29ya2luZyBBY2FkZW15MSEwHwYDVQQD
DBhDaXNjbyBOZXR3b3JraW5nIEFjYWRlbXkwHhcNMTgwMzE1MDMyNTE4WhcNMjIw
OTEyMDMyNTE4WjCBhTELMAkGA1UEBhMCVVMxEzARBgNVBAgMCkNhbGlmb3JuaWEx
ETAPBgNVBAcMCFNhbiBKb3NlMQ4wDAYDVQQKDAVDaXNjbzEbMBkGA1UECwwSTmV0
d29ya2luZyBBY2FkZW15MSEwHwYDVQQDDBhDaXNjbyBOZXR3b3JraW5nIEFjYWRl
bXkwggEiMA0GCSqGSIb3DQEBAQUAA4IBDwAwggEKAoIBAQDTnICtqcrUM110gADl
t8APmNexB36P7I4gCSGoW+EDH67yJUP+Zxe5ZZOyHcHW86wOija6ohq6vl5VSQNT
ah1P4HPOqHvRolLV+GZGfZuDWBFAI5qTMirI5Pjl5HBj+MNX2WGVWArnrfvmditR
Thy+5eyU/4b8fb9t/7QOFubqIeU7K5KZhlJz+eRGOxDswCY52wGh5ixZvLfzY8OD
8q+emVZhgJMflH4w8OwJ9yuUpMoLxZXDJq9tRMxtYayTrFWwkK6YlxEI7P3v2dFL
ATusQz+J6KNEI7i7tneLnwFF6u+BQoHUdLMQTVNnYHLm7CuLo0mRMFwgBFPf/wHx
POLBAgMBAAEwDQYJKoZIhvcNAQELBQADggEBAD7QGLL4mbFt8W0CM0WRrWTF+STa
fT4KtwLC9wv/a0lha/j+xmu02ywai43mx4nPVfUyuCS1WI1lt4pQ7ieMaVhN70Qp
mmHqBAdMdhSZgwbnlIfXJW3pEBC+v1nAtuPmaE5qPgiEf3uueN+/Gtjv6umwhYOQ
AFzZsZyzTucE7aY4B/4PtlNozPhDnQkcKDp/MqoPJzUPSGp6wvkvB3Xi0lv/Xojd
uFk+Nh7KFZCOHBANFojfjtPFf6om0+71equAIKEph7G5iE0JFs4PzezMO9ed8uBi
kBHXfuoB/APSGouu9Ln/w5rlpLKuDpWR5qe1TiYi2GnWrrvLPoVdSQxrv1c=
-----END CERTIFICATE-----
</CERTIFICATE>
    <CERTIFICATE>-----BEGIN CERTIFICATE-----
MIIDiDCCAnACCQCFRR22gxR/VDANBgkqhkiG9w0BAQsFADCBhTELMAkGA1UEBhMC
VVMxEzARBgNVBAgMCkNhbGlmb3JuaWExETAPBgNVBAcMCFNhbiBKb3NlMQ4wDAYD
VQQKDAVDaXNjbzEbMBkGA1UECwwSTmV0d29ya2luZyBBY2FkZW15MSEwHwYDVQQD
DBhDaXNjbyBOZXR3b3JraW5nIEFjYWRlbXkwHhcNMTkxMDI5MDczMDEwWhcNMjUw
MTEwMDczMDEwWjCBhTELMAkGA1UEBhMCVVMxEzARBgNVBAgMCkNhbGlmb3JuaWEx
ETAPBgNVBAcMCFNhbiBKb3NlMQ4wDAYDVQQKDAVDaXNjbzEbMBkGA1UECwwSTmV0
d29ya2luZyBBY2FkZW15MSEwHwYDVQQDDBhDaXNjbyBOZXR3b3JraW5nIEFjYWRl
bXkwggEiMA0GCSqGSIb3DQEBAQUAA4IBDwAwggEKAoIBAQDTnICtqcrUM110gADl
t8APmNexB36P7I4gCSGoW+EDH67yJUP+Zxe5ZZOyHcHW86wOija6ohq6vl5VSQNT
ah1P4HPOqHvRolLV+GZGfZuDWBFAI5qTMirI5Pjl5HBj+MNX2WGVWArnrfvmditR
Thy+5eyU/4b8fb9t/7QOFubqIeU7K5KZhlJz+eRGOxDswCY52wGh5ixZvLfzY8OD
8q+emVZhgJMflH4w8OwJ9yuUpMoLxZXDJq9tRMxtYayTrFWwkK6YlxEI7P3v2dFL
ATusQz+J6KNEI7i7tneLnwFF6u+BQoHUdLMQTVNnYHLm7CuLo0mRMFwgBFPf/wHx
POLBAgMBAAEwDQYJKoZIhvcNAQELBQADggEBAIwYFtum69TYMaQnRsga7DuZBuoy
OiaSYj9PXv6UA/P6TbuFptrTISK9aPD7hjgTCcPuGCNqZd9aOzKQbS4RyslFHbEY
XrK+lm+yOGn6yiT6qqTzKKITtmMOx6v7SEfLReO31a0/7/HMtRjZyYj6+fF93+Yf
1ghEUPlaVB3dLwQjNodyrEdlTTBYYRzHa7qgrz1twqYqqehyTZfev6nv2aO5+rTR
agK1gGwzVD3C0ZlHArg8iwZkHHxqAwUsCL/o0wXZO7P7WLLLR8J8cz4MuerN/Cow
Ep7y3M6vpE5UxmskdpZbMvrT26vy81r4Vwk3JhyUpCq7nNpwc31LGSQKoNs=
-----END CERTIFICATE-----
</CERTIFICATE>
    <CERTIFICATE>-----BEGIN CERTIFICATE-----
MIIDkzCCAnsCFFBP9aYMda33WY4FEvmOihi1CK2CMA0GCSqGSIb3DQEBCwUAMIGF
MQswCQYDVQQGEwJVUzETMBEGA1UECAwKQ2FsaWZvcm5pYTERMA8GA1UEBwwIU2Fu
IEpvc2UxDjAMBgNVBAoMBUNpc2NvMRswGQYDVQQLDBJOZXR3b3JraW5nIEFjYWRl
bXkxITAfBgNVBAMMGENpc2NvIE5ldHdvcmtpbmcgQWNhZGVteTAeFw0yMDA2MjQx
NTExMTBaFw0yNTA3MzAxNTExMTBaMIGFMQswCQYDVQQGEwJVUzETMBEGA1UECAwK
Q2FsaWZvcm5pYTERMA8GA1UEBwwIU2FuIEpvc2UxDjAMBgNVBAoMBUNpc2NvMRsw
GQYDVQQLDBJOZXR3b3JraW5nIEFjYWRlbXkxITAfBgNVBAMMGENpc2NvIE5ldHdv
cmtpbmcgQWNhZGVteTCCASIwDQYJKoZIhvcNAQEBBQADggEPADCCAQoCggEBANOc
gK2pytQzXXSAAOW3wA+Y17EHfo/sjiAJIahb4QMfrvIlQ/5nF7llk7IdwdbzrA6K
NrqiGrq+XlVJA1NqHU/gc86oe9GiUtX4ZkZ9m4NYEUAjmpMyKsjk+OXkcGP4w1fZ
YZVYCuet++Z2K1FOHL7l7JT/hvx9v23/tA4W5uoh5TsrkpmGUnP55EY7EOzAJjnb
AaHmLFm8t/Njw4Pyr56ZVmGAkx+UfjDw7An3K5SkygvFlcMmr21EzG1hrJOsVbCQ
rpiXEQjs/e/Z0UsBO6xDP4noo0QjuLu2d4ufAUXq74FCgdR0sxBNU2dgcubsK4uj
SZEwXCAEU9//AfE84sECAwEAATANBgkqhkiG9w0BAQsFAAOCAQEAgF659EfFhhLc
ofsEY1lFDvYaYsIzXkj9Mt80Vea8cX5jMS8ZH0V4qKAvXeRXQbbNcFG1Twx3gHt1
NVDOJGu203r0s07a4KZ6mQIDBey0yyTXqUArMItqQX3GZZu197nIk4t+YG29SaZu
xZGRTs+vedSQJDCrah6oGsR+klfPIwIg3QJ5cQ1tvmEn37Hsf8F9+ATK+Xm5fnsy
rsHZ4VJaxuI0ZSQc/nPrYjl7hQ3pz6rD+D4JsPf7iUGJ4XrIRL8/hCjRTKUAccaA
N/wqueKRIDv2+ijvpbMEsPnqH8UQG/Jhw9wiArEdXXXtQ5aA4Yk4KbRiswqiw40Y
qhOQ6Z821w==
-----END CERTIFICATE-----
</CERTIFICATE>
    <CERTIFICATE>-----BEGIN CERTIFICATE-----
MIIDkzCCAnsCFAkH9wtUmEmN3PQ/vkz2WWzPVEmcMA0GCSqGSIb3DQEBCwUAMIGF
MQswCQYDVQQGEwJVUzETMBEGA1UECAwKQ2FsaWZvcm5pYTERMA8GA1UEBwwIU2Fu
IEpvc2UxDjAMBgNVBAoMBUNpc2NvMRswGQYDVQQLDBJOZXR3b3JraW5nIEFjYWRl
bXkxITAfBgNVBAMMGENpc2NvIE5ldHdvcmtpbmcgQWNhZGVteTAeFw0yMTAxMDUw
MTE3MjFaFw0zMTAxMjgwMTE3MjFaMIGFMQswCQYDVQQGEwJVUzETMBEGA1UECAwK
Q2FsaWZvcm5pYTERMA8GA1UEBwwIU2FuIEpvc2UxDjAMBgNVBAoMBUNpc2NvMRsw
GQYDVQQLDBJOZXR3b3JraW5nIEFjYWRlbXkxITAfBgNVBAMMGENpc2NvIE5ldHdv
cmtpbmcgQWNhZGVteTCCASIwDQYJKoZIhvcNAQEBBQADggEPADCCAQoCggEBANOc
gK2pytQzXXSAAOW3wA+Y17EHfo/sjiAJIahb4QMfrvIlQ/5nF7llk7IdwdbzrA6K
NrqiGrq+XlVJA1NqHU/gc86oe9GiUtX4ZkZ9m4NYEUAjmpMyKsjk+OXkcGP4w1fZ
YZVYCuet++Z2K1FOHL7l7JT/hvx9v23/tA4W5uoh5TsrkpmGUnP55EY7EOzAJjnb
AaHmLFm8t/Njw4Pyr56ZVmGAkx+UfjDw7An3K5SkygvFlcMmr21EzG1hrJOsVbCQ
rpiXEQjs/e/Z0UsBO6xDP4noo0QjuLu2d4ufAUXq74FCgdR0sxBNU2dgcubsK4uj
SZEwXCAEU9//AfE84sECAwEAATANBgkqhkiG9w0BAQsFAAOCAQEAz7Qz7SzUHHo7
+/ckYNG0xXeUai6L9BGDjtsi9xmGSJm1znyUEn9IBDmV6/dHqW0g07gu8oHnCpv2
6flNcWbo5/yY4Psospsu01y27p1j3I9LtuxI/TqFEmdNm3+i/paDd5ldToVOljG3
WWZiliYXV/jGnhgkVVbohIUvLlpiKs037n0nMMXy6WE2fWR4J1e9hnK277igTvmH
BT2+WzqOmU1uYzkflLGL03+zm/seHBwjRYy98PWR9xxTI/i/CVOPZ2Fy6jeyxx5K
9fGjLG04CjPB4HlVAAC2atILEKwaM+1HlZygDK1a0YUi7Xc5A93t2pU5wcA03N64
IodFTd1/Lg==
-----END CERTIFICATE-----
</CERTIFICATE>
    <CERTIFICATE>-----BEGIN CERTIFICATE-----
MIIDkzCCAnsCFGRjBR5t95YzofyVaYdD+xtRFv4hMA0GCSqGSIb3DQEBCwUAMIGF
MQswCQYDVQQGEwJVUzETMBEGA1UECAwKQ2FsaWZvcm5pYTERMA8GA1UEBwwIU2Fu
IEpvc2UxDjAMBgNVBAoMBUNpc2NvMRswGQYDVQQLDBJOZXR3b3JraW5nIEFjYWRl
bXkxITAfBgNVBAMMGENpc2NvIE5ldHdvcmtpbmcgQWNhZGVteTAeFw0yMTEwMTQw
MTMxMDFaFw0zMTA3MzAwMTMxMDFaMIGFMQswCQYDVQQGEwJVUzETMBEGA1UECAwK
Q2FsaWZvcm5pYTERMA8GA1UEBwwIU2FuIEpvc2UxDjAMBgNVBAoMBUNpc2NvMRsw
GQYDVQQLDBJOZXR3b3JraW5nIEFjYWRlbXkxITAfBgNVBAMMGENpc2NvIE5ldHdv
cmtpbmcgQWNhZGVteTCCASIwDQYJKoZIhvcNAQEBBQADggEPADCCAQoCggEBANOc
gK2pytQzXXSAAOW3wA+Y17EHfo/sjiAJIahb4QMfrvIlQ/5nF7llk7IdwdbzrA6K
NrqiGrq+XlVJA1NqHU/gc86oe9GiUtX4ZkZ9m4NYEUAjmpMyKsjk+OXkcGP4w1fZ
YZVYCuet++Z2K1FOHL7l7JT/hvx9v23/tA4W5uoh5TsrkpmGUnP55EY7EOzAJjnb
AaHmLFm8t/Njw4Pyr56ZVmGAkx+UfjDw7An3K5SkygvFlcMmr21EzG1hrJOsVbCQ
rpiXEQjs/e/Z0UsBO6xDP4noo0QjuLu2d4ufAUXq74FCgdR0sxBNU2dgcubsK4uj
SZEwXCAEU9//AfE84sECAwEAATANBgkqhkiG9w0BAQsFAAOCAQEAK1NMDTBYIRHP
ClIkpWBllXe1wPvz0OyuCAwXdY4QEL2jsHDa+nZUpsX8FaiQyrVTAHoA43EXMtlG
ftvehgI4onZM2oxKI+4bkT5qzQ9Hp1gYFHBwmJixEpXTjrsFXLVAMlgsY31SWo7q
lKB4y3QmOUfd4eN01so0HPloONt8j3U1o1w7+pFKOIqEbaF7RtF628wnrhpfOZVn
z3Ie7JdeJu/bbELiqTOFxQ5KKo1k3xlNfk1btevzWM/ovO3R+fosAJ3ybegRJDRs
V7+dHceDKdNCExdPZMIXlyRu5ZcdPsKZkPlh6/Xxu8zKfN95r2h1k31Vhdov1wDj
8SHrkoLLGQ==
-----END CERTIFICATE-----
</CERTIFICATE>
    <CERTIFICATE>-----BEGIN CERTIFICATE-----
MIIDkzCCAnsCFBkk3K1CrQMOkn91rdEkvq2dQohDMA0GCSqGSIb3DQEBCwUAMIGF
MQswCQYDVQQGEwJVUzETMBEGA1UECAwKQ2FsaWZvcm5pYTERMA8GA1UEBwwIU2Fu
IEpvc2UxDjAMBgNVBAoMBUNpc2NvMRswGQYDVQQLDBJOZXR3b3JraW5nIEFjYWRl
bXkxITAfBgNVBAMMGENpc2NvIE5ldHdvcmtpbmcgQWNhZGVteTAeFw0yMjA2Mjcy
MDU4NDFaFw0zMjA3MzEyMDU4NDFaMIGFMQswCQYDVQQGEwJVUzETMBEGA1UECAwK
Q2FsaWZvcm5pYTERMA8GA1UEBwwIU2FuIEpvc2UxDjAMBgNVBAoMBUNpc2NvMRsw
GQYDVQQLDBJOZXR3b3JraW5nIEFjYWRlbXkxITAfBgNVBAMMGENpc2NvIE5ldHdv
cmtpbmcgQWNhZGVteTCCASIwDQYJKoZIhvcNAQEBBQADggEPADCCAQoCggEBANOc
gK2pytQzXXSAAOW3wA+Y17EHfo/sjiAJIahb4QMfrvIlQ/5nF7llk7IdwdbzrA6K
NrqiGrq+XlVJA1NqHU/gc86oe9GiUtX4ZkZ9m4NYEUAjmpMyKsjk+OXkcGP4w1fZ
YZVYCuet++Z2K1FOHL7l7JT/hvx9v23/tA4W5uoh5TsrkpmGUnP55EY7EOzAJjnb
AaHmLFm8t/Njw4Pyr56ZVmGAkx+UfjDw7An3K5SkygvFlcMmr21EzG1hrJOsVbCQ
rpiXEQjs/e/Z0UsBO6xDP4noo0QjuLu2d4ufAUXq74FCgdR0sxBNU2dgcubsK4uj
SZEwXCAEU9//AfE84sECAwEAATANBgkqhkiG9w0BAQsFAAOCAQEApkn37m91rbrW
Ag6Y0xml0suyoQQLbQ3Y+8oicWW4vVlfTC/O6speuZuMJONq2F3ugEQEZGRftYE2
heo8AWzogNe35ka6o/a6V4bukBa27x+/LLNkrpxQK3h8b5V+SLSGOg/yfrFOvK1s
DQT9CADKRnL8tv/6vito/iEhzn1bdYcMkVADuGQXENFq5BJxwqWCSnRjVEmtfO/R
5wZftpEPHqT05zqVMPU8vJwmGMjRxnRyuVF5KclMcJcV4/72CbvsrcGqF6pLMOi1
/qtSNBWozUNplM0IxcV6a269H05UpgQWg2YjzgjA6GGJAKHP9CnzdzxL5Z822V0H
jXhHFivJeQ==
-----END CERTIFICATE-----
</CERTIFICATE>
   </TRUSTED_PUBLISHERS>
   <UNTRUSTED_PUBLISHERS/>
  </IPC_MANAGER>
  <IPC_ALLOWREMOTEAPPS>false</IPC_ALLOWREMOTEAPPS>
  <RECENT_FILES>
   <FILE>C:\Users\alexi\Desktop\FAF-23X\Semester 4\Domain Specified Languages Dev\pka2xml-master\test1.pkt</FILE>
   <FILE>C:\Users\alexi\Desktop\FAF-23X\Semester 4\Computer Networks\Simple Labs\lab3.pkt</FILE>
   <FILE>C:\Users\alexi\Desktop\FAF-23X\Semester 4\Computer Networks\Simple Labs\lab2.pkt</FILE>
   <FILE>C:\Users\alexi\Desktop\FAF-23X\Semester 4\Computer Networks\Packet Tracer Labs\2.5.5-packet-tracer---configure-initial-switch-settings.pka</FILE>
  </RECENT_FILES>
  <PORTNOTSHOWNONMOUSEOVER>false</PORTNOTSHOWNONMOUSEOVER>
  <INTERFACE_LOCK>false,false,false,false,false,false,false,false</INTERFACE_LOCK>
  <ALGORITHM_SETTINGS>
   <USE_GLOBAL>false</USE_GLOBAL>
   <CBAC_HALF_OPEN_SESSION_MULTIPLIER>1</CBAC_HALF_OPEN_SESSION_MULTIPLIER>
   <TCP_MAX_CONNECTING_SESSIONS>100</TCP_MAX_CONNECTING_SESSIONS>
   <TCP_MAX_OPENED_SESSIONS>1000</TCP_MAX_OPENED_SESSIONS>
   <INTERFACE_QUEUE_SIZE>10</INTERFACE_QUEUE_SIZE>
   <STORM_CONTROL_MULTIPLIER>10</STORM_CONTROL_MULTIPLIER>
   <TCP_MAX_RETRANSMISSION_TIMEOUT>1000</TCP_MAX_RETRANSMISSION_TIMEOUT>
  </ALGORITHM_SETTINGS>
  <HIDEQOSSTAMP>false</HIDEQOSSTAMP>
  <IPCLISTENSTARTUP>true</IPCLISTENSTARTUP>
  <ENABLE_CABLE_LENGTH_EFFECTS>false</ENABLE_CABLE_LENGTH_EFFECTS>
  <DISABLE_AUTO_CABLE>false</DISABLE_AUTO_CABLE>
  <USE_METRIC>true</USE_METRIC>
  <SHOW_DEV_TASKBAR>false</SHOW_DEV_TASKBAR>
  <ENABLE_EXTERNAL_NETWORK_ACCESS>false</ENABLE_EXTERNAL_NETWORK_ACCESS>
  <ENABLE_NETCON_REST_API_EXTERNAL_ACCESS>false</ENABLE_NETCON_REST_API_EXTERNAL_ACCESS>
  <SHOW_WIRELESS_GRID>false</SHOW_WIRELESS_GRID>
  <FILL_WIRELESS_GRID>true</FILL_WIRELESS_GRID>
  <HIDE_WIRELESS_COVERAGE_RANGE>false</HIDE_WIRELESS_COVERAGE_RANGE>
  <SHOW_BOTTOM_TOOLBAR>true</SHOW_BOTTOM_TOOLBAR>
  <SHOW_RIGHT_TOOLBAR>true</SHOW_RIGHT_TOOLBAR>
  <SHOW_MAIN_TOOLBAR>true</SHOW_MAIN_TOOLBAR>
  <SHOW_DEV_MODEL_LABEL>false</SHOW_DEV_MODEL_LABEL>
  <SCRIPT_MODULE_MANAGER>
   <SCRIPT_MODULES>
    <SCRIPT_MODULE>
     <FILE_PATH>../extensions/ActivitySequencer/ActivitySequencer.pts</FILE_PATH>
     <SCRIPT_MODULE_DATA>
      <SCRIPT_DATA_STORES/>
      <EXTERNAL_NETWORK_ACCESS_ALLOW_STATE>0</EXTERNAL_NETWORK_ACCESS_ALLOW_STATE>
      <EXTERNAL_SERVER_OPERATION_ALLOW_STATES/>
     </SCRIPT_MODULE_DATA>
    </SCRIPT_MODULE>
    <SCRIPT_MODULE>
     <FILE_PATH>../extensions/ClearTerminalAgent/Clear Terminal Agent.pts</FILE_PATH>
     <SCRIPT_MODULE_DATA>
      <SCRIPT_DATA_STORES/>
      <EXTERNAL_NETWORK_ACCESS_ALLOW_STATE>0</EXTERNAL_NETWORK_ACCESS_ALLOW_STATE>
      <EXTERNAL_SERVER_OPERATION_ALLOW_STATES/>
     </SCRIPT_MODULE_DATA>
    </SCRIPT_MODULE>
    <SCRIPT_MODULE>
     <FILE_PATH>../extensions/Marvel/Marvel.pts</FILE_PATH>
     <SCRIPT_MODULE_DATA>
      <SCRIPT_DATA_STORES/>
      <EXTERNAL_NETWORK_ACCESS_ALLOW_STATE>0</EXTERNAL_NETWORK_ACCESS_ALLOW_STATE>
      <EXTERNAL_SERVER_OPERATION_ALLOW_STATES/>
     </SCRIPT_MODULE_DATA>
    </SCRIPT_MODULE>
    <SCRIPT_MODULE>
     <FILE_PATH>../extensions/PTINTERNAL/PTINTERNAL.pts</FILE_PATH>
     <SCRIPT_MODULE_DATA>
      <SCRIPT_DATA_STORES/>
      <EXTERNAL_NETWORK_ACCESS_ALLOW_STATE>0</EXTERNAL_NETWORK_ACCESS_ALLOW_STATE>
      <EXTERNAL_SERVER_OPERATION_ALLOW_STATES/>
     </SCRIPT_MODULE_DATA>
    </SCRIPT_MODULE>
    <SCRIPT_MODULE>
     <FILE_PATH>../extensions/PcSoftware/PcSoftware.pts</FILE_PATH>
     <SCRIPT_MODULE_DATA>
      <SCRIPT_DATA_STORES>
       <DATA_STORE>
        <ID>software.json</ID>
        <CONTENT><![CDATA[W3sibmFtZSI6Ik9QRVJBVElORyBTWVNURU0iLCJwYWdlIjoiIn0seyJuYW1lIjoiV0lSRUxFU1NfQklMTElORyIsInBhZ2UiOiIifSx7Im5hbWUiOiJNRURJQ0FMIiwicGFnZSI6IiJ9LHsibmFtZSI6IkJVU0lORVNTIiwicGFnZSI6IiJ9LHsibmFtZSI6Ik1BTkFHRU1FTlQiLCJwYWdlIjoiIn0seyJuYW1lIjoiR0FNRSIsInBhZ2UiOiIifSx7Im5hbWUiOiJFRFVDQVRJT05BTCIsInBhZ2UiOiIifSx7Im5hbWUiOiJORVRXT1JLIiwicGFnZSI6IiJ9LHsibmFtZSI6IlNZU1RFTSIsInBhZ2UiOiIifSx7Im5hbWUiOiJXaW5kIGFuZCBXYXRlciBTZW5zb3IiLCJwYWdlIjoiZmlsZS1zbTp3aW5kQW5kV2F0ZXJTZW5zb3IuaHRtIn0seyJuYW1lIjoiTGlnaHQiLCJwYWdlIjoiZmlsZS1zbTpsaWdodC5odG0ifSx7Im5hbWUiOiJTcHJpbmtsZXIiLCJwYWdlIjoiZmlsZS1zbTpzcHJpbmtsZXIuaHRtIn0seyJuYW1lIjoiU21va2UgRGV0ZWN0b3IiLCJwYWdlIjoiZmlsZS1zbTpzbW9rZURldGVjdG9yLmh0bSJ9XQ==]]></CONTENT>
       </DATA_STORE>
      </SCRIPT_DATA_STORES>
      <EXTERNAL_NETWORK_ACCESS_ALLOW_STATE>0</EXTERNAL_NETWORK_ACCESS_ALLOW_STATE>
      <EXTERNAL_SERVER_OPERATION_ALLOW_STATES/>
     </SCRIPT_MODULE_DATA>
    </SCRIPT_MODULE>
    <SCRIPT_MODULE>
     <FILE_PATH>../extensions/resource/resource.pts</FILE_PATH>
     <SCRIPT_MODULE_DATA>
      <SCRIPT_DATA_STORES>
       <DATA_STORE>
        <ID>devices.json</ID>
        <CONTENT><![CDATA[ewoJIlJvdXRlcnMiOiB7CgkJIklTUjQzMzEiOiB7CgkJCSJhdHRyaWJ1dGVzIjogewoJCQkJImNvc3QiOiAiMzAwMC4wMCIsCgkJCQkid2F0dGFnZSI6ICI1MzAuMCIsCgkJCQkicmFjayB1bml0cyI6ICIxIiwKCQkJCSJNVEJGIjogIjU4NzI1MCAiLAoJCQkJInBvd2VyIHNvdXJjZSI6ICIwIgoJCQl9CgkJfSwKCQkiSVNSNDMyMSI6IHsKCQkJImF0dHJpYnV0ZXMiOiB7CgkJCQkiY29zdCI6ICIzMDAwLjAwIiwKCQkJCSJ3YXR0YWdlIjogIjI2MC4wIiwKCQkJCSJyYWNrIHVuaXRzIjogIjEiLAoJCQkJIk1UQkYiOiAiNTg3MjUwIiwKCQkJCSJwb3dlciBzb3VyY2UiOiAiMCIKCQkJfQoJCX0sCgoJCSI4MjkiOiB7CgkJCSJhdHRyaWJ1dGVzIjogewoJCQkJImNvc3QiOiAiMzAwMC4wMCIsCgkJCQkid2F0dGFnZSI6ICI3MC4wIiwKCQkJCSJyYWNrIHVuaXRzIjogIjEiLAoJCQkJIk1UQkYiOiAiMzAwMDAwIiwKCQkJCSJwb3dlciBzb3VyY2UiOiAiMCIKCQkJfQoJCX0sCgkJIjEyNDAiOiB7CgkJCSJhdHRyaWJ1dGVzIjogewoJCQkJImNvc3QiOiAiMzgwMC4wMCIsCgkJCQkid2F0dGFnZSI6ICI3NS4wIiwKCQkJCSJyYWNrIHVuaXRzIjogIjUiLAoJCQkJIk1UQkYiOiAiMzAwMDAwIiwKCQkJCSJwb3dlciBzb3VyY2UiOiAiMCIKCQkJfQoJCX0sCgkJIjE4NDEiOiB7CgkJCSJhdHRyaWJ1dGVzIjogewoJCQkJImNvc3QiOiAiNTAwIiwKCQkJCSJ3YXR0YWdlIjogIjM1LjAiLAoJCQkJInJhY2sgdW5pdHMiOiAiMSIsCgkJCQkiTVRCRiI6ICIzMDAwMDAiLAoJCQkJInBvd2VyIHNvdXJjZSI6ICIwIgoJCQl9CgkJfSwKCQkiMTk0MSI6IHsKCQkJImF0dHJpYnV0ZXMiOiB7CgkJCQkiY29zdCI6ICI2NTAuMDAiLAoJCQkJIndhdHRhZ2UiOiAiMzUuMCIsCgkJCQkicmFjayB1bml0cyI6ICIyIiwKCQkJCSJNVEJGIjogIjMwMDAwMCIsCgkJCQkicG93ZXIgc291cmNlIjogIjAiCgkJCX0KCQl9LAoJCSIyODExIjogewoJCQkiYXR0cmlidXRlcyI6IHsKCQkJCSJjb3N0IjogIjEwMDAuMDAiLAoJCQkJIndhdHRhZ2UiOiAiNDAuMCIsCgkJCQkicmFjayB1bml0cyI6ICIxIiwKCQkJCSJNVEJGIjogIjQwMDAwMCIsCgkJCQkicG93ZXIgc291cmNlIjogIjAiCgkJCX0KCQl9LAoJCSIyOTAxIjogewoJCQkiYXR0cmlidXRlcyI6IHsKCQkJCSJjb3N0IjogIjczMC4wMCIsCgkJCQkid2F0dGFnZSI6ICI0MC4wIiwKCQkJCSJyYWNrIHVuaXRzIjogIjIiLAoJCQkJIk1UQkYiOiAiMzAwMDAwIiwKCQkJCSJwb3dlciBzb3VyY2UiOiAiMCIKCQkJfQoJCX0sCgkJIjI5MTEiOiB7CgkJCSJhdHRyaWJ1dGVzIjogewoJCQkJImNvc3QiOiAiODUwLjAwIiwKCQkJCSJ3YXR0YWdlIjogIjUwLjAiLAoJCQkJInJhY2sgdW5pdHMiOiAiMiIsCgkJCQkiTVRCRiI6ICI0MDAwMDAiLAoJCQkJInBvd2VyIHNvdXJjZSI6ICIwIgoJCQl9CgkJfSwKCQkiNDMyMSI6IHsKCQkJImF0dHJpYnV0ZXMiOiB7CgkJCQkiY29zdCI6ICIyMDAwLjAwIiwKCQkJCSJ3YXR0YWdlIjogIjQwLjAiLAoJCQkJInJhY2sgdW5pdHMiOiAiMSIsCgkJCQkiTVRCRiI6ICIzMDAwMDAiLAoJCQkJInBvd2VyIHNvdXJjZSI6ICIwIgoJCQl9CgkJfSwKCQkiMjYyMFhNIjogewoJCQkiYXR0cmlidXRlcyI6IHsKCQkJCSJjb3N0IjogIjEwMC4wMCIsCgkJCQkid2F0dGFnZSI6ICI3MC4wIiwKCQkJCSJyYWNrIHVuaXRzIjogIjEiLAoJCQkJIk1UQkYiOiAiMzAwMDAwIiwKCQkJCSJwb3dlciBzb3VyY2UiOiAiMCIKCQkJfQoJCX0sCgkJIjI2MjFYTSI6IHsKCQkJImF0dHJpYnV0ZXMiOiB7CgkJCQkiY29zdCI6ICIxNTAuMDAiLAoJCQkJIndhdHRhZ2UiOiAiNzAuMCIsCgkJCQkicmFjayB1bml0cyI6ICIxIiwKCQkJCSJNVEJGIjogIjMwMDAwMCIsCgkJCQkicG93ZXIgc291cmNlIjogIjAiCgkJCX0KCQl9LAoJCSI4MTlIRy00Ry1JT1giOiB7CgkJCSJhdHRyaWJ1dGVzIjogewoJCQkJImNvc3QiOiAiMTUwMC4wMCIsCgkJCQkid2F0dGFnZSI6ICIyMC4wIiwKCQkJCSJyYWNrIHVuaXRzIjogIjEiLAoJCQkJIk1UQkYiOiAiMzAwMDAwIiwKCQkJCSJwb3dlciBzb3VyY2UiOiAiMCIKCQkJfQoJCX0sCgkJIjgxOUhHVyI6IHsKCQkJImF0dHJpYnV0ZXMiOiB7CgkJCQkiY29zdCI6ICIyMDAwLjAwIiwKCQkJCSJ3YXR0YWdlIjogIjIwLjAiLAoJCQkJInJhY2sgdW5pdHMiOiAiMSIsCgkJCQkiTVRCRiI6ICIzMDAwMDAiLAoJCQkJInBvd2VyIHNvdXJjZSI6ICIwIgoJCQl9CgkJfSwKCQkiUm91dGVyLVBUIjogewoJCQkiYXR0cmlidXRlcyI6IHsKCQkJCSJjb3N0IjogIjE1MC4wMCIsCgkJCQkid2F0dGFnZSI6ICIzNS4wIiwKCQkJCSJyYWNrIHVuaXRzIjogIjIiLAoJCQkJIk1UQkYiOiAiMzAwMDAwIiwKCQkJCSJwb3dlciBzb3VyY2UiOiAiMCIKCQkJfQoJCX0sCgkJIlJvdXRlci1QVC1FbXB0eSI6IHsKCQkJImF0dHJpYnV0ZXMiOiB7CgkJCQkiY29zdCI6ICIxNTAuMDAiLAoJCQkJIndhdHRhZ2UiOiAiMzUuMCIsCgkJCQkicmFjayB1bml0cyI6ICIyIiwKCQkJCSJNVEJGIjogIjMwMDAwMCIsCgkJCQkicG93ZXIgc291cmNlIjogIjAiCgkJCX0KCQl9Cgl9LAoJIlN3aXRjaGVzIjogewoJCSIyOTYwLTI0VFQiOiB7CgkJCSJhdHRyaWJ1dGVzIjogewoJCQkJImNvc3QiOiAiMTUwMC4wMCIsCgkJCQkid2F0dGFnZSI6ICI0MC4wIiwKCQkJCSJyYWNrIHVuaXRzIjogIjEiLAoJCQkJIk1UQkYiOiAiMzAwMDAwIiwKCQkJCSJwb3dlciBzb3VyY2UiOiAiMCIKCQkJfQoJCX0sCgkJIjI5NTAtMjQiOiB7CgkJCSJhdHRyaWJ1dGVzIjogewoJCQkJImNvc3QiOiAiMzUwLjAwIiwKCQkJCSJ3YXR0YWdlIjogIjUwLjAiLAoJCQkJInJhY2sgdW5pdHMiOiAiMSIsCgkJCQkiTVRCRiI6ICIzMDAwMDAiLAoJCQkJInBvd2VyIHNvdXJjZSI6ICIwIgoJCQl9CgkJfSwKCQkiMjk1MFQtMjQiOiB7CgkJCSJhdHRyaWJ1dGVzIjogewoJCQkJImNvc3QiOiAiNTUwLjAwIiwKCQkJCSJ3YXR0YWdlIjogIjUwLjAiLAoJCQkJInJhY2sgdW5pdHMiOiAiMSIsCgkJCQkiTVRCRiI6ICIzMDAwMDAiLAoJCQkJInBvd2VyIHNvdXJjZSI6ICIwIgoJCQl9CgkJfSwKCQkiSUUtMjAwMCI6IHsKCQkJImF0dHJpYnV0ZXMiOiB7CgkJCQkiY29zdCI6ICIzNzAwLjAwIiwKCQkJCSJ3YXR0YWdlIjogIjIwLjAiLAoJCQkJInJhY2sgdW5pdHMiOiAiNCIsCgkJCQkiTVRCRiI6ICIzNzQwNTIiLAoJCQkJInBvd2VyIHNvdXJjZSI6ICIwIgoJCQl9CgkJfSwKCQkiU3dpdGNoLVBUIjogewoJCQkiYXR0cmlidXRlcyI6IHsKCQkJCSJjb3N0IjogIjM1MC4wMCIsCgkJCQkid2F0dGFnZSI6ICI1MC4wIiwKCQkJCSJyYWNrIHVuaXRzIjogIjEiLAoJCQkJIk1UQkYiOiAiMzAwMDAwIiwKCQkJCSJwb3dlciBzb3VyY2UiOiAiMCIKCQkJfQoJCX0sCgkJIlN3aXRjaC1QVC1FbXB0eSI6IHsKCQkJImF0dHJpYnV0ZXMiOiB7CgkJCQkiY29zdCI6ICIzNTAuMDAiLAoJCQkJIndhdHRhZ2UiOiAiNTAuMCIsCgkJCQkicmFjayB1bml0cyI6ICIxIiwKCQkJCSJNVEJGIjogIjMwMDAwMCIsCgkJCQkicG93ZXIgc291cmNlIjogIjAiCgkJCX0KCQl9LAoJCSIzNTYwLTI0UFMiOiB7CgkJCSJhdHRyaWJ1dGVzIjogewoJCQkJImNvc3QiOiAiMTUwMC4wMCIsCgkJCQkid2F0dGFnZSI6ICI1MC4wIiwKCQkJCSJyYWNrIHVuaXRzIjogIjEiLAoJCQkJIk1UQkYiOiAiMzAwMDAwIiwKCQkJCSJwb3dlciBzb3VyY2UiOiAiMCIKCQkJfQoJCX0sCgkJIjM2NTAtMjRQUyI6IHsKCQkJImF0dHJpYnV0ZXMiOiB7CgkJCQkiY29zdCI6ICI1MDAwLjAwIiwKCQkJCSJ3YXR0YWdlIjogIjUwLjAiLAoJCQkJInJhY2sgdW5pdHMiOiAiMSIsCgkJCQkiTVRCRiI6ICIzMDAwMDAiLAoJCQkJInBvd2VyIHNvdXJjZSI6ICIwIgoJCQl9CgkJfSwKCQkiQnJpZGdlLVBUIjogewoJCQkiYXR0cmlidXRlcyI6IHsKCQkJCSJjb3N0IjogIjI1LjAwIiwKCQkJCSJ3YXR0YWdlIjogIjE1LjAiLAoJCQkJInJhY2sgdW5pdHMiOiAiMiIsCgkJCQkiTVRCRiI6ICIzMDAwMDAiLAoJCQkJInBvd2VyIHNvdXJjZSI6ICIwIgoJCQl9CgkJfQoJfSwKCSJIdWJzIjogewoJCSJIdWItUFQiOiB7CgkJCSJhdHRyaWJ1dGVzIjogewoJCQkJImNvc3QiOiAiMjAuMDAiLAoJCQkJIndhdHRhZ2UiOiAiMjAuMCIsCgkJCQkicmFjayB1bml0cyI6ICIyIiwKCQkJCSJNVEJGIjogIjMwMDAwMCIsCgkJCQkicG93ZXIgc291cmNlIjogIjAiCgkJCX0KCQl9LAoJCSJSZXBlYXRlci1QVCI6IHsKCQkJImF0dHJpYnV0ZXMiOiB7CgkJCQkiY29zdCI6ICIyMC4wMCIsCgkJCQkid2F0dGFnZSI6ICIyMC4wIiwKCQkJCSJyYWNrIHVuaXRzIjogIjIiLAoJCQkJIk1UQkYiOiAiMzAwMDAwIiwKCQkJCSJwb3dlciBzb3VyY2UiOiAiMCIKCQkJfQoJCX0sCgkJIkNvQXhpYWxTcGxpdHRlci1QVCI6IHsKCQkJImF0dHJpYnV0ZXMiOiB7CgkJCQkiY29zdCI6ICIxLjAwIiwKCQkJCSJ3YXR0YWdlIjogIjAuMCIsCgkJCQkicmFjayB1bml0cyI6ICIxIiwKCQkJCSJNVEJGIjogIjMwMDAwMCIsCgkJCQkicG93ZXIgc291cmNlIjogIjAiCgkJCX0KCQl9Cgl9LAoJIldpcmVsZXNzIERldmljZXMiOiB7CgkJIkFjY2Vzc1BvaW50LVBUIjogewoJCQkiYXR0cmlidXRlcyI6IHsKCQkJCSJjb3N0IjogIjIwLjAwIiwKCQkJCSJ3YXR0YWdlIjogIjIwLjAiLAoJCQkJInJhY2sgdW5pdHMiOiAiMiIsCgkJCQkiTVRCRiI6ICIzMDAwMDAiLAoJCQkJInBvd2VyIHNvdXJjZSI6ICIwIgoJCQl9CgkJfSwKCQkiQWNjZXNzUG9pbnQtUFQtQSI6IHsKCQkJImF0dHJpYnV0ZXMiOiB7CgkJCQkiY29zdCI6ICIyMC4wMCIsCgkJCQkid2F0dGFnZSI6ICIyMC4wIiwKCQkJCSJyYWNrIHVuaXRzIjogIjIiLAoJCQkJIk1UQkYiOiAiMzAwMDAwIiwKCQkJCSJwb3dlciBzb3VyY2UiOiAiMCIKCQkJfQoJCX0sCgkJIkFjY2Vzc1BvaW50LVBULUFDIjogewoJCQkiYXR0cmlidXRlcyI6IHsKCQkJCSJjb3N0IjogIjUwLjAwIiwKCQkJCSJ3YXR0YWdlIjogIjIwLjAiLAoJCQkJInJhY2sgdW5pdHMiOiAiMiIsCgkJCQkiTVRCRiI6ICIzMDAwMDAiLAoJCQkJInBvd2VyIHNvdXJjZSI6ICIwIgoJCQl9CgkJfSwKCQkiQWNjZXNzUG9pbnQtUFQtTiI6IHsKCQkJImF0dHJpYnV0ZXMiOiB7CgkJCQkiY29zdCI6ICIyMC4wMCIsCgkJCQkid2F0dGFnZSI6ICIyMC4wIiwKCQkJCSJyYWNrIHVuaXRzIjogIjIiLAoJCQkJIk1UQkYiOiAiMzAwMDAwIiwKCQkJCSJwb3dlciBzb3VyY2UiOiAiMCIKCQkJfQoJCX0sCgkJIldSVDMwME4iOiB7CgkJCSJhdHRyaWJ1dGVzIjogewoJCQkJImNvc3QiOiAiMjAuMDAiLAoJCQkJIndhdHRhZ2UiOiAiMzUuMCIsCgkJCQkicmFjayB1bml0cyI6ICIyIiwKCQkJCSJNVEJGIjogIjMwMDAwMCIsCgkJCQkicG93ZXIgc291cmNlIjogIjAiCgkJCX0KCQl9LAoJCSJETEMxMDAiOiB7CgkJCSJhdHRyaWJ1dGVzIjogewoJCQkJImNvc3QiOiAiMTAwLjAwIiwKCQkJCSJ3YXR0YWdlIjogIjIwLjAiLAoJCQkJInJhY2sgdW5pdHMiOiAiMSIsCgkJCQkiTVRCRiI6ICIzMDAwMDAiLAoJCQkJInBvd2VyIHNvdXJjZSI6ICIwIgoJCQl9CgkJfSwKCQkiQ2VsbC1Ub3dlciI6IHsKCQkJImF0dHJpYnV0ZXMiOiB7CgkJCQkiY29zdCI6ICIyMDAwMDAuMDAiLAoJCQkJIndhdHRhZ2UiOiAiMTAwMC4wIiwKCQkJCSJyYWNrIHVuaXRzIjogIjEwMDAiLAoJCQkJIk1UQkYiOiAiMzAwMDAwIiwKCQkJCSJwb3dlciBzb3VyY2UiOiAiMCIKCQkJfQoJCX0sCgkJIkNlbnRyYWwtT2ZmaWNlLVNlcnZlciI6IHsKCQkJImF0dHJpYnV0ZXMiOiB7CgkJCQkiY29zdCI6ICIxMDAwMC4wMCIsCgkJCQkid2F0dGFnZSI6ICI1MDAuMCIsCgkJCQkicmFjayB1bml0cyI6ICIxIiwKCQkJCSJNVEJGIjogIjMwMDAwMCIsCgkJCQkicG93ZXIgc291cmNlIjogIjAiCgkJCX0KCQl9LAoJCSJXTEMtMjUwNCI6IHsKCQkJImF0dHJpYnV0ZXMiOiB7CgkJCQkiY29zdCI6ICIxMzAwLjAwIiwKCQkJCSJ3YXR0YWdlIjogIjIwLjAiLAoJCQkJInJhY2sgdW5pdHMiOiAiMSIsCgkJCQkiTVRCRiI6ICIzMDAwMDAiLAoJCQkJInBvd2VyIHNvdXJjZSI6ICIwIgoJCQl9CgkJfSwKCQkiV0xDLVBUIjogewoJCQkiYXR0cmlidXRlcyI6IHsKCQkJCSJjb3N0IjogIjEwMDAuMDAiLAoJCQkJIndhdHRhZ2UiOiAiMjAuMCIsCgkJCQkicmFjayB1bml0cyI6ICIxIiwKCQkJCSJNVEJGIjogIjMwMDAwMCIsCgkJCQkicG93ZXIgc291cmNlIjogIjAiCgkJCX0KCQl9LAoJCSIzNzAyaSI6IHsKCQkJImF0dHJpYnV0ZXMiOiB7CgkJCQkiY29zdCI6ICIxNTAwLjAwIiwKCQkJCSJ3YXR0YWdlIjogIjE1LjAiLAoJCQkJInJhY2sgdW5pdHMiOiAiMSIsCgkJCQkiTVRCRiI6ICIzMDAwMDAiLAoJCQkJInBvd2VyIHNvdXJjZSI6ICIwIgoJCQl9CgkJfSwKCQkiTEFQLVBUIjogewoJCQkiYXR0cmlidXRlcyI6IHsKCQkJCSJjb3N0IjogIjUwMC4wMCIsCgkJCQkid2F0dGFnZSI6ICIxNS4wIiwKCQkJCSJyYWNrIHVuaXRzIjogIjEiLAoJCQkJIk1UQkYiOiAiMzAwMDAwIiwKCQkJCSJwb3dlciBzb3VyY2UiOiAiMCIKCQkJfQoJCX0sCgkJIkhvbWVSb3V0ZXItUFQtQUMiOiB7CgkJCSJhdHRyaWJ1dGVzIjogewoJCQkJImNvc3QiOiAiMTAwLjAwIiwKCQkJCSJ3YXR0YWdlIjogIjUwLjAiLAoJCQkJInJhY2sgdW5pdHMiOiAiMiIsCgkJCQkiTVRCRiI6ICIyNjAwMCIsCgkJCQkicG93ZXIgc291cmNlIjogIjAiCgkJCX0KCQl9LAoJCSJNZXJha2ktTVg2NVciOiB7CgkJCSJhdHRyaWJ1dGVzIjogewoJCQkJImNvc3QiOiAiMTAwMC4wMCIsCgkJCQkid2F0dGFnZSI6ICI3NS4wIiwKCQkJCSJyYWNrIHVuaXRzIjogIjIiLAoJCQkJIk1UQkYiOiAiMTMxNDAwIiwKCQkJCSJwb3dlciBzb3VyY2UiOiAiMCIKCQkJfQoJCX0KCX0sCgkiSW9FIERldmljZXMiOiB7CgkJIk1DVS1QVCI6IHsKCQkJImF0dHJpYnV0ZXMiOiB7CgkJCQkiY29zdCI6ICIyMCIsCgkJCQkid2F0dGFnZSI6ICI0LjAiLAoJCQkJInJhY2sgdW5pdHMiOiAiMSIsCgkJCQkiTVRCRiI6ICIzMDAiLAoJCQkJInBvd2VyIHNvdXJjZSI6ICIwIgoJCQl9CgkJfSwKCQkiU0JDLVBUIjogewoJCQkiYXR0cmlidXRlcyI6IHsKCQkJCSJjb3N0IjogIjQwIiwKCQkJCSJ3YXR0YWdlIjogIjUuMCIsCgkJCQkicmFjayB1bml0cyI6ICIxIiwKCQkJCSJNVEJGIjogIjIwMCIsCgkJCQkicG93ZXIgc291cmNlIjogIjAiCgkJCX0KCQl9LAoJCSJUaGluZyI6IHsKCQkJImF0dHJpYnV0ZXMiOiB7CgkJCQkiY29zdCI6ICI0MCIsCgkJCQkid2F0dGFnZSI6ICI1LjAiLAoJCQkJInJhY2sgdW5pdHMiOiAiMSIsCgkJCQkiTVRCRiI6ICI1MDAiLAoJCQkJInBvd2VyIHNvdXJjZSI6ICIwIgoJCQl9CgkJfSwKCQkiQUMiOiB7CgkJCSJhdHRyaWJ1dGVzIjogewoJCQkJImNvc3QiOiAiMjAwIiwKCQkJCSJ3YXR0YWdlIjogIjEwMDAuMCIsCgkJCQkicmFjayB1bml0cyI6ICIzIiwKCQkJCSJNVEJGIjogIjI2MjgwIiwKCQkJCSJwb3dlciBzb3VyY2UiOiAiMCIKCQkJfQoJCX0sCgkJIkFwcGxpYW5jZSI6IHsKCQkJImF0dHJpYnV0ZXMiOiB7CgkJCQkiY29zdCI6ICI3NSIsCgkJCQkid2F0dGFnZSI6ICI1MDAuMCIsCgkJCQkicmFjayB1bml0cyI6ICIzIiwKCQkJCSJNVEJGIjogIjI2MjgwIiwKCQkJCSJwb3dlciBzb3VyY2UiOiAiMCIKCQkJfQoJCX0sCgkJIkJhdHRlcnkiOiB7CgkJCSJhdHRyaWJ1dGVzIjogewoJCQkJImNvc3QiOiAiMzUiLAoJCQkJIndhdHRhZ2UiOiAiNS4wIiwKCQkJCSJyYWNrIHVuaXRzIjogIjEiLAoJCQkJIk1UQkYiOiAiNDM4MDAiLAoJCQkJInBvd2VyIHNvdXJjZSI6ICIwIgoJCQl9CgkJfSwKCQkiQmx1ZXRvb3RoIFNwZWFrZXIiOiB7CgkJCSJhdHRyaWJ1dGVzIjogewoJCQkJImNvc3QiOiAiMzUiLAoJCQkJIndhdHRhZ2UiOiAiNS4wIiwKCQkJCSJyYWNrIHVuaXRzIjogIjEiLAoJCQkJIk1UQkYiOiAiNDM4MDAiLAoJCQkJInBvd2VyIHNvdXJjZSI6ICIwIgoJCQl9CgkJfSwKCQkiQ2FyYm9uIERpb3hpZGUgRGV0ZWN0b3IiOiB7CgkJCSJhdHRyaWJ1dGVzIjogewoJCQkJImNvc3QiOiAiMjUiLAoJCQkJIndhdHRhZ2UiOiAiNS4wIiwKCQkJCSJyYWNrIHVuaXRzIjogIjEiLAoJCQkJIk1UQkYiOiAiNDM4MDAiLAoJCQkJInBvd2VyIHNvdXJjZSI6ICIwIgoJCQl9CgkJfSwKCQkiQ2FyYm9uIE1vbm94aWRlIERldGVjdG9yIjogewoJCQkiYXR0cmlidXRlcyI6IHsKCQkJCSJjb3N0IjogIjI1IiwKCQkJCSJ3YXR0YWdlIjogIjUuMCIsCgkJCQkicmFjayB1bml0cyI6ICIxIiwKCQkJCSJNVEJGIjogIjQzODAwIiwKCQkJCSJwb3dlciBzb3VyY2UiOiAiMCIKCQkJfQoJCX0sCgkJIkZhbiI6IHsKCQkJImF0dHJpYnV0ZXMiOiB7CgkJCQkiY29zdCI6ICIxMDAiLAoJCQkJIndhdHRhZ2UiOiAiNS4wIiwKCQkJCSJyYWNrIHVuaXRzIjogIjMiLAoJCQkJIk1UQkYiOiAiODc2MDAiLAoJCQkJInBvd2VyIHNvdXJjZSI6ICIwIgoJCQl9CgkJfSwKCQkiRG9vciI6IHsKCQkJImF0dHJpYnV0ZXMiOiB7CgkJCQkiY29zdCI6ICIxNTAiLAoJCQkJIndhdHRhZ2UiOiAiNS4wIiwKCQkJCSJyYWNrIHVuaXRzIjogIjUiLAoJCQkJIk1UQkYiOiAiMjYyODAwIiwKCQkJCSJwb3dlciBzb3VyY2UiOiAiMCIKCQkJfQoJCX0sCgkJIkZ1cm5hY2UiOiB7CgkJCSJhdHRyaWJ1dGVzIjogewoJCQkJImNvc3QiOiAiNTAwIiwKCQkJCSJ3YXR0YWdlIjogIjUuMCIsCgkJCQkicmFjayB1bml0cyI6ICI1IiwKCQkJCSJNVEJGIjogIjI2MjgwMCIsCgkJCQkicG93ZXIgc291cmNlIjogIjAiCgkJCX0KCQl9LAoJCSJHYXJhZ2UgRG9vciI6IHsKCQkJImF0dHJpYnV0ZXMiOiB7CgkJCQkiY29zdCI6ICIyMDAiLAoJCQkJIndhdHRhZ2UiOiAiNS4wIiwKCQkJCSJyYWNrIHVuaXRzIjogIjEwIiwKCQkJCSJNVEJGIjogIjg3NjAwIiwKCQkJCSJwb3dlciBzb3VyY2UiOiAiMCIKCQkJfQoJCX0sCgkJIkhvbWUgU3BlYWtlciI6IHsKCQkJImF0dHJpYnV0ZXMiOiB7CgkJCQkiY29zdCI6ICI0MCIsCgkJCQkid2F0dGFnZSI6ICI1LjAiLAoJCQkJInJhY2sgdW5pdHMiOiAiMyIsCgkJCQkiTVRCRiI6ICIyNjI4MCIsCgkJCQkicG93ZXIgc291cmNlIjogIjAiCgkJCX0KCQl9LAoJCSJIdW1pZGlmaWVyIjogewoJCQkiYXR0cmlidXRlcyI6IHsKCQkJCSJjb3N0IjogIjQwIiwKCQkJCSJ3YXR0YWdlIjogIjUuMCIsCgkJCQkicmFjayB1bml0cyI6ICIzIiwKCQkJCSJNVEJGIjogIjI2MjgwIiwKCQkJCSJwb3dlciBzb3VyY2UiOiAiMCIKCQkJfQoJCX0sCgkJIkh1bWlkaXR5IE1vbml0b3IiOiB7CgkJCSJhdHRyaWJ1dGVzIjogewoJCQkJImNvc3QiOiAiNDAiLAoJCQkJIndhdHRhZ2UiOiAiNS4wIiwKCQkJCSJyYWNrIHVuaXRzIjogIjEiLAoJCQkJIk1UQkYiOiAiMjYyODAiLAoJCQkJInBvd2VyIHNvdXJjZSI6ICIwIgoJCQl9CgkJfSwKCQkiSHVtaXR1cmUgTW9uaXRvciI6IHsKCQkJImF0dHJpYnV0ZXMiOiB7CgkJCQkiY29zdCI6ICI0MCIsCgkJCQkid2F0dGFnZSI6ICI1LjAiLAoJCQkJInJhY2sgdW5pdHMiOiAiMSIsCgkJCQkiTVRCRiI6ICIyNjI4MCIsCgkJCQkicG93ZXIgc291cmNlIjogIjAiCgkJCX0KCQl9LAoJCSJMYXduIFNwcmlua2xlciI6IHsKCQkJImF0dHJpYnV0ZXMiOiB7CgkJCQkiY29zdCI6ICI0MCIsCgkJCQkid2F0dGFnZSI6ICI1LjAiLAoJCQkJInJhY2sgdW5pdHMiOiAiMiIsCgkJCQkiTVRCRiI6ICI0MzgwMCIsCgkJCQkicG93ZXIgc291cmNlIjogIjAiCgkJCX0KCQl9LAoJCSJMaWdodCI6IHsKCQkJImF0dHJpYnV0ZXMiOiB7CgkJCQkiY29zdCI6ICI0MCIsCgkJCQkid2F0dGFnZSI6ICI1LjAiLAoJCQkJInJhY2sgdW5pdHMiOiAiMyIsCgkJCQkiTVRCRiI6ICI0MzgwMCIsCgkJCQkicG93ZXIgc291cmNlIjogIjAiCgkJCX0KCQl9LAoJCSJNb3Rpb24gRGV0ZWN0b3IiOiB7CgkJCSJhdHRyaWJ1dGVzIjogewoJCQkJImNvc3QiOiAiNDAiLAoJCQkJIndhdHRhZ2UiOiAiNS4wIiwKCQkJCSJyYWNrIHVuaXRzIjogIjEiLAoJCQkJIk1UQkYiOiAiMjYyODAiLAoJCQkJInBvd2VyIHNvdXJjZSI6ICIwIgoJCQl9CgkJfSwKCQkiUG9ydGFibGUgTXVzaWMgUGxheWVyIjogewoJCQkiYXR0cmlidXRlcyI6IHsKCQkJCSJjb3N0IjogIjQwIiwKCQkJCSJ3YXR0YWdlIjogIjUuMCIsCgkJCQkicmFjayB1bml0cyI6ICIxIiwKCQkJCSJNVEJGIjogIjI2MjgwIiwKCQkJCSJwb3dlciBzb3VyY2UiOiAiMCIKCQkJfQoJCX0sCgkJIlBvd2VyIE1ldGVyIjogewoJCQkiYXR0cmlidXRlcyI6IHsKCQkJCSJjb3N0IjogIjQwIiwKCQkJCSJ3YXR0YWdlIjogIjUuMCIsCgkJCQkicmFjayB1bml0cyI6ICIxIiwKCQkJCSJNVEJGIjogIjI2MjgwIiwKCQkJCSJwb3dlciBzb3VyY2UiOiAiMCIKCQkJfQoJCX0sCgkJIlNpcmVuIjogewoJCQkiYXR0cmlidXRlcyI6IHsKCQkJCSJjb3N0IjogIjQwIiwKCQkJCSJ3YXR0YWdlIjogIjUuMCIsCgkJCQkicmFjayB1bml0cyI6ICIxIiwKCQkJCSJNVEJGIjogIjI2MjgwIiwKCQkJCSJwb3dlciBzb3VyY2UiOiAiMCIKCQkJfQoJCX0sCgkJIlNtb2tlIERldGVjdG9yIjogewoJCQkiYXR0cmlidXRlcyI6IHsKCQkJCSJjb3N0IjogIjQwIiwKCQkJCSJ3YXR0YWdlIjogIjUuMCIsCgkJCQkicmFjayB1bml0cyI6ICIyIiwKCQkJCSJNVEJGIjogIjQzODAwIiwKCQkJCSJwb3dlciBzb3VyY2UiOiAiMCIKCQkJfQoJCX0sCgkJIlNvbGFyIFBhbmVsIjogewoJCQkiYXR0cmlidXRlcyI6IHsKCQkJCSJjb3N0IjogIjEwMCIsCgkJCQkid2F0dGFnZSI6ICI1LjAiLAoJCQkJInJhY2sgdW5pdHMiOiAiNSIsCgkJCQkiTVRCRiI6ICI0MzgwMCIsCgkJCQkicG93ZXIgc291cmNlIjogIjAiCgkJCX0KCQl9LAoJCSJTb3VuZCBGcmVxdWVuY3kgRGV0ZWN0b3IiOiB7CgkJCSJhdHRyaWJ1dGVzIjogewoJCQkJImNvc3QiOiAiNDAiLAoJCQkJIndhdHRhZ2UiOiAiNS4wIiwKCQkJCSJyYWNrIHVuaXRzIjogIjEiLAoJCQkJIk1UQkYiOiAiNDM4MDAiLAoJCQkJInBvd2VyIHNvdXJjZSI6ICIwIgoJCQl9CgkJfSwKCQkiVGVtcGVyYXR1cmUgTW9uaXRvciI6IHsKCQkJImF0dHJpYnV0ZXMiOiB7CgkJCQkiY29zdCI6ICI0MCIsCgkJCQkid2F0dGFnZSI6ICI1LjAiLAoJCQkJInJhY2sgdW5pdHMiOiAiMSIsCgkJCQkiTVRCRiI6ICI0MzgwMCIsCgkJCQkicG93ZXIgc291cmNlIjogIjAiCgkJCX0KCQl9LAoJCSJUaGVybW9zdGF0IjogewoJCQkiYXR0cmlidXRlcyI6IHsKCQkJCSJjb3N0IjogIjQwIiwKCQkJCSJ3YXR0YWdlIjogIjUuMCIsCgkJCQkicmFjayB1bml0cyI6ICIxIiwKCQkJCSJNVEJGIjogIjQzODAwIiwKCQkJCSJwb3dlciBzb3VyY2UiOiAiMCIKCQkJfQoJCX0sCgkJIldhdGVyIERyYWluIjogewoJCQkiYXR0cmlidXRlcyI6IHsKCQkJCSJjb3N0IjogIjQwIiwKCQkJCSJ3YXR0YWdlIjogIjUuMCIsCgkJCQkicmFjayB1bml0cyI6ICIxIiwKCQkJCSJNVEJGIjogIjI2MjgwIiwKCQkJCSJwb3dlciBzb3VyY2UiOiAiMCIKCQkJfQoJCX0sCgkJIldhdGVyIExldmVsIE1vbml0b3IiOiB7CgkJCSJhdHRyaWJ1dGVzIjogewoJCQkJImNvc3QiOiAiNDAiLAoJCQkJIndhdHRhZ2UiOiAiNS4wIiwKCQkJCSJyYWNrIHVuaXRzIjogIjEiLAoJCQkJIk1UQkYiOiAiMjYyODAiLAoJCQkJInBvd2VyIHNvdXJjZSI6ICIwIgoJCQl9CgkJfSwKCQkiV2ViY2FtIjogewoJCQkiYXR0cmlidXRlcyI6IHsKCQkJCSJjb3N0IjogIjIwIiwKCQkJCSJ3YXR0YWdlIjogIjUuMCIsCgkJCQkicmFjayB1bml0cyI6ICIxIiwKCQkJCSJNVEJGIjogIjI2MjgwIiwKCQkJCSJwb3dlciBzb3VyY2UiOiAiMCIKCQkJfQoJCX0sCgkJIldpbmQgRGV0ZWN0b3IiOiB7CgkJCSJhdHRyaWJ1dGVzIjogewoJCQkJImNvc3QiOiAiNDAiLAoJCQkJIndhdHRhZ2UiOiAiNS4wIiwKCQkJCSJyYWNrIHVuaXRzIjogIjEiLAoJCQkJIk1UQkYiOiAiMjYyODAiLAoJCQkJInBvd2VyIHNvdXJjZSI6ICIwIgoJCQl9CgkJfSwKCQkiV2luZG93IjogewoJCQkiYXR0cmlidXRlcyI6IHsKCQkJCSJjb3N0IjogIjEwMCIsCgkJCQkid2F0dGFnZSI6ICI1LjAiLAoJCQkJInJhY2sgdW5pdHMiOiAiMTAiLAoJCQkJIk1UQkYiOiAiODc2MDAiLAoJCQkJInBvd2VyIHNvdXJjZSI6ICIwIgoJCQl9CgkJfSwKCQkiQXRtIFByZXNzdXJlIE1vbml0b3IiOiB7CgkJCSJhdHRyaWJ1dGVzIjogewoJCQkJImNvc3QiOiAiNDAiLAoJCQkJIndhdHRhZ2UiOiAiNS4wIiwKCQkJCSJyYWNrIHVuaXRzIjogIjEiLAoJCQkJIk1UQkYiOiAiMTc1MjAiLAoJCQkJInBvd2VyIHNvdXJjZSI6ICIwIgoJCQl9CgkJfSwKCQkiQmVhY29uIjogewoJCQkiYXR0cmlidXRlcyI6IHsKCQkJCSJjb3N0IjogIjUwIiwKCQkJCSJ3YXR0YWdlIjogIjUuMCIsCgkJCQkicmFjayB1bml0cyI6ICIxIiwKCQkJCSJNVEJGIjogIjI2MjgwIiwKCQkJCSJwb3dlciBzb3VyY2UiOiAiMCIKCQkJfQoJCX0sCgkJIk9sZCBDYXIiOiB7CgkJCSJhdHRyaWJ1dGVzIjogewoJCQkJImNvc3QiOiAiMjUwMCIsCgkJCQkid2F0dGFnZSI6ICI1LjAiLAoJCQkJInJhY2sgdW5pdHMiOiAiMSIsCgkJCQkiTVRCRiI6ICI4NzYwIiwKCQkJCSJwb3dlciBzb3VyY2UiOiAiMCIKCQkJfQoJCX0sCgkJIlJGSUQgQ2FyZCI6IHsKCQkJImF0dHJpYnV0ZXMiOiB7CgkJCQkiY29zdCI6ICI1IiwKCQkJCSJ3YXR0YWdlIjogIjUuMCIsCgkJCQkicmFjayB1bml0cyI6ICIxIiwKCQkJCSJNVEJGIjogIjI2MjgwIiwKCQkJCSJwb3dlciBzb3VyY2UiOiAiMCIKCQkJfQoJCX0sCgkJIlJGSUQgUmVhZGVyIjogewoJCQkiYXR0cmlidXRlcyI6IHsKCQkJCSJjb3N0IjogIjIwIiwKCQkJCSJ3YXR0YWdlIjogIjUuMCIsCgkJCQkicmFjayB1bml0cyI6ICIxIiwKCQkJCSJNVEJGIjogIjQzODAwIiwKCQkJCSJwb3dlciBzb3VyY2UiOiAiMCIKCQkJfQoJCX0sCgkJIlNtYXJ0IExFRCI6IHsKCQkJImF0dHJpYnV0ZXMiOiB7CgkJCQkiY29zdCI6ICI0MC4wIiwKCQkJCSJ3YXR0YWdlIjogIjUuMCIsCgkJCQkicmFjayB1bml0cyI6ICIxIiwKCQkJCSJNVEJGIjogIjQzODAwIiwKCQkJCSJwb3dlciBzb3VyY2UiOiAiMCIKCQkJfQoJCX0sCgkJIlN0cmVldCBMYW1wIjogewoJCQkiYXR0cmlidXRlcyI6IHsKCQkJCSJjb3N0IjogIjEwMDAiLAoJCQkJIndhdHRhZ2UiOiAiNS4wIiwKCQkJCSJyYWNrIHVuaXRzIjogIjIwIiwKCQkJCSJNVEJGIjogIjQzODAwIiwKCQkJCSJwb3dlciBzb3VyY2UiOiAiMCIKCQkJfQoJCX0sCgkJIkZpcmUgTW9uaXRvciI6IHsKCQkJImF0dHJpYnV0ZXMiOiB7CgkJCQkiY29zdCI6ICI0MCIsCgkJCQkid2F0dGFnZSI6ICI1LjAiLAoJCQkJInJhY2sgdW5pdHMiOiAiMSIsCgkJCQkiTVRCRiI6ICI0MzgwMCIsCgkJCQkicG93ZXIgc291cmNlIjogIjAiCgkJCX0KCQl9LAoJCSJGaXJlIFNwcmlua2xlciI6IHsKCQkJImF0dHJpYnV0ZXMiOiB7CgkJCQkiY29zdCI6ICI0MCIsCgkJCQkid2F0dGFnZSI6ICI1LjAiLAoJCQkJInJhY2sgdW5pdHMiOiAiMSIsCgkJCQkiTVRCRiI6ICI0MzgwMCIsCgkJCQkicG93ZXIgc291cmNlIjogIjAiCgkJCX0KCQl9LAoJCSJTaWduYWwgR2VuZXJhdG9yIjogewoJCQkiYXR0cmlidXRlcyI6IHsKCQkJCSJjb3N0IjogIjQwIiwKCQkJCSJ3YXR0YWdlIjogIjUuMCIsCgkJCQkicmFjayB1bml0cyI6ICIyIiwKCQkJCSJNVEJGIjogIjI2MjgwIiwKCQkJCSJwb3dlciBzb3VyY2UiOiAiMCIKCQkJfQoJCX0sCgkJIlRyaXAgU2Vuc29yIjogewoJCQkiYXR0cmlidXRlcyI6IHsKCQkJCSJjb3N0IjogIjIwIiwKCQkJCSJ3YXR0YWdlIjogIjUuMCIsCgkJCQkicmFjayB1bml0cyI6ICIxIiwKCQkJCSJNVEJGIjogIjI2MjgwIiwKCQkJCSJwb3dlciBzb3VyY2UiOiAiMCIKCQkJfQoJCX0sCgkJIldpbmQgVHVyYmluZSI6IHsKCQkJImF0dHJpYnV0ZXMiOiB7CgkJCQkiY29zdCI6ICIxMDAwIiwKCQkJCSJ3YXR0YWdlIjogIjUuMCIsCgkJCQkicmFjayB1bml0cyI6ICIxMDAiLAoJCQkJIk1UQkYiOiAiNDM4MDAiLAoJCQkJInBvd2VyIHNvdXJjZSI6ICIwIgoJCQl9CgkJfSwKCQkiQmxvd2VyIjogewoJCQkiYXR0cmlidXRlcyI6IHsKCQkJCSJjb3N0IjogIjEwMCIsCgkJCQkid2F0dGFnZSI6ICI1LjAiLAoJCQkJInJhY2sgdW5pdHMiOiAiNSIsCgkJCQkiTVRCRiI6ICIyNjI4MCIsCgkJCQkicG93ZXIgc291cmNlIjogIjAiCgkJCX0KCQl9LAoJCSJBaXIgQ29vbGVyIjogewoJCQkiYXR0cmlidXRlcyI6IHsKCQkJCSJjb3N0IjogIjIwMCIsCgkJCQkid2F0dGFnZSI6ICIxLjAiLAoJCQkJInJhY2sgdW5pdHMiOiAiMSIsCgkJCQkiTVRCRiI6ICIxNzUyMCIsCgkJCQkicG93ZXIgc291cmNlIjogIjAiCgkJCX0KCQl9LAoJCSJBbGFybSI6IHsKCQkJImF0dHJpYnV0ZXMiOiB7CgkJCQkiY29zdCI6ICI1IiwKCQkJCSJ3YXR0YWdlIjogIjEuMCIsCgkJCQkicmFjayB1bml0cyI6ICIxIiwKCQkJCSJNVEJGIjogIjE3NTIwIiwKCQkJCSJwb3dlciBzb3VyY2UiOiAiMCIKCQkJfQoJCX0sCgkJIkNlaWxpbmcgU3ByaW5rbGVyIjogewoJCQkiYXR0cmlidXRlcyI6IHsKCQkJCSJjb3N0IjogIjUiLAoJCQkJIndhdHRhZ2UiOiAiMS4wIiwKCQkJCSJyYWNrIHVuaXRzIjogIjEiLAoJCQkJIk1UQkYiOiAiMTc1MjAiLAoJCQkJInBvd2VyIHNvdXJjZSI6ICIwIgoJCQl9CgkJfSwKCQkiRGltbWFibGUgTEVEIjogewoJCQkiYXR0cmlidXRlcyI6IHsKCQkJCSJjb3N0IjogIjUiLAoJCQkJIndhdHRhZ2UiOiAiMS4wIiwKCQkJCSJyYWNrIHVuaXRzIjogIjEiLAoJCQkJIk1UQkYiOiAiMTc1MjAiLAoJCQkJInBvd2VyIHNvdXJjZSI6ICIwIgoJCQl9CgkJfSwKCQkiRmxvb3IgU3ByaW5rbGVyIjogewoJCQkiYXR0cmlidXRlcyI6IHsKCQkJCSJjb3N0IjogIjUiLAoJCQkJIndhdHRhZ2UiOiAiMS4wIiwKCQkJCSJyYWNrIHVuaXRzIjogIjEiLAoJCQkJIk1UQkYiOiAiMTc1MjAiLAoJCQkJInBvd2VyIHNvdXJjZSI6ICIwIgoJCQl9CgkJfSwKCQkiSGVhdGluZyBFbGVtZW50IjogewoJCQkiYXR0cmlidXRlcyI6IHsKCQkJCSJjb3N0IjogIjUiLAoJCQkJIndhdHRhZ2UiOiAiMS4wIiwKCQkJCSJyYWNrIHVuaXRzIjogIjEiLAoJCQkJIk1UQkYiOiAiMTc1MjAiLAoJCQkJInBvd2VyIHNvdXJjZSI6ICIwIgoJCQl9CgkJfSwKCQkiTENEIjogewoJCQkiYXR0cmlidXRlcyI6IHsKCQkJCSJjb3N0IjogIjUiLAoJCQkJIndhdHRhZ2UiOiAiMS4wIiwKCQkJCSJyYWNrIHVuaXRzIjogIjEiLAoJCQkJIk1UQkYiOiAiMTc1MjAiLAoJCQkJInBvd2VyIHNvdXJjZSI6ICIwIgoJCQl9CgkJfSwKCQkiTEVEIjogewoJCQkiYXR0cmlidXRlcyI6IHsKCQkJCSJjb3N0IjogIjUiLAoJCQkJIndhdHRhZ2UiOiAiMS4wIiwKCQkJCSJyYWNrIHVuaXRzIjogIjEiLAoJCQkJIk1UQkYiOiAiMTc1MjAiLAoJCQkJInBvd2VyIHNvdXJjZSI6ICIwIgoJCQl9CgkJfSwKCQkiTW90b3IiOiB7CgkJCSJhdHRyaWJ1dGVzIjogewoJCQkJImNvc3QiOiAiNSIsCgkJCQkid2F0dGFnZSI6ICIxLjAiLAoJCQkJInJhY2sgdW5pdHMiOiAiMSIsCgkJCQkiTVRCRiI6ICIxNzUyMCIsCgkJCQkicG93ZXIgc291cmNlIjogIjAiCgkJCX0KCQl9LAoJCSJQaWV6byBTcGVha2VyIjogewoJCQkiYXR0cmlidXRlcyI6IHsKCQkJCSJjb3N0IjogIjUiLAoJCQkJIndhdHRhZ2UiOiAiMS4wIiwKCQkJCSJyYWNrIHVuaXRzIjogIjEiLAoJCQkJIk1UQkYiOiAiMTc1MjAiLAoJCQkJInBvd2VyIHNvdXJjZSI6ICIwIgoJCQl9CgkJfSwKCQkiUkdCIExFRCI6IHsKCQkJImF0dHJpYnV0ZXMiOiB7CgkJCQkiY29zdCI6ICI1IiwKCQkJCSJ3YXR0YWdlIjogIjEuMCIsCgkJCQkicmFjayB1bml0cyI6ICIxIiwKCQkJCSJNVEJGIjogIjE3NTIwIiwKCQkJCSJwb3dlciBzb3VyY2UiOiAiMCIKCQkJfQoJCX0sCgkJIlNlcnZvIjogewoJCQkiYXR0cmlidXRlcyI6IHsKCQkJCSJjb3N0IjogIjUiLAoJCQkJIndhdHRhZ2UiOiAiMS4wIiwKCQkJCSJyYWNrIHVuaXRzIjogIjEiLAoJCQkJIk1UQkYiOiAiMTc1MjAiLAoJCQkJInBvd2VyIHNvdXJjZSI6ICIwIgoJCQl9CgkJfSwKCQkiRmxleCBTZW5zb3IiOiB7CgkJCSJhdHRyaWJ1dGVzIjogewoJCQkJImNvc3QiOiAiNSIsCgkJCQkid2F0dGFnZSI6ICIxIiwKCQkJCSJyYWNrIHVuaXRzIjogIjEiLAoJCQkJIk1UQkYiOiAiMjYyODAiLAoJCQkJInBvd2VyIHNvdXJjZSI6ICIwIgoJCQl9CgkJfSwKCQkiR2VuZXJpYyBFbnZpcm9ubWVudCBTZW5zb3IiOiB7CgkJCSJhdHRyaWJ1dGVzIjogewoJCQkJImNvc3QiOiAiNSIsCgkJCQkid2F0dGFnZSI6ICIxIiwKCQkJCSJyYWNrIHVuaXRzIjogIjEiLAoJCQkJIk1UQkYiOiAiMjYyODAiLAoJCQkJInBvd2VyIHNvdXJjZSI6ICIwIgoJCQl9CgkJfSwKCQkiR2VuZXJpYyBTZW5zb3IiOiB7CgkJCSJhdHRyaWJ1dGVzIjogewoJCQkJImNvc3QiOiAiNSIsCgkJCQkid2F0dGFnZSI6ICIxIiwKCQkJCSJyYWNrIHVuaXRzIjogIjEiLAoJCQkJIk1UQkYiOiAiMjYyODAiLAoJCQkJInBvd2VyIHNvdXJjZSI6ICIwIgoJCQl9CgkJfSwKCQkiSHVtaWRpdHkgU2Vuc29yIjogewoJCQkiYXR0cmlidXRlcyI6IHsKCQkJCSJjb3N0IjogIjUiLAoJCQkJIndhdHRhZ2UiOiAiMSIsCgkJCQkicmFjayB1bml0cyI6ICIxIiwKCQkJCSJNVEJGIjogIjI2MjgwIiwKCQkJCSJwb3dlciBzb3VyY2UiOiAiMCIKCQkJfQoJCX0sCgkJIkh1bWl0dXJlIFNlbnNvciI6IHsKCQkJImF0dHJpYnV0ZXMiOiB7CgkJCQkiY29zdCI6ICI1IiwKCQkJCSJ3YXR0YWdlIjogIjEiLAoJCQkJInJhY2sgdW5pdHMiOiAiMSIsCgkJCQkiTVRCRiI6ICIyNjI4MCIsCgkJCQkicG93ZXIgc291cmNlIjogIjAiCgkJCX0KCQl9LAoJCSJNZW1icmFuZSBQb3RlbnRpb21ldGVyIjogewoJCQkiYXR0cmlidXRlcyI6IHsKCQkJCSJjb3N0IjogIjUiLAoJCQkJIndhdHRhZ2UiOiAiMSIsCgkJCQkicmFjayB1bml0cyI6ICIxIiwKCQkJCSJNVEJGIjogIjI2MjgwIiwKCQkJCSJwb3dlciBzb3VyY2UiOiAiMCIKCQkJfQoJCX0sCgkJIk1ldGFsIFNlbnNvciI6IHsKCQkJImF0dHJpYnV0ZXMiOiB7CgkJCQkiY29zdCI6ICI1IiwKCQkJCSJ3YXR0YWdlIjogIjEiLAoJCQkJInJhY2sgdW5pdHMiOiAiMSIsCgkJCQkiTVRCRiI6ICI0MzgwMCIsCgkJCQkicG93ZXIgc291cmNlIjogIjAiCgkJCX0KCQl9LAoJCSJNb3Rpb24gU2Vuc29yIjogewoJCQkiYXR0cmlidXRlcyI6IHsKCQkJCSJjb3N0IjogIjUiLAoJCQkJIndhdHRhZ2UiOiAiMSIsCgkJCQkicmFjayB1bml0cyI6ICIxIiwKCQkJCSJNVEJGIjogIjE3NTIwIiwKCQkJCSJwb3dlciBzb3VyY2UiOiAiMCIKCQkJfQoJCX0sCgkJIlBob3RvIFNlbnNvciI6IHsKCQkJImF0dHJpYnV0ZXMiOiB7CgkJCQkiY29zdCI6ICI1IiwKCQkJCSJ3YXR0YWdlIjogIjEiLAoJCQkJInJhY2sgdW5pdHMiOiAiMSIsCgkJCQkiTVRCRiI6ICIyNjI4MCIsCgkJCQkicG93ZXIgc291cmNlIjogIjAiCgkJCX0KCQl9LAoJCSJQb3RlbnRpb21ldGVyIjogewoJCQkiYXR0cmlidXRlcyI6IHsKCQkJCSJjb3N0IjogIjUiLAoJCQkJIndhdHRhZ2UiOiAiMSIsCgkJCQkicmFjayB1bml0cyI6ICIxIiwKCQkJCSJNVEJGIjogIjI2MjgwIiwKCQkJCSJwb3dlciBzb3VyY2UiOiAiMCIKCQkJfQoJCX0sCgkJIlB1c2ggQnV0dG9uIFRvZ2dsZSBTd2l0Y2giOiB7CgkJCSJhdHRyaWJ1dGVzIjogewoJCQkJImNvc3QiOiAiNSIsCgkJCQkid2F0dGFnZSI6ICIxIiwKCQkJCSJyYWNrIHVuaXRzIjogIjEiLAoJCQkJIk1UQkYiOiAiMTc1MjAiLAoJCQkJInBvd2VyIHNvdXJjZSI6ICIwIgoJCQl9CgkJfSwKCQkiUHVzaCBCdXR0b24iOiB7CgkJCSJhdHRyaWJ1dGVzIjogewoJCQkJImNvc3QiOiAiNSIsCgkJCQkid2F0dGFnZSI6ICIxIiwKCQkJCSJyYWNrIHVuaXRzIjogIjEiLAoJCQkJIk1UQkYiOiAiMTc1MjAiLAoJCQkJInBvd2VyIHNvdXJjZSI6ICIwIgoJCQl9CgkJfSwKCQkiUm9ja2VyIFN3aXRjaCI6IHsKCQkJImF0dHJpYnV0ZXMiOiB7CgkJCQkiY29zdCI6ICI1IiwKCQkJCSJ3YXR0YWdlIjogIjEiLAoJCQkJInJhY2sgdW5pdHMiOiAiMSIsCgkJCQkiTVRCRiI6ICIxNzUyMCIsCgkJCQkicG93ZXIgc291cmNlIjogIjAiCgkJCX0KCQl9LAoJCSJTbW9rZSBTZW5zb3IiOiB7CgkJCSJhdHRyaWJ1dGVzIjogewoJCQkJImNvc3QiOiAiNSIsCgkJCQkid2F0dGFnZSI6ICIxIiwKCQkJCSJyYWNrIHVuaXRzIjogIjEiLAoJCQkJIk1UQkYiOiAiMjYyODAiLAoJCQkJInBvd2VyIHNvdXJjZSI6ICIwIgoJCQl9CgkJfSwKCQkiU291bmQgU2Vuc29yIjogewoJCQkiYXR0cmlidXRlcyI6IHsKCQkJCSJjb3N0IjogIjUiLAoJCQkJIndhdHRhZ2UiOiAiMSIsCgkJCQkicmFjayB1bml0cyI6ICIxIiwKCQkJCSJNVEJGIjogIjI2MjgwIiwKCQkJCSJwb3dlciBzb3VyY2UiOiAiMCIKCQkJfQoJCX0sCgkJIlRlbXBlcmF0dXJlIFNlbnNvciI6IHsKCQkJImF0dHJpYnV0ZXMiOiB7CgkJCQkiY29zdCI6ICI1IiwKCQkJCSJ3YXR0YWdlIjogIjEiLAoJCQkJInJhY2sgdW5pdHMiOiAiMSIsCgkJCQkiTVRCRiI6ICIyNjI4MCIsCgkJCQkicG93ZXIgc291cmNlIjogIjAiCgkJCX0KCQl9LAoJCSJUb2dnbGUgUHVzaCBCdXR0b24iOiB7CgkJCSJhdHRyaWJ1dGVzIjogewoJCQkJImNvc3QiOiAiNSIsCgkJCQkid2F0dGFnZSI6ICIxIiwKCQkJCSJyYWNrIHVuaXRzIjogIjEiLAoJCQkJIk1UQkYiOiAiMjYyODAiLAoJCQkJInBvd2VyIHNvdXJjZSI6ICIwIgoJCQl9CgkJfSwKCQkiVHJpcCBXaXJlIjogewoJCQkiYXR0cmlidXRlcyI6IHsKCQkJCSJjb3N0IjogIjUiLAoJCQkJIndhdHRhZ2UiOiAiMSIsCgkJCQkicmFjayB1bml0cyI6ICIxIiwKCQkJCSJNVEJGIjogIjI2MjgwIiwKCQkJCSJwb3dlciBzb3VyY2UiOiAiMCIKCQkJfQoJCX0sCgkJIldhdGVyIERldGVjdG9yIjogewoJCQkiYXR0cmlidXRlcyI6IHsKCQkJCSJjb3N0IjogIjUiLAoJCQkJIndhdHRhZ2UiOiAiMSIsCgkJCQkicmFjayB1bml0cyI6ICIxIiwKCQkJCSJNVEJGIjogIjI2MjgwIiwKCQkJCSJwb3dlciBzb3VyY2UiOiAiMCIKCQkJfQoJCX0sCgkJIldhdGVyIFNlbnNvciI6IHsKCQkJImF0dHJpYnV0ZXMiOiB7CgkJCQkiY29zdCI6ICI1IiwKCQkJCSJ3YXR0YWdlIjogIjEiLAoJCQkJInJhY2sgdW5pdHMiOiAiMSIsCgkJCQkiTVRCRiI6ICI0MzgwMCIsCgkJCQkicG93ZXIgc291cmNlIjogIjAiCgkJCX0KCQl9LAoJCSJXaW5kIFNlbnNvciI6IHsKCQkJImF0dHJpYnV0ZXMiOiB7CgkJCQkiY29zdCI6ICI1IiwKCQkJCSJ3YXR0YWdlIjogIjEiLAoJCQkJInJhY2sgdW5pdHMiOiAiMSIsCgkJCQkiTVRCRiI6ICI0MzgwMCIsCgkJCQkicG93ZXIgc291cmNlIjogIjAiCgkJCX0KCQl9Cgl9LAoJIkVuZCBEZXZpY2VzIjogewoJCSI3OTYwIjogewoJCQkiYXR0cmlidXRlcyI6IHsKCQkJCSJjb3N0IjogIjc1LjAwIiwKCQkJCSJ3YXR0YWdlIjogIjEwLjAiLAoJCQkJInJhY2sgdW5pdHMiOiAiMyIsCgkJCQkiTVRCRiI6ICI0MzgwMCIsCgkJCQkicG93ZXIgc291cmNlIjogIjAiCgkJCX0KCQl9LAoJCSJQQy1QVCI6IHsKCQkJImF0dHJpYnV0ZXMiOiB7CgkJCQkiY29zdCI6ICIxMDAwLjAwIiwKCQkJCSJ3YXR0YWdlIjogIjE1MC4wIiwKCQkJCSJyYWNrIHVuaXRzIjogIjMiLAoJCQkJIk1UQkYiOiAiNDM4MDAiLAoJCQkJInBvd2VyIHNvdXJjZSI6ICIwIgoJCQl9CgkJfSwKCQkiTGFwdG9wLVBUIjogewoJCQkiYXR0cmlidXRlcyI6IHsKCQkJCSJjb3N0IjogIjEwMDAuMDAiLAoJCQkJIndhdHRhZ2UiOiAiNjAuMCIsCgkJCQkicmFjayB1bml0cyI6ICIyIiwKCQkJCSJNVEJGIjogIjI2MjgwIiwKCQkJCSJwb3dlciBzb3VyY2UiOiAiMCIKCQkJfQoJCX0sCgkJIlNlcnZlci1QVCI6IHsKCQkJImF0dHJpYnV0ZXMiOiB7CgkJCQkiY29zdCI6ICIyMDAwLjAwIiwKCQkJCSJ3YXR0YWdlIjogIjIwMC4wIiwKCQkJCSJyYWNrIHVuaXRzIjogIjMiLAoJCQkJIk1UQkYiOiAiNjEzMjAiLAoJCQkJInBvd2VyIHNvdXJjZSI6ICIwIgoJCQl9CgkJfSwKCQkiUHJpbnRlci1QVCI6IHsKCQkJImF0dHJpYnV0ZXMiOiB7CgkJCQkiY29zdCI6ICIxNTAwLjAwIiwKCQkJCSJ3YXR0YWdlIjogIjMwLjAiLAoJCQkJInJhY2sgdW5pdHMiOiAiMyIsCgkJCQkiTVRCRiI6ICIxNzUyMCIsCgkJCQkicG93ZXIgc291cmNlIjogIjAiCgkJCX0KCQl9LAoJCSJIb21lLVZvSVAtUFQiOiB7CgkJCSJhdHRyaWJ1dGVzIjogewoJCQkJImNvc3QiOiAiMjAuMDAiLAoJCQkJIndhdHRhZ2UiOiAiNS4wIiwKCQkJCSJyYWNrIHVuaXRzIjogIjMiLAoJCQkJIk1UQkYiOiAiNDM4MDAiLAoJCQkJInBvd2VyIHNvdXJjZSI6ICIwIgoJCQl9CgkJfSwKCQkiQW5hbG9nLVBob25lLVBUIjogewoJCQkiYXR0cmlidXRlcyI6IHsKCQkJCSJjb3N0IjogIjIwLjAwIiwKCQkJCSJ3YXR0YWdlIjogIjUwLjAiLAoJCQkJInJhY2sgdW5pdHMiOiAiMyIsCgkJCQkiTVRCRiI6ICI4NzYwMCIsCgkJCQkicG93ZXIgc291cmNlIjogIjAiCgkJCX0KCQl9LAoJCSJUVi1QVCI6IHsKCQkJImF0dHJpYnV0ZXMiOiB7CgkJCQkiY29zdCI6ICIxNTAuMDAiLAoJCQkJIndhdHRhZ2UiOiAiMTUwLjAiLAoJCQkJInJhY2sgdW5pdHMiOiAiMTAiLAoJCQkJIk1UQkYiOiAiNDM4MDAiLAoJCQkJInBvd2VyIHNvdXJjZSI6ICIwIgoJCQl9CgkJfSwKCQkiVGFibGV0UEMtUFQiOiB7CgkJCSJhdHRyaWJ1dGVzIjogewoJCQkJImNvc3QiOiAiNDAwLjAwIiwKCQkJCSJ3YXR0YWdlIjogIjE1LjAiLAoJCQkJInJhY2sgdW5pdHMiOiAiMyIsCgkJCQkiTVRCRiI6ICIyNjI4MCIsCgkJCQkicG93ZXIgc291cmNlIjogIjAiCgkJCX0KCQl9LAoJCSJTTUFSVFBIT05FLVBUIjogewoJCQkiYXR0cmlidXRlcyI6IHsKCQkJCSJjb3N0IjogIjI1MC4wMCIsCgkJCQkid2F0dGFnZSI6ICIxNS4wIiwKCQkJCSJyYWNrIHVuaXRzIjogIjIiLAoJCQkJIk1UQkYiOiAiMjUyODAiLAoJCQkJInBvd2VyIHNvdXJjZSI6ICIwIgoJCQl9CgkJfSwKCQkiV2lyZWxlc3NFbmREZXZpY2UtUFQiOiB7CgkJCSJhdHRyaWJ1dGVzIjogewoJCQkJImNvc3QiOiAiMjAuMDAiLAoJCQkJIndhdHRhZ2UiOiAiMTUuMCIsCgkJCQkicmFjayB1bml0cyI6ICIxIiwKCQkJCSJNVEJGIjogIjI2MjgwIiwKCQkJCSJwb3dlciBzb3VyY2UiOiAiMCIKCQkJfQoJCX0sCgkJIldpcmVkRW5kRGV2aWNlLVBUIjogewoJCQkiYXR0cmlidXRlcyI6IHsKCQkJCSJjb3N0IjogIjIwLjAwIiwKCQkJCSJ3YXR0YWdlIjogIjE1LjAiLAoJCQkJInJhY2sgdW5pdHMiOiAiMSIsCgkJCQkiTVRCRiI6ICIyNjI4MCIsCgkJCQkicG93ZXIgc291cmNlIjogIjAiCgkJCX0KCQl9LAoJCSJTbmlmZmVyIjogewoJCQkiYXR0cmlidXRlcyI6IHsKCQkJCSJjb3N0IjogIjIwLjAwIiwKCQkJCSJ3YXR0YWdlIjogIjUuMCIsCgkJCQkicmFjayB1bml0cyI6ICIyIiwKCQkJCSJNVEJGIjogIjMwMDAwMCIsCgkJCQkicG93ZXIgc291cmNlIjogIjAiCgkJCX0KCQl9LAoJCSJNZXJha2ktU2VydmVyIjogewoJCQkiYXR0cmlidXRlcyI6IHsKCQkJCSJjb3N0IjogIjQwMDAuMDAiLAoJCQkJIndhdHRhZ2UiOiAiMTAwMC4wIiwKCQkJCSJyYWNrIHVuaXRzIjogIjQiLAoJCQkJIk1UQkYiOiAiODc2MDAwIiwKCQkJCSJwb3dlciBzb3VyY2UiOiAiMCIKCQkJfQoJCX0sCgkJIk5ldHdvcmtDb250cm9sbGVyIjogewoJCQkiYXR0cmlidXRlcyI6IHsKCQkJCSJjb3N0IjogIjUwMDAuMDAiLAoJCQkJIndhdHRhZ2UiOiAiMjAwMC4wIiwKCQkJCSJyYWNrIHVuaXRzIjogIjIiLAoJCQkJIk1UQkYiOiAiODc2MDAwIiwKCQkJCSJwb3dlciBzb3VyY2UiOiAiMCIKCQkJfQoJCX0KCX0sCgkiU2VjdXJpdHkiOiB7CgkJIjU1MDUiOiB7CgkJCSJhdHRyaWJ1dGVzIjogewoJCQkJImNvc3QiOiAiNjAwLjAwIiwKCQkJCSJ3YXR0YWdlIjogIjIwLjAiLAoJCQkJInJhY2sgdW5pdHMiOiAiMSIsCgkJCQkiTVRCRiI6ICIzMDAwMDAiLAoJCQkJInBvd2VyIHNvdXJjZSI6ICIwIgoJCQl9CgkJfSwKCQkiNTUwNi1YIjogewoJCQkiYXR0cmlidXRlcyI6IHsKCQkJCSJjb3N0IjogIjEwMDAuMDAiLAoJCQkJIndhdHRhZ2UiOiAiMjUwLjAiLAoJCQkJInJhY2sgdW5pdHMiOiAiMSIsCgkJCQkiTVRCRiI6ICIxMzE0MDAiLAoJCQkJInBvd2VyIHNvdXJjZSI6ICIwIgoJCQl9CgkJfQoJfSwKCSJXQU4gRW11bGF0aW9uIjogewoJCSJDbG91ZC1QVCI6IHsKCQkJImF0dHJpYnV0ZXMiOiB7CgkJCQkiY29zdCI6ICI1MDAwLjAwIiwKCQkJCSJ3YXR0YWdlIjogIjUwMC4wIiwKCQkJCSJyYWNrIHVuaXRzIjogIjIiLAoJCQkJIk1UQkYiOiAiMzAwMDAwIiwKCQkJCSJwb3dlciBzb3VyY2UiOiAiMCIKCQkJfQoJCX0sCgkJIkNsb3VkLVBULUVtcHR5IjogewoJCQkiYXR0cmlidXRlcyI6IHsKCQkJCSJjb3N0IjogIjUwMDAuMDAiLAoJCQkJIndhdHRhZ2UiOiAiNTAwLjAiLAoJCQkJInJhY2sgdW5pdHMiOiAiMiIsCgkJCQkiTVRCRiI6ICIzMDAwMDAiLAoJCQkJInBvd2VyIHNvdXJjZSI6ICIwIgoJCQl9CgkJfSwKCQkiRFNMLU1vZGVtLVBUIjogewoJCQkiYXR0cmlidXRlcyI6IHsKCQkJCSJjb3N0IjogIjMwLjAwIiwKCQkJCSJ3YXR0YWdlIjogIjIwLjAiLAoJCQkJInJhY2sgdW5pdHMiOiAiMSIsCgkJCQkiTVRCRiI6ICIzMDAwMDAiLAoJCQkJInBvd2VyIHNvdXJjZSI6ICIwIgoJCQl9CgkJfSwKCQkiQ2FibGUtTW9kZW0tUFQiOiB7CgkJCSJhdHRyaWJ1dGVzIjogewoJCQkJImNvc3QiOiAiMzAuMDAiLAoJCQkJIndhdHRhZ2UiOiAiMjAuMCIsCgkJCQkicmFjayB1bml0cyI6ICIxIiwKCQkJCSJNVEJGIjogIjMwMDAwMCIsCgkJCQkicG93ZXIgc291cmNlIjogIjAiCgkJCX0KCQl9Cgl9LAoJImRlZmF1bHQiOiB7CgkJImF0dHJpYnV0ZXMiOiB7CgkJCSJjb3N0IjogIjI1MC4wMCIsCgkJCSJ3YXR0YWdlIjogIjUuMCIsCgkJCSJyYWNrIHVuaXRzIjogIjIiLAoJCQkiTVRCRiI6ICIzMDAwMDAiLAoJCQkicG93ZXIgc291cmNlIjogIjEiCgkJfQoJfQp9]]></CONTENT>
       </DATA_STORE>
       <DATA_STORE>
        <ID>grading.json</ID>
        <CONTENT><![CDATA[WwoJIndhdHRhZ2UiLAoJImNvc3QiCl0=]]></CONTENT>
       </DATA_STORE>
       <DATA_STORE>
        <ID>inactiveGrading.json</ID>
        <CONTENT><![CDATA[WwoJInJhY2sgdW5pdHMiLAoJIk1UQkYiLAoJInBvd2VyIHNvdXJjZSIsCgkidGVzdCIKXQ==]]></CONTENT>
       </DATA_STORE>
       <DATA_STORE>
        <ID>links.json</ID>
        <CONTENT><![CDATA[ewoJIkNvbnNvbGUiOiB7CgkJImF0dHJpYnV0ZXMiOiB7CgkJCSJjb3N0IjogIjEuMDAiCgkJfQoJfSwKCSJFdGhlcm5ldCI6IHsKCQkiYXR0cmlidXRlcyI6IHsKCQkJImNvc3QiOiAiMTUuMDAiCgkJfQoJfSwKCSJGaWJlciI6IHsKCQkiYXR0cmlidXRlcyI6IHsKCQkJImNvc3QiOiAiMTAwLjAwIgoJCX0KCX0sCgkiUGhvbmUiOiB7CgkJImF0dHJpYnV0ZXMiOiB7CgkJCSJjb3N0IjogIjE1LjAwIgoJCX0KCX0sCgkiQ29heGlhbCI6IHsKCQkiYXR0cmlidXRlcyI6IHsKCQkJImNvc3QiOiAiMjAuMDAiCgkJfQoJfSwKCSJTZXJpYWwiOiB7CgkJImF0dHJpYnV0ZXMiOiB7CgkJCSJjb3N0IjogIjE1LjAwIgoJCX0KCX0sCgkiT2N0YWwiOiB7CgkJImF0dHJpYnV0ZXMiOiB7CgkJCSJjb3N0IjogIjUwLjAwIgoJCX0KCX0sCgkiSW9FIEN1c3RvbSBDYWJsZSI6IHsKCQkiYXR0cmlidXRlcyI6IHsKCQkJImNvc3QiOiAiMS4wMCIKCQl9Cgl9LAoJIlVTQiI6IHsKCQkiYXR0cmlidXRlcyI6IHsKCQkJImNvc3QiOiAiNS4wMCIKCQl9Cgl9LAoJIldpcmVsZXNzIjogewoJCSJhdHRyaWJ1dGVzIjogewoJCQkiY29zdCI6ICIwLjAwIgoJCX0KCX0sCgkiZGVmYXVsdCI6IHsKCQkiYXR0cmlidXRlcyI6IHsKCQkJImNvc3QiOiAiMTAuMDAiCgkJfQoJfQp9]]></CONTENT>
       </DATA_STORE>
       <DATA_STORE>
        <ID>modules.json</ID>
        <CONTENT><![CDATA[ewoJIkhXSUMtMlQiOnsiYXR0cmlidXRlcyI6eyJjb3N0IjoiMzUuMDAiLCAid2F0dGFnZSI6IjIifX0sCgkiSFdJQy00RVNXIjp7ImF0dHJpYnV0ZXMiOnsiY29zdCI6IjQ1LjAwIiwgIndhdHRhZ2UiOiIyIn19LAoJIkhXSUMtOEEiOnsiYXR0cmlidXRlcyI6eyJjb3N0IjoiODUuMDAiLCAid2F0dGFnZSI6IjIifX0sCgkiSFdJQy1BUC1BRy1CIjp7ImF0dHJpYnV0ZXMiOnsiY29zdCI6IjcwLjAwIiwgIndhdHRhZ2UiOiIyIn19LAoJIldJQy0xQU0iOnsiYXR0cmlidXRlcyI6eyJjb3N0IjoiMjAuMDAiLCAid2F0dGFnZSI6IjIifX0sCgkiV0lDLTFFTkVUIjp7ImF0dHJpYnV0ZXMiOnsiY29zdCI6IjI1LjAwIiwgIndhdHRhZ2UiOiIyIn19LAoJIldJQy0xVCI6eyJhdHRyaWJ1dGVzIjp7ImNvc3QiOiIyMC4wMCIsICJ3YXR0YWdlIjoiMiJ9fSwKCSJXSUMtMkFNIjp7ImF0dHJpYnV0ZXMiOnsiY29zdCI6IjI1LjAwIiwgIndhdHRhZ2UiOiIyIn19LAoJIldJQy0yVCI6eyJhdHRyaWJ1dGVzIjp7ImNvc3QiOiIzMC4wMCIsICJ3YXR0YWdlIjoiMiJ9fSwKCSJXSUMtQ292ZXIiOnsiYXR0cmlidXRlcyI6eyJjb3N0IjoiNS4wMCIsICJ3YXR0YWdlIjoiMCJ9fSwKCSIxMjQwLUNvdmVyIjp7ImF0dHJpYnV0ZXMiOnsiY29zdCI6IjEwLjAwIiwgIndhdHRhZ2UiOiIwIn19LAoJIkhXSUMtMUdFLVNGUCI6eyJhdHRyaWJ1dGVzIjp7ImNvc3QiOiIxMDAuMDAiLCAid2F0dGFnZSI6IjUifX0sCgkiR0xDLUxILVNNRCI6eyJhdHRyaWJ1dGVzIjp7ImNvc3QiOiI4MC4wMCIsICJ3YXR0YWdlIjoiMSJ9fSwKCSJHTEMtVCI6eyJhdHRyaWJ1dGVzIjp7ImNvc3QiOiI4NS4wMCIsICJ3YXR0YWdlIjoiMSJ9fSwKCSJHTEMtRkUtMTAwRlgtUkdEIjp7ImF0dHJpYnV0ZXMiOnsiY29zdCI6Ijg1LjAwIiwgIndhdHRhZ2UiOiIxIn19LAoJIkdMQy1HRS0xMDBGWCI6eyJhdHRyaWJ1dGVzIjp7ImNvc3QiOiIxMDUuMDAiLCAid2F0dGFnZSI6IjEifX0sCgkiTklNLTJUIjp7ImF0dHJpYnV0ZXMiOnsiY29zdCI6IjE1MC4wMCIsICJ3YXR0YWdlIjoiNSJ9fSwKCSJOSU0tRVMyLTQiOnsiYXR0cmlidXRlcyI6eyJjb3N0IjoiMTcwLjAwIiwgIndhdHRhZ2UiOiI1In19LAoJIk5JTS1Db3ZlciI6eyJhdHRyaWJ1dGVzIjp7ImNvc3QiOiIxMC4wMCIsICJ3YXR0YWdlIjoiMCJ9fSwKCSJQVC1ST1VURVItTk0tQ09WRVIiOnsiYXR0cmlidXRlcyI6eyJjb3N0IjoiMTAuMDAiLCAid2F0dGFnZSI6IjAifX0sCgkiZGVmYXVsdCI6eyJhdHRyaWJ1dGVzIjp7ImNvc3QiOiI1MC4wMCIsICJ3YXR0YWdlIjoiMiJ9fQp9]]></CONTENT>
       </DATA_STORE>
      </SCRIPT_DATA_STORES>
      <EXTERNAL_NETWORK_ACCESS_ALLOW_STATE>0</EXTERNAL_NETWORK_ACCESS_ALLOW_STATE>
      <EXTERNAL_SERVER_OPERATION_ALLOW_STATES/>
     </SCRIPT_MODULE_DATA>
    </SCRIPT_MODULE>
   </SCRIPT_MODULES>
   <DISABLED_SCRIPT_MODULES/>
  </SCRIPT_MODULE_MANAGER>
  <USE_CLI_DEFAULT_TAB>false</USE_CLI_DEFAULT_TAB>
  <NEW_DEVICE_CUSTOM_INTERFACES/>
  <CUSTOM_HIDE_OPTIONS/>
  <HIDE_WIRELESS_CONNECTION>false</HIDE_WIRELESS_CONNECTION>
  <HIDE_LEGACY_EQUIPMENT>false</HIDE_LEGACY_EQUIPMENT>
  <THING_ADVANCED_MODE_DEFAULT>false</THING_ADVANCED_MODE_DEFAULT>
  <CABLE_POPUP_IN_PHYSICAL>true</CABLE_POPUP_IN_PHYSICAL>
  <GUEST_SAVES_COUNT>0</GUEST_SAVES_COUNT>
  <AUTOSAVE_INTERVAL>0</AUTOSAVE_INTERVAL>
  <ANSWER_TREE_SELECTED>3</ANSWER_TREE_SELECTED>
  <LAST_LOGON_TIME>1739985031</LAST_LOGON_TIME>
  <ANSWER_TREE_CHECK_BOX></ANSWER_TREE_CHECK_BOX>
  <USER_APP_MANAGER>
   <GLOBAL_APPS>
    <USER_APP>
     <FILE_PATH>../extensions/MQTT/mqtt_broker.pkp</FILE_PATH>
     <SETTINGS>
      <settings>
       <auto-install/>
      </settings>
     </SETTINGS>
    </USER_APP>
    <USER_APP>
     <FILE_PATH>../extensions/MQTT/mqtt_client.pkp</FILE_PATH>
     <SETTINGS>
      <settings>
       <auto-install/>
      </settings>
     </SETTINGS>
    </USER_APP>
   </GLOBAL_APPS>
  </USER_APP_MANAGER>
  <COLORSCHEME>cisco-dark.qss</COLORSCHEME>
  <NETWORK_CONTROLLER_PORT>58699</NETWORK_CONTROLLER_PORT>
  <LAST_LOGIN_SERVER>Worldwide</LAST_LOGIN_SERVER>
 </OPTIONS>
 <PHYSICALWORKSPACE>
  <HOMERACK>{4811c13d-1e8e-4024-abbc-4820396e8e94},{21977af5-7fb8-4485-9495-7ca9ecf49bab},{5f9da8fe-f51e-4ff5-b152-025c2a6c1c3c},{0dd7b0ae-e00f-4d68-af5b-879b3cef07c3}</HOMERACK>
  <NODE>
   <X>0</X>
   <Y>0</Y>
   <TYPE>0</TYPE>
   <NAME translate="true">Intercity</NAME>
   <SX>5.8072</SX>
   <SY>5.8072</SY>
   <W>20000</W>
   <H>12415.8</H>
   <D>30.48</D>
   <PATH isanim="false">../art/Background/gGeoViewInterCity.png</PATH>
   <CHILDREN>
    <NODE>
     <X>200</X>
     <Y>200</Y>
     <TYPE>1</TYPE>
     <NAME translate="true">Home City</NAME>
     <SX>0.58072</SX>
     <SY>0.58072</SY>
     <W>2000</W>
     <H>1238.1</H>
     <D>30.48</D>
     <PATH isanim="false">../art/Background/gGeoViewCity.png</PATH>
     <CHILDREN>
      <NODE>
       <X>100</X>
       <Y>100</Y>
       <TYPE>2</TYPE>
       <NAME translate="true">Corporate Office</NAME>
       <SX>0.0580719</SX>
       <SY>0.058072</SY>
       <W>200</W>
       <H>125.261</H>
       <D>3.6576</D>
       <PATH isanim="false">../art/Background/gGeoViewBuilding.png</PATH>
       <CHILDREN>
        <NODE>
         <X>861</X>
         <Y>300</Y>
         <TYPE>3</TYPE>
         <NAME translate="true">Main Wiring Closet</NAME>
         <SX>0.2</SX>
         <SY>0.2</SY>
         <W>20</W>
         <H>20</H>
         <D>3.6576</D>
         <PATH isanim="false">../art/Background/grid_100x100.png</PATH>
         <CHILDREN>
          <NODE>
           <X>0</X>
           <Y>0</Y>
           <TYPE>4</TYPE>
           <NAME translate="true">Rack</NAME>
           <SX>1</SX>
           <SY>1</SY>
           <W>0</W>
           <H>0</H>
           <D>0</D>
           <PATH isanim="false">../art/Background/grid_100x100.png</PATH>
           <CHILDREN>
            <NODE>
             <X>0</X>
             <Y>0</Y>
             <TYPE>6</TYPE>
             <NAME translate="true">Power Distribution Device0</NAME>
             <SX>1</SX>
             <SY>1</SY>
             <W>0</W>
             <H>0</H>
             <D>0</D>
             <PATH isanim="false">../art/Background/grid_100x100.png</PATH>
             <CHILDREN/>
             <MANUAL_SCALING>false</MANUAL_SCALING>
             <SCALED_PIXMAP_WIDTH>0</SCALED_PIXMAP_WIDTH>
             <SCALED_PIXMAP_HEIGHT>0</SCALED_PIXMAP_HEIGHT>
             <INIT_WIDTH>0</INIT_WIDTH>
             <INIT_HEIGHT>0</INIT_HEIGHT>
             <INIT_DEPTH>0</INIT_DEPTH>
             <INIT_SX>1</INIT_SX>
             <INIT_SY>1</INIT_SY>
             <INIT_SZ>1</INIT_SZ>
             <BG_TILED>false</BG_TILED>
             <CUSTOM_IMAGE_WIDTH>-1</CUSTOM_IMAGE_WIDTH>
             <CUSTOM_IMAGE_HEIGHT>-1</CUSTOM_IMAGE_HEIGHT>
             <SCALE_FACTOR>1</SCALE_FACTOR>
             <UUID_STR>{37d6f7db-1034-457f-949a-40803a1fbccb}</UUID_STR>
             <SLOT>0</SLOT>
             <SUB_SLOT>0</SUB_SLOT>
            </NODE>
            <NODE>
             <X>4</X>
             <Y>0</Y>
             <TYPE>6</TYPE>
             <NAME translate="true">Switch0</NAME>
             <SX>1</SX>
             <SY>1</SY>
             <W>0</W>
             <H>0</H>
             <D>0</D>
             <PATH isanim="false">../art/Background/grid_100x100.png</PATH>
             <CHILDREN/>
             <MANUAL_SCALING>false</MANUAL_SCALING>
             <SCALED_PIXMAP_WIDTH>0</SCALED_PIXMAP_WIDTH>
             <SCALED_PIXMAP_HEIGHT>0</SCALED_PIXMAP_HEIGHT>
             <INIT_WIDTH>0</INIT_WIDTH>
             <INIT_HEIGHT>0</INIT_HEIGHT>
             <INIT_DEPTH>0</INIT_DEPTH>
             <INIT_SX>1</INIT_SX>
             <INIT_SY>1</INIT_SY>
             <INIT_SZ>1</INIT_SZ>
             <BG_TILED>false</BG_TILED>
             <CUSTOM_IMAGE_WIDTH>-1</CUSTOM_IMAGE_WIDTH>
             <CUSTOM_IMAGE_HEIGHT>-1</CUSTOM_IMAGE_HEIGHT>
             <SCALE_FACTOR>1</SCALE_FACTOR>
             <UUID_STR>{8a40cd36-8372-45c3-a8b1-e0a96c8d01b0}</UUID_STR>
             <SLOT>0</SLOT>
             <SUB_SLOT>0</SUB_SLOT>
            </NODE>
           </CHILDREN>
           <MANUAL_SCALING>false</MANUAL_SCALING>
           <SCALED_PIXMAP_WIDTH>0</SCALED_PIXMAP_WIDTH>
           <SCALED_PIXMAP_HEIGHT>0</SCALED_PIXMAP_HEIGHT>
           <INIT_WIDTH>0</INIT_WIDTH>
           <INIT_HEIGHT>0</INIT_HEIGHT>
           <INIT_DEPTH>0</INIT_DEPTH>
           <INIT_SX>1</INIT_SX>
           <INIT_SY>1</INIT_SY>
           <INIT_SZ>1</INIT_SZ>
           <BG_TILED>false</BG_TILED>
           <CUSTOM_IMAGE_WIDTH>-1</CUSTOM_IMAGE_WIDTH>
           <CUSTOM_IMAGE_HEIGHT>-1</CUSTOM_IMAGE_HEIGHT>
           <SCALE_FACTOR>1</SCALE_FACTOR>
           <UUID_STR>{308f7d13-0b53-42c0-b84b-acff8ec866ba}</UUID_STR>
           <SLOT>0</SLOT>
           <SUB_SLOT>0</SUB_SLOT>
          </NODE>
         </CHILDREN>
         <MANUAL_SCALING>false</MANUAL_SCALING>
         <SCALED_PIXMAP_WIDTH>0</SCALED_PIXMAP_WIDTH>
         <SCALED_PIXMAP_HEIGHT>0</SCALED_PIXMAP_HEIGHT>
         <INIT_WIDTH>20</INIT_WIDTH>
         <INIT_HEIGHT>20</INIT_HEIGHT>
         <INIT_DEPTH>3.6576</INIT_DEPTH>
         <INIT_SX>0.2</INIT_SX>
         <INIT_SY>0.2</INIT_SY>
         <INIT_SZ>0.2</INIT_SZ>
         <BG_TILED>false</BG_TILED>
         <CUSTOM_IMAGE_WIDTH>-1</CUSTOM_IMAGE_WIDTH>
         <CUSTOM_IMAGE_HEIGHT>-1</CUSTOM_IMAGE_HEIGHT>
         <SCALE_FACTOR>1</SCALE_FACTOR>
         <ENVIRONMENT>
          <TIME_IN_SECONDS>1590</TIME_IN_SECONDS>
          <TIME_MULTIPLIER>30</TIME_MULTIPLIER>
          <SIM_TIME_SETTING>30</SIM_TIME_SETTING>
          <REAL_TIME_SETTING>1</REAL_TIME_SETTING>
          <SIM_TIME_COMBO>60</SIM_TIME_COMBO>
          <REAL_TIME_COMBO>60</REAL_TIME_COMBO>
          <NOTES></NOTES>
          <SHOW_NOTES>false</SHOW_NOTES>
          <KEYFRAMES>
           <KEYFRAME>
            <TIME>0</TIME>
            <ENVIRONMENT_OPTIONS>
             <ENVIRONMENT_OPTION>
              <CATEGORY_ID>Radiation</CATEGORY_ID>
              <ID>Alpha</ID>
              <NAME>Alpha</NAME>
              <CATEGORY>Radiation</CATEGORY>
              <TRANSFERENCE>5</TRANSFERENCE>
              <SHOW>false</SHOW>
              <INTERPOLATE>true</INTERPOLATE>
              <ACTIVE>false</ACTIVE>
              <VALUE>0</VALUE>
              <MIN>0</MIN>
              <MAX>100</MAX>
              <MIN_RATE>-1000</MIN_RATE>
              <MAX_RATE>1000</MAX_RATE>
              <METRIC_UNIT>%</METRIC_UNIT>
              <IMPERIAL_UNIT></IMPERIAL_UNIT>
              <IMPERIAL_CONVERSION_FORMULA></IMPERIAL_CONVERSION_FORMULA>
              <METRIC_CONVERSION_FORMULA></METRIC_CONVERSION_FORMULA>
             </ENVIRONMENT_OPTION>
             <ENVIRONMENT_OPTION>
              <CATEGORY_ID>Temperature</CATEGORY_ID>
              <ID>Ambient Temperature</ID>
              <NAME>Ambient Temperature</NAME>
              <CATEGORY>Temperature</CATEGORY>
              <TRANSFERENCE>5</TRANSFERENCE>
              <SHOW>true</SHOW>
              <INTERPOLATE>true</INTERPOLATE>
              <ACTIVE>false</ACTIVE>
              <VALUE>0</VALUE>
              <MIN>-100</MIN>
              <MAX>100</MAX>
              <MIN_RATE>-0.00138889</MIN_RATE>
              <MAX_RATE>0.00138889</MAX_RATE>
              <METRIC_UNIT>C</METRIC_UNIT>
              <IMPERIAL_UNIT>F</IMPERIAL_UNIT>
              <IMPERIAL_CONVERSION_FORMULA>x*(9/5)+32</IMPERIAL_CONVERSION_FORMULA>
              <METRIC_CONVERSION_FORMULA>(x-32)*(5/9)</METRIC_CONVERSION_FORMULA>
             </ENVIRONMENT_OPTION>
             <ENVIRONMENT_OPTION>
              <CATEGORY_ID>Gases</CATEGORY_ID>
              <ID>Argon</ID>
              <NAME>Argon</NAME>
              <CATEGORY>Gases</CATEGORY>
              <TRANSFERENCE>5</TRANSFERENCE>
              <SHOW>true</SHOW>
              <INTERPOLATE>true</INTERPOLATE>
              <ACTIVE>false</ACTIVE>
              <VALUE>0</VALUE>
              <MIN>0</MIN>
              <MAX>100</MAX>
              <MIN_RATE>-1000</MIN_RATE>
              <MAX_RATE>1000</MAX_RATE>
              <METRIC_UNIT>%</METRIC_UNIT>
              <IMPERIAL_UNIT></IMPERIAL_UNIT>
              <IMPERIAL_CONVERSION_FORMULA></IMPERIAL_CONVERSION_FORMULA>
              <METRIC_CONVERSION_FORMULA></METRIC_CONVERSION_FORMULA>
             </ENVIRONMENT_OPTION>
             <ENVIRONMENT_OPTION>
              <CATEGORY_ID>Other</CATEGORY_ID>
              <ID>Atmospheric Pressure</ID>
              <NAME>Atmospheric Pressure</NAME>
              <CATEGORY>Other</CATEGORY>
              <TRANSFERENCE>5</TRANSFERENCE>
              <SHOW>true</SHOW>
              <INTERPOLATE>true</INTERPOLATE>
              <ACTIVE>false</ACTIVE>
              <VALUE>0</VALUE>
              <MIN>-100</MIN>
              <MAX>200</MAX>
              <MIN_RATE>-1000</MIN_RATE>
              <MAX_RATE>1000</MAX_RATE>
              <METRIC_UNIT>kPa</METRIC_UNIT>
              <IMPERIAL_UNIT>psi</IMPERIAL_UNIT>
              <IMPERIAL_CONVERSION_FORMULA>x*.14503773773020923</IMPERIAL_CONVERSION_FORMULA>
              <METRIC_CONVERSION_FORMULA></METRIC_CONVERSION_FORMULA>
             </ENVIRONMENT_OPTION>
             <ENVIRONMENT_OPTION>
              <CATEGORY_ID>Radiation</CATEGORY_ID>
              <ID>Beta</ID>
              <NAME>Beta</NAME>
              <CATEGORY>Radiation</CATEGORY>
              <TRANSFERENCE>5</TRANSFERENCE>
              <SHOW>false</SHOW>
              <INTERPOLATE>true</INTERPOLATE>
              <ACTIVE>false</ACTIVE>
              <VALUE>0</VALUE>
              <MIN>0</MIN>
              <MAX>100</MAX>
              <MIN_RATE>-1000</MIN_RATE>
              <MAX_RATE>1000</MAX_RATE>
              <METRIC_UNIT>%</METRIC_UNIT>
              <IMPERIAL_UNIT></IMPERIAL_UNIT>
              <IMPERIAL_CONVERSION_FORMULA></IMPERIAL_CONVERSION_FORMULA>
              <METRIC_CONVERSION_FORMULA></METRIC_CONVERSION_FORMULA>
             </ENVIRONMENT_OPTION>
             <ENVIRONMENT_OPTION>
              <CATEGORY_ID>Gases</CATEGORY_ID>
              <ID>CO</ID>
              <NAME>CO</NAME>
              <CATEGORY>Gases</CATEGORY>
              <TRANSFERENCE>5</TRANSFERENCE>
              <SHOW>true</SHOW>
              <INTERPOLATE>true</INTERPOLATE>
              <ACTIVE>false</ACTIVE>
              <VALUE>0</VALUE>
              <MIN>0</MIN>
              <MAX>100</MAX>
              <MIN_RATE>-1000</MIN_RATE>
              <MAX_RATE>1000</MAX_RATE>
              <METRIC_UNIT>%</METRIC_UNIT>
              <IMPERIAL_UNIT></IMPERIAL_UNIT>
              <IMPERIAL_CONVERSION_FORMULA></IMPERIAL_CONVERSION_FORMULA>
              <METRIC_CONVERSION_FORMULA></METRIC_CONVERSION_FORMULA>
             </ENVIRONMENT_OPTION>
             <ENVIRONMENT_OPTION>
              <CATEGORY_ID>Gases</CATEGORY_ID>
              <ID>CO2</ID>
              <NAME>CO&lt;sub>2&lt;/sub></NAME>
              <CATEGORY>Gases</CATEGORY>
              <TRANSFERENCE>5</TRANSFERENCE>
              <SHOW>true</SHOW>
              <INTERPOLATE>true</INTERPOLATE>
              <ACTIVE>false</ACTIVE>
              <VALUE>0</VALUE>
              <MIN>0</MIN>
              <MAX>100</MAX>
              <MIN_RATE>-1000</MIN_RATE>
              <MAX_RATE>1000</MAX_RATE>
              <METRIC_UNIT>%</METRIC_UNIT>
              <IMPERIAL_UNIT></IMPERIAL_UNIT>
              <IMPERIAL_CONVERSION_FORMULA></IMPERIAL_CONVERSION_FORMULA>
              <METRIC_CONVERSION_FORMULA></METRIC_CONVERSION_FORMULA>
             </ENVIRONMENT_OPTION>
             <ENVIRONMENT_OPTION>
              <CATEGORY_ID>Water</CATEGORY_ID>
              <ID>Clouds</ID>
              <NAME>Clouds</NAME>
              <CATEGORY>Water</CATEGORY>
              <TRANSFERENCE>5</TRANSFERENCE>
              <SHOW>true</SHOW>
              <INTERPOLATE>true</INTERPOLATE>
              <ACTIVE>false</ACTIVE>
              <VALUE>0</VALUE>
              <MIN>0</MIN>
              <MAX>100</MAX>
              <MIN_RATE>-1000</MIN_RATE>
              <MAX_RATE>1000</MAX_RATE>
              <METRIC_UNIT>%</METRIC_UNIT>
              <IMPERIAL_UNIT></IMPERIAL_UNIT>
              <IMPERIAL_CONVERSION_FORMULA></IMPERIAL_CONVERSION_FORMULA>
              <METRIC_CONVERSION_FORMULA></METRIC_CONVERSION_FORMULA>
             </ENVIRONMENT_OPTION>
             <ENVIRONMENT_OPTION>
              <CATEGORY_ID>Earth Physical Features</CATEGORY_ID>
              <ID>Compaction</ID>
              <NAME>Compaction</NAME>
              <CATEGORY>Earth Physical Features</CATEGORY>
              <TRANSFERENCE>5</TRANSFERENCE>
              <SHOW>false</SHOW>
              <INTERPOLATE>true</INTERPOLATE>
              <ACTIVE>false</ACTIVE>
              <VALUE>0</VALUE>
              <MIN>0</MIN>
              <MAX>100</MAX>
              <MIN_RATE>-1000</MIN_RATE>
              <MAX_RATE>1000</MAX_RATE>
              <METRIC_UNIT>Moh</METRIC_UNIT>
              <IMPERIAL_UNIT></IMPERIAL_UNIT>
              <IMPERIAL_CONVERSION_FORMULA></IMPERIAL_CONVERSION_FORMULA>
              <METRIC_CONVERSION_FORMULA></METRIC_CONVERSION_FORMULA>
             </ENVIRONMENT_OPTION>
             <ENVIRONMENT_OPTION>
              <CATEGORY_ID>Earth Physical Features</CATEGORY_ID>
              <ID>Composition Hardness</ID>
              <NAME>Composition Hardness</NAME>
              <CATEGORY>Earth Physical Features</CATEGORY>
              <TRANSFERENCE>5</TRANSFERENCE>
              <SHOW>false</SHOW>
              <INTERPOLATE>true</INTERPOLATE>
              <ACTIVE>false</ACTIVE>
              <VALUE>0</VALUE>
              <MIN>0</MIN>
              <MAX>100</MAX>
              <MIN_RATE>-1000</MIN_RATE>
              <MAX_RATE>1000</MAX_RATE>
              <METRIC_UNIT>Moh</METRIC_UNIT>
              <IMPERIAL_UNIT></IMPERIAL_UNIT>
              <IMPERIAL_CONVERSION_FORMULA></IMPERIAL_CONVERSION_FORMULA>
              <METRIC_CONVERSION_FORMULA></METRIC_CONVERSION_FORMULA>
             </ENVIRONMENT_OPTION>
             <ENVIRONMENT_OPTION>
              <CATEGORY_ID>Light (Sun)</CATEGORY_ID>
              <ID>Electromagnetic Radiation</ID>
              <NAME>Electromagnetic Radiation</NAME>
              <CATEGORY>Light (Sun)</CATEGORY>
              <TRANSFERENCE>5</TRANSFERENCE>
              <SHOW>true</SHOW>
              <INTERPOLATE>true</INTERPOLATE>
              <ACTIVE>false</ACTIVE>
              <VALUE>0</VALUE>
              <MIN>0</MIN>
              <MAX>100</MAX>
              <MIN_RATE>-1000</MIN_RATE>
              <MAX_RATE>1000</MAX_RATE>
              <METRIC_UNIT>%</METRIC_UNIT>
              <IMPERIAL_UNIT></IMPERIAL_UNIT>
              <IMPERIAL_CONVERSION_FORMULA></IMPERIAL_CONVERSION_FORMULA>
              <METRIC_CONVERSION_FORMULA></METRIC_CONVERSION_FORMULA>
             </ENVIRONMENT_OPTION>
             <ENVIRONMENT_OPTION>
              <CATEGORY_ID>Earth Physical Features</CATEGORY_ID>
              <ID>Elevation</ID>
              <NAME>Elevation</NAME>
              <CATEGORY>Earth Physical Features</CATEGORY>
              <TRANSFERENCE>5</TRANSFERENCE>
              <SHOW>true</SHOW>
              <INTERPOLATE>true</INTERPOLATE>
              <ACTIVE>false</ACTIVE>
              <VALUE>0</VALUE>
              <MIN>0</MIN>
              <MAX>100000</MAX>
              <MIN_RATE>-1000</MIN_RATE>
              <MAX_RATE>1000</MAX_RATE>
              <METRIC_UNIT>m</METRIC_UNIT>
              <IMPERIAL_UNIT>ft</IMPERIAL_UNIT>
              <IMPERIAL_CONVERSION_FORMULA>x*3.2808</IMPERIAL_CONVERSION_FORMULA>
              <METRIC_CONVERSION_FORMULA>x/3.280</METRIC_CONVERSION_FORMULA>
             </ENVIRONMENT_OPTION>
             <ENVIRONMENT_OPTION>
              <CATEGORY_ID>Temperature</CATEGORY_ID>
              <ID>Fire</ID>
              <NAME>Fire</NAME>
              <CATEGORY>Temperature</CATEGORY>
              <TRANSFERENCE>5</TRANSFERENCE>
              <SHOW>false</SHOW>
              <INTERPOLATE>true</INTERPOLATE>
              <ACTIVE>false</ACTIVE>
              <VALUE>0</VALUE>
              <MIN>0</MIN>
              <MAX>100</MAX>
              <MIN_RATE>-1000</MIN_RATE>
              <MAX_RATE>1000</MAX_RATE>
              <METRIC_UNIT></METRIC_UNIT>
              <IMPERIAL_UNIT></IMPERIAL_UNIT>
              <IMPERIAL_CONVERSION_FORMULA></IMPERIAL_CONVERSION_FORMULA>
              <METRIC_CONVERSION_FORMULA></METRIC_CONVERSION_FORMULA>
             </ENVIRONMENT_OPTION>
             <ENVIRONMENT_OPTION>
              <CATEGORY_ID>Radiation</CATEGORY_ID>
              <ID>Gamma</ID>
              <NAME>Gamma</NAME>
              <CATEGORY>Radiation</CATEGORY>
              <TRANSFERENCE>5</TRANSFERENCE>
              <SHOW>false</SHOW>
              <INTERPOLATE>true</INTERPOLATE>
              <ACTIVE>false</ACTIVE>
              <VALUE>0</VALUE>
              <MIN>0</MIN>
              <MAX>100</MAX>
              <MIN_RATE>-1000</MIN_RATE>
              <MAX_RATE>1000</MAX_RATE>
              <METRIC_UNIT>%</METRIC_UNIT>
              <IMPERIAL_UNIT></IMPERIAL_UNIT>
              <IMPERIAL_CONVERSION_FORMULA></IMPERIAL_CONVERSION_FORMULA>
              <METRIC_CONVERSION_FORMULA></METRIC_CONVERSION_FORMULA>
             </ENVIRONMENT_OPTION>
             <ENVIRONMENT_OPTION>
              <CATEGORY_ID>Gravity</CATEGORY_ID>
              <ID>Gravity</ID>
              <NAME>Gravity</NAME>
              <CATEGORY>Gravity</CATEGORY>
              <TRANSFERENCE>5</TRANSFERENCE>
              <SHOW>true</SHOW>
              <INTERPOLATE>true</INTERPOLATE>
              <ACTIVE>false</ACTIVE>
              <VALUE>0</VALUE>
              <MIN>-100</MIN>
              <MAX>100</MAX>
              <MIN_RATE>-1000</MIN_RATE>
              <MAX_RATE>1000</MAX_RATE>
              <METRIC_UNIT>m/s&lt;sup>2&lt;/sup></METRIC_UNIT>
              <IMPERIAL_UNIT>ft/s&lt;sup>2&lt;/sup></IMPERIAL_UNIT>
              <IMPERIAL_CONVERSION_FORMULA>x*3.2808399</IMPERIAL_CONVERSION_FORMULA>
              <METRIC_CONVERSION_FORMULA>x*0.3048</METRIC_CONVERSION_FORMULA>
             </ENVIRONMENT_OPTION>
             <ENVIRONMENT_OPTION>
              <CATEGORY_ID>Energy</CATEGORY_ID>
              <ID>Heat</ID>
              <NAME>Heat (BTUs)</NAME>
              <CATEGORY>Energy</CATEGORY>
              <TRANSFERENCE>5</TRANSFERENCE>
              <SHOW>false</SHOW>
              <INTERPOLATE>true</INTERPOLATE>
              <ACTIVE>false</ACTIVE>
              <VALUE>0</VALUE>
              <MIN>-100</MIN>
              <MAX>100</MAX>
              <MIN_RATE>-1000</MIN_RATE>
              <MAX_RATE>1000</MAX_RATE>
              <METRIC_UNIT>KW</METRIC_UNIT>
              <IMPERIAL_UNIT>BTU/hr</IMPERIAL_UNIT>
              <IMPERIAL_CONVERSION_FORMULA>x*0.00029307103866</IMPERIAL_CONVERSION_FORMULA>
              <METRIC_CONVERSION_FORMULA>x*3412.142</METRIC_CONVERSION_FORMULA>
             </ENVIRONMENT_OPTION>
             <ENVIRONMENT_OPTION>
              <CATEGORY_ID>Gases</CATEGORY_ID>
              <ID>Helium</ID>
              <NAME>He</NAME>
              <CATEGORY>Gases</CATEGORY>
              <TRANSFERENCE>5</TRANSFERENCE>
              <SHOW>true</SHOW>
              <INTERPOLATE>true</INTERPOLATE>
              <ACTIVE>false</ACTIVE>
              <VALUE>0</VALUE>
              <MIN>0</MIN>
              <MAX>100</MAX>
              <MIN_RATE>-1000</MIN_RATE>
              <MAX_RATE>1000</MAX_RATE>
              <METRIC_UNIT>%</METRIC_UNIT>
              <IMPERIAL_UNIT></IMPERIAL_UNIT>
              <IMPERIAL_CONVERSION_FORMULA></IMPERIAL_CONVERSION_FORMULA>
              <METRIC_CONVERSION_FORMULA></METRIC_CONVERSION_FORMULA>
             </ENVIRONMENT_OPTION>
             <ENVIRONMENT_OPTION>
              <CATEGORY_ID>Water</CATEGORY_ID>
              <ID>Humidity</ID>
              <NAME>Humidity</NAME>
              <CATEGORY>Water</CATEGORY>
              <TRANSFERENCE>5</TRANSFERENCE>
              <SHOW>true</SHOW>
              <INTERPOLATE>true</INTERPOLATE>
              <ACTIVE>false</ACTIVE>
              <VALUE>0</VALUE>
              <MIN>0</MIN>
              <MAX>100</MAX>
              <MIN_RATE>-1000</MIN_RATE>
              <MAX_RATE>1000</MAX_RATE>
              <METRIC_UNIT>%</METRIC_UNIT>
              <IMPERIAL_UNIT></IMPERIAL_UNIT>
              <IMPERIAL_CONVERSION_FORMULA></IMPERIAL_CONVERSION_FORMULA>
              <METRIC_CONVERSION_FORMULA></METRIC_CONVERSION_FORMULA>
             </ENVIRONMENT_OPTION>
             <ENVIRONMENT_OPTION>
              <CATEGORY_ID>Gases</CATEGORY_ID>
              <ID>Hydrogen</ID>
              <NAME>H</NAME>
              <CATEGORY>Gases</CATEGORY>
              <TRANSFERENCE>5</TRANSFERENCE>
              <SHOW>true</SHOW>
              <INTERPOLATE>true</INTERPOLATE>
              <ACTIVE>false</ACTIVE>
              <VALUE>0</VALUE>
              <MIN>0</MIN>
              <MAX>100</MAX>
              <MIN_RATE>-1000</MIN_RATE>
              <MAX_RATE>1000</MAX_RATE>
              <METRIC_UNIT>%</METRIC_UNIT>
              <IMPERIAL_UNIT></IMPERIAL_UNIT>
              <IMPERIAL_CONVERSION_FORMULA></IMPERIAL_CONVERSION_FORMULA>
              <METRIC_CONVERSION_FORMULA></METRIC_CONVERSION_FORMULA>
             </ENVIRONMENT_OPTION>
             <ENVIRONMENT_OPTION>
              <CATEGORY_ID>Light (Sun)</CATEGORY_ID>
              <ID>Infrared</ID>
              <NAME>Infrared</NAME>
              <CATEGORY>Light (Sun)</CATEGORY>
              <TRANSFERENCE>5</TRANSFERENCE>
              <SHOW>true</SHOW>
              <INTERPOLATE>true</INTERPOLATE>
              <ACTIVE>false</ACTIVE>
              <VALUE>0</VALUE>
              <MIN>0</MIN>
              <MAX>100</MAX>
              <MIN_RATE>-1000</MIN_RATE>
              <MAX_RATE>1000</MAX_RATE>
              <METRIC_UNIT>%</METRIC_UNIT>
              <IMPERIAL_UNIT></IMPERIAL_UNIT>
              <IMPERIAL_CONVERSION_FORMULA></IMPERIAL_CONVERSION_FORMULA>
              <METRIC_CONVERSION_FORMULA></METRIC_CONVERSION_FORMULA>
             </ENVIRONMENT_OPTION>
             <ENVIRONMENT_OPTION>
              <CATEGORY_ID>Temperature</CATEGORY_ID>
              <ID>Ionization</ID>
              <NAME>Ionization</NAME>
              <CATEGORY>Temperature</CATEGORY>
              <TRANSFERENCE>5</TRANSFERENCE>
              <SHOW>false</SHOW>
              <INTERPOLATE>true</INTERPOLATE>
              <ACTIVE>false</ACTIVE>
              <VALUE>0</VALUE>
              <MIN>0</MIN>
              <MAX>100</MAX>
              <MIN_RATE>-1000</MIN_RATE>
              <MAX_RATE>1000</MAX_RATE>
              <METRIC_UNIT>%</METRIC_UNIT>
              <IMPERIAL_UNIT></IMPERIAL_UNIT>
              <IMPERIAL_CONVERSION_FORMULA></IMPERIAL_CONVERSION_FORMULA>
              <METRIC_CONVERSION_FORMULA></METRIC_CONVERSION_FORMULA>
             </ENVIRONMENT_OPTION>
             <ENVIRONMENT_OPTION>
              <CATEGORY_ID>Light (Sun)</CATEGORY_ID>
              <ID>Luminosity</ID>
              <NAME>Luminosity</NAME>
              <CATEGORY>Light (Sun)</CATEGORY>
              <TRANSFERENCE>5</TRANSFERENCE>
              <SHOW>false</SHOW>
              <INTERPOLATE>true</INTERPOLATE>
              <ACTIVE>false</ACTIVE>
              <VALUE>0</VALUE>
              <MIN>0</MIN>
              <MAX>100</MAX>
              <MIN_RATE>-1000</MIN_RATE>
              <MAX_RATE>1000</MAX_RATE>
              <METRIC_UNIT>%</METRIC_UNIT>
              <IMPERIAL_UNIT></IMPERIAL_UNIT>
              <IMPERIAL_CONVERSION_FORMULA></IMPERIAL_CONVERSION_FORMULA>
              <METRIC_CONVERSION_FORMULA></METRIC_CONVERSION_FORMULA>
             </ENVIRONMENT_OPTION>
             <ENVIRONMENT_OPTION>
              <CATEGORY_ID>Gases</CATEGORY_ID>
              <ID>Methane</ID>
              <NAME>Methane</NAME>
              <CATEGORY>Gases</CATEGORY>
              <TRANSFERENCE>5</TRANSFERENCE>
              <SHOW>true</SHOW>
              <INTERPOLATE>true</INTERPOLATE>
              <ACTIVE>false</ACTIVE>
              <VALUE>0</VALUE>
              <MIN>0</MIN>
              <MAX>100</MAX>
              <MIN_RATE>-1000</MIN_RATE>
              <MAX_RATE>1000</MAX_RATE>
              <METRIC_UNIT>%</METRIC_UNIT>
              <IMPERIAL_UNIT></IMPERIAL_UNIT>
              <IMPERIAL_CONVERSION_FORMULA></IMPERIAL_CONVERSION_FORMULA>
              <METRIC_CONVERSION_FORMULA></METRIC_CONVERSION_FORMULA>
             </ENVIRONMENT_OPTION>
             <ENVIRONMENT_OPTION>
              <CATEGORY_ID>Gravity</CATEGORY_ID>
              <ID>Moon Phases</ID>
              <NAME>Moon Phases</NAME>
              <CATEGORY>Gravity</CATEGORY>
              <TRANSFERENCE>5</TRANSFERENCE>
              <SHOW>false</SHOW>
              <INTERPOLATE>true</INTERPOLATE>
              <ACTIVE>false</ACTIVE>
              <VALUE>0</VALUE>
              <MIN>-100</MIN>
              <MAX>100</MAX>
              <MIN_RATE>-1000</MIN_RATE>
              <MAX_RATE>1000</MAX_RATE>
              <METRIC_UNIT></METRIC_UNIT>
              <IMPERIAL_UNIT></IMPERIAL_UNIT>
              <IMPERIAL_CONVERSION_FORMULA></IMPERIAL_CONVERSION_FORMULA>
              <METRIC_CONVERSION_FORMULA></METRIC_CONVERSION_FORMULA>
             </ENVIRONMENT_OPTION>
             <ENVIRONMENT_OPTION>
              <CATEGORY_ID>Motion</CATEGORY_ID>
              <ID>Motion Direction</ID>
              <NAME>Direction</NAME>
              <CATEGORY>Motion</CATEGORY>
              <TRANSFERENCE>5</TRANSFERENCE>
              <SHOW>false</SHOW>
              <INTERPOLATE>true</INTERPOLATE>
              <ACTIVE>false</ACTIVE>
              <VALUE>0</VALUE>
              <MIN>-100</MIN>
              <MAX>100</MAX>
              <MIN_RATE>-1000</MIN_RATE>
              <MAX_RATE>1000</MAX_RATE>
              <METRIC_UNIT>degrees</METRIC_UNIT>
              <IMPERIAL_UNIT></IMPERIAL_UNIT>
              <IMPERIAL_CONVERSION_FORMULA></IMPERIAL_CONVERSION_FORMULA>
              <METRIC_CONVERSION_FORMULA></METRIC_CONVERSION_FORMULA>
             </ENVIRONMENT_OPTION>
             <ENVIRONMENT_OPTION>
              <CATEGORY_ID>Motion</CATEGORY_ID>
              <ID>Motion Speed</ID>
              <NAME>Speed</NAME>
              <CATEGORY>Motion</CATEGORY>
              <TRANSFERENCE>5</TRANSFERENCE>
              <SHOW>false</SHOW>
              <INTERPOLATE>true</INTERPOLATE>
              <ACTIVE>false</ACTIVE>
              <VALUE>0</VALUE>
              <MIN>0</MIN>
              <MAX>100</MAX>
              <MIN_RATE>-1000</MIN_RATE>
              <MAX_RATE>1000</MAX_RATE>
              <METRIC_UNIT>kph</METRIC_UNIT>
              <IMPERIAL_UNIT>mph</IMPERIAL_UNIT>
              <IMPERIAL_CONVERSION_FORMULA>x/1.609344</IMPERIAL_CONVERSION_FORMULA>
              <METRIC_CONVERSION_FORMULA>x*1.609344</METRIC_CONVERSION_FORMULA>
             </ENVIRONMENT_OPTION>
             <ENVIRONMENT_OPTION>
              <CATEGORY_ID>Radiation</CATEGORY_ID>
              <ID>Neutron</ID>
              <NAME>Neutron</NAME>
              <CATEGORY>Radiation</CATEGORY>
              <TRANSFERENCE>5</TRANSFERENCE>
              <SHOW>false</SHOW>
              <INTERPOLATE>true</INTERPOLATE>
              <ACTIVE>false</ACTIVE>
              <VALUE>0</VALUE>
              <MIN>0</MIN>
              <MAX>100</MAX>
              <MIN_RATE>-1000</MIN_RATE>
              <MAX_RATE>1000</MAX_RATE>
              <METRIC_UNIT>%</METRIC_UNIT>
              <IMPERIAL_UNIT></IMPERIAL_UNIT>
              <IMPERIAL_CONVERSION_FORMULA></IMPERIAL_CONVERSION_FORMULA>
              <METRIC_CONVERSION_FORMULA></METRIC_CONVERSION_FORMULA>
             </ENVIRONMENT_OPTION>
             <ENVIRONMENT_OPTION>
              <CATEGORY_ID>Gases</CATEGORY_ID>
              <ID>Nitrogen</ID>
              <NAME>Nitrogen</NAME>
              <CATEGORY>Gases</CATEGORY>
              <TRANSFERENCE>5</TRANSFERENCE>
              <SHOW>true</SHOW>
              <INTERPOLATE>true</INTERPOLATE>
              <ACTIVE>false</ACTIVE>
              <VALUE>0</VALUE>
              <MIN>0</MIN>
              <MAX>100</MAX>
              <MIN_RATE>-1000</MIN_RATE>
              <MAX_RATE>1000</MAX_RATE>
              <METRIC_UNIT>%</METRIC_UNIT>
              <IMPERIAL_UNIT></IMPERIAL_UNIT>
              <IMPERIAL_CONVERSION_FORMULA></IMPERIAL_CONVERSION_FORMULA>
              <METRIC_CONVERSION_FORMULA></METRIC_CONVERSION_FORMULA>
             </ENVIRONMENT_OPTION>
             <ENVIRONMENT_OPTION>
              <CATEGORY_ID>Gases</CATEGORY_ID>
              <ID>O2</ID>
              <NAME>O&lt;sub>2&lt;/sub></NAME>
              <CATEGORY>Gases</CATEGORY>
              <TRANSFERENCE>5</TRANSFERENCE>
              <SHOW>true</SHOW>
              <INTERPOLATE>true</INTERPOLATE>
              <ACTIVE>false</ACTIVE>
              <VALUE>0</VALUE>
              <MIN>0</MIN>
              <MAX>100</MAX>
              <MIN_RATE>-1000</MIN_RATE>
              <MAX_RATE>1000</MAX_RATE>
              <METRIC_UNIT>%</METRIC_UNIT>
              <IMPERIAL_UNIT></IMPERIAL_UNIT>
              <IMPERIAL_CONVERSION_FORMULA></IMPERIAL_CONVERSION_FORMULA>
              <METRIC_CONVERSION_FORMULA></METRIC_CONVERSION_FORMULA>
             </ENVIRONMENT_OPTION>
             <ENVIRONMENT_OPTION>
              <CATEGORY_ID>Electricity</CATEGORY_ID>
              <ID>Ohms</ID>
              <NAME>Ohms</NAME>
              <CATEGORY>Electricity</CATEGORY>
              <TRANSFERENCE>5</TRANSFERENCE>
              <SHOW>false</SHOW>
              <INTERPOLATE>true</INTERPOLATE>
              <ACTIVE>false</ACTIVE>
              <VALUE>0</VALUE>
              <MIN>-100</MIN>
              <MAX>100</MAX>
              <MIN_RATE>-1000</MIN_RATE>
              <MAX_RATE>1000</MAX_RATE>
              <METRIC_UNIT>&amp;#8486;</METRIC_UNIT>
              <IMPERIAL_UNIT></IMPERIAL_UNIT>
              <IMPERIAL_CONVERSION_FORMULA></IMPERIAL_CONVERSION_FORMULA>
              <METRIC_CONVERSION_FORMULA></METRIC_CONVERSION_FORMULA>
             </ENVIRONMENT_OPTION>
             <ENVIRONMENT_OPTION>
              <CATEGORY_ID>Gases</CATEGORY_ID>
              <ID>Ozone</ID>
              <NAME>Ozone</NAME>
              <CATEGORY>Gases</CATEGORY>
              <TRANSFERENCE>5</TRANSFERENCE>
              <SHOW>false</SHOW>
              <INTERPOLATE>true</INTERPOLATE>
              <ACTIVE>false</ACTIVE>
              <VALUE>0</VALUE>
              <MIN>0</MIN>
              <MAX>100</MAX>
              <MIN_RATE>-1000</MIN_RATE>
              <MAX_RATE>1000</MAX_RATE>
              <METRIC_UNIT>%</METRIC_UNIT>
              <IMPERIAL_UNIT></IMPERIAL_UNIT>
              <IMPERIAL_CONVERSION_FORMULA></IMPERIAL_CONVERSION_FORMULA>
              <METRIC_CONVERSION_FORMULA></METRIC_CONVERSION_FORMULA>
             </ENVIRONMENT_OPTION>
             <ENVIRONMENT_OPTION>
              <CATEGORY_ID>Radiation</CATEGORY_ID>
              <ID>Photon</ID>
              <NAME>Photon</NAME>
              <CATEGORY>Radiation</CATEGORY>
              <TRANSFERENCE>5</TRANSFERENCE>
              <SHOW>false</SHOW>
              <INTERPOLATE>true</INTERPOLATE>
              <ACTIVE>false</ACTIVE>
              <VALUE>0</VALUE>
              <MIN>0</MIN>
              <MAX>100</MAX>
              <MIN_RATE>-1000</MIN_RATE>
              <MAX_RATE>1000</MAX_RATE>
              <METRIC_UNIT>%</METRIC_UNIT>
              <IMPERIAL_UNIT></IMPERIAL_UNIT>
              <IMPERIAL_CONVERSION_FORMULA></IMPERIAL_CONVERSION_FORMULA>
              <METRIC_CONVERSION_FORMULA></METRIC_CONVERSION_FORMULA>
             </ENVIRONMENT_OPTION>
             <ENVIRONMENT_OPTION>
              <CATEGORY_ID>Gases</CATEGORY_ID>
              <ID>Propane</ID>
              <NAME>Propane</NAME>
              <CATEGORY>Gases</CATEGORY>
              <TRANSFERENCE>5</TRANSFERENCE>
              <SHOW>false</SHOW>
              <INTERPOLATE>true</INTERPOLATE>
              <ACTIVE>false</ACTIVE>
              <VALUE>0</VALUE>
              <MIN>0</MIN>
              <MAX>100</MAX>
              <MIN_RATE>-1000</MIN_RATE>
              <MAX_RATE>1000</MAX_RATE>
              <METRIC_UNIT>%</METRIC_UNIT>
              <IMPERIAL_UNIT></IMPERIAL_UNIT>
              <IMPERIAL_CONVERSION_FORMULA></IMPERIAL_CONVERSION_FORMULA>
              <METRIC_CONVERSION_FORMULA></METRIC_CONVERSION_FORMULA>
             </ENVIRONMENT_OPTION>
             <ENVIRONMENT_OPTION>
              <CATEGORY_ID>Light (Sun)</CATEGORY_ID>
              <ID>Radiant Heat</ID>
              <NAME>Radiant Heat</NAME>
              <CATEGORY>Light (Sun)</CATEGORY>
              <TRANSFERENCE>5</TRANSFERENCE>
              <SHOW>true</SHOW>
              <INTERPOLATE>true</INTERPOLATE>
              <ACTIVE>false</ACTIVE>
              <VALUE>0</VALUE>
              <MIN>0</MIN>
              <MAX>100</MAX>
              <MIN_RATE>-1000</MIN_RATE>
              <MAX_RATE>1000</MAX_RATE>
              <METRIC_UNIT>%</METRIC_UNIT>
              <IMPERIAL_UNIT></IMPERIAL_UNIT>
              <IMPERIAL_CONVERSION_FORMULA></IMPERIAL_CONVERSION_FORMULA>
              <METRIC_CONVERSION_FORMULA></METRIC_CONVERSION_FORMULA>
             </ENVIRONMENT_OPTION>
             <ENVIRONMENT_OPTION>
              <CATEGORY_ID>Radiation</CATEGORY_ID>
              <ID>Radiation Level</ID>
              <NAME>Level</NAME>
              <CATEGORY>Radiation</CATEGORY>
              <TRANSFERENCE>5</TRANSFERENCE>
              <SHOW>true</SHOW>
              <INTERPOLATE>true</INTERPOLATE>
              <ACTIVE>true</ACTIVE>
              <VALUE>0</VALUE>
              <MIN>0</MIN>
              <MAX>1000</MAX>
              <MIN_RATE>-1000</MIN_RATE>
              <MAX_RATE>1000</MAX_RATE>
              <METRIC_UNIT>mrem</METRIC_UNIT>
              <IMPERIAL_UNIT></IMPERIAL_UNIT>
              <IMPERIAL_CONVERSION_FORMULA></IMPERIAL_CONVERSION_FORMULA>
              <METRIC_CONVERSION_FORMULA></METRIC_CONVERSION_FORMULA>
             </ENVIRONMENT_OPTION>
             <ENVIRONMENT_OPTION>
              <CATEGORY_ID>Water</CATEGORY_ID>
              <ID>Rain</ID>
              <NAME>Rain</NAME>
              <CATEGORY>Water</CATEGORY>
              <TRANSFERENCE>5</TRANSFERENCE>
              <SHOW>true</SHOW>
              <INTERPOLATE>true</INTERPOLATE>
              <ACTIVE>false</ACTIVE>
              <VALUE>0</VALUE>
              <MIN>-100</MIN>
              <MAX>100</MAX>
              <MIN_RATE>-1000</MIN_RATE>
              <MAX_RATE>1000</MAX_RATE>
              <METRIC_UNIT>cm</METRIC_UNIT>
              <IMPERIAL_UNIT>in</IMPERIAL_UNIT>
              <IMPERIAL_CONVERSION_FORMULA>x*0.39</IMPERIAL_CONVERSION_FORMULA>
              <METRIC_CONVERSION_FORMULA>x*2.54</METRIC_CONVERSION_FORMULA>
             </ENVIRONMENT_OPTION>
             <ENVIRONMENT_OPTION>
              <CATEGORY_ID>Temperature</CATEGORY_ID>
              <ID>Smoke</ID>
              <NAME>Smoke</NAME>
              <CATEGORY>Temperature</CATEGORY>
              <TRANSFERENCE>5</TRANSFERENCE>
              <SHOW>false</SHOW>
              <INTERPOLATE>true</INTERPOLATE>
              <ACTIVE>false</ACTIVE>
              <VALUE>0</VALUE>
              <MIN>0</MIN>
              <MAX>100</MAX>
              <MIN_RATE>-1000</MIN_RATE>
              <MAX_RATE>1000</MAX_RATE>
              <METRIC_UNIT>%</METRIC_UNIT>
              <IMPERIAL_UNIT></IMPERIAL_UNIT>
              <IMPERIAL_CONVERSION_FORMULA></IMPERIAL_CONVERSION_FORMULA>
              <METRIC_CONVERSION_FORMULA></METRIC_CONVERSION_FORMULA>
             </ENVIRONMENT_OPTION>
             <ENVIRONMENT_OPTION>
              <CATEGORY_ID>Water</CATEGORY_ID>
              <ID>Snow</ID>
              <NAME>Snow</NAME>
              <CATEGORY>Water</CATEGORY>
              <TRANSFERENCE>5</TRANSFERENCE>
              <SHOW>true</SHOW>
              <INTERPOLATE>true</INTERPOLATE>
              <ACTIVE>false</ACTIVE>
              <VALUE>0</VALUE>
              <MIN>-100</MIN>
              <MAX>100</MAX>
              <MIN_RATE>-1000</MIN_RATE>
              <MAX_RATE>1000</MAX_RATE>
              <METRIC_UNIT>cm</METRIC_UNIT>
              <IMPERIAL_UNIT>in</IMPERIAL_UNIT>
              <IMPERIAL_CONVERSION_FORMULA>x*0.39</IMPERIAL_CONVERSION_FORMULA>
              <METRIC_CONVERSION_FORMULA>x*2.54</METRIC_CONVERSION_FORMULA>
             </ENVIRONMENT_OPTION>
             <ENVIRONMENT_OPTION>
              <CATEGORY_ID>Earth Physical Features</CATEGORY_ID>
              <ID>Soil pH</ID>
              <NAME>Soil pH</NAME>
              <CATEGORY>Earth Physical Features</CATEGORY>
              <TRANSFERENCE>5</TRANSFERENCE>
              <SHOW>true</SHOW>
              <INTERPOLATE>true</INTERPOLATE>
              <ACTIVE>false</ACTIVE>
              <VALUE>0</VALUE>
              <MIN>0</MIN>
              <MAX>100</MAX>
              <MIN_RATE>-1000</MIN_RATE>
              <MAX_RATE>1000</MAX_RATE>
              <METRIC_UNIT>pH</METRIC_UNIT>
              <IMPERIAL_UNIT></IMPERIAL_UNIT>
              <IMPERIAL_CONVERSION_FORMULA></IMPERIAL_CONVERSION_FORMULA>
              <METRIC_CONVERSION_FORMULA></METRIC_CONVERSION_FORMULA>
             </ENVIRONMENT_OPTION>
             <ENVIRONMENT_OPTION>
              <CATEGORY_ID>Sound</CATEGORY_ID>
              <ID>Sound Pitch</ID>
              <NAME>Pitch</NAME>
              <CATEGORY>Sound</CATEGORY>
              <TRANSFERENCE>5</TRANSFERENCE>
              <SHOW>false</SHOW>
              <INTERPOLATE>true</INTERPOLATE>
              <ACTIVE>false</ACTIVE>
              <VALUE>0</VALUE>
              <MIN>0</MIN>
              <MAX>100</MAX>
              <MIN_RATE>-1000</MIN_RATE>
              <MAX_RATE>1000</MAX_RATE>
              <METRIC_UNIT>CPS</METRIC_UNIT>
              <IMPERIAL_UNIT></IMPERIAL_UNIT>
              <IMPERIAL_CONVERSION_FORMULA></IMPERIAL_CONVERSION_FORMULA>
              <METRIC_CONVERSION_FORMULA></METRIC_CONVERSION_FORMULA>
             </ENVIRONMENT_OPTION>
             <ENVIRONMENT_OPTION>
              <CATEGORY_ID>Sound</CATEGORY_ID>
              <ID>Sound Volume</ID>
              <NAME>Volume</NAME>
              <CATEGORY>Sound</CATEGORY>
              <TRANSFERENCE>5</TRANSFERENCE>
              <SHOW>false</SHOW>
              <INTERPOLATE>true</INTERPOLATE>
              <ACTIVE>false</ACTIVE>
              <VALUE>0</VALUE>
              <MIN>0</MIN>
              <MAX>100</MAX>
              <MIN_RATE>-1000</MIN_RATE>
              <MAX_RATE>1000</MAX_RATE>
              <METRIC_UNIT>dB</METRIC_UNIT>
              <IMPERIAL_UNIT></IMPERIAL_UNIT>
              <IMPERIAL_CONVERSION_FORMULA></IMPERIAL_CONVERSION_FORMULA>
              <METRIC_CONVERSION_FORMULA></METRIC_CONVERSION_FORMULA>
             </ENVIRONMENT_OPTION>
             <ENVIRONMENT_OPTION>
              <CATEGORY_ID>Light (Sun)</CATEGORY_ID>
              <ID>Sunlight</ID>
              <NAME>Sunlight</NAME>
              <CATEGORY>Light (Sun)</CATEGORY>
              <TRANSFERENCE>100</TRANSFERENCE>
              <SHOW>true</SHOW>
              <INTERPOLATE>true</INTERPOLATE>
              <ACTIVE>false</ACTIVE>
              <VALUE>0</VALUE>
              <MIN>0</MIN>
              <MAX>100</MAX>
              <MIN_RATE>-1000</MIN_RATE>
              <MAX_RATE>1000</MAX_RATE>
              <METRIC_UNIT>%</METRIC_UNIT>
              <IMPERIAL_UNIT></IMPERIAL_UNIT>
              <IMPERIAL_CONVERSION_FORMULA></IMPERIAL_CONVERSION_FORMULA>
              <METRIC_CONVERSION_FORMULA></METRIC_CONVERSION_FORMULA>
             </ENVIRONMENT_OPTION>
             <ENVIRONMENT_OPTION>
              <CATEGORY_ID>Energy</CATEGORY_ID>
              <ID>Torque</ID>
              <NAME>Torque</NAME>
              <CATEGORY>Energy</CATEGORY>
              <TRANSFERENCE>5</TRANSFERENCE>
              <SHOW>false</SHOW>
              <INTERPOLATE>true</INTERPOLATE>
              <ACTIVE>false</ACTIVE>
              <VALUE>0</VALUE>
              <MIN>-100</MIN>
              <MAX>100</MAX>
              <MIN_RATE>-1000</MIN_RATE>
              <MAX_RATE>1000</MAX_RATE>
              <METRIC_UNIT>m/kg</METRIC_UNIT>
              <IMPERIAL_UNIT>ft/lb</IMPERIAL_UNIT>
              <IMPERIAL_CONVERSION_FORMULA>x*1.48816</IMPERIAL_CONVERSION_FORMULA>
              <METRIC_CONVERSION_FORMULA>x*0.671969</METRIC_CONVERSION_FORMULA>
             </ENVIRONMENT_OPTION>
             <ENVIRONMENT_OPTION>
              <CATEGORY_ID>Light (Sun)</CATEGORY_ID>
              <ID>Ultraviolet</ID>
              <NAME>Ultraviolet</NAME>
              <CATEGORY>Light (Sun)</CATEGORY>
              <TRANSFERENCE>5</TRANSFERENCE>
              <SHOW>true</SHOW>
              <INTERPOLATE>true</INTERPOLATE>
              <ACTIVE>false</ACTIVE>
              <VALUE>0</VALUE>
              <MIN>0</MIN>
              <MAX>100</MAX>
              <MIN_RATE>-1000</MIN_RATE>
              <MAX_RATE>1000</MAX_RATE>
              <METRIC_UNIT>%</METRIC_UNIT>
              <IMPERIAL_UNIT></IMPERIAL_UNIT>
              <IMPERIAL_CONVERSION_FORMULA></IMPERIAL_CONVERSION_FORMULA>
              <METRIC_CONVERSION_FORMULA></METRIC_CONVERSION_FORMULA>
             </ENVIRONMENT_OPTION>
             <ENVIRONMENT_OPTION>
              <CATEGORY_ID>Light (Sun)</CATEGORY_ID>
              <ID>Visible Light</ID>
              <NAME>Visible</NAME>
              <CATEGORY>Light (Sun)</CATEGORY>
              <TRANSFERENCE>5</TRANSFERENCE>
              <SHOW>true</SHOW>
              <INTERPOLATE>true</INTERPOLATE>
              <ACTIVE>false</ACTIVE>
              <VALUE>0</VALUE>
              <MIN>0</MIN>
              <MAX>100</MAX>
              <MIN_RATE>-1000</MIN_RATE>
              <MAX_RATE>1000</MAX_RATE>
              <METRIC_UNIT>%</METRIC_UNIT>
              <IMPERIAL_UNIT></IMPERIAL_UNIT>
              <IMPERIAL_CONVERSION_FORMULA></IMPERIAL_CONVERSION_FORMULA>
              <METRIC_CONVERSION_FORMULA></METRIC_CONVERSION_FORMULA>
             </ENVIRONMENT_OPTION>
             <ENVIRONMENT_OPTION>
              <CATEGORY_ID>Electricity</CATEGORY_ID>
              <ID>Voltage</ID>
              <NAME>Voltage</NAME>
              <CATEGORY>Electricity</CATEGORY>
              <TRANSFERENCE>5</TRANSFERENCE>
              <SHOW>false</SHOW>
              <INTERPOLATE>true</INTERPOLATE>
              <ACTIVE>false</ACTIVE>
              <VALUE>0</VALUE>
              <MIN>-100</MIN>
              <MAX>100</MAX>
              <MIN_RATE>-1000</MIN_RATE>
              <MAX_RATE>1000</MAX_RATE>
              <METRIC_UNIT>V</METRIC_UNIT>
              <IMPERIAL_UNIT></IMPERIAL_UNIT>
              <IMPERIAL_CONVERSION_FORMULA></IMPERIAL_CONVERSION_FORMULA>
              <METRIC_CONVERSION_FORMULA></METRIC_CONVERSION_FORMULA>
             </ENVIRONMENT_OPTION>
             <ENVIRONMENT_OPTION>
              <CATEGORY_ID>Water</CATEGORY_ID>
              <ID>Water Level</ID>
              <NAME>Water Level</NAME>
              <CATEGORY>Water</CATEGORY>
              <TRANSFERENCE>5</TRANSFERENCE>
              <SHOW>true</SHOW>
              <INTERPOLATE>true</INTERPOLATE>
              <ACTIVE>false</ACTIVE>
              <VALUE>0</VALUE>
              <MIN>0</MIN>
              <MAX>100</MAX>
              <MIN_RATE>-1000</MIN_RATE>
              <MAX_RATE>1000</MAX_RATE>
              <METRIC_UNIT>cm</METRIC_UNIT>
              <IMPERIAL_UNIT>in</IMPERIAL_UNIT>
              <IMPERIAL_CONVERSION_FORMULA>x*0.39</IMPERIAL_CONVERSION_FORMULA>
              <METRIC_CONVERSION_FORMULA>x*2.54</METRIC_CONVERSION_FORMULA>
             </ENVIRONMENT_OPTION>
             <ENVIRONMENT_OPTION>
              <CATEGORY_ID>Water</CATEGORY_ID>
              <ID>Water Speed</ID>
              <NAME>Speed</NAME>
              <CATEGORY>Water</CATEGORY>
              <TRANSFERENCE>5</TRANSFERENCE>
              <SHOW>false</SHOW>
              <INTERPOLATE>true</INTERPOLATE>
              <ACTIVE>false</ACTIVE>
              <VALUE>0</VALUE>
              <MIN>0</MIN>
              <MAX>1000</MAX>
              <MIN_RATE>-1000</MIN_RATE>
              <MAX_RATE>1000</MAX_RATE>
              <METRIC_UNIT>kph</METRIC_UNIT>
              <IMPERIAL_UNIT>mph</IMPERIAL_UNIT>
              <IMPERIAL_CONVERSION_FORMULA>x/1.609344</IMPERIAL_CONVERSION_FORMULA>
              <METRIC_CONVERSION_FORMULA>x*1.609344</METRIC_CONVERSION_FORMULA>
             </ENVIRONMENT_OPTION>
             <ENVIRONMENT_OPTION>
              <CATEGORY_ID>Water</CATEGORY_ID>
              <ID>Water Temperature</ID>
              <NAME>Temperature</NAME>
              <CATEGORY>Water</CATEGORY>
              <TRANSFERENCE>5</TRANSFERENCE>
              <SHOW>false</SHOW>
              <INTERPOLATE>true</INTERPOLATE>
              <ACTIVE>false</ACTIVE>
              <VALUE>0</VALUE>
              <MIN>-100</MIN>
              <MAX>100</MAX>
              <MIN_RATE>-1000</MIN_RATE>
              <MAX_RATE>1000</MAX_RATE>
              <METRIC_UNIT>C</METRIC_UNIT>
              <IMPERIAL_UNIT>F</IMPERIAL_UNIT>
              <IMPERIAL_CONVERSION_FORMULA>x*(9/5)+32</IMPERIAL_CONVERSION_FORMULA>
              <METRIC_CONVERSION_FORMULA>(x-32)*(5/9)</METRIC_CONVERSION_FORMULA>
             </ENVIRONMENT_OPTION>
             <ENVIRONMENT_OPTION>
              <CATEGORY_ID>Water</CATEGORY_ID>
              <ID>Water Volume</ID>
              <NAME>Volume</NAME>
              <CATEGORY>Water</CATEGORY>
              <TRANSFERENCE>5</TRANSFERENCE>
              <SHOW>false</SHOW>
              <INTERPOLATE>true</INTERPOLATE>
              <ACTIVE>false</ACTIVE>
              <VALUE>0</VALUE>
              <MIN>0</MIN>
              <MAX>10000</MAX>
              <MIN_RATE>-1000</MIN_RATE>
              <MAX_RATE>1000</MAX_RATE>
              <METRIC_UNIT>L</METRIC_UNIT>
              <IMPERIAL_UNIT>gal</IMPERIAL_UNIT>
              <IMPERIAL_CONVERSION_FORMULA>x*0.26417</IMPERIAL_CONVERSION_FORMULA>
              <METRIC_CONVERSION_FORMULA>x/0.26417</METRIC_CONVERSION_FORMULA>
             </ENVIRONMENT_OPTION>
             <ENVIRONMENT_OPTION>
              <CATEGORY_ID>Water</CATEGORY_ID>
              <ID>Water pH</ID>
              <NAME>Water pH</NAME>
              <CATEGORY>Water</CATEGORY>
              <TRANSFERENCE>5</TRANSFERENCE>
              <SHOW>false</SHOW>
              <INTERPOLATE>true</INTERPOLATE>
              <ACTIVE>false</ACTIVE>
              <VALUE>0</VALUE>
              <MIN>0</MIN>
              <MAX>100</MAX>
              <MIN_RATE>-1000</MIN_RATE>
              <MAX_RATE>1000</MAX_RATE>
              <METRIC_UNIT>pH</METRIC_UNIT>
              <IMPERIAL_UNIT></IMPERIAL_UNIT>
              <IMPERIAL_CONVERSION_FORMULA></IMPERIAL_CONVERSION_FORMULA>
              <METRIC_CONVERSION_FORMULA></METRIC_CONVERSION_FORMULA>
             </ENVIRONMENT_OPTION>
             <ENVIRONMENT_OPTION>
              <CATEGORY_ID>Electricity</CATEGORY_ID>
              <ID>Watts</ID>
              <NAME>Watts</NAME>
              <CATEGORY>Electricity</CATEGORY>
              <TRANSFERENCE>5</TRANSFERENCE>
              <SHOW>false</SHOW>
              <INTERPOLATE>true</INTERPOLATE>
              <ACTIVE>false</ACTIVE>
              <VALUE>0</VALUE>
              <MIN>-100</MIN>
              <MAX>100</MAX>
              <MIN_RATE>-1000</MIN_RATE>
              <MAX_RATE>1000</MAX_RATE>
              <METRIC_UNIT>W</METRIC_UNIT>
              <IMPERIAL_UNIT></IMPERIAL_UNIT>
              <IMPERIAL_CONVERSION_FORMULA></IMPERIAL_CONVERSION_FORMULA>
              <METRIC_CONVERSION_FORMULA></METRIC_CONVERSION_FORMULA>
             </ENVIRONMENT_OPTION>
             <ENVIRONMENT_OPTION>
              <CATEGORY_ID>Sound</CATEGORY_ID>
              <ID>White Noise</ID>
              <NAME>White Noise</NAME>
              <CATEGORY>Sound</CATEGORY>
              <TRANSFERENCE>5</TRANSFERENCE>
              <SHOW>false</SHOW>
              <INTERPOLATE>true</INTERPOLATE>
              <ACTIVE>false</ACTIVE>
              <VALUE>0</VALUE>
              <MIN>0</MIN>
              <MAX>100</MAX>
              <MIN_RATE>-1000</MIN_RATE>
              <MAX_RATE>1000</MAX_RATE>
              <METRIC_UNIT>%</METRIC_UNIT>
              <IMPERIAL_UNIT></IMPERIAL_UNIT>
              <IMPERIAL_CONVERSION_FORMULA></IMPERIAL_CONVERSION_FORMULA>
              <METRIC_CONVERSION_FORMULA></METRIC_CONVERSION_FORMULA>
             </ENVIRONMENT_OPTION>
             <ENVIRONMENT_OPTION>
              <CATEGORY_ID>Wind</CATEGORY_ID>
              <ID>Wind Direction</ID>
              <NAME>Direction</NAME>
              <CATEGORY>Wind</CATEGORY>
              <TRANSFERENCE>5</TRANSFERENCE>
              <SHOW>true</SHOW>
              <INTERPOLATE>true</INTERPOLATE>
              <ACTIVE>false</ACTIVE>
              <VALUE>0</VALUE>
              <MIN>-100</MIN>
              <MAX>100</MAX>
              <MIN_RATE>-1000</MIN_RATE>
              <MAX_RATE>1000</MAX_RATE>
              <METRIC_UNIT>degrees</METRIC_UNIT>
              <IMPERIAL_UNIT></IMPERIAL_UNIT>
              <IMPERIAL_CONVERSION_FORMULA></IMPERIAL_CONVERSION_FORMULA>
              <METRIC_CONVERSION_FORMULA></METRIC_CONVERSION_FORMULA>
             </ENVIRONMENT_OPTION>
             <ENVIRONMENT_OPTION>
              <CATEGORY_ID>Wind</CATEGORY_ID>
              <ID>Wind Gusts</ID>
              <NAME>Variance (gusts)</NAME>
              <CATEGORY>Wind</CATEGORY>
              <TRANSFERENCE>5</TRANSFERENCE>
              <SHOW>true</SHOW>
              <INTERPOLATE>true</INTERPOLATE>
              <ACTIVE>false</ACTIVE>
              <VALUE>0</VALUE>
              <MIN>0</MIN>
              <MAX>100</MAX>
              <MIN_RATE>-1000</MIN_RATE>
              <MAX_RATE>1000</MAX_RATE>
              <METRIC_UNIT>%</METRIC_UNIT>
              <IMPERIAL_UNIT></IMPERIAL_UNIT>
              <IMPERIAL_CONVERSION_FORMULA></IMPERIAL_CONVERSION_FORMULA>
              <METRIC_CONVERSION_FORMULA></METRIC_CONVERSION_FORMULA>
             </ENVIRONMENT_OPTION>
             <ENVIRONMENT_OPTION>
              <CATEGORY_ID>Wind</CATEGORY_ID>
              <ID>Wind Speed</ID>
              <NAME>Speed</NAME>
              <CATEGORY>Wind</CATEGORY>
              <TRANSFERENCE>5</TRANSFERENCE>
              <SHOW>true</SHOW>
              <INTERPOLATE>true</INTERPOLATE>
              <ACTIVE>false</ACTIVE>
              <VALUE>0</VALUE>
              <MIN>0</MIN>
              <MAX>100</MAX>
              <MIN_RATE>-1000</MIN_RATE>
              <MAX_RATE>1000</MAX_RATE>
              <METRIC_UNIT>kph</METRIC_UNIT>
              <IMPERIAL_UNIT>mph</IMPERIAL_UNIT>
              <IMPERIAL_CONVERSION_FORMULA>x/1.609344</IMPERIAL_CONVERSION_FORMULA>
              <METRIC_CONVERSION_FORMULA>x*1.609344</METRIC_CONVERSION_FORMULA>
             </ENVIRONMENT_OPTION>
            </ENVIRONMENT_OPTIONS>
           </KEYFRAME>
           <KEYFRAME>
            <TIME>86399</TIME>
            <ENVIRONMENT_OPTIONS>
             <ENVIRONMENT_OPTION>
              <CATEGORY_ID>Radiation</CATEGORY_ID>
              <ID>Alpha</ID>
              <NAME>Alpha</NAME>
              <CATEGORY>Radiation</CATEGORY>
              <TRANSFERENCE>5</TRANSFERENCE>
              <SHOW>false</SHOW>
              <INTERPOLATE>true</INTERPOLATE>
              <ACTIVE>false</ACTIVE>
              <VALUE>0</VALUE>
              <MIN>0</MIN>
              <MAX>100</MAX>
              <MIN_RATE>-1000</MIN_RATE>
              <MAX_RATE>1000</MAX_RATE>
              <METRIC_UNIT>%</METRIC_UNIT>
              <IMPERIAL_UNIT></IMPERIAL_UNIT>
              <IMPERIAL_CONVERSION_FORMULA></IMPERIAL_CONVERSION_FORMULA>
              <METRIC_CONVERSION_FORMULA></METRIC_CONVERSION_FORMULA>
             </ENVIRONMENT_OPTION>
             <ENVIRONMENT_OPTION>
              <CATEGORY_ID>Temperature</CATEGORY_ID>
              <ID>Ambient Temperature</ID>
              <NAME>Ambient Temperature</NAME>
              <CATEGORY>Temperature</CATEGORY>
              <TRANSFERENCE>5</TRANSFERENCE>
              <SHOW>true</SHOW>
              <INTERPOLATE>true</INTERPOLATE>
              <ACTIVE>false</ACTIVE>
              <VALUE>0</VALUE>
              <MIN>-100</MIN>
              <MAX>100</MAX>
              <MIN_RATE>-0.00138889</MIN_RATE>
              <MAX_RATE>0.00138889</MAX_RATE>
              <METRIC_UNIT>C</METRIC_UNIT>
              <IMPERIAL_UNIT>F</IMPERIAL_UNIT>
              <IMPERIAL_CONVERSION_FORMULA>x*(9/5)+32</IMPERIAL_CONVERSION_FORMULA>
              <METRIC_CONVERSION_FORMULA>(x-32)*(5/9)</METRIC_CONVERSION_FORMULA>
             </ENVIRONMENT_OPTION>
             <ENVIRONMENT_OPTION>
              <CATEGORY_ID>Gases</CATEGORY_ID>
              <ID>Argon</ID>
              <NAME>Argon</NAME>
              <CATEGORY>Gases</CATEGORY>
              <TRANSFERENCE>5</TRANSFERENCE>
              <SHOW>true</SHOW>
              <INTERPOLATE>true</INTERPOLATE>
              <ACTIVE>false</ACTIVE>
              <VALUE>0</VALUE>
              <MIN>0</MIN>
              <MAX>100</MAX>
              <MIN_RATE>-1000</MIN_RATE>
              <MAX_RATE>1000</MAX_RATE>
              <METRIC_UNIT>%</METRIC_UNIT>
              <IMPERIAL_UNIT></IMPERIAL_UNIT>
              <IMPERIAL_CONVERSION_FORMULA></IMPERIAL_CONVERSION_FORMULA>
              <METRIC_CONVERSION_FORMULA></METRIC_CONVERSION_FORMULA>
             </ENVIRONMENT_OPTION>
             <ENVIRONMENT_OPTION>
              <CATEGORY_ID>Other</CATEGORY_ID>
              <ID>Atmospheric Pressure</ID>
              <NAME>Atmospheric Pressure</NAME>
              <CATEGORY>Other</CATEGORY>
              <TRANSFERENCE>5</TRANSFERENCE>
              <SHOW>true</SHOW>
              <INTERPOLATE>true</INTERPOLATE>
              <ACTIVE>false</ACTIVE>
              <VALUE>0</VALUE>
              <MIN>-100</MIN>
              <MAX>200</MAX>
              <MIN_RATE>-1000</MIN_RATE>
              <MAX_RATE>1000</MAX_RATE>
              <METRIC_UNIT>kPa</METRIC_UNIT>
              <IMPERIAL_UNIT>psi</IMPERIAL_UNIT>
              <IMPERIAL_CONVERSION_FORMULA>x*.14503773773020923</IMPERIAL_CONVERSION_FORMULA>
              <METRIC_CONVERSION_FORMULA></METRIC_CONVERSION_FORMULA>
             </ENVIRONMENT_OPTION>
             <ENVIRONMENT_OPTION>
              <CATEGORY_ID>Radiation</CATEGORY_ID>
              <ID>Beta</ID>
              <NAME>Beta</NAME>
              <CATEGORY>Radiation</CATEGORY>
              <TRANSFERENCE>5</TRANSFERENCE>
              <SHOW>false</SHOW>
              <INTERPOLATE>true</INTERPOLATE>
              <ACTIVE>false</ACTIVE>
              <VALUE>0</VALUE>
              <MIN>0</MIN>
              <MAX>100</MAX>
              <MIN_RATE>-1000</MIN_RATE>
              <MAX_RATE>1000</MAX_RATE>
              <METRIC_UNIT>%</METRIC_UNIT>
              <IMPERIAL_UNIT></IMPERIAL_UNIT>
              <IMPERIAL_CONVERSION_FORMULA></IMPERIAL_CONVERSION_FORMULA>
              <METRIC_CONVERSION_FORMULA></METRIC_CONVERSION_FORMULA>
             </ENVIRONMENT_OPTION>
             <ENVIRONMENT_OPTION>
              <CATEGORY_ID>Gases</CATEGORY_ID>
              <ID>CO</ID>
              <NAME>CO</NAME>
              <CATEGORY>Gases</CATEGORY>
              <TRANSFERENCE>5</TRANSFERENCE>
              <SHOW>true</SHOW>
              <INTERPOLATE>true</INTERPOLATE>
              <ACTIVE>false</ACTIVE>
              <VALUE>0</VALUE>
              <MIN>0</MIN>
              <MAX>100</MAX>
              <MIN_RATE>-1000</MIN_RATE>
              <MAX_RATE>1000</MAX_RATE>
              <METRIC_UNIT>%</METRIC_UNIT>
              <IMPERIAL_UNIT></IMPERIAL_UNIT>
              <IMPERIAL_CONVERSION_FORMULA></IMPERIAL_CONVERSION_FORMULA>
              <METRIC_CONVERSION_FORMULA></METRIC_CONVERSION_FORMULA>
             </ENVIRONMENT_OPTION>
             <ENVIRONMENT_OPTION>
              <CATEGORY_ID>Gases</CATEGORY_ID>
              <ID>CO2</ID>
              <NAME>CO&lt;sub>2&lt;/sub></NAME>
              <CATEGORY>Gases</CATEGORY>
              <TRANSFERENCE>5</TRANSFERENCE>
              <SHOW>true</SHOW>
              <INTERPOLATE>true</INTERPOLATE>
              <ACTIVE>false</ACTIVE>
              <VALUE>0</VALUE>
              <MIN>0</MIN>
              <MAX>100</MAX>
              <MIN_RATE>-1000</MIN_RATE>
              <MAX_RATE>1000</MAX_RATE>
              <METRIC_UNIT>%</METRIC_UNIT>
              <IMPERIAL_UNIT></IMPERIAL_UNIT>
              <IMPERIAL_CONVERSION_FORMULA></IMPERIAL_CONVERSION_FORMULA>
              <METRIC_CONVERSION_FORMULA></METRIC_CONVERSION_FORMULA>
             </ENVIRONMENT_OPTION>
             <ENVIRONMENT_OPTION>
              <CATEGORY_ID>Water</CATEGORY_ID>
              <ID>Clouds</ID>
              <NAME>Clouds</NAME>
              <CATEGORY>Water</CATEGORY>
              <TRANSFERENCE>5</TRANSFERENCE>
              <SHOW>true</SHOW>
              <INTERPOLATE>true</INTERPOLATE>
              <ACTIVE>false</ACTIVE>
              <VALUE>0</VALUE>
              <MIN>0</MIN>
              <MAX>100</MAX>
              <MIN_RATE>-1000</MIN_RATE>
              <MAX_RATE>1000</MAX_RATE>
              <METRIC_UNIT>%</METRIC_UNIT>
              <IMPERIAL_UNIT></IMPERIAL_UNIT>
              <IMPERIAL_CONVERSION_FORMULA></IMPERIAL_CONVERSION_FORMULA>
              <METRIC_CONVERSION_FORMULA></METRIC_CONVERSION_FORMULA>
             </ENVIRONMENT_OPTION>
             <ENVIRONMENT_OPTION>
              <CATEGORY_ID>Earth Physical Features</CATEGORY_ID>
              <ID>Compaction</ID>
              <NAME>Compaction</NAME>
              <CATEGORY>Earth Physical Features</CATEGORY>
              <TRANSFERENCE>5</TRANSFERENCE>
              <SHOW>false</SHOW>
              <INTERPOLATE>true</INTERPOLATE>
              <ACTIVE>false</ACTIVE>
              <VALUE>0</VALUE>
              <MIN>0</MIN>
              <MAX>100</MAX>
              <MIN_RATE>-1000</MIN_RATE>
              <MAX_RATE>1000</MAX_RATE>
              <METRIC_UNIT>Moh</METRIC_UNIT>
              <IMPERIAL_UNIT></IMPERIAL_UNIT>
              <IMPERIAL_CONVERSION_FORMULA></IMPERIAL_CONVERSION_FORMULA>
              <METRIC_CONVERSION_FORMULA></METRIC_CONVERSION_FORMULA>
             </ENVIRONMENT_OPTION>
             <ENVIRONMENT_OPTION>
              <CATEGORY_ID>Earth Physical Features</CATEGORY_ID>
              <ID>Composition Hardness</ID>
              <NAME>Composition Hardness</NAME>
              <CATEGORY>Earth Physical Features</CATEGORY>
              <TRANSFERENCE>5</TRANSFERENCE>
              <SHOW>false</SHOW>
              <INTERPOLATE>true</INTERPOLATE>
              <ACTIVE>false</ACTIVE>
              <VALUE>0</VALUE>
              <MIN>0</MIN>
              <MAX>100</MAX>
              <MIN_RATE>-1000</MIN_RATE>
              <MAX_RATE>1000</MAX_RATE>
              <METRIC_UNIT>Moh</METRIC_UNIT>
              <IMPERIAL_UNIT></IMPERIAL_UNIT>
              <IMPERIAL_CONVERSION_FORMULA></IMPERIAL_CONVERSION_FORMULA>
              <METRIC_CONVERSION_FORMULA></METRIC_CONVERSION_FORMULA>
             </ENVIRONMENT_OPTION>
             <ENVIRONMENT_OPTION>
              <CATEGORY_ID>Light (Sun)</CATEGORY_ID>
              <ID>Electromagnetic Radiation</ID>
              <NAME>Electromagnetic Radiation</NAME>
              <CATEGORY>Light (Sun)</CATEGORY>
              <TRANSFERENCE>5</TRANSFERENCE>
              <SHOW>true</SHOW>
              <INTERPOLATE>true</INTERPOLATE>
              <ACTIVE>false</ACTIVE>
              <VALUE>0</VALUE>
              <MIN>0</MIN>
              <MAX>100</MAX>
              <MIN_RATE>-1000</MIN_RATE>
              <MAX_RATE>1000</MAX_RATE>
              <METRIC_UNIT>%</METRIC_UNIT>
              <IMPERIAL_UNIT></IMPERIAL_UNIT>
              <IMPERIAL_CONVERSION_FORMULA></IMPERIAL_CONVERSION_FORMULA>
              <METRIC_CONVERSION_FORMULA></METRIC_CONVERSION_FORMULA>
             </ENVIRONMENT_OPTION>
             <ENVIRONMENT_OPTION>
              <CATEGORY_ID>Earth Physical Features</CATEGORY_ID>
              <ID>Elevation</ID>
              <NAME>Elevation</NAME>
              <CATEGORY>Earth Physical Features</CATEGORY>
              <TRANSFERENCE>5</TRANSFERENCE>
              <SHOW>true</SHOW>
              <INTERPOLATE>true</INTERPOLATE>
              <ACTIVE>false</ACTIVE>
              <VALUE>0</VALUE>
              <MIN>0</MIN>
              <MAX>100000</MAX>
              <MIN_RATE>-1000</MIN_RATE>
              <MAX_RATE>1000</MAX_RATE>
              <METRIC_UNIT>m</METRIC_UNIT>
              <IMPERIAL_UNIT>ft</IMPERIAL_UNIT>
              <IMPERIAL_CONVERSION_FORMULA>x*3.2808</IMPERIAL_CONVERSION_FORMULA>
              <METRIC_CONVERSION_FORMULA>x/3.280</METRIC_CONVERSION_FORMULA>
             </ENVIRONMENT_OPTION>
             <ENVIRONMENT_OPTION>
              <CATEGORY_ID>Temperature</CATEGORY_ID>
              <ID>Fire</ID>
              <NAME>Fire</NAME>
              <CATEGORY>Temperature</CATEGORY>
              <TRANSFERENCE>5</TRANSFERENCE>
              <SHOW>false</SHOW>
              <INTERPOLATE>true</INTERPOLATE>
              <ACTIVE>false</ACTIVE>
              <VALUE>0</VALUE>
              <MIN>0</MIN>
              <MAX>100</MAX>
              <MIN_RATE>-1000</MIN_RATE>
              <MAX_RATE>1000</MAX_RATE>
              <METRIC_UNIT></METRIC_UNIT>
              <IMPERIAL_UNIT></IMPERIAL_UNIT>
              <IMPERIAL_CONVERSION_FORMULA></IMPERIAL_CONVERSION_FORMULA>
              <METRIC_CONVERSION_FORMULA></METRIC_CONVERSION_FORMULA>
             </ENVIRONMENT_OPTION>
             <ENVIRONMENT_OPTION>
              <CATEGORY_ID>Radiation</CATEGORY_ID>
              <ID>Gamma</ID>
              <NAME>Gamma</NAME>
              <CATEGORY>Radiation</CATEGORY>
              <TRANSFERENCE>5</TRANSFERENCE>
              <SHOW>false</SHOW>
              <INTERPOLATE>true</INTERPOLATE>
              <ACTIVE>false</ACTIVE>
              <VALUE>0</VALUE>
              <MIN>0</MIN>
              <MAX>100</MAX>
              <MIN_RATE>-1000</MIN_RATE>
              <MAX_RATE>1000</MAX_RATE>
              <METRIC_UNIT>%</METRIC_UNIT>
              <IMPERIAL_UNIT></IMPERIAL_UNIT>
              <IMPERIAL_CONVERSION_FORMULA></IMPERIAL_CONVERSION_FORMULA>
              <METRIC_CONVERSION_FORMULA></METRIC_CONVERSION_FORMULA>
             </ENVIRONMENT_OPTION>
             <ENVIRONMENT_OPTION>
              <CATEGORY_ID>Gravity</CATEGORY_ID>
              <ID>Gravity</ID>
              <NAME>Gravity</NAME>
              <CATEGORY>Gravity</CATEGORY>
              <TRANSFERENCE>5</TRANSFERENCE>
              <SHOW>true</SHOW>
              <INTERPOLATE>true</INTERPOLATE>
              <ACTIVE>false</ACTIVE>
              <VALUE>0</VALUE>
              <MIN>-100</MIN>
              <MAX>100</MAX>
              <MIN_RATE>-1000</MIN_RATE>
              <MAX_RATE>1000</MAX_RATE>
              <METRIC_UNIT>m/s&lt;sup>2&lt;/sup></METRIC_UNIT>
              <IMPERIAL_UNIT>ft/s&lt;sup>2&lt;/sup></IMPERIAL_UNIT>
              <IMPERIAL_CONVERSION_FORMULA>x*3.2808399</IMPERIAL_CONVERSION_FORMULA>
              <METRIC_CONVERSION_FORMULA>x*0.3048</METRIC_CONVERSION_FORMULA>
             </ENVIRONMENT_OPTION>
             <ENVIRONMENT_OPTION>
              <CATEGORY_ID>Energy</CATEGORY_ID>
              <ID>Heat</ID>
              <NAME>Heat (BTUs)</NAME>
              <CATEGORY>Energy</CATEGORY>
              <TRANSFERENCE>5</TRANSFERENCE>
              <SHOW>false</SHOW>
              <INTERPOLATE>true</INTERPOLATE>
              <ACTIVE>false</ACTIVE>
              <VALUE>0</VALUE>
              <MIN>-100</MIN>
              <MAX>100</MAX>
              <MIN_RATE>-1000</MIN_RATE>
              <MAX_RATE>1000</MAX_RATE>
              <METRIC_UNIT>KW</METRIC_UNIT>
              <IMPERIAL_UNIT>BTU/hr</IMPERIAL_UNIT>
              <IMPERIAL_CONVERSION_FORMULA>x*0.00029307103866</IMPERIAL_CONVERSION_FORMULA>
              <METRIC_CONVERSION_FORMULA>x*3412.142</METRIC_CONVERSION_FORMULA>
             </ENVIRONMENT_OPTION>
             <ENVIRONMENT_OPTION>
              <CATEGORY_ID>Gases</CATEGORY_ID>
              <ID>Helium</ID>
              <NAME>He</NAME>
              <CATEGORY>Gases</CATEGORY>
              <TRANSFERENCE>5</TRANSFERENCE>
              <SHOW>true</SHOW>
              <INTERPOLATE>true</INTERPOLATE>
              <ACTIVE>false</ACTIVE>
              <VALUE>0</VALUE>
              <MIN>0</MIN>
              <MAX>100</MAX>
              <MIN_RATE>-1000</MIN_RATE>
              <MAX_RATE>1000</MAX_RATE>
              <METRIC_UNIT>%</METRIC_UNIT>
              <IMPERIAL_UNIT></IMPERIAL_UNIT>
              <IMPERIAL_CONVERSION_FORMULA></IMPERIAL_CONVERSION_FORMULA>
              <METRIC_CONVERSION_FORMULA></METRIC_CONVERSION_FORMULA>
             </ENVIRONMENT_OPTION>
             <ENVIRONMENT_OPTION>
              <CATEGORY_ID>Water</CATEGORY_ID>
              <ID>Humidity</ID>
              <NAME>Humidity</NAME>
              <CATEGORY>Water</CATEGORY>
              <TRANSFERENCE>5</TRANSFERENCE>
              <SHOW>true</SHOW>
              <INTERPOLATE>true</INTERPOLATE>
              <ACTIVE>false</ACTIVE>
              <VALUE>0</VALUE>
              <MIN>0</MIN>
              <MAX>100</MAX>
              <MIN_RATE>-1000</MIN_RATE>
              <MAX_RATE>1000</MAX_RATE>
              <METRIC_UNIT>%</METRIC_UNIT>
              <IMPERIAL_UNIT></IMPERIAL_UNIT>
              <IMPERIAL_CONVERSION_FORMULA></IMPERIAL_CONVERSION_FORMULA>
              <METRIC_CONVERSION_FORMULA></METRIC_CONVERSION_FORMULA>
             </ENVIRONMENT_OPTION>
             <ENVIRONMENT_OPTION>
              <CATEGORY_ID>Gases</CATEGORY_ID>
              <ID>Hydrogen</ID>
              <NAME>H</NAME>
              <CATEGORY>Gases</CATEGORY>
              <TRANSFERENCE>5</TRANSFERENCE>
              <SHOW>true</SHOW>
              <INTERPOLATE>true</INTERPOLATE>
              <ACTIVE>false</ACTIVE>
              <VALUE>0</VALUE>
              <MIN>0</MIN>
              <MAX>100</MAX>
              <MIN_RATE>-1000</MIN_RATE>
              <MAX_RATE>1000</MAX_RATE>
              <METRIC_UNIT>%</METRIC_UNIT>
              <IMPERIAL_UNIT></IMPERIAL_UNIT>
              <IMPERIAL_CONVERSION_FORMULA></IMPERIAL_CONVERSION_FORMULA>
              <METRIC_CONVERSION_FORMULA></METRIC_CONVERSION_FORMULA>
             </ENVIRONMENT_OPTION>
             <ENVIRONMENT_OPTION>
              <CATEGORY_ID>Light (Sun)</CATEGORY_ID>
              <ID>Infrared</ID>
              <NAME>Infrared</NAME>
              <CATEGORY>Light (Sun)</CATEGORY>
              <TRANSFERENCE>5</TRANSFERENCE>
              <SHOW>true</SHOW>
              <INTERPOLATE>true</INTERPOLATE>
              <ACTIVE>false</ACTIVE>
              <VALUE>0</VALUE>
              <MIN>0</MIN>
              <MAX>100</MAX>
              <MIN_RATE>-1000</MIN_RATE>
              <MAX_RATE>1000</MAX_RATE>
              <METRIC_UNIT>%</METRIC_UNIT>
              <IMPERIAL_UNIT></IMPERIAL_UNIT>
              <IMPERIAL_CONVERSION_FORMULA></IMPERIAL_CONVERSION_FORMULA>
              <METRIC_CONVERSION_FORMULA></METRIC_CONVERSION_FORMULA>
             </ENVIRONMENT_OPTION>
             <ENVIRONMENT_OPTION>
              <CATEGORY_ID>Temperature</CATEGORY_ID>
              <ID>Ionization</ID>
              <NAME>Ionization</NAME>
              <CATEGORY>Temperature</CATEGORY>
              <TRANSFERENCE>5</TRANSFERENCE>
              <SHOW>false</SHOW>
              <INTERPOLATE>true</INTERPOLATE>
              <ACTIVE>false</ACTIVE>
              <VALUE>0</VALUE>
              <MIN>0</MIN>
              <MAX>100</MAX>
              <MIN_RATE>-1000</MIN_RATE>
              <MAX_RATE>1000</MAX_RATE>
              <METRIC_UNIT>%</METRIC_UNIT>
              <IMPERIAL_UNIT></IMPERIAL_UNIT>
              <IMPERIAL_CONVERSION_FORMULA></IMPERIAL_CONVERSION_FORMULA>
              <METRIC_CONVERSION_FORMULA></METRIC_CONVERSION_FORMULA>
             </ENVIRONMENT_OPTION>
             <ENVIRONMENT_OPTION>
              <CATEGORY_ID>Light (Sun)</CATEGORY_ID>
              <ID>Luminosity</ID>
              <NAME>Luminosity</NAME>
              <CATEGORY>Light (Sun)</CATEGORY>
              <TRANSFERENCE>5</TRANSFERENCE>
              <SHOW>false</SHOW>
              <INTERPOLATE>true</INTERPOLATE>
              <ACTIVE>false</ACTIVE>
              <VALUE>0</VALUE>
              <MIN>0</MIN>
              <MAX>100</MAX>
              <MIN_RATE>-1000</MIN_RATE>
              <MAX_RATE>1000</MAX_RATE>
              <METRIC_UNIT>%</METRIC_UNIT>
              <IMPERIAL_UNIT></IMPERIAL_UNIT>
              <IMPERIAL_CONVERSION_FORMULA></IMPERIAL_CONVERSION_FORMULA>
              <METRIC_CONVERSION_FORMULA></METRIC_CONVERSION_FORMULA>
             </ENVIRONMENT_OPTION>
             <ENVIRONMENT_OPTION>
              <CATEGORY_ID>Gases</CATEGORY_ID>
              <ID>Methane</ID>
              <NAME>Methane</NAME>
              <CATEGORY>Gases</CATEGORY>
              <TRANSFERENCE>5</TRANSFERENCE>
              <SHOW>true</SHOW>
              <INTERPOLATE>true</INTERPOLATE>
              <ACTIVE>false</ACTIVE>
              <VALUE>0</VALUE>
              <MIN>0</MIN>
              <MAX>100</MAX>
              <MIN_RATE>-1000</MIN_RATE>
              <MAX_RATE>1000</MAX_RATE>
              <METRIC_UNIT>%</METRIC_UNIT>
              <IMPERIAL_UNIT></IMPERIAL_UNIT>
              <IMPERIAL_CONVERSION_FORMULA></IMPERIAL_CONVERSION_FORMULA>
              <METRIC_CONVERSION_FORMULA></METRIC_CONVERSION_FORMULA>
             </ENVIRONMENT_OPTION>
             <ENVIRONMENT_OPTION>
              <CATEGORY_ID>Gravity</CATEGORY_ID>
              <ID>Moon Phases</ID>
              <NAME>Moon Phases</NAME>
              <CATEGORY>Gravity</CATEGORY>
              <TRANSFERENCE>5</TRANSFERENCE>
              <SHOW>false</SHOW>
              <INTERPOLATE>true</INTERPOLATE>
              <ACTIVE>false</ACTIVE>
              <VALUE>0</VALUE>
              <MIN>-100</MIN>
              <MAX>100</MAX>
              <MIN_RATE>-1000</MIN_RATE>
              <MAX_RATE>1000</MAX_RATE>
              <METRIC_UNIT></METRIC_UNIT>
              <IMPERIAL_UNIT></IMPERIAL_UNIT>
              <IMPERIAL_CONVERSION_FORMULA></IMPERIAL_CONVERSION_FORMULA>
              <METRIC_CONVERSION_FORMULA></METRIC_CONVERSION_FORMULA>
             </ENVIRONMENT_OPTION>
             <ENVIRONMENT_OPTION>
              <CATEGORY_ID>Motion</CATEGORY_ID>
              <ID>Motion Direction</ID>
              <NAME>Direction</NAME>
              <CATEGORY>Motion</CATEGORY>
              <TRANSFERENCE>5</TRANSFERENCE>
              <SHOW>false</SHOW>
              <INTERPOLATE>true</INTERPOLATE>
              <ACTIVE>false</ACTIVE>
              <VALUE>0</VALUE>
              <MIN>-100</MIN>
              <MAX>100</MAX>
              <MIN_RATE>-1000</MIN_RATE>
              <MAX_RATE>1000</MAX_RATE>
              <METRIC_UNIT>degrees</METRIC_UNIT>
              <IMPERIAL_UNIT></IMPERIAL_UNIT>
              <IMPERIAL_CONVERSION_FORMULA></IMPERIAL_CONVERSION_FORMULA>
              <METRIC_CONVERSION_FORMULA></METRIC_CONVERSION_FORMULA>
             </ENVIRONMENT_OPTION>
             <ENVIRONMENT_OPTION>
              <CATEGORY_ID>Motion</CATEGORY_ID>
              <ID>Motion Speed</ID>
              <NAME>Speed</NAME>
              <CATEGORY>Motion</CATEGORY>
              <TRANSFERENCE>5</TRANSFERENCE>
              <SHOW>false</SHOW>
              <INTERPOLATE>true</INTERPOLATE>
              <ACTIVE>false</ACTIVE>
              <VALUE>0</VALUE>
              <MIN>0</MIN>
              <MAX>100</MAX>
              <MIN_RATE>-1000</MIN_RATE>
              <MAX_RATE>1000</MAX_RATE>
              <METRIC_UNIT>kph</METRIC_UNIT>
              <IMPERIAL_UNIT>mph</IMPERIAL_UNIT>
              <IMPERIAL_CONVERSION_FORMULA>x/1.609344</IMPERIAL_CONVERSION_FORMULA>
              <METRIC_CONVERSION_FORMULA>x*1.609344</METRIC_CONVERSION_FORMULA>
             </ENVIRONMENT_OPTION>
             <ENVIRONMENT_OPTION>
              <CATEGORY_ID>Radiation</CATEGORY_ID>
              <ID>Neutron</ID>
              <NAME>Neutron</NAME>
              <CATEGORY>Radiation</CATEGORY>
              <TRANSFERENCE>5</TRANSFERENCE>
              <SHOW>false</SHOW>
              <INTERPOLATE>true</INTERPOLATE>
              <ACTIVE>false</ACTIVE>
              <VALUE>0</VALUE>
              <MIN>0</MIN>
              <MAX>100</MAX>
              <MIN_RATE>-1000</MIN_RATE>
              <MAX_RATE>1000</MAX_RATE>
              <METRIC_UNIT>%</METRIC_UNIT>
              <IMPERIAL_UNIT></IMPERIAL_UNIT>
              <IMPERIAL_CONVERSION_FORMULA></IMPERIAL_CONVERSION_FORMULA>
              <METRIC_CONVERSION_FORMULA></METRIC_CONVERSION_FORMULA>
             </ENVIRONMENT_OPTION>
             <ENVIRONMENT_OPTION>
              <CATEGORY_ID>Gases</CATEGORY_ID>
              <ID>Nitrogen</ID>
              <NAME>Nitrogen</NAME>
              <CATEGORY>Gases</CATEGORY>
              <TRANSFERENCE>5</TRANSFERENCE>
              <SHOW>true</SHOW>
              <INTERPOLATE>true</INTERPOLATE>
              <ACTIVE>false</ACTIVE>
              <VALUE>0</VALUE>
              <MIN>0</MIN>
              <MAX>100</MAX>
              <MIN_RATE>-1000</MIN_RATE>
              <MAX_RATE>1000</MAX_RATE>
              <METRIC_UNIT>%</METRIC_UNIT>
              <IMPERIAL_UNIT></IMPERIAL_UNIT>
              <IMPERIAL_CONVERSION_FORMULA></IMPERIAL_CONVERSION_FORMULA>
              <METRIC_CONVERSION_FORMULA></METRIC_CONVERSION_FORMULA>
             </ENVIRONMENT_OPTION>
             <ENVIRONMENT_OPTION>
              <CATEGORY_ID>Gases</CATEGORY_ID>
              <ID>O2</ID>
              <NAME>O&lt;sub>2&lt;/sub></NAME>
              <CATEGORY>Gases</CATEGORY>
              <TRANSFERENCE>5</TRANSFERENCE>
              <SHOW>true</SHOW>
              <INTERPOLATE>true</INTERPOLATE>
              <ACTIVE>false</ACTIVE>
              <VALUE>0</VALUE>
              <MIN>0</MIN>
              <MAX>100</MAX>
              <MIN_RATE>-1000</MIN_RATE>
              <MAX_RATE>1000</MAX_RATE>
              <METRIC_UNIT>%</METRIC_UNIT>
              <IMPERIAL_UNIT></IMPERIAL_UNIT>
              <IMPERIAL_CONVERSION_FORMULA></IMPERIAL_CONVERSION_FORMULA>
              <METRIC_CONVERSION_FORMULA></METRIC_CONVERSION_FORMULA>
             </ENVIRONMENT_OPTION>
             <ENVIRONMENT_OPTION>
              <CATEGORY_ID>Electricity</CATEGORY_ID>
              <ID>Ohms</ID>
              <NAME>Ohms</NAME>
              <CATEGORY>Electricity</CATEGORY>
              <TRANSFERENCE>5</TRANSFERENCE>
              <SHOW>false</SHOW>
              <INTERPOLATE>true</INTERPOLATE>
              <ACTIVE>false</ACTIVE>
              <VALUE>0</VALUE>
              <MIN>-100</MIN>
              <MAX>100</MAX>
              <MIN_RATE>-1000</MIN_RATE>
              <MAX_RATE>1000</MAX_RATE>
              <METRIC_UNIT>&amp;#8486;</METRIC_UNIT>
              <IMPERIAL_UNIT></IMPERIAL_UNIT>
              <IMPERIAL_CONVERSION_FORMULA></IMPERIAL_CONVERSION_FORMULA>
              <METRIC_CONVERSION_FORMULA></METRIC_CONVERSION_FORMULA>
             </ENVIRONMENT_OPTION>
             <ENVIRONMENT_OPTION>
              <CATEGORY_ID>Gases</CATEGORY_ID>
              <ID>Ozone</ID>
              <NAME>Ozone</NAME>
              <CATEGORY>Gases</CATEGORY>
              <TRANSFERENCE>5</TRANSFERENCE>
              <SHOW>false</SHOW>
              <INTERPOLATE>true</INTERPOLATE>
              <ACTIVE>false</ACTIVE>
              <VALUE>0</VALUE>
              <MIN>0</MIN>
              <MAX>100</MAX>
              <MIN_RATE>-1000</MIN_RATE>
              <MAX_RATE>1000</MAX_RATE>
              <METRIC_UNIT>%</METRIC_UNIT>
              <IMPERIAL_UNIT></IMPERIAL_UNIT>
              <IMPERIAL_CONVERSION_FORMULA></IMPERIAL_CONVERSION_FORMULA>
              <METRIC_CONVERSION_FORMULA></METRIC_CONVERSION_FORMULA>
             </ENVIRONMENT_OPTION>
             <ENVIRONMENT_OPTION>
              <CATEGORY_ID>Radiation</CATEGORY_ID>
              <ID>Photon</ID>
              <NAME>Photon</NAME>
              <CATEGORY>Radiation</CATEGORY>
              <TRANSFERENCE>5</TRANSFERENCE>
              <SHOW>false</SHOW>
              <INTERPOLATE>true</INTERPOLATE>
              <ACTIVE>false</ACTIVE>
              <VALUE>0</VALUE>
              <MIN>0</MIN>
              <MAX>100</MAX>
              <MIN_RATE>-1000</MIN_RATE>
              <MAX_RATE>1000</MAX_RATE>
              <METRIC_UNIT>%</METRIC_UNIT>
              <IMPERIAL_UNIT></IMPERIAL_UNIT>
              <IMPERIAL_CONVERSION_FORMULA></IMPERIAL_CONVERSION_FORMULA>
              <METRIC_CONVERSION_FORMULA></METRIC_CONVERSION_FORMULA>
             </ENVIRONMENT_OPTION>
             <ENVIRONMENT_OPTION>
              <CATEGORY_ID>Gases</CATEGORY_ID>
              <ID>Propane</ID>
              <NAME>Propane</NAME>
              <CATEGORY>Gases</CATEGORY>
              <TRANSFERENCE>5</TRANSFERENCE>
              <SHOW>false</SHOW>
              <INTERPOLATE>true</INTERPOLATE>
              <ACTIVE>false</ACTIVE>
              <VALUE>0</VALUE>
              <MIN>0</MIN>
              <MAX>100</MAX>
              <MIN_RATE>-1000</MIN_RATE>
              <MAX_RATE>1000</MAX_RATE>
              <METRIC_UNIT>%</METRIC_UNIT>
              <IMPERIAL_UNIT></IMPERIAL_UNIT>
              <IMPERIAL_CONVERSION_FORMULA></IMPERIAL_CONVERSION_FORMULA>
              <METRIC_CONVERSION_FORMULA></METRIC_CONVERSION_FORMULA>
             </ENVIRONMENT_OPTION>
             <ENVIRONMENT_OPTION>
              <CATEGORY_ID>Light (Sun)</CATEGORY_ID>
              <ID>Radiant Heat</ID>
              <NAME>Radiant Heat</NAME>
              <CATEGORY>Light (Sun)</CATEGORY>
              <TRANSFERENCE>5</TRANSFERENCE>
              <SHOW>true</SHOW>
              <INTERPOLATE>true</INTERPOLATE>
              <ACTIVE>false</ACTIVE>
              <VALUE>0</VALUE>
              <MIN>0</MIN>
              <MAX>100</MAX>
              <MIN_RATE>-1000</MIN_RATE>
              <MAX_RATE>1000</MAX_RATE>
              <METRIC_UNIT>%</METRIC_UNIT>
              <IMPERIAL_UNIT></IMPERIAL_UNIT>
              <IMPERIAL_CONVERSION_FORMULA></IMPERIAL_CONVERSION_FORMULA>
              <METRIC_CONVERSION_FORMULA></METRIC_CONVERSION_FORMULA>
             </ENVIRONMENT_OPTION>
             <ENVIRONMENT_OPTION>
              <CATEGORY_ID>Radiation</CATEGORY_ID>
              <ID>Radiation Level</ID>
              <NAME>Level</NAME>
              <CATEGORY>Radiation</CATEGORY>
              <TRANSFERENCE>5</TRANSFERENCE>
              <SHOW>true</SHOW>
              <INTERPOLATE>true</INTERPOLATE>
              <ACTIVE>true</ACTIVE>
              <VALUE>0</VALUE>
              <MIN>0</MIN>
              <MAX>1000</MAX>
              <MIN_RATE>-1000</MIN_RATE>
              <MAX_RATE>1000</MAX_RATE>
              <METRIC_UNIT>mrem</METRIC_UNIT>
              <IMPERIAL_UNIT></IMPERIAL_UNIT>
              <IMPERIAL_CONVERSION_FORMULA></IMPERIAL_CONVERSION_FORMULA>
              <METRIC_CONVERSION_FORMULA></METRIC_CONVERSION_FORMULA>
             </ENVIRONMENT_OPTION>
             <ENVIRONMENT_OPTION>
              <CATEGORY_ID>Water</CATEGORY_ID>
              <ID>Rain</ID>
              <NAME>Rain</NAME>
              <CATEGORY>Water</CATEGORY>
              <TRANSFERENCE>5</TRANSFERENCE>
              <SHOW>true</SHOW>
              <INTERPOLATE>true</INTERPOLATE>
              <ACTIVE>false</ACTIVE>
              <VALUE>0</VALUE>
              <MIN>-100</MIN>
              <MAX>100</MAX>
              <MIN_RATE>-1000</MIN_RATE>
              <MAX_RATE>1000</MAX_RATE>
              <METRIC_UNIT>cm</METRIC_UNIT>
              <IMPERIAL_UNIT>in</IMPERIAL_UNIT>
              <IMPERIAL_CONVERSION_FORMULA>x*0.39</IMPERIAL_CONVERSION_FORMULA>
              <METRIC_CONVERSION_FORMULA>x*2.54</METRIC_CONVERSION_FORMULA>
             </ENVIRONMENT_OPTION>
             <ENVIRONMENT_OPTION>
              <CATEGORY_ID>Temperature</CATEGORY_ID>
              <ID>Smoke</ID>
              <NAME>Smoke</NAME>
              <CATEGORY>Temperature</CATEGORY>
              <TRANSFERENCE>5</TRANSFERENCE>
              <SHOW>false</SHOW>
              <INTERPOLATE>true</INTERPOLATE>
              <ACTIVE>false</ACTIVE>
              <VALUE>0</VALUE>
              <MIN>0</MIN>
              <MAX>100</MAX>
              <MIN_RATE>-1000</MIN_RATE>
              <MAX_RATE>1000</MAX_RATE>
              <METRIC_UNIT>%</METRIC_UNIT>
              <IMPERIAL_UNIT></IMPERIAL_UNIT>
              <IMPERIAL_CONVERSION_FORMULA></IMPERIAL_CONVERSION_FORMULA>
              <METRIC_CONVERSION_FORMULA></METRIC_CONVERSION_FORMULA>
             </ENVIRONMENT_OPTION>
             <ENVIRONMENT_OPTION>
              <CATEGORY_ID>Water</CATEGORY_ID>
              <ID>Snow</ID>
              <NAME>Snow</NAME>
              <CATEGORY>Water</CATEGORY>
              <TRANSFERENCE>5</TRANSFERENCE>
              <SHOW>true</SHOW>
              <INTERPOLATE>true</INTERPOLATE>
              <ACTIVE>false</ACTIVE>
              <VALUE>0</VALUE>
              <MIN>-100</MIN>
              <MAX>100</MAX>
              <MIN_RATE>-1000</MIN_RATE>
              <MAX_RATE>1000</MAX_RATE>
              <METRIC_UNIT>cm</METRIC_UNIT>
              <IMPERIAL_UNIT>in</IMPERIAL_UNIT>
              <IMPERIAL_CONVERSION_FORMULA>x*0.39</IMPERIAL_CONVERSION_FORMULA>
              <METRIC_CONVERSION_FORMULA>x*2.54</METRIC_CONVERSION_FORMULA>
             </ENVIRONMENT_OPTION>
             <ENVIRONMENT_OPTION>
              <CATEGORY_ID>Earth Physical Features</CATEGORY_ID>
              <ID>Soil pH</ID>
              <NAME>Soil pH</NAME>
              <CATEGORY>Earth Physical Features</CATEGORY>
              <TRANSFERENCE>5</TRANSFERENCE>
              <SHOW>true</SHOW>
              <INTERPOLATE>true</INTERPOLATE>
              <ACTIVE>false</ACTIVE>
              <VALUE>0</VALUE>
              <MIN>0</MIN>
              <MAX>100</MAX>
              <MIN_RATE>-1000</MIN_RATE>
              <MAX_RATE>1000</MAX_RATE>
              <METRIC_UNIT>pH</METRIC_UNIT>
              <IMPERIAL_UNIT></IMPERIAL_UNIT>
              <IMPERIAL_CONVERSION_FORMULA></IMPERIAL_CONVERSION_FORMULA>
              <METRIC_CONVERSION_FORMULA></METRIC_CONVERSION_FORMULA>
             </ENVIRONMENT_OPTION>
             <ENVIRONMENT_OPTION>
              <CATEGORY_ID>Sound</CATEGORY_ID>
              <ID>Sound Pitch</ID>
              <NAME>Pitch</NAME>
              <CATEGORY>Sound</CATEGORY>
              <TRANSFERENCE>5</TRANSFERENCE>
              <SHOW>false</SHOW>
              <INTERPOLATE>true</INTERPOLATE>
              <ACTIVE>false</ACTIVE>
              <VALUE>0</VALUE>
              <MIN>0</MIN>
              <MAX>100</MAX>
              <MIN_RATE>-1000</MIN_RATE>
              <MAX_RATE>1000</MAX_RATE>
              <METRIC_UNIT>CPS</METRIC_UNIT>
              <IMPERIAL_UNIT></IMPERIAL_UNIT>
              <IMPERIAL_CONVERSION_FORMULA></IMPERIAL_CONVERSION_FORMULA>
              <METRIC_CONVERSION_FORMULA></METRIC_CONVERSION_FORMULA>
             </ENVIRONMENT_OPTION>
             <ENVIRONMENT_OPTION>
              <CATEGORY_ID>Sound</CATEGORY_ID>
              <ID>Sound Volume</ID>
              <NAME>Volume</NAME>
              <CATEGORY>Sound</CATEGORY>
              <TRANSFERENCE>5</TRANSFERENCE>
              <SHOW>false</SHOW>
              <INTERPOLATE>true</INTERPOLATE>
              <ACTIVE>false</ACTIVE>
              <VALUE>0</VALUE>
              <MIN>0</MIN>
              <MAX>100</MAX>
              <MIN_RATE>-1000</MIN_RATE>
              <MAX_RATE>1000</MAX_RATE>
              <METRIC_UNIT>dB</METRIC_UNIT>
              <IMPERIAL_UNIT></IMPERIAL_UNIT>
              <IMPERIAL_CONVERSION_FORMULA></IMPERIAL_CONVERSION_FORMULA>
              <METRIC_CONVERSION_FORMULA></METRIC_CONVERSION_FORMULA>
             </ENVIRONMENT_OPTION>
             <ENVIRONMENT_OPTION>
              <CATEGORY_ID>Light (Sun)</CATEGORY_ID>
              <ID>Sunlight</ID>
              <NAME>Sunlight</NAME>
              <CATEGORY>Light (Sun)</CATEGORY>
              <TRANSFERENCE>100</TRANSFERENCE>
              <SHOW>true</SHOW>
              <INTERPOLATE>true</INTERPOLATE>
              <ACTIVE>false</ACTIVE>
              <VALUE>0</VALUE>
              <MIN>0</MIN>
              <MAX>100</MAX>
              <MIN_RATE>-1000</MIN_RATE>
              <MAX_RATE>1000</MAX_RATE>
              <METRIC_UNIT>%</METRIC_UNIT>
              <IMPERIAL_UNIT></IMPERIAL_UNIT>
              <IMPERIAL_CONVERSION_FORMULA></IMPERIAL_CONVERSION_FORMULA>
              <METRIC_CONVERSION_FORMULA></METRIC_CONVERSION_FORMULA>
             </ENVIRONMENT_OPTION>
             <ENVIRONMENT_OPTION>
              <CATEGORY_ID>Energy</CATEGORY_ID>
              <ID>Torque</ID>
              <NAME>Torque</NAME>
              <CATEGORY>Energy</CATEGORY>
              <TRANSFERENCE>5</TRANSFERENCE>
              <SHOW>false</SHOW>
              <INTERPOLATE>true</INTERPOLATE>
              <ACTIVE>false</ACTIVE>
              <VALUE>0</VALUE>
              <MIN>-100</MIN>
              <MAX>100</MAX>
              <MIN_RATE>-1000</MIN_RATE>
              <MAX_RATE>1000</MAX_RATE>
              <METRIC_UNIT>m/kg</METRIC_UNIT>
              <IMPERIAL_UNIT>ft/lb</IMPERIAL_UNIT>
              <IMPERIAL_CONVERSION_FORMULA>x*1.48816</IMPERIAL_CONVERSION_FORMULA>
              <METRIC_CONVERSION_FORMULA>x*0.671969</METRIC_CONVERSION_FORMULA>
             </ENVIRONMENT_OPTION>
             <ENVIRONMENT_OPTION>
              <CATEGORY_ID>Light (Sun)</CATEGORY_ID>
              <ID>Ultraviolet</ID>
              <NAME>Ultraviolet</NAME>
              <CATEGORY>Light (Sun)</CATEGORY>
              <TRANSFERENCE>5</TRANSFERENCE>
              <SHOW>true</SHOW>
              <INTERPOLATE>true</INTERPOLATE>
              <ACTIVE>false</ACTIVE>
              <VALUE>0</VALUE>
              <MIN>0</MIN>
              <MAX>100</MAX>
              <MIN_RATE>-1000</MIN_RATE>
              <MAX_RATE>1000</MAX_RATE>
              <METRIC_UNIT>%</METRIC_UNIT>
              <IMPERIAL_UNIT></IMPERIAL_UNIT>
              <IMPERIAL_CONVERSION_FORMULA></IMPERIAL_CONVERSION_FORMULA>
              <METRIC_CONVERSION_FORMULA></METRIC_CONVERSION_FORMULA>
             </ENVIRONMENT_OPTION>
             <ENVIRONMENT_OPTION>
              <CATEGORY_ID>Light (Sun)</CATEGORY_ID>
              <ID>Visible Light</ID>
              <NAME>Visible</NAME>
              <CATEGORY>Light (Sun)</CATEGORY>
              <TRANSFERENCE>5</TRANSFERENCE>
              <SHOW>true</SHOW>
              <INTERPOLATE>true</INTERPOLATE>
              <ACTIVE>false</ACTIVE>
              <VALUE>0</VALUE>
              <MIN>0</MIN>
              <MAX>100</MAX>
              <MIN_RATE>-1000</MIN_RATE>
              <MAX_RATE>1000</MAX_RATE>
              <METRIC_UNIT>%</METRIC_UNIT>
              <IMPERIAL_UNIT></IMPERIAL_UNIT>
              <IMPERIAL_CONVERSION_FORMULA></IMPERIAL_CONVERSION_FORMULA>
              <METRIC_CONVERSION_FORMULA></METRIC_CONVERSION_FORMULA>
             </ENVIRONMENT_OPTION>
             <ENVIRONMENT_OPTION>
              <CATEGORY_ID>Electricity</CATEGORY_ID>
              <ID>Voltage</ID>
              <NAME>Voltage</NAME>
              <CATEGORY>Electricity</CATEGORY>
              <TRANSFERENCE>5</TRANSFERENCE>
              <SHOW>false</SHOW>
              <INTERPOLATE>true</INTERPOLATE>
              <ACTIVE>false</ACTIVE>
              <VALUE>0</VALUE>
              <MIN>-100</MIN>
              <MAX>100</MAX>
              <MIN_RATE>-1000</MIN_RATE>
              <MAX_RATE>1000</MAX_RATE>
              <METRIC_UNIT>V</METRIC_UNIT>
              <IMPERIAL_UNIT></IMPERIAL_UNIT>
              <IMPERIAL_CONVERSION_FORMULA></IMPERIAL_CONVERSION_FORMULA>
              <METRIC_CONVERSION_FORMULA></METRIC_CONVERSION_FORMULA>
             </ENVIRONMENT_OPTION>
             <ENVIRONMENT_OPTION>
              <CATEGORY_ID>Water</CATEGORY_ID>
              <ID>Water Level</ID>
              <NAME>Water Level</NAME>
              <CATEGORY>Water</CATEGORY>
              <TRANSFERENCE>5</TRANSFERENCE>
              <SHOW>true</SHOW>
              <INTERPOLATE>true</INTERPOLATE>
              <ACTIVE>false</ACTIVE>
              <VALUE>0</VALUE>
              <MIN>0</MIN>
              <MAX>100</MAX>
              <MIN_RATE>-1000</MIN_RATE>
              <MAX_RATE>1000</MAX_RATE>
              <METRIC_UNIT>cm</METRIC_UNIT>
              <IMPERIAL_UNIT>in</IMPERIAL_UNIT>
              <IMPERIAL_CONVERSION_FORMULA>x*0.39</IMPERIAL_CONVERSION_FORMULA>
              <METRIC_CONVERSION_FORMULA>x*2.54</METRIC_CONVERSION_FORMULA>
             </ENVIRONMENT_OPTION>
             <ENVIRONMENT_OPTION>
              <CATEGORY_ID>Water</CATEGORY_ID>
              <ID>Water Speed</ID>
              <NAME>Speed</NAME>
              <CATEGORY>Water</CATEGORY>
              <TRANSFERENCE>5</TRANSFERENCE>
              <SHOW>false</SHOW>
              <INTERPOLATE>true</INTERPOLATE>
              <ACTIVE>false</ACTIVE>
              <VALUE>0</VALUE>
              <MIN>0</MIN>
              <MAX>1000</MAX>
              <MIN_RATE>-1000</MIN_RATE>
              <MAX_RATE>1000</MAX_RATE>
              <METRIC_UNIT>kph</METRIC_UNIT>
              <IMPERIAL_UNIT>mph</IMPERIAL_UNIT>
              <IMPERIAL_CONVERSION_FORMULA>x/1.609344</IMPERIAL_CONVERSION_FORMULA>
              <METRIC_CONVERSION_FORMULA>x*1.609344</METRIC_CONVERSION_FORMULA>
             </ENVIRONMENT_OPTION>
             <ENVIRONMENT_OPTION>
              <CATEGORY_ID>Water</CATEGORY_ID>
              <ID>Water Temperature</ID>
              <NAME>Temperature</NAME>
              <CATEGORY>Water</CATEGORY>
              <TRANSFERENCE>5</TRANSFERENCE>
              <SHOW>false</SHOW>
              <INTERPOLATE>true</INTERPOLATE>
              <ACTIVE>false</ACTIVE>
              <VALUE>0</VALUE>
              <MIN>-100</MIN>
              <MAX>100</MAX>
              <MIN_RATE>-1000</MIN_RATE>
              <MAX_RATE>1000</MAX_RATE>
              <METRIC_UNIT>C</METRIC_UNIT>
              <IMPERIAL_UNIT>F</IMPERIAL_UNIT>
              <IMPERIAL_CONVERSION_FORMULA>x*(9/5)+32</IMPERIAL_CONVERSION_FORMULA>
              <METRIC_CONVERSION_FORMULA>(x-32)*(5/9)</METRIC_CONVERSION_FORMULA>
             </ENVIRONMENT_OPTION>
             <ENVIRONMENT_OPTION>
              <CATEGORY_ID>Water</CATEGORY_ID>
              <ID>Water Volume</ID>
              <NAME>Volume</NAME>
              <CATEGORY>Water</CATEGORY>
              <TRANSFERENCE>5</TRANSFERENCE>
              <SHOW>false</SHOW>
              <INTERPOLATE>true</INTERPOLATE>
              <ACTIVE>false</ACTIVE>
              <VALUE>0</VALUE>
              <MIN>0</MIN>
              <MAX>10000</MAX>
              <MIN_RATE>-1000</MIN_RATE>
              <MAX_RATE>1000</MAX_RATE>
              <METRIC_UNIT>L</METRIC_UNIT>
              <IMPERIAL_UNIT>gal</IMPERIAL_UNIT>
              <IMPERIAL_CONVERSION_FORMULA>x*0.26417</IMPERIAL_CONVERSION_FORMULA>
              <METRIC_CONVERSION_FORMULA>x/0.26417</METRIC_CONVERSION_FORMULA>
             </ENVIRONMENT_OPTION>
             <ENVIRONMENT_OPTION>
              <CATEGORY_ID>Water</CATEGORY_ID>
              <ID>Water pH</ID>
              <NAME>Water pH</NAME>
              <CATEGORY>Water</CATEGORY>
              <TRANSFERENCE>5</TRANSFERENCE>
              <SHOW>false</SHOW>
              <INTERPOLATE>true</INTERPOLATE>
              <ACTIVE>false</ACTIVE>
              <VALUE>0</VALUE>
              <MIN>0</MIN>
              <MAX>100</MAX>
              <MIN_RATE>-1000</MIN_RATE>
              <MAX_RATE>1000</MAX_RATE>
              <METRIC_UNIT>pH</METRIC_UNIT>
              <IMPERIAL_UNIT></IMPERIAL_UNIT>
              <IMPERIAL_CONVERSION_FORMULA></IMPERIAL_CONVERSION_FORMULA>
              <METRIC_CONVERSION_FORMULA></METRIC_CONVERSION_FORMULA>
             </ENVIRONMENT_OPTION>
             <ENVIRONMENT_OPTION>
              <CATEGORY_ID>Electricity</CATEGORY_ID>
              <ID>Watts</ID>
              <NAME>Watts</NAME>
              <CATEGORY>Electricity</CATEGORY>
              <TRANSFERENCE>5</TRANSFERENCE>
              <SHOW>false</SHOW>
              <INTERPOLATE>true</INTERPOLATE>
              <ACTIVE>false</ACTIVE>
              <VALUE>0</VALUE>
              <MIN>-100</MIN>
              <MAX>100</MAX>
              <MIN_RATE>-1000</MIN_RATE>
              <MAX_RATE>1000</MAX_RATE>
              <METRIC_UNIT>W</METRIC_UNIT>
              <IMPERIAL_UNIT></IMPERIAL_UNIT>
              <IMPERIAL_CONVERSION_FORMULA></IMPERIAL_CONVERSION_FORMULA>
              <METRIC_CONVERSION_FORMULA></METRIC_CONVERSION_FORMULA>
             </ENVIRONMENT_OPTION>
             <ENVIRONMENT_OPTION>
              <CATEGORY_ID>Sound</CATEGORY_ID>
              <ID>White Noise</ID>
              <NAME>White Noise</NAME>
              <CATEGORY>Sound</CATEGORY>
              <TRANSFERENCE>5</TRANSFERENCE>
              <SHOW>false</SHOW>
              <INTERPOLATE>true</INTERPOLATE>
              <ACTIVE>false</ACTIVE>
              <VALUE>0</VALUE>
              <MIN>0</MIN>
              <MAX>100</MAX>
              <MIN_RATE>-1000</MIN_RATE>
              <MAX_RATE>1000</MAX_RATE>
              <METRIC_UNIT>%</METRIC_UNIT>
              <IMPERIAL_UNIT></IMPERIAL_UNIT>
              <IMPERIAL_CONVERSION_FORMULA></IMPERIAL_CONVERSION_FORMULA>
              <METRIC_CONVERSION_FORMULA></METRIC_CONVERSION_FORMULA>
             </ENVIRONMENT_OPTION>
             <ENVIRONMENT_OPTION>
              <CATEGORY_ID>Wind</CATEGORY_ID>
              <ID>Wind Direction</ID>
              <NAME>Direction</NAME>
              <CATEGORY>Wind</CATEGORY>
              <TRANSFERENCE>5</TRANSFERENCE>
              <SHOW>true</SHOW>
              <INTERPOLATE>true</INTERPOLATE>
              <ACTIVE>false</ACTIVE>
              <VALUE>0</VALUE>
              <MIN>-100</MIN>
              <MAX>100</MAX>
              <MIN_RATE>-1000</MIN_RATE>
              <MAX_RATE>1000</MAX_RATE>
              <METRIC_UNIT>degrees</METRIC_UNIT>
              <IMPERIAL_UNIT></IMPERIAL_UNIT>
              <IMPERIAL_CONVERSION_FORMULA></IMPERIAL_CONVERSION_FORMULA>
              <METRIC_CONVERSION_FORMULA></METRIC_CONVERSION_FORMULA>
             </ENVIRONMENT_OPTION>
             <ENVIRONMENT_OPTION>
              <CATEGORY_ID>Wind</CATEGORY_ID>
              <ID>Wind Gusts</ID>
              <NAME>Variance (gusts)</NAME>
              <CATEGORY>Wind</CATEGORY>
              <TRANSFERENCE>5</TRANSFERENCE>
              <SHOW>true</SHOW>
              <INTERPOLATE>true</INTERPOLATE>
              <ACTIVE>false</ACTIVE>
              <VALUE>0</VALUE>
              <MIN>0</MIN>
              <MAX>100</MAX>
              <MIN_RATE>-1000</MIN_RATE>
              <MAX_RATE>1000</MAX_RATE>
              <METRIC_UNIT>%</METRIC_UNIT>
              <IMPERIAL_UNIT></IMPERIAL_UNIT>
              <IMPERIAL_CONVERSION_FORMULA></IMPERIAL_CONVERSION_FORMULA>
              <METRIC_CONVERSION_FORMULA></METRIC_CONVERSION_FORMULA>
             </ENVIRONMENT_OPTION>
             <ENVIRONMENT_OPTION>
              <CATEGORY_ID>Wind</CATEGORY_ID>
              <ID>Wind Speed</ID>
              <NAME>Speed</NAME>
              <CATEGORY>Wind</CATEGORY>
              <TRANSFERENCE>5</TRANSFERENCE>
              <SHOW>true</SHOW>
              <INTERPOLATE>true</INTERPOLATE>
              <ACTIVE>false</ACTIVE>
              <VALUE>0</VALUE>
              <MIN>0</MIN>
              <MAX>100</MAX>
              <MIN_RATE>-1000</MIN_RATE>
              <MAX_RATE>1000</MAX_RATE>
              <METRIC_UNIT>kph</METRIC_UNIT>
              <IMPERIAL_UNIT>mph</IMPERIAL_UNIT>
              <IMPERIAL_CONVERSION_FORMULA>x/1.609344</IMPERIAL_CONVERSION_FORMULA>
              <METRIC_CONVERSION_FORMULA>x*1.609344</METRIC_CONVERSION_FORMULA>
             </ENVIRONMENT_OPTION>
            </ENVIRONMENT_OPTIONS>
           </KEYFRAME>
          </KEYFRAMES>
          <ENVIRONMENT_OPTIONS>
           <ENVIRONMENT_OPTION>
            <CATEGORY_ID>Radiation</CATEGORY_ID>
            <ID>Alpha</ID>
            <NAME>Alpha</NAME>
            <CATEGORY>Radiation</CATEGORY>
            <TRANSFERENCE>5</TRANSFERENCE>
            <SHOW>false</SHOW>
            <INTERPOLATE>true</INTERPOLATE>
            <ACTIVE>false</ACTIVE>
            <VALUE>0</VALUE>
            <MIN>0</MIN>
            <MAX>100</MAX>
            <MIN_RATE>-1000</MIN_RATE>
            <MAX_RATE>1000</MAX_RATE>
            <METRIC_UNIT>%</METRIC_UNIT>
            <IMPERIAL_UNIT></IMPERIAL_UNIT>
            <IMPERIAL_CONVERSION_FORMULA></IMPERIAL_CONVERSION_FORMULA>
            <METRIC_CONVERSION_FORMULA></METRIC_CONVERSION_FORMULA>
           </ENVIRONMENT_OPTION>
           <ENVIRONMENT_OPTION>
            <CATEGORY_ID>Temperature</CATEGORY_ID>
            <ID>Ambient Temperature</ID>
            <NAME>Ambient Temperature</NAME>
            <CATEGORY>Temperature</CATEGORY>
            <TRANSFERENCE>5</TRANSFERENCE>
            <SHOW>true</SHOW>
            <INTERPOLATE>true</INTERPOLATE>
            <ACTIVE>false</ACTIVE>
            <VALUE>0</VALUE>
            <MIN>-100</MIN>
            <MAX>100</MAX>
            <MIN_RATE>-0.00138889</MIN_RATE>
            <MAX_RATE>0.00138889</MAX_RATE>
            <METRIC_UNIT>C</METRIC_UNIT>
            <IMPERIAL_UNIT>F</IMPERIAL_UNIT>
            <IMPERIAL_CONVERSION_FORMULA>x*(9/5)+32</IMPERIAL_CONVERSION_FORMULA>
            <METRIC_CONVERSION_FORMULA>(x-32)*(5/9)</METRIC_CONVERSION_FORMULA>
           </ENVIRONMENT_OPTION>
           <ENVIRONMENT_OPTION>
            <CATEGORY_ID>Gases</CATEGORY_ID>
            <ID>Argon</ID>
            <NAME>Argon</NAME>
            <CATEGORY>Gases</CATEGORY>
            <TRANSFERENCE>5</TRANSFERENCE>
            <SHOW>true</SHOW>
            <INTERPOLATE>true</INTERPOLATE>
            <ACTIVE>false</ACTIVE>
            <VALUE>0.934</VALUE>
            <MIN>0</MIN>
            <MAX>100</MAX>
            <MIN_RATE>-1000</MIN_RATE>
            <MAX_RATE>1000</MAX_RATE>
            <METRIC_UNIT>%</METRIC_UNIT>
            <IMPERIAL_UNIT></IMPERIAL_UNIT>
            <IMPERIAL_CONVERSION_FORMULA></IMPERIAL_CONVERSION_FORMULA>
            <METRIC_CONVERSION_FORMULA></METRIC_CONVERSION_FORMULA>
           </ENVIRONMENT_OPTION>
           <ENVIRONMENT_OPTION>
            <CATEGORY_ID>Other</CATEGORY_ID>
            <ID>Atmospheric Pressure</ID>
            <NAME>Atmospheric Pressure</NAME>
            <CATEGORY>Other</CATEGORY>
            <TRANSFERENCE>5</TRANSFERENCE>
            <SHOW>true</SHOW>
            <INTERPOLATE>true</INTERPOLATE>
            <ACTIVE>false</ACTIVE>
            <VALUE>101.325</VALUE>
            <MIN>-100</MIN>
            <MAX>200</MAX>
            <MIN_RATE>-1000</MIN_RATE>
            <MAX_RATE>1000</MAX_RATE>
            <METRIC_UNIT>kPa</METRIC_UNIT>
            <IMPERIAL_UNIT>psi</IMPERIAL_UNIT>
            <IMPERIAL_CONVERSION_FORMULA>x*.14503773773020923</IMPERIAL_CONVERSION_FORMULA>
            <METRIC_CONVERSION_FORMULA></METRIC_CONVERSION_FORMULA>
           </ENVIRONMENT_OPTION>
           <ENVIRONMENT_OPTION>
            <CATEGORY_ID>Radiation</CATEGORY_ID>
            <ID>Beta</ID>
            <NAME>Beta</NAME>
            <CATEGORY>Radiation</CATEGORY>
            <TRANSFERENCE>5</TRANSFERENCE>
            <SHOW>false</SHOW>
            <INTERPOLATE>true</INTERPOLATE>
            <ACTIVE>false</ACTIVE>
            <VALUE>0</VALUE>
            <MIN>0</MIN>
            <MAX>100</MAX>
            <MIN_RATE>-1000</MIN_RATE>
            <MAX_RATE>1000</MAX_RATE>
            <METRIC_UNIT>%</METRIC_UNIT>
            <IMPERIAL_UNIT></IMPERIAL_UNIT>
            <IMPERIAL_CONVERSION_FORMULA></IMPERIAL_CONVERSION_FORMULA>
            <METRIC_CONVERSION_FORMULA></METRIC_CONVERSION_FORMULA>
           </ENVIRONMENT_OPTION>
           <ENVIRONMENT_OPTION>
            <CATEGORY_ID>Gases</CATEGORY_ID>
            <ID>CO</ID>
            <NAME>CO</NAME>
            <CATEGORY>Gases</CATEGORY>
            <TRANSFERENCE>5</TRANSFERENCE>
            <SHOW>true</SHOW>
            <INTERPOLATE>true</INTERPOLATE>
            <ACTIVE>false</ACTIVE>
            <VALUE>0</VALUE>
            <MIN>0</MIN>
            <MAX>100</MAX>
            <MIN_RATE>-1000</MIN_RATE>
            <MAX_RATE>1000</MAX_RATE>
            <METRIC_UNIT>%</METRIC_UNIT>
            <IMPERIAL_UNIT></IMPERIAL_UNIT>
            <IMPERIAL_CONVERSION_FORMULA></IMPERIAL_CONVERSION_FORMULA>
            <METRIC_CONVERSION_FORMULA></METRIC_CONVERSION_FORMULA>
           </ENVIRONMENT_OPTION>
           <ENVIRONMENT_OPTION>
            <CATEGORY_ID>Gases</CATEGORY_ID>
            <ID>CO2</ID>
            <NAME>CO&lt;sub>2&lt;/sub></NAME>
            <CATEGORY>Gases</CATEGORY>
            <TRANSFERENCE>5</TRANSFERENCE>
            <SHOW>true</SHOW>
            <INTERPOLATE>true</INTERPOLATE>
            <ACTIVE>false</ACTIVE>
            <VALUE>0.036</VALUE>
            <MIN>0</MIN>
            <MAX>100</MAX>
            <MIN_RATE>-1000</MIN_RATE>
            <MAX_RATE>1000</MAX_RATE>
            <METRIC_UNIT>%</METRIC_UNIT>
            <IMPERIAL_UNIT></IMPERIAL_UNIT>
            <IMPERIAL_CONVERSION_FORMULA></IMPERIAL_CONVERSION_FORMULA>
            <METRIC_CONVERSION_FORMULA></METRIC_CONVERSION_FORMULA>
           </ENVIRONMENT_OPTION>
           <ENVIRONMENT_OPTION>
            <CATEGORY_ID>Water</CATEGORY_ID>
            <ID>Clouds</ID>
            <NAME>Clouds</NAME>
            <CATEGORY>Water</CATEGORY>
            <TRANSFERENCE>5</TRANSFERENCE>
            <SHOW>true</SHOW>
            <INTERPOLATE>true</INTERPOLATE>
            <ACTIVE>false</ACTIVE>
            <VALUE>5.3394</VALUE>
            <MIN>0</MIN>
            <MAX>100</MAX>
            <MIN_RATE>-1000</MIN_RATE>
            <MAX_RATE>1000</MAX_RATE>
            <METRIC_UNIT>%</METRIC_UNIT>
            <IMPERIAL_UNIT></IMPERIAL_UNIT>
            <IMPERIAL_CONVERSION_FORMULA></IMPERIAL_CONVERSION_FORMULA>
            <METRIC_CONVERSION_FORMULA></METRIC_CONVERSION_FORMULA>
           </ENVIRONMENT_OPTION>
           <ENVIRONMENT_OPTION>
            <CATEGORY_ID>Earth Physical Features</CATEGORY_ID>
            <ID>Compaction</ID>
            <NAME>Compaction</NAME>
            <CATEGORY>Earth Physical Features</CATEGORY>
            <TRANSFERENCE>5</TRANSFERENCE>
            <SHOW>false</SHOW>
            <INTERPOLATE>true</INTERPOLATE>
            <ACTIVE>false</ACTIVE>
            <VALUE>0</VALUE>
            <MIN>0</MIN>
            <MAX>100</MAX>
            <MIN_RATE>-1000</MIN_RATE>
            <MAX_RATE>1000</MAX_RATE>
            <METRIC_UNIT>Moh</METRIC_UNIT>
            <IMPERIAL_UNIT></IMPERIAL_UNIT>
            <IMPERIAL_CONVERSION_FORMULA></IMPERIAL_CONVERSION_FORMULA>
            <METRIC_CONVERSION_FORMULA></METRIC_CONVERSION_FORMULA>
           </ENVIRONMENT_OPTION>
           <ENVIRONMENT_OPTION>
            <CATEGORY_ID>Earth Physical Features</CATEGORY_ID>
            <ID>Composition Hardness</ID>
            <NAME>Composition Hardness</NAME>
            <CATEGORY>Earth Physical Features</CATEGORY>
            <TRANSFERENCE>5</TRANSFERENCE>
            <SHOW>false</SHOW>
            <INTERPOLATE>true</INTERPOLATE>
            <ACTIVE>false</ACTIVE>
            <VALUE>0</VALUE>
            <MIN>0</MIN>
            <MAX>100</MAX>
            <MIN_RATE>-1000</MIN_RATE>
            <MAX_RATE>1000</MAX_RATE>
            <METRIC_UNIT>Moh</METRIC_UNIT>
            <IMPERIAL_UNIT></IMPERIAL_UNIT>
            <IMPERIAL_CONVERSION_FORMULA></IMPERIAL_CONVERSION_FORMULA>
            <METRIC_CONVERSION_FORMULA></METRIC_CONVERSION_FORMULA>
           </ENVIRONMENT_OPTION>
           <ENVIRONMENT_OPTION>
            <CATEGORY_ID>Light (Sun)</CATEGORY_ID>
            <ID>Electromagnetic Radiation</ID>
            <NAME>Electromagnetic Radiation</NAME>
            <CATEGORY>Light (Sun)</CATEGORY>
            <TRANSFERENCE>5</TRANSFERENCE>
            <SHOW>true</SHOW>
            <INTERPOLATE>true</INTERPOLATE>
            <ACTIVE>false</ACTIVE>
            <VALUE>0</VALUE>
            <MIN>0</MIN>
            <MAX>100</MAX>
            <MIN_RATE>-1000</MIN_RATE>
            <MAX_RATE>1000</MAX_RATE>
            <METRIC_UNIT>%</METRIC_UNIT>
            <IMPERIAL_UNIT></IMPERIAL_UNIT>
            <IMPERIAL_CONVERSION_FORMULA></IMPERIAL_CONVERSION_FORMULA>
            <METRIC_CONVERSION_FORMULA></METRIC_CONVERSION_FORMULA>
           </ENVIRONMENT_OPTION>
           <ENVIRONMENT_OPTION>
            <CATEGORY_ID>Earth Physical Features</CATEGORY_ID>
            <ID>Elevation</ID>
            <NAME>Elevation</NAME>
            <CATEGORY>Earth Physical Features</CATEGORY>
            <TRANSFERENCE>5</TRANSFERENCE>
            <SHOW>true</SHOW>
            <INTERPOLATE>true</INTERPOLATE>
            <ACTIVE>false</ACTIVE>
            <VALUE>22</VALUE>
            <MIN>0</MIN>
            <MAX>100000</MAX>
            <MIN_RATE>-1000</MIN_RATE>
            <MAX_RATE>1000</MAX_RATE>
            <METRIC_UNIT>m</METRIC_UNIT>
            <IMPERIAL_UNIT>ft</IMPERIAL_UNIT>
            <IMPERIAL_CONVERSION_FORMULA>x*3.2808</IMPERIAL_CONVERSION_FORMULA>
            <METRIC_CONVERSION_FORMULA>x/3.280</METRIC_CONVERSION_FORMULA>
           </ENVIRONMENT_OPTION>
           <ENVIRONMENT_OPTION>
            <CATEGORY_ID>Temperature</CATEGORY_ID>
            <ID>Fire</ID>
            <NAME>Fire</NAME>
            <CATEGORY>Temperature</CATEGORY>
            <TRANSFERENCE>5</TRANSFERENCE>
            <SHOW>false</SHOW>
            <INTERPOLATE>true</INTERPOLATE>
            <ACTIVE>false</ACTIVE>
            <VALUE>0</VALUE>
            <MIN>0</MIN>
            <MAX>100</MAX>
            <MIN_RATE>-1000</MIN_RATE>
            <MAX_RATE>1000</MAX_RATE>
            <METRIC_UNIT></METRIC_UNIT>
            <IMPERIAL_UNIT></IMPERIAL_UNIT>
            <IMPERIAL_CONVERSION_FORMULA></IMPERIAL_CONVERSION_FORMULA>
            <METRIC_CONVERSION_FORMULA></METRIC_CONVERSION_FORMULA>
           </ENVIRONMENT_OPTION>
           <ENVIRONMENT_OPTION>
            <CATEGORY_ID>Radiation</CATEGORY_ID>
            <ID>Gamma</ID>
            <NAME>Gamma</NAME>
            <CATEGORY>Radiation</CATEGORY>
            <TRANSFERENCE>5</TRANSFERENCE>
            <SHOW>false</SHOW>
            <INTERPOLATE>true</INTERPOLATE>
            <ACTIVE>false</ACTIVE>
            <VALUE>0</VALUE>
            <MIN>0</MIN>
            <MAX>100</MAX>
            <MIN_RATE>-1000</MIN_RATE>
            <MAX_RATE>1000</MAX_RATE>
            <METRIC_UNIT>%</METRIC_UNIT>
            <IMPERIAL_UNIT></IMPERIAL_UNIT>
            <IMPERIAL_CONVERSION_FORMULA></IMPERIAL_CONVERSION_FORMULA>
            <METRIC_CONVERSION_FORMULA></METRIC_CONVERSION_FORMULA>
           </ENVIRONMENT_OPTION>
           <ENVIRONMENT_OPTION>
            <CATEGORY_ID>Gravity</CATEGORY_ID>
            <ID>Gravity</ID>
            <NAME>Gravity</NAME>
            <CATEGORY>Gravity</CATEGORY>
            <TRANSFERENCE>5</TRANSFERENCE>
            <SHOW>true</SHOW>
            <INTERPOLATE>true</INTERPOLATE>
            <ACTIVE>false</ACTIVE>
            <VALUE>9.8</VALUE>
            <MIN>-100</MIN>
            <MAX>100</MAX>
            <MIN_RATE>-1000</MIN_RATE>
            <MAX_RATE>1000</MAX_RATE>
            <METRIC_UNIT>m/s&lt;sup>2&lt;/sup></METRIC_UNIT>
            <IMPERIAL_UNIT>ft/s&lt;sup>2&lt;/sup></IMPERIAL_UNIT>
            <IMPERIAL_CONVERSION_FORMULA>x*3.2808399</IMPERIAL_CONVERSION_FORMULA>
            <METRIC_CONVERSION_FORMULA>x*0.3048</METRIC_CONVERSION_FORMULA>
           </ENVIRONMENT_OPTION>
           <ENVIRONMENT_OPTION>
            <CATEGORY_ID>Energy</CATEGORY_ID>
            <ID>Heat</ID>
            <NAME>Heat (BTUs)</NAME>
            <CATEGORY>Energy</CATEGORY>
            <TRANSFERENCE>5</TRANSFERENCE>
            <SHOW>false</SHOW>
            <INTERPOLATE>true</INTERPOLATE>
            <ACTIVE>false</ACTIVE>
            <VALUE>0</VALUE>
            <MIN>-100</MIN>
            <MAX>100</MAX>
            <MIN_RATE>-1000</MIN_RATE>
            <MAX_RATE>1000</MAX_RATE>
            <METRIC_UNIT>KW</METRIC_UNIT>
            <IMPERIAL_UNIT>BTU/hr</IMPERIAL_UNIT>
            <IMPERIAL_CONVERSION_FORMULA>x*0.00029307103866</IMPERIAL_CONVERSION_FORMULA>
            <METRIC_CONVERSION_FORMULA>x*3412.142</METRIC_CONVERSION_FORMULA>
           </ENVIRONMENT_OPTION>
           <ENVIRONMENT_OPTION>
            <CATEGORY_ID>Gases</CATEGORY_ID>
            <ID>Helium</ID>
            <NAME>He</NAME>
            <CATEGORY>Gases</CATEGORY>
            <TRANSFERENCE>5</TRANSFERENCE>
            <SHOW>true</SHOW>
            <INTERPOLATE>true</INTERPOLATE>
            <ACTIVE>false</ACTIVE>
            <VALUE>0.000524</VALUE>
            <MIN>0</MIN>
            <MAX>100</MAX>
            <MIN_RATE>-1000</MIN_RATE>
            <MAX_RATE>1000</MAX_RATE>
            <METRIC_UNIT>%</METRIC_UNIT>
            <IMPERIAL_UNIT></IMPERIAL_UNIT>
            <IMPERIAL_CONVERSION_FORMULA></IMPERIAL_CONVERSION_FORMULA>
            <METRIC_CONVERSION_FORMULA></METRIC_CONVERSION_FORMULA>
           </ENVIRONMENT_OPTION>
           <ENVIRONMENT_OPTION>
            <CATEGORY_ID>Water</CATEGORY_ID>
            <ID>Humidity</ID>
            <NAME>Humidity</NAME>
            <CATEGORY>Water</CATEGORY>
            <TRANSFERENCE>5</TRANSFERENCE>
            <SHOW>true</SHOW>
            <INTERPOLATE>true</INTERPOLATE>
            <ACTIVE>false</ACTIVE>
            <VALUE>79.3212</VALUE>
            <MIN>0</MIN>
            <MAX>100</MAX>
            <MIN_RATE>-1000</MIN_RATE>
            <MAX_RATE>1000</MAX_RATE>
            <METRIC_UNIT>%</METRIC_UNIT>
            <IMPERIAL_UNIT></IMPERIAL_UNIT>
            <IMPERIAL_CONVERSION_FORMULA></IMPERIAL_CONVERSION_FORMULA>
            <METRIC_CONVERSION_FORMULA></METRIC_CONVERSION_FORMULA>
           </ENVIRONMENT_OPTION>
           <ENVIRONMENT_OPTION>
            <CATEGORY_ID>Gases</CATEGORY_ID>
            <ID>Hydrogen</ID>
            <NAME>H</NAME>
            <CATEGORY>Gases</CATEGORY>
            <TRANSFERENCE>5</TRANSFERENCE>
            <SHOW>true</SHOW>
            <INTERPOLATE>true</INTERPOLATE>
            <ACTIVE>false</ACTIVE>
            <VALUE>0.0005</VALUE>
            <MIN>0</MIN>
            <MAX>100</MAX>
            <MIN_RATE>-1000</MIN_RATE>
            <MAX_RATE>1000</MAX_RATE>
            <METRIC_UNIT>%</METRIC_UNIT>
            <IMPERIAL_UNIT></IMPERIAL_UNIT>
            <IMPERIAL_CONVERSION_FORMULA></IMPERIAL_CONVERSION_FORMULA>
            <METRIC_CONVERSION_FORMULA></METRIC_CONVERSION_FORMULA>
           </ENVIRONMENT_OPTION>
           <ENVIRONMENT_OPTION>
            <CATEGORY_ID>Light (Sun)</CATEGORY_ID>
            <ID>Infrared</ID>
            <NAME>Infrared</NAME>
            <CATEGORY>Light (Sun)</CATEGORY>
            <TRANSFERENCE>5</TRANSFERENCE>
            <SHOW>true</SHOW>
            <INTERPOLATE>true</INTERPOLATE>
            <ACTIVE>false</ACTIVE>
            <VALUE>0</VALUE>
            <MIN>0</MIN>
            <MAX>100</MAX>
            <MIN_RATE>-1000</MIN_RATE>
            <MAX_RATE>1000</MAX_RATE>
            <METRIC_UNIT>%</METRIC_UNIT>
            <IMPERIAL_UNIT></IMPERIAL_UNIT>
            <IMPERIAL_CONVERSION_FORMULA></IMPERIAL_CONVERSION_FORMULA>
            <METRIC_CONVERSION_FORMULA></METRIC_CONVERSION_FORMULA>
           </ENVIRONMENT_OPTION>
           <ENVIRONMENT_OPTION>
            <CATEGORY_ID>Temperature</CATEGORY_ID>
            <ID>Ionization</ID>
            <NAME>Ionization</NAME>
            <CATEGORY>Temperature</CATEGORY>
            <TRANSFERENCE>5</TRANSFERENCE>
            <SHOW>false</SHOW>
            <INTERPOLATE>true</INTERPOLATE>
            <ACTIVE>false</ACTIVE>
            <VALUE>0</VALUE>
            <MIN>0</MIN>
            <MAX>100</MAX>
            <MIN_RATE>-1000</MIN_RATE>
            <MAX_RATE>1000</MAX_RATE>
            <METRIC_UNIT>%</METRIC_UNIT>
            <IMPERIAL_UNIT></IMPERIAL_UNIT>
            <IMPERIAL_CONVERSION_FORMULA></IMPERIAL_CONVERSION_FORMULA>
            <METRIC_CONVERSION_FORMULA></METRIC_CONVERSION_FORMULA>
           </ENVIRONMENT_OPTION>
           <ENVIRONMENT_OPTION>
            <CATEGORY_ID>Light (Sun)</CATEGORY_ID>
            <ID>Luminosity</ID>
            <NAME>Luminosity</NAME>
            <CATEGORY>Light (Sun)</CATEGORY>
            <TRANSFERENCE>5</TRANSFERENCE>
            <SHOW>false</SHOW>
            <INTERPOLATE>true</INTERPOLATE>
            <ACTIVE>false</ACTIVE>
            <VALUE>0</VALUE>
            <MIN>0</MIN>
            <MAX>100</MAX>
            <MIN_RATE>-1000</MIN_RATE>
            <MAX_RATE>1000</MAX_RATE>
            <METRIC_UNIT>%</METRIC_UNIT>
            <IMPERIAL_UNIT></IMPERIAL_UNIT>
            <IMPERIAL_CONVERSION_FORMULA></IMPERIAL_CONVERSION_FORMULA>
            <METRIC_CONVERSION_FORMULA></METRIC_CONVERSION_FORMULA>
           </ENVIRONMENT_OPTION>
           <ENVIRONMENT_OPTION>
            <CATEGORY_ID>Gases</CATEGORY_ID>
            <ID>Methane</ID>
            <NAME>Methane</NAME>
            <CATEGORY>Gases</CATEGORY>
            <TRANSFERENCE>5</TRANSFERENCE>
            <SHOW>true</SHOW>
            <INTERPOLATE>true</INTERPOLATE>
            <ACTIVE>false</ACTIVE>
            <VALUE>0.00015</VALUE>
            <MIN>0</MIN>
            <MAX>100</MAX>
            <MIN_RATE>-1000</MIN_RATE>
            <MAX_RATE>1000</MAX_RATE>
            <METRIC_UNIT>%</METRIC_UNIT>
            <IMPERIAL_UNIT></IMPERIAL_UNIT>
            <IMPERIAL_CONVERSION_FORMULA></IMPERIAL_CONVERSION_FORMULA>
            <METRIC_CONVERSION_FORMULA></METRIC_CONVERSION_FORMULA>
           </ENVIRONMENT_OPTION>
           <ENVIRONMENT_OPTION>
            <CATEGORY_ID>Gravity</CATEGORY_ID>
            <ID>Moon Phases</ID>
            <NAME>Moon Phases</NAME>
            <CATEGORY>Gravity</CATEGORY>
            <TRANSFERENCE>5</TRANSFERENCE>
            <SHOW>false</SHOW>
            <INTERPOLATE>true</INTERPOLATE>
            <ACTIVE>false</ACTIVE>
            <VALUE>0</VALUE>
            <MIN>-100</MIN>
            <MAX>100</MAX>
            <MIN_RATE>-1000</MIN_RATE>
            <MAX_RATE>1000</MAX_RATE>
            <METRIC_UNIT></METRIC_UNIT>
            <IMPERIAL_UNIT></IMPERIAL_UNIT>
            <IMPERIAL_CONVERSION_FORMULA></IMPERIAL_CONVERSION_FORMULA>
            <METRIC_CONVERSION_FORMULA></METRIC_CONVERSION_FORMULA>
           </ENVIRONMENT_OPTION>
           <ENVIRONMENT_OPTION>
            <CATEGORY_ID>Motion</CATEGORY_ID>
            <ID>Motion Direction</ID>
            <NAME>Direction</NAME>
            <CATEGORY>Motion</CATEGORY>
            <TRANSFERENCE>5</TRANSFERENCE>
            <SHOW>false</SHOW>
            <INTERPOLATE>true</INTERPOLATE>
            <ACTIVE>false</ACTIVE>
            <VALUE>0</VALUE>
            <MIN>-100</MIN>
            <MAX>100</MAX>
            <MIN_RATE>-1000</MIN_RATE>
            <MAX_RATE>1000</MAX_RATE>
            <METRIC_UNIT>degrees</METRIC_UNIT>
            <IMPERIAL_UNIT></IMPERIAL_UNIT>
            <IMPERIAL_CONVERSION_FORMULA></IMPERIAL_CONVERSION_FORMULA>
            <METRIC_CONVERSION_FORMULA></METRIC_CONVERSION_FORMULA>
           </ENVIRONMENT_OPTION>
           <ENVIRONMENT_OPTION>
            <CATEGORY_ID>Motion</CATEGORY_ID>
            <ID>Motion Speed</ID>
            <NAME>Speed</NAME>
            <CATEGORY>Motion</CATEGORY>
            <TRANSFERENCE>5</TRANSFERENCE>
            <SHOW>false</SHOW>
            <INTERPOLATE>true</INTERPOLATE>
            <ACTIVE>false</ACTIVE>
            <VALUE>0</VALUE>
            <MIN>0</MIN>
            <MAX>100</MAX>
            <MIN_RATE>-1000</MIN_RATE>
            <MAX_RATE>1000</MAX_RATE>
            <METRIC_UNIT>kph</METRIC_UNIT>
            <IMPERIAL_UNIT>mph</IMPERIAL_UNIT>
            <IMPERIAL_CONVERSION_FORMULA>x/1.609344</IMPERIAL_CONVERSION_FORMULA>
            <METRIC_CONVERSION_FORMULA>x*1.609344</METRIC_CONVERSION_FORMULA>
           </ENVIRONMENT_OPTION>
           <ENVIRONMENT_OPTION>
            <CATEGORY_ID>Radiation</CATEGORY_ID>
            <ID>Neutron</ID>
            <NAME>Neutron</NAME>
            <CATEGORY>Radiation</CATEGORY>
            <TRANSFERENCE>5</TRANSFERENCE>
            <SHOW>false</SHOW>
            <INTERPOLATE>true</INTERPOLATE>
            <ACTIVE>false</ACTIVE>
            <VALUE>0</VALUE>
            <MIN>0</MIN>
            <MAX>100</MAX>
            <MIN_RATE>-1000</MIN_RATE>
            <MAX_RATE>1000</MAX_RATE>
            <METRIC_UNIT>%</METRIC_UNIT>
            <IMPERIAL_UNIT></IMPERIAL_UNIT>
            <IMPERIAL_CONVERSION_FORMULA></IMPERIAL_CONVERSION_FORMULA>
            <METRIC_CONVERSION_FORMULA></METRIC_CONVERSION_FORMULA>
           </ENVIRONMENT_OPTION>
           <ENVIRONMENT_OPTION>
            <CATEGORY_ID>Gases</CATEGORY_ID>
            <ID>Nitrogen</ID>
            <NAME>Nitrogen</NAME>
            <CATEGORY>Gases</CATEGORY>
            <TRANSFERENCE>5</TRANSFERENCE>
            <SHOW>true</SHOW>
            <INTERPOLATE>true</INTERPOLATE>
            <ACTIVE>false</ACTIVE>
            <VALUE>78.084</VALUE>
            <MIN>0</MIN>
            <MAX>100</MAX>
            <MIN_RATE>-1000</MIN_RATE>
            <MAX_RATE>1000</MAX_RATE>
            <METRIC_UNIT>%</METRIC_UNIT>
            <IMPERIAL_UNIT></IMPERIAL_UNIT>
            <IMPERIAL_CONVERSION_FORMULA></IMPERIAL_CONVERSION_FORMULA>
            <METRIC_CONVERSION_FORMULA></METRIC_CONVERSION_FORMULA>
           </ENVIRONMENT_OPTION>
           <ENVIRONMENT_OPTION>
            <CATEGORY_ID>Gases</CATEGORY_ID>
            <ID>O2</ID>
            <NAME>O&lt;sub>2&lt;/sub></NAME>
            <CATEGORY>Gases</CATEGORY>
            <TRANSFERENCE>5</TRANSFERENCE>
            <SHOW>true</SHOW>
            <INTERPOLATE>true</INTERPOLATE>
            <ACTIVE>false</ACTIVE>
            <VALUE>20.946</VALUE>
            <MIN>0</MIN>
            <MAX>100</MAX>
            <MIN_RATE>-1000</MIN_RATE>
            <MAX_RATE>1000</MAX_RATE>
            <METRIC_UNIT>%</METRIC_UNIT>
            <IMPERIAL_UNIT></IMPERIAL_UNIT>
            <IMPERIAL_CONVERSION_FORMULA></IMPERIAL_CONVERSION_FORMULA>
            <METRIC_CONVERSION_FORMULA></METRIC_CONVERSION_FORMULA>
           </ENVIRONMENT_OPTION>
           <ENVIRONMENT_OPTION>
            <CATEGORY_ID>Electricity</CATEGORY_ID>
            <ID>Ohms</ID>
            <NAME>Ohms</NAME>
            <CATEGORY>Electricity</CATEGORY>
            <TRANSFERENCE>5</TRANSFERENCE>
            <SHOW>false</SHOW>
            <INTERPOLATE>true</INTERPOLATE>
            <ACTIVE>false</ACTIVE>
            <VALUE>0</VALUE>
            <MIN>-100</MIN>
            <MAX>100</MAX>
            <MIN_RATE>-1000</MIN_RATE>
            <MAX_RATE>1000</MAX_RATE>
            <METRIC_UNIT>&amp;#8486;</METRIC_UNIT>
            <IMPERIAL_UNIT></IMPERIAL_UNIT>
            <IMPERIAL_CONVERSION_FORMULA></IMPERIAL_CONVERSION_FORMULA>
            <METRIC_CONVERSION_FORMULA></METRIC_CONVERSION_FORMULA>
           </ENVIRONMENT_OPTION>
           <ENVIRONMENT_OPTION>
            <CATEGORY_ID>Gases</CATEGORY_ID>
            <ID>Ozone</ID>
            <NAME>Ozone</NAME>
            <CATEGORY>Gases</CATEGORY>
            <TRANSFERENCE>5</TRANSFERENCE>
            <SHOW>false</SHOW>
            <INTERPOLATE>true</INTERPOLATE>
            <ACTIVE>false</ACTIVE>
            <VALUE>0</VALUE>
            <MIN>0</MIN>
            <MAX>100</MAX>
            <MIN_RATE>-1000</MIN_RATE>
            <MAX_RATE>1000</MAX_RATE>
            <METRIC_UNIT>%</METRIC_UNIT>
            <IMPERIAL_UNIT></IMPERIAL_UNIT>
            <IMPERIAL_CONVERSION_FORMULA></IMPERIAL_CONVERSION_FORMULA>
            <METRIC_CONVERSION_FORMULA></METRIC_CONVERSION_FORMULA>
           </ENVIRONMENT_OPTION>
           <ENVIRONMENT_OPTION>
            <CATEGORY_ID>Radiation</CATEGORY_ID>
            <ID>Photon</ID>
            <NAME>Photon</NAME>
            <CATEGORY>Radiation</CATEGORY>
            <TRANSFERENCE>5</TRANSFERENCE>
            <SHOW>false</SHOW>
            <INTERPOLATE>true</INTERPOLATE>
            <ACTIVE>false</ACTIVE>
            <VALUE>0</VALUE>
            <MIN>0</MIN>
            <MAX>100</MAX>
            <MIN_RATE>-1000</MIN_RATE>
            <MAX_RATE>1000</MAX_RATE>
            <METRIC_UNIT>%</METRIC_UNIT>
            <IMPERIAL_UNIT></IMPERIAL_UNIT>
            <IMPERIAL_CONVERSION_FORMULA></IMPERIAL_CONVERSION_FORMULA>
            <METRIC_CONVERSION_FORMULA></METRIC_CONVERSION_FORMULA>
           </ENVIRONMENT_OPTION>
           <ENVIRONMENT_OPTION>
            <CATEGORY_ID>Gases</CATEGORY_ID>
            <ID>Propane</ID>
            <NAME>Propane</NAME>
            <CATEGORY>Gases</CATEGORY>
            <TRANSFERENCE>5</TRANSFERENCE>
            <SHOW>false</SHOW>
            <INTERPOLATE>true</INTERPOLATE>
            <ACTIVE>false</ACTIVE>
            <VALUE>0</VALUE>
            <MIN>0</MIN>
            <MAX>100</MAX>
            <MIN_RATE>-1000</MIN_RATE>
            <MAX_RATE>1000</MAX_RATE>
            <METRIC_UNIT>%</METRIC_UNIT>
            <IMPERIAL_UNIT></IMPERIAL_UNIT>
            <IMPERIAL_CONVERSION_FORMULA></IMPERIAL_CONVERSION_FORMULA>
            <METRIC_CONVERSION_FORMULA></METRIC_CONVERSION_FORMULA>
           </ENVIRONMENT_OPTION>
           <ENVIRONMENT_OPTION>
            <CATEGORY_ID>Light (Sun)</CATEGORY_ID>
            <ID>Radiant Heat</ID>
            <NAME>Radiant Heat</NAME>
            <CATEGORY>Light (Sun)</CATEGORY>
            <TRANSFERENCE>5</TRANSFERENCE>
            <SHOW>true</SHOW>
            <INTERPOLATE>true</INTERPOLATE>
            <ACTIVE>false</ACTIVE>
            <VALUE>0</VALUE>
            <MIN>0</MIN>
            <MAX>100</MAX>
            <MIN_RATE>-1000</MIN_RATE>
            <MAX_RATE>1000</MAX_RATE>
            <METRIC_UNIT>%</METRIC_UNIT>
            <IMPERIAL_UNIT></IMPERIAL_UNIT>
            <IMPERIAL_CONVERSION_FORMULA></IMPERIAL_CONVERSION_FORMULA>
            <METRIC_CONVERSION_FORMULA></METRIC_CONVERSION_FORMULA>
           </ENVIRONMENT_OPTION>
           <ENVIRONMENT_OPTION>
            <CATEGORY_ID>Radiation</CATEGORY_ID>
            <ID>Radiation Level</ID>
            <NAME>Level</NAME>
            <CATEGORY>Radiation</CATEGORY>
            <TRANSFERENCE>5</TRANSFERENCE>
            <SHOW>true</SHOW>
            <INTERPOLATE>true</INTERPOLATE>
            <ACTIVE>true</ACTIVE>
            <VALUE>0</VALUE>
            <MIN>0</MIN>
            <MAX>1000</MAX>
            <MIN_RATE>-1000</MIN_RATE>
            <MAX_RATE>1000</MAX_RATE>
            <METRIC_UNIT>mrem</METRIC_UNIT>
            <IMPERIAL_UNIT></IMPERIAL_UNIT>
            <IMPERIAL_CONVERSION_FORMULA></IMPERIAL_CONVERSION_FORMULA>
            <METRIC_CONVERSION_FORMULA></METRIC_CONVERSION_FORMULA>
           </ENVIRONMENT_OPTION>
           <ENVIRONMENT_OPTION>
            <CATEGORY_ID>Water</CATEGORY_ID>
            <ID>Rain</ID>
            <NAME>Rain</NAME>
            <CATEGORY>Water</CATEGORY>
            <TRANSFERENCE>5</TRANSFERENCE>
            <SHOW>true</SHOW>
            <INTERPOLATE>true</INTERPOLATE>
            <ACTIVE>false</ACTIVE>
            <VALUE>0.0678804</VALUE>
            <MIN>-100</MIN>
            <MAX>100</MAX>
            <MIN_RATE>-1000</MIN_RATE>
            <MAX_RATE>1000</MAX_RATE>
            <METRIC_UNIT>cm</METRIC_UNIT>
            <IMPERIAL_UNIT>in</IMPERIAL_UNIT>
            <IMPERIAL_CONVERSION_FORMULA>x*0.39</IMPERIAL_CONVERSION_FORMULA>
            <METRIC_CONVERSION_FORMULA>x*2.54</METRIC_CONVERSION_FORMULA>
           </ENVIRONMENT_OPTION>
           <ENVIRONMENT_OPTION>
            <CATEGORY_ID>Temperature</CATEGORY_ID>
            <ID>Smoke</ID>
            <NAME>Smoke</NAME>
            <CATEGORY>Temperature</CATEGORY>
            <TRANSFERENCE>5</TRANSFERENCE>
            <SHOW>false</SHOW>
            <INTERPOLATE>true</INTERPOLATE>
            <ACTIVE>false</ACTIVE>
            <VALUE>0</VALUE>
            <MIN>0</MIN>
            <MAX>100</MAX>
            <MIN_RATE>-1000</MIN_RATE>
            <MAX_RATE>1000</MAX_RATE>
            <METRIC_UNIT>%</METRIC_UNIT>
            <IMPERIAL_UNIT></IMPERIAL_UNIT>
            <IMPERIAL_CONVERSION_FORMULA></IMPERIAL_CONVERSION_FORMULA>
            <METRIC_CONVERSION_FORMULA></METRIC_CONVERSION_FORMULA>
           </ENVIRONMENT_OPTION>
           <ENVIRONMENT_OPTION>
            <CATEGORY_ID>Water</CATEGORY_ID>
            <ID>Snow</ID>
            <NAME>Snow</NAME>
            <CATEGORY>Water</CATEGORY>
            <TRANSFERENCE>5</TRANSFERENCE>
            <SHOW>true</SHOW>
            <INTERPOLATE>true</INTERPOLATE>
            <ACTIVE>false</ACTIVE>
            <VALUE>0</VALUE>
            <MIN>-100</MIN>
            <MAX>100</MAX>
            <MIN_RATE>-1000</MIN_RATE>
            <MAX_RATE>1000</MAX_RATE>
            <METRIC_UNIT>cm</METRIC_UNIT>
            <IMPERIAL_UNIT>in</IMPERIAL_UNIT>
            <IMPERIAL_CONVERSION_FORMULA>x*0.39</IMPERIAL_CONVERSION_FORMULA>
            <METRIC_CONVERSION_FORMULA>x*2.54</METRIC_CONVERSION_FORMULA>
           </ENVIRONMENT_OPTION>
           <ENVIRONMENT_OPTION>
            <CATEGORY_ID>Earth Physical Features</CATEGORY_ID>
            <ID>Soil pH</ID>
            <NAME>Soil pH</NAME>
            <CATEGORY>Earth Physical Features</CATEGORY>
            <TRANSFERENCE>5</TRANSFERENCE>
            <SHOW>true</SHOW>
            <INTERPOLATE>true</INTERPOLATE>
            <ACTIVE>false</ACTIVE>
            <VALUE>7</VALUE>
            <MIN>0</MIN>
            <MAX>100</MAX>
            <MIN_RATE>-1000</MIN_RATE>
            <MAX_RATE>1000</MAX_RATE>
            <METRIC_UNIT>pH</METRIC_UNIT>
            <IMPERIAL_UNIT></IMPERIAL_UNIT>
            <IMPERIAL_CONVERSION_FORMULA></IMPERIAL_CONVERSION_FORMULA>
            <METRIC_CONVERSION_FORMULA></METRIC_CONVERSION_FORMULA>
           </ENVIRONMENT_OPTION>
           <ENVIRONMENT_OPTION>
            <CATEGORY_ID>Sound</CATEGORY_ID>
            <ID>Sound Pitch</ID>
            <NAME>Pitch</NAME>
            <CATEGORY>Sound</CATEGORY>
            <TRANSFERENCE>5</TRANSFERENCE>
            <SHOW>false</SHOW>
            <INTERPOLATE>true</INTERPOLATE>
            <ACTIVE>false</ACTIVE>
            <VALUE>0</VALUE>
            <MIN>0</MIN>
            <MAX>100</MAX>
            <MIN_RATE>-1000</MIN_RATE>
            <MAX_RATE>1000</MAX_RATE>
            <METRIC_UNIT>CPS</METRIC_UNIT>
            <IMPERIAL_UNIT></IMPERIAL_UNIT>
            <IMPERIAL_CONVERSION_FORMULA></IMPERIAL_CONVERSION_FORMULA>
            <METRIC_CONVERSION_FORMULA></METRIC_CONVERSION_FORMULA>
           </ENVIRONMENT_OPTION>
           <ENVIRONMENT_OPTION>
            <CATEGORY_ID>Sound</CATEGORY_ID>
            <ID>Sound Volume</ID>
            <NAME>Volume</NAME>
            <CATEGORY>Sound</CATEGORY>
            <TRANSFERENCE>5</TRANSFERENCE>
            <SHOW>false</SHOW>
            <INTERPOLATE>true</INTERPOLATE>
            <ACTIVE>false</ACTIVE>
            <VALUE>0</VALUE>
            <MIN>0</MIN>
            <MAX>100</MAX>
            <MIN_RATE>-1000</MIN_RATE>
            <MAX_RATE>1000</MAX_RATE>
            <METRIC_UNIT>dB</METRIC_UNIT>
            <IMPERIAL_UNIT></IMPERIAL_UNIT>
            <IMPERIAL_CONVERSION_FORMULA></IMPERIAL_CONVERSION_FORMULA>
            <METRIC_CONVERSION_FORMULA></METRIC_CONVERSION_FORMULA>
           </ENVIRONMENT_OPTION>
           <ENVIRONMENT_OPTION>
            <CATEGORY_ID>Light (Sun)</CATEGORY_ID>
            <ID>Sunlight</ID>
            <NAME>Sunlight</NAME>
            <CATEGORY>Light (Sun)</CATEGORY>
            <TRANSFERENCE>100</TRANSFERENCE>
            <SHOW>true</SHOW>
            <INTERPOLATE>true</INTERPOLATE>
            <ACTIVE>false</ACTIVE>
            <VALUE>0</VALUE>
            <MIN>0</MIN>
            <MAX>100</MAX>
            <MIN_RATE>-1000</MIN_RATE>
            <MAX_RATE>1000</MAX_RATE>
            <METRIC_UNIT>%</METRIC_UNIT>
            <IMPERIAL_UNIT></IMPERIAL_UNIT>
            <IMPERIAL_CONVERSION_FORMULA></IMPERIAL_CONVERSION_FORMULA>
            <METRIC_CONVERSION_FORMULA></METRIC_CONVERSION_FORMULA>
           </ENVIRONMENT_OPTION>
           <ENVIRONMENT_OPTION>
            <CATEGORY_ID>Energy</CATEGORY_ID>
            <ID>Torque</ID>
            <NAME>Torque</NAME>
            <CATEGORY>Energy</CATEGORY>
            <TRANSFERENCE>5</TRANSFERENCE>
            <SHOW>false</SHOW>
            <INTERPOLATE>true</INTERPOLATE>
            <ACTIVE>false</ACTIVE>
            <VALUE>0</VALUE>
            <MIN>-100</MIN>
            <MAX>100</MAX>
            <MIN_RATE>-1000</MIN_RATE>
            <MAX_RATE>1000</MAX_RATE>
            <METRIC_UNIT>m/kg</METRIC_UNIT>
            <IMPERIAL_UNIT>ft/lb</IMPERIAL_UNIT>
            <IMPERIAL_CONVERSION_FORMULA>x*1.48816</IMPERIAL_CONVERSION_FORMULA>
            <METRIC_CONVERSION_FORMULA>x*0.671969</METRIC_CONVERSION_FORMULA>
           </ENVIRONMENT_OPTION>
           <ENVIRONMENT_OPTION>
            <CATEGORY_ID>Light (Sun)</CATEGORY_ID>
            <ID>Ultraviolet</ID>
            <NAME>Ultraviolet</NAME>
            <CATEGORY>Light (Sun)</CATEGORY>
            <TRANSFERENCE>5</TRANSFERENCE>
            <SHOW>true</SHOW>
            <INTERPOLATE>true</INTERPOLATE>
            <ACTIVE>false</ACTIVE>
            <VALUE>0</VALUE>
            <MIN>0</MIN>
            <MAX>100</MAX>
            <MIN_RATE>-1000</MIN_RATE>
            <MAX_RATE>1000</MAX_RATE>
            <METRIC_UNIT>%</METRIC_UNIT>
            <IMPERIAL_UNIT></IMPERIAL_UNIT>
            <IMPERIAL_CONVERSION_FORMULA></IMPERIAL_CONVERSION_FORMULA>
            <METRIC_CONVERSION_FORMULA></METRIC_CONVERSION_FORMULA>
           </ENVIRONMENT_OPTION>
           <ENVIRONMENT_OPTION>
            <CATEGORY_ID>Light (Sun)</CATEGORY_ID>
            <ID>Visible Light</ID>
            <NAME>Visible</NAME>
            <CATEGORY>Light (Sun)</CATEGORY>
            <TRANSFERENCE>5</TRANSFERENCE>
            <SHOW>true</SHOW>
            <INTERPOLATE>true</INTERPOLATE>
            <ACTIVE>false</ACTIVE>
            <VALUE>0</VALUE>
            <MIN>0</MIN>
            <MAX>100</MAX>
            <MIN_RATE>-1000</MIN_RATE>
            <MAX_RATE>1000</MAX_RATE>
            <METRIC_UNIT>%</METRIC_UNIT>
            <IMPERIAL_UNIT></IMPERIAL_UNIT>
            <IMPERIAL_CONVERSION_FORMULA></IMPERIAL_CONVERSION_FORMULA>
            <METRIC_CONVERSION_FORMULA></METRIC_CONVERSION_FORMULA>
           </ENVIRONMENT_OPTION>
           <ENVIRONMENT_OPTION>
            <CATEGORY_ID>Electricity</CATEGORY_ID>
            <ID>Voltage</ID>
            <NAME>Voltage</NAME>
            <CATEGORY>Electricity</CATEGORY>
            <TRANSFERENCE>5</TRANSFERENCE>
            <SHOW>false</SHOW>
            <INTERPOLATE>true</INTERPOLATE>
            <ACTIVE>false</ACTIVE>
            <VALUE>0</VALUE>
            <MIN>-100</MIN>
            <MAX>100</MAX>
            <MIN_RATE>-1000</MIN_RATE>
            <MAX_RATE>1000</MAX_RATE>
            <METRIC_UNIT>V</METRIC_UNIT>
            <IMPERIAL_UNIT></IMPERIAL_UNIT>
            <IMPERIAL_CONVERSION_FORMULA></IMPERIAL_CONVERSION_FORMULA>
            <METRIC_CONVERSION_FORMULA></METRIC_CONVERSION_FORMULA>
           </ENVIRONMENT_OPTION>
           <ENVIRONMENT_OPTION>
            <CATEGORY_ID>Water</CATEGORY_ID>
            <ID>Water Level</ID>
            <NAME>Water Level</NAME>
            <CATEGORY>Water</CATEGORY>
            <TRANSFERENCE>5</TRANSFERENCE>
            <SHOW>true</SHOW>
            <INTERPOLATE>true</INTERPOLATE>
            <ACTIVE>false</ACTIVE>
            <VALUE>0</VALUE>
            <MIN>0</MIN>
            <MAX>100</MAX>
            <MIN_RATE>-1000</MIN_RATE>
            <MAX_RATE>1000</MAX_RATE>
            <METRIC_UNIT>cm</METRIC_UNIT>
            <IMPERIAL_UNIT>in</IMPERIAL_UNIT>
            <IMPERIAL_CONVERSION_FORMULA>x*0.39</IMPERIAL_CONVERSION_FORMULA>
            <METRIC_CONVERSION_FORMULA>x*2.54</METRIC_CONVERSION_FORMULA>
           </ENVIRONMENT_OPTION>
           <ENVIRONMENT_OPTION>
            <CATEGORY_ID>Water</CATEGORY_ID>
            <ID>Water Speed</ID>
            <NAME>Speed</NAME>
            <CATEGORY>Water</CATEGORY>
            <TRANSFERENCE>5</TRANSFERENCE>
            <SHOW>false</SHOW>
            <INTERPOLATE>true</INTERPOLATE>
            <ACTIVE>false</ACTIVE>
            <VALUE>0</VALUE>
            <MIN>0</MIN>
            <MAX>1000</MAX>
            <MIN_RATE>-1000</MIN_RATE>
            <MAX_RATE>1000</MAX_RATE>
            <METRIC_UNIT>kph</METRIC_UNIT>
            <IMPERIAL_UNIT>mph</IMPERIAL_UNIT>
            <IMPERIAL_CONVERSION_FORMULA>x/1.609344</IMPERIAL_CONVERSION_FORMULA>
            <METRIC_CONVERSION_FORMULA>x*1.609344</METRIC_CONVERSION_FORMULA>
           </ENVIRONMENT_OPTION>
           <ENVIRONMENT_OPTION>
            <CATEGORY_ID>Water</CATEGORY_ID>
            <ID>Water Temperature</ID>
            <NAME>Temperature</NAME>
            <CATEGORY>Water</CATEGORY>
            <TRANSFERENCE>5</TRANSFERENCE>
            <SHOW>false</SHOW>
            <INTERPOLATE>true</INTERPOLATE>
            <ACTIVE>false</ACTIVE>
            <VALUE>0</VALUE>
            <MIN>-100</MIN>
            <MAX>100</MAX>
            <MIN_RATE>-1000</MIN_RATE>
            <MAX_RATE>1000</MAX_RATE>
            <METRIC_UNIT>C</METRIC_UNIT>
            <IMPERIAL_UNIT>F</IMPERIAL_UNIT>
            <IMPERIAL_CONVERSION_FORMULA>x*(9/5)+32</IMPERIAL_CONVERSION_FORMULA>
            <METRIC_CONVERSION_FORMULA>(x-32)*(5/9)</METRIC_CONVERSION_FORMULA>
           </ENVIRONMENT_OPTION>
           <ENVIRONMENT_OPTION>
            <CATEGORY_ID>Water</CATEGORY_ID>
            <ID>Water Volume</ID>
            <NAME>Volume</NAME>
            <CATEGORY>Water</CATEGORY>
            <TRANSFERENCE>5</TRANSFERENCE>
            <SHOW>false</SHOW>
            <INTERPOLATE>true</INTERPOLATE>
            <ACTIVE>false</ACTIVE>
            <VALUE>0</VALUE>
            <MIN>0</MIN>
            <MAX>10000</MAX>
            <MIN_RATE>-1000</MIN_RATE>
            <MAX_RATE>1000</MAX_RATE>
            <METRIC_UNIT>L</METRIC_UNIT>
            <IMPERIAL_UNIT>gal</IMPERIAL_UNIT>
            <IMPERIAL_CONVERSION_FORMULA>x*0.26417</IMPERIAL_CONVERSION_FORMULA>
            <METRIC_CONVERSION_FORMULA>x/0.26417</METRIC_CONVERSION_FORMULA>
           </ENVIRONMENT_OPTION>
           <ENVIRONMENT_OPTION>
            <CATEGORY_ID>Water</CATEGORY_ID>
            <ID>Water pH</ID>
            <NAME>Water pH</NAME>
            <CATEGORY>Water</CATEGORY>
            <TRANSFERENCE>5</TRANSFERENCE>
            <SHOW>false</SHOW>
            <INTERPOLATE>true</INTERPOLATE>
            <ACTIVE>false</ACTIVE>
            <VALUE>0</VALUE>
            <MIN>0</MIN>
            <MAX>100</MAX>
            <MIN_RATE>-1000</MIN_RATE>
            <MAX_RATE>1000</MAX_RATE>
            <METRIC_UNIT>pH</METRIC_UNIT>
            <IMPERIAL_UNIT></IMPERIAL_UNIT>
            <IMPERIAL_CONVERSION_FORMULA></IMPERIAL_CONVERSION_FORMULA>
            <METRIC_CONVERSION_FORMULA></METRIC_CONVERSION_FORMULA>
           </ENVIRONMENT_OPTION>
           <ENVIRONMENT_OPTION>
            <CATEGORY_ID>Electricity</CATEGORY_ID>
            <ID>Watts</ID>
            <NAME>Watts</NAME>
            <CATEGORY>Electricity</CATEGORY>
            <TRANSFERENCE>5</TRANSFERENCE>
            <SHOW>false</SHOW>
            <INTERPOLATE>true</INTERPOLATE>
            <ACTIVE>false</ACTIVE>
            <VALUE>0</VALUE>
            <MIN>-100</MIN>
            <MAX>100</MAX>
            <MIN_RATE>-1000</MIN_RATE>
            <MAX_RATE>1000</MAX_RATE>
            <METRIC_UNIT>W</METRIC_UNIT>
            <IMPERIAL_UNIT></IMPERIAL_UNIT>
            <IMPERIAL_CONVERSION_FORMULA></IMPERIAL_CONVERSION_FORMULA>
            <METRIC_CONVERSION_FORMULA></METRIC_CONVERSION_FORMULA>
           </ENVIRONMENT_OPTION>
           <ENVIRONMENT_OPTION>
            <CATEGORY_ID>Sound</CATEGORY_ID>
            <ID>White Noise</ID>
            <NAME>White Noise</NAME>
            <CATEGORY>Sound</CATEGORY>
            <TRANSFERENCE>5</TRANSFERENCE>
            <SHOW>false</SHOW>
            <INTERPOLATE>true</INTERPOLATE>
            <ACTIVE>false</ACTIVE>
            <VALUE>0</VALUE>
            <MIN>0</MIN>
            <MAX>100</MAX>
            <MIN_RATE>-1000</MIN_RATE>
            <MAX_RATE>1000</MAX_RATE>
            <METRIC_UNIT>%</METRIC_UNIT>
            <IMPERIAL_UNIT></IMPERIAL_UNIT>
            <IMPERIAL_CONVERSION_FORMULA></IMPERIAL_CONVERSION_FORMULA>
            <METRIC_CONVERSION_FORMULA></METRIC_CONVERSION_FORMULA>
           </ENVIRONMENT_OPTION>
           <ENVIRONMENT_OPTION>
            <CATEGORY_ID>Wind</CATEGORY_ID>
            <ID>Wind Direction</ID>
            <NAME>Direction</NAME>
            <CATEGORY>Wind</CATEGORY>
            <TRANSFERENCE>5</TRANSFERENCE>
            <SHOW>true</SHOW>
            <INTERPOLATE>true</INTERPOLATE>
            <ACTIVE>false</ACTIVE>
            <VALUE>10.535</VALUE>
            <MIN>-100</MIN>
            <MAX>100</MAX>
            <MIN_RATE>-1000</MIN_RATE>
            <MAX_RATE>1000</MAX_RATE>
            <METRIC_UNIT>degrees</METRIC_UNIT>
            <IMPERIAL_UNIT></IMPERIAL_UNIT>
            <IMPERIAL_CONVERSION_FORMULA></IMPERIAL_CONVERSION_FORMULA>
            <METRIC_CONVERSION_FORMULA></METRIC_CONVERSION_FORMULA>
           </ENVIRONMENT_OPTION>
           <ENVIRONMENT_OPTION>
            <CATEGORY_ID>Wind</CATEGORY_ID>
            <ID>Wind Gusts</ID>
            <NAME>Variance (gusts)</NAME>
            <CATEGORY>Wind</CATEGORY>
            <TRANSFERENCE>5</TRANSFERENCE>
            <SHOW>true</SHOW>
            <INTERPOLATE>true</INTERPOLATE>
            <ACTIVE>false</ACTIVE>
            <VALUE>1.35761</VALUE>
            <MIN>0</MIN>
            <MAX>100</MAX>
            <MIN_RATE>-1000</MIN_RATE>
            <MAX_RATE>1000</MAX_RATE>
            <METRIC_UNIT>%</METRIC_UNIT>
            <IMPERIAL_UNIT></IMPERIAL_UNIT>
            <IMPERIAL_CONVERSION_FORMULA></IMPERIAL_CONVERSION_FORMULA>
            <METRIC_CONVERSION_FORMULA></METRIC_CONVERSION_FORMULA>
           </ENVIRONMENT_OPTION>
           <ENVIRONMENT_OPTION>
            <CATEGORY_ID>Wind</CATEGORY_ID>
            <ID>Wind Speed</ID>
            <NAME>Speed</NAME>
            <CATEGORY>Wind</CATEGORY>
            <TRANSFERENCE>5</TRANSFERENCE>
            <SHOW>true</SHOW>
            <INTERPOLATE>true</INTERPOLATE>
            <ACTIVE>false</ACTIVE>
            <VALUE>0.234833</VALUE>
            <MIN>0</MIN>
            <MAX>100</MAX>
            <MIN_RATE>-1000</MIN_RATE>
            <MAX_RATE>1000</MAX_RATE>
            <METRIC_UNIT>kph</METRIC_UNIT>
            <IMPERIAL_UNIT>mph</IMPERIAL_UNIT>
            <IMPERIAL_CONVERSION_FORMULA>x/1.609344</IMPERIAL_CONVERSION_FORMULA>
            <METRIC_CONVERSION_FORMULA>x*1.609344</METRIC_CONVERSION_FORMULA>
           </ENVIRONMENT_OPTION>
          </ENVIRONMENT_OPTIONS>
         </ENVIRONMENT>
         <UUID_STR>{0dd7b0ae-e00f-4d68-af5b-879b3cef07c3}</UUID_STR>
         <SLOT>0</SLOT>
         <SUB_SLOT>0</SUB_SLOT>
        </NODE>
        <NODE>
         <X>86</X>
         <Y>215</Y>
         <TYPE>6</TYPE>
         <NAME translate="true">PC0</NAME>
         <SX>1</SX>
         <SY>1</SY>
         <W>0</W>
         <H>0</H>
         <D>0</D>
         <PATH isanim="false">../art/Background/grid_100x100.png</PATH>
         <CHILDREN/>
         <MANUAL_SCALING>false</MANUAL_SCALING>
         <SCALED_PIXMAP_WIDTH>0</SCALED_PIXMAP_WIDTH>
         <SCALED_PIXMAP_HEIGHT>0</SCALED_PIXMAP_HEIGHT>
         <INIT_WIDTH>0</INIT_WIDTH>
         <INIT_HEIGHT>0</INIT_HEIGHT>
         <INIT_DEPTH>0</INIT_DEPTH>
         <INIT_SX>1</INIT_SX>
         <INIT_SY>1</INIT_SY>
         <INIT_SZ>1</INIT_SZ>
         <BG_TILED>false</BG_TILED>
         <CUSTOM_IMAGE_WIDTH>-1</CUSTOM_IMAGE_WIDTH>
         <CUSTOM_IMAGE_HEIGHT>-1</CUSTOM_IMAGE_HEIGHT>
         <SCALE_FACTOR>1</SCALE_FACTOR>
         <UUID_STR>{1e6b3360-f3f3-44d5-b1b8-a4467865c4de}</UUID_STR>
         <SLOT>0</SLOT>
         <SUB_SLOT>0</SUB_SLOT>
        </NODE>
        <NODE>
         <X>172</X>
         <Y>215</Y>
         <TYPE>6</TYPE>
         <NAME translate="true">Laptop0</NAME>
         <SX>1</SX>
         <SY>1</SY>
         <W>0</W>
         <H>0</H>
         <D>0</D>
         <PATH isanim="false">../art/Background/grid_100x100.png</PATH>
         <CHILDREN/>
         <MANUAL_SCALING>false</MANUAL_SCALING>
         <SCALED_PIXMAP_WIDTH>0</SCALED_PIXMAP_WIDTH>
         <SCALED_PIXMAP_HEIGHT>0</SCALED_PIXMAP_HEIGHT>
         <INIT_WIDTH>0</INIT_WIDTH>
         <INIT_HEIGHT>0</INIT_HEIGHT>
         <INIT_DEPTH>0</INIT_DEPTH>
         <INIT_SX>1</INIT_SX>
         <INIT_SY>1</INIT_SY>
         <INIT_SZ>1</INIT_SZ>
         <BG_TILED>false</BG_TILED>
         <CUSTOM_IMAGE_WIDTH>-1</CUSTOM_IMAGE_WIDTH>
         <CUSTOM_IMAGE_HEIGHT>-1</CUSTOM_IMAGE_HEIGHT>
         <SCALE_FACTOR>1</SCALE_FACTOR>
         <UUID_STR>{de0f7733-c266-4b17-b4d5-73e8dd3dda21}</UUID_STR>
         <SLOT>0</SLOT>
         <SUB_SLOT>0</SUB_SLOT>
        </NODE>
        <NODE>
         <X>258</X>
         <Y>215</Y>
         <TYPE>6</TYPE>
         <NAME translate="true">PC1</NAME>
         <SX>1</SX>
         <SY>1</SY>
         <W>0</W>
         <H>0</H>
         <D>0</D>
         <PATH isanim="false">../art/Background/grid_100x100.png</PATH>
         <CHILDREN/>
         <MANUAL_SCALING>false</MANUAL_SCALING>
         <SCALED_PIXMAP_WIDTH>0</SCALED_PIXMAP_WIDTH>
         <SCALED_PIXMAP_HEIGHT>0</SCALED_PIXMAP_HEIGHT>
         <INIT_WIDTH>0</INIT_WIDTH>
         <INIT_HEIGHT>0</INIT_HEIGHT>
         <INIT_DEPTH>0</INIT_DEPTH>
         <INIT_SX>1</INIT_SX>
         <INIT_SY>1</INIT_SY>
         <INIT_SZ>1</INIT_SZ>
         <BG_TILED>false</BG_TILED>
         <CUSTOM_IMAGE_WIDTH>-1</CUSTOM_IMAGE_WIDTH>
         <CUSTOM_IMAGE_HEIGHT>-1</CUSTOM_IMAGE_HEIGHT>
         <SCALE_FACTOR>1</SCALE_FACTOR>
         <UUID_STR>{0f54a995-05b7-467d-85a7-7a46c2a422b2}</UUID_STR>
         <SLOT>0</SLOT>
         <SUB_SLOT>0</SUB_SLOT>
        </NODE>
       </CHILDREN>
       <MANUAL_SCALING>false</MANUAL_SCALING>
       <SCALED_PIXMAP_WIDTH>0</SCALED_PIXMAP_WIDTH>
       <SCALED_PIXMAP_HEIGHT>0</SCALED_PIXMAP_HEIGHT>
       <INIT_WIDTH>200</INIT_WIDTH>
       <INIT_HEIGHT>125.261</INIT_HEIGHT>
       <INIT_DEPTH>3.6576</INIT_DEPTH>
       <INIT_SX>0.0580719</INIT_SX>
       <INIT_SY>0.0580719</INIT_SY>
       <INIT_SZ>0.0580719</INIT_SZ>
       <BG_TILED>false</BG_TILED>
       <CUSTOM_IMAGE_WIDTH>-1</CUSTOM_IMAGE_WIDTH>
       <CUSTOM_IMAGE_HEIGHT>-1</CUSTOM_IMAGE_HEIGHT>
       <SCALE_FACTOR>1</SCALE_FACTOR>
       <ENVIRONMENT>
        <TIME_IN_SECONDS>1590</TIME_IN_SECONDS>
        <TIME_MULTIPLIER>30</TIME_MULTIPLIER>
        <SIM_TIME_SETTING>30</SIM_TIME_SETTING>
        <REAL_TIME_SETTING>1</REAL_TIME_SETTING>
        <SIM_TIME_COMBO>60</SIM_TIME_COMBO>
        <REAL_TIME_COMBO>60</REAL_TIME_COMBO>
        <NOTES></NOTES>
        <SHOW_NOTES>false</SHOW_NOTES>
        <KEYFRAMES>
         <KEYFRAME>
          <TIME>0</TIME>
          <ENVIRONMENT_OPTIONS>
           <ENVIRONMENT_OPTION>
            <CATEGORY_ID>Radiation</CATEGORY_ID>
            <ID>Alpha</ID>
            <NAME>Alpha</NAME>
            <CATEGORY>Radiation</CATEGORY>
            <TRANSFERENCE>15</TRANSFERENCE>
            <SHOW>false</SHOW>
            <INTERPOLATE>true</INTERPOLATE>
            <ACTIVE>false</ACTIVE>
            <VALUE>0</VALUE>
            <MIN>0</MIN>
            <MAX>100</MAX>
            <MIN_RATE>-1000</MIN_RATE>
            <MAX_RATE>1000</MAX_RATE>
            <METRIC_UNIT>%</METRIC_UNIT>
            <IMPERIAL_UNIT></IMPERIAL_UNIT>
            <IMPERIAL_CONVERSION_FORMULA></IMPERIAL_CONVERSION_FORMULA>
            <METRIC_CONVERSION_FORMULA></METRIC_CONVERSION_FORMULA>
           </ENVIRONMENT_OPTION>
           <ENVIRONMENT_OPTION>
            <CATEGORY_ID>Temperature</CATEGORY_ID>
            <ID>Ambient Temperature</ID>
            <NAME>Ambient Temperature</NAME>
            <CATEGORY>Temperature</CATEGORY>
            <TRANSFERENCE>15</TRANSFERENCE>
            <SHOW>true</SHOW>
            <INTERPOLATE>true</INTERPOLATE>
            <ACTIVE>false</ACTIVE>
            <VALUE>0</VALUE>
            <MIN>-100</MIN>
            <MAX>100</MAX>
            <MIN_RATE>-0.00138889</MIN_RATE>
            <MAX_RATE>0.00138889</MAX_RATE>
            <METRIC_UNIT>C</METRIC_UNIT>
            <IMPERIAL_UNIT>F</IMPERIAL_UNIT>
            <IMPERIAL_CONVERSION_FORMULA>x*(9/5)+32</IMPERIAL_CONVERSION_FORMULA>
            <METRIC_CONVERSION_FORMULA>(x-32)*(5/9)</METRIC_CONVERSION_FORMULA>
           </ENVIRONMENT_OPTION>
           <ENVIRONMENT_OPTION>
            <CATEGORY_ID>Gases</CATEGORY_ID>
            <ID>Argon</ID>
            <NAME>Argon</NAME>
            <CATEGORY>Gases</CATEGORY>
            <TRANSFERENCE>15</TRANSFERENCE>
            <SHOW>true</SHOW>
            <INTERPOLATE>true</INTERPOLATE>
            <ACTIVE>false</ACTIVE>
            <VALUE>0</VALUE>
            <MIN>0</MIN>
            <MAX>100</MAX>
            <MIN_RATE>-1000</MIN_RATE>
            <MAX_RATE>1000</MAX_RATE>
            <METRIC_UNIT>%</METRIC_UNIT>
            <IMPERIAL_UNIT></IMPERIAL_UNIT>
            <IMPERIAL_CONVERSION_FORMULA></IMPERIAL_CONVERSION_FORMULA>
            <METRIC_CONVERSION_FORMULA></METRIC_CONVERSION_FORMULA>
           </ENVIRONMENT_OPTION>
           <ENVIRONMENT_OPTION>
            <CATEGORY_ID>Other</CATEGORY_ID>
            <ID>Atmospheric Pressure</ID>
            <NAME>Atmospheric Pressure</NAME>
            <CATEGORY>Other</CATEGORY>
            <TRANSFERENCE>15</TRANSFERENCE>
            <SHOW>true</SHOW>
            <INTERPOLATE>true</INTERPOLATE>
            <ACTIVE>false</ACTIVE>
            <VALUE>0</VALUE>
            <MIN>-100</MIN>
            <MAX>200</MAX>
            <MIN_RATE>-1000</MIN_RATE>
            <MAX_RATE>1000</MAX_RATE>
            <METRIC_UNIT>kPa</METRIC_UNIT>
            <IMPERIAL_UNIT>psi</IMPERIAL_UNIT>
            <IMPERIAL_CONVERSION_FORMULA>x*.14503773773020923</IMPERIAL_CONVERSION_FORMULA>
            <METRIC_CONVERSION_FORMULA></METRIC_CONVERSION_FORMULA>
           </ENVIRONMENT_OPTION>
           <ENVIRONMENT_OPTION>
            <CATEGORY_ID>Radiation</CATEGORY_ID>
            <ID>Beta</ID>
            <NAME>Beta</NAME>
            <CATEGORY>Radiation</CATEGORY>
            <TRANSFERENCE>15</TRANSFERENCE>
            <SHOW>false</SHOW>
            <INTERPOLATE>true</INTERPOLATE>
            <ACTIVE>false</ACTIVE>
            <VALUE>0</VALUE>
            <MIN>0</MIN>
            <MAX>100</MAX>
            <MIN_RATE>-1000</MIN_RATE>
            <MAX_RATE>1000</MAX_RATE>
            <METRIC_UNIT>%</METRIC_UNIT>
            <IMPERIAL_UNIT></IMPERIAL_UNIT>
            <IMPERIAL_CONVERSION_FORMULA></IMPERIAL_CONVERSION_FORMULA>
            <METRIC_CONVERSION_FORMULA></METRIC_CONVERSION_FORMULA>
           </ENVIRONMENT_OPTION>
           <ENVIRONMENT_OPTION>
            <CATEGORY_ID>Gases</CATEGORY_ID>
            <ID>CO</ID>
            <NAME>CO</NAME>
            <CATEGORY>Gases</CATEGORY>
            <TRANSFERENCE>15</TRANSFERENCE>
            <SHOW>true</SHOW>
            <INTERPOLATE>true</INTERPOLATE>
            <ACTIVE>false</ACTIVE>
            <VALUE>0</VALUE>
            <MIN>0</MIN>
            <MAX>100</MAX>
            <MIN_RATE>-1000</MIN_RATE>
            <MAX_RATE>1000</MAX_RATE>
            <METRIC_UNIT>%</METRIC_UNIT>
            <IMPERIAL_UNIT></IMPERIAL_UNIT>
            <IMPERIAL_CONVERSION_FORMULA></IMPERIAL_CONVERSION_FORMULA>
            <METRIC_CONVERSION_FORMULA></METRIC_CONVERSION_FORMULA>
           </ENVIRONMENT_OPTION>
           <ENVIRONMENT_OPTION>
            <CATEGORY_ID>Gases</CATEGORY_ID>
            <ID>CO2</ID>
            <NAME>CO&lt;sub>2&lt;/sub></NAME>
            <CATEGORY>Gases</CATEGORY>
            <TRANSFERENCE>15</TRANSFERENCE>
            <SHOW>true</SHOW>
            <INTERPOLATE>true</INTERPOLATE>
            <ACTIVE>false</ACTIVE>
            <VALUE>0</VALUE>
            <MIN>0</MIN>
            <MAX>100</MAX>
            <MIN_RATE>-1000</MIN_RATE>
            <MAX_RATE>1000</MAX_RATE>
            <METRIC_UNIT>%</METRIC_UNIT>
            <IMPERIAL_UNIT></IMPERIAL_UNIT>
            <IMPERIAL_CONVERSION_FORMULA></IMPERIAL_CONVERSION_FORMULA>
            <METRIC_CONVERSION_FORMULA></METRIC_CONVERSION_FORMULA>
           </ENVIRONMENT_OPTION>
           <ENVIRONMENT_OPTION>
            <CATEGORY_ID>Water</CATEGORY_ID>
            <ID>Clouds</ID>
            <NAME>Clouds</NAME>
            <CATEGORY>Water</CATEGORY>
            <TRANSFERENCE>15</TRANSFERENCE>
            <SHOW>true</SHOW>
            <INTERPOLATE>true</INTERPOLATE>
            <ACTIVE>false</ACTIVE>
            <VALUE>0</VALUE>
            <MIN>0</MIN>
            <MAX>100</MAX>
            <MIN_RATE>-1000</MIN_RATE>
            <MAX_RATE>1000</MAX_RATE>
            <METRIC_UNIT>%</METRIC_UNIT>
            <IMPERIAL_UNIT></IMPERIAL_UNIT>
            <IMPERIAL_CONVERSION_FORMULA></IMPERIAL_CONVERSION_FORMULA>
            <METRIC_CONVERSION_FORMULA></METRIC_CONVERSION_FORMULA>
           </ENVIRONMENT_OPTION>
           <ENVIRONMENT_OPTION>
            <CATEGORY_ID>Earth Physical Features</CATEGORY_ID>
            <ID>Compaction</ID>
            <NAME>Compaction</NAME>
            <CATEGORY>Earth Physical Features</CATEGORY>
            <TRANSFERENCE>15</TRANSFERENCE>
            <SHOW>false</SHOW>
            <INTERPOLATE>true</INTERPOLATE>
            <ACTIVE>false</ACTIVE>
            <VALUE>0</VALUE>
            <MIN>0</MIN>
            <MAX>100</MAX>
            <MIN_RATE>-1000</MIN_RATE>
            <MAX_RATE>1000</MAX_RATE>
            <METRIC_UNIT>Moh</METRIC_UNIT>
            <IMPERIAL_UNIT></IMPERIAL_UNIT>
            <IMPERIAL_CONVERSION_FORMULA></IMPERIAL_CONVERSION_FORMULA>
            <METRIC_CONVERSION_FORMULA></METRIC_CONVERSION_FORMULA>
           </ENVIRONMENT_OPTION>
           <ENVIRONMENT_OPTION>
            <CATEGORY_ID>Earth Physical Features</CATEGORY_ID>
            <ID>Composition Hardness</ID>
            <NAME>Composition Hardness</NAME>
            <CATEGORY>Earth Physical Features</CATEGORY>
            <TRANSFERENCE>15</TRANSFERENCE>
            <SHOW>false</SHOW>
            <INTERPOLATE>true</INTERPOLATE>
            <ACTIVE>false</ACTIVE>
            <VALUE>0</VALUE>
            <MIN>0</MIN>
            <MAX>100</MAX>
            <MIN_RATE>-1000</MIN_RATE>
            <MAX_RATE>1000</MAX_RATE>
            <METRIC_UNIT>Moh</METRIC_UNIT>
            <IMPERIAL_UNIT></IMPERIAL_UNIT>
            <IMPERIAL_CONVERSION_FORMULA></IMPERIAL_CONVERSION_FORMULA>
            <METRIC_CONVERSION_FORMULA></METRIC_CONVERSION_FORMULA>
           </ENVIRONMENT_OPTION>
           <ENVIRONMENT_OPTION>
            <CATEGORY_ID>Light (Sun)</CATEGORY_ID>
            <ID>Electromagnetic Radiation</ID>
            <NAME>Electromagnetic Radiation</NAME>
            <CATEGORY>Light (Sun)</CATEGORY>
            <TRANSFERENCE>15</TRANSFERENCE>
            <SHOW>true</SHOW>
            <INTERPOLATE>true</INTERPOLATE>
            <ACTIVE>false</ACTIVE>
            <VALUE>0</VALUE>
            <MIN>0</MIN>
            <MAX>100</MAX>
            <MIN_RATE>-1000</MIN_RATE>
            <MAX_RATE>1000</MAX_RATE>
            <METRIC_UNIT>%</METRIC_UNIT>
            <IMPERIAL_UNIT></IMPERIAL_UNIT>
            <IMPERIAL_CONVERSION_FORMULA></IMPERIAL_CONVERSION_FORMULA>
            <METRIC_CONVERSION_FORMULA></METRIC_CONVERSION_FORMULA>
           </ENVIRONMENT_OPTION>
           <ENVIRONMENT_OPTION>
            <CATEGORY_ID>Earth Physical Features</CATEGORY_ID>
            <ID>Elevation</ID>
            <NAME>Elevation</NAME>
            <CATEGORY>Earth Physical Features</CATEGORY>
            <TRANSFERENCE>15</TRANSFERENCE>
            <SHOW>true</SHOW>
            <INTERPOLATE>true</INTERPOLATE>
            <ACTIVE>false</ACTIVE>
            <VALUE>0</VALUE>
            <MIN>0</MIN>
            <MAX>100000</MAX>
            <MIN_RATE>-1000</MIN_RATE>
            <MAX_RATE>1000</MAX_RATE>
            <METRIC_UNIT>m</METRIC_UNIT>
            <IMPERIAL_UNIT>ft</IMPERIAL_UNIT>
            <IMPERIAL_CONVERSION_FORMULA>x*3.2808</IMPERIAL_CONVERSION_FORMULA>
            <METRIC_CONVERSION_FORMULA>x/3.280</METRIC_CONVERSION_FORMULA>
           </ENVIRONMENT_OPTION>
           <ENVIRONMENT_OPTION>
            <CATEGORY_ID>Temperature</CATEGORY_ID>
            <ID>Fire</ID>
            <NAME>Fire</NAME>
            <CATEGORY>Temperature</CATEGORY>
            <TRANSFERENCE>15</TRANSFERENCE>
            <SHOW>false</SHOW>
            <INTERPOLATE>true</INTERPOLATE>
            <ACTIVE>false</ACTIVE>
            <VALUE>0</VALUE>
            <MIN>0</MIN>
            <MAX>100</MAX>
            <MIN_RATE>-1000</MIN_RATE>
            <MAX_RATE>1000</MAX_RATE>
            <METRIC_UNIT></METRIC_UNIT>
            <IMPERIAL_UNIT></IMPERIAL_UNIT>
            <IMPERIAL_CONVERSION_FORMULA></IMPERIAL_CONVERSION_FORMULA>
            <METRIC_CONVERSION_FORMULA></METRIC_CONVERSION_FORMULA>
           </ENVIRONMENT_OPTION>
           <ENVIRONMENT_OPTION>
            <CATEGORY_ID>Radiation</CATEGORY_ID>
            <ID>Gamma</ID>
            <NAME>Gamma</NAME>
            <CATEGORY>Radiation</CATEGORY>
            <TRANSFERENCE>15</TRANSFERENCE>
            <SHOW>false</SHOW>
            <INTERPOLATE>true</INTERPOLATE>
            <ACTIVE>false</ACTIVE>
            <VALUE>0</VALUE>
            <MIN>0</MIN>
            <MAX>100</MAX>
            <MIN_RATE>-1000</MIN_RATE>
            <MAX_RATE>1000</MAX_RATE>
            <METRIC_UNIT>%</METRIC_UNIT>
            <IMPERIAL_UNIT></IMPERIAL_UNIT>
            <IMPERIAL_CONVERSION_FORMULA></IMPERIAL_CONVERSION_FORMULA>
            <METRIC_CONVERSION_FORMULA></METRIC_CONVERSION_FORMULA>
           </ENVIRONMENT_OPTION>
           <ENVIRONMENT_OPTION>
            <CATEGORY_ID>Gravity</CATEGORY_ID>
            <ID>Gravity</ID>
            <NAME>Gravity</NAME>
            <CATEGORY>Gravity</CATEGORY>
            <TRANSFERENCE>15</TRANSFERENCE>
            <SHOW>true</SHOW>
            <INTERPOLATE>true</INTERPOLATE>
            <ACTIVE>false</ACTIVE>
            <VALUE>0</VALUE>
            <MIN>-100</MIN>
            <MAX>100</MAX>
            <MIN_RATE>-1000</MIN_RATE>
            <MAX_RATE>1000</MAX_RATE>
            <METRIC_UNIT>m/s&lt;sup>2&lt;/sup></METRIC_UNIT>
            <IMPERIAL_UNIT>ft/s&lt;sup>2&lt;/sup></IMPERIAL_UNIT>
            <IMPERIAL_CONVERSION_FORMULA>x*3.2808399</IMPERIAL_CONVERSION_FORMULA>
            <METRIC_CONVERSION_FORMULA>x*0.3048</METRIC_CONVERSION_FORMULA>
           </ENVIRONMENT_OPTION>
           <ENVIRONMENT_OPTION>
            <CATEGORY_ID>Energy</CATEGORY_ID>
            <ID>Heat</ID>
            <NAME>Heat (BTUs)</NAME>
            <CATEGORY>Energy</CATEGORY>
            <TRANSFERENCE>15</TRANSFERENCE>
            <SHOW>false</SHOW>
            <INTERPOLATE>true</INTERPOLATE>
            <ACTIVE>false</ACTIVE>
            <VALUE>0</VALUE>
            <MIN>-100</MIN>
            <MAX>100</MAX>
            <MIN_RATE>-1000</MIN_RATE>
            <MAX_RATE>1000</MAX_RATE>
            <METRIC_UNIT>KW</METRIC_UNIT>
            <IMPERIAL_UNIT>BTU/hr</IMPERIAL_UNIT>
            <IMPERIAL_CONVERSION_FORMULA>x*0.00029307103866</IMPERIAL_CONVERSION_FORMULA>
            <METRIC_CONVERSION_FORMULA>x*3412.142</METRIC_CONVERSION_FORMULA>
           </ENVIRONMENT_OPTION>
           <ENVIRONMENT_OPTION>
            <CATEGORY_ID>Gases</CATEGORY_ID>
            <ID>Helium</ID>
            <NAME>He</NAME>
            <CATEGORY>Gases</CATEGORY>
            <TRANSFERENCE>15</TRANSFERENCE>
            <SHOW>true</SHOW>
            <INTERPOLATE>true</INTERPOLATE>
            <ACTIVE>false</ACTIVE>
            <VALUE>0</VALUE>
            <MIN>0</MIN>
            <MAX>100</MAX>
            <MIN_RATE>-1000</MIN_RATE>
            <MAX_RATE>1000</MAX_RATE>
            <METRIC_UNIT>%</METRIC_UNIT>
            <IMPERIAL_UNIT></IMPERIAL_UNIT>
            <IMPERIAL_CONVERSION_FORMULA></IMPERIAL_CONVERSION_FORMULA>
            <METRIC_CONVERSION_FORMULA></METRIC_CONVERSION_FORMULA>
           </ENVIRONMENT_OPTION>
           <ENVIRONMENT_OPTION>
            <CATEGORY_ID>Water</CATEGORY_ID>
            <ID>Humidity</ID>
            <NAME>Humidity</NAME>
            <CATEGORY>Water</CATEGORY>
            <TRANSFERENCE>15</TRANSFERENCE>
            <SHOW>true</SHOW>
            <INTERPOLATE>true</INTERPOLATE>
            <ACTIVE>false</ACTIVE>
            <VALUE>0</VALUE>
            <MIN>0</MIN>
            <MAX>100</MAX>
            <MIN_RATE>-1000</MIN_RATE>
            <MAX_RATE>1000</MAX_RATE>
            <METRIC_UNIT>%</METRIC_UNIT>
            <IMPERIAL_UNIT></IMPERIAL_UNIT>
            <IMPERIAL_CONVERSION_FORMULA></IMPERIAL_CONVERSION_FORMULA>
            <METRIC_CONVERSION_FORMULA></METRIC_CONVERSION_FORMULA>
           </ENVIRONMENT_OPTION>
           <ENVIRONMENT_OPTION>
            <CATEGORY_ID>Gases</CATEGORY_ID>
            <ID>Hydrogen</ID>
            <NAME>H</NAME>
            <CATEGORY>Gases</CATEGORY>
            <TRANSFERENCE>15</TRANSFERENCE>
            <SHOW>true</SHOW>
            <INTERPOLATE>true</INTERPOLATE>
            <ACTIVE>false</ACTIVE>
            <VALUE>0</VALUE>
            <MIN>0</MIN>
            <MAX>100</MAX>
            <MIN_RATE>-1000</MIN_RATE>
            <MAX_RATE>1000</MAX_RATE>
            <METRIC_UNIT>%</METRIC_UNIT>
            <IMPERIAL_UNIT></IMPERIAL_UNIT>
            <IMPERIAL_CONVERSION_FORMULA></IMPERIAL_CONVERSION_FORMULA>
            <METRIC_CONVERSION_FORMULA></METRIC_CONVERSION_FORMULA>
           </ENVIRONMENT_OPTION>
           <ENVIRONMENT_OPTION>
            <CATEGORY_ID>Light (Sun)</CATEGORY_ID>
            <ID>Infrared</ID>
            <NAME>Infrared</NAME>
            <CATEGORY>Light (Sun)</CATEGORY>
            <TRANSFERENCE>15</TRANSFERENCE>
            <SHOW>true</SHOW>
            <INTERPOLATE>true</INTERPOLATE>
            <ACTIVE>false</ACTIVE>
            <VALUE>0</VALUE>
            <MIN>0</MIN>
            <MAX>100</MAX>
            <MIN_RATE>-1000</MIN_RATE>
            <MAX_RATE>1000</MAX_RATE>
            <METRIC_UNIT>%</METRIC_UNIT>
            <IMPERIAL_UNIT></IMPERIAL_UNIT>
            <IMPERIAL_CONVERSION_FORMULA></IMPERIAL_CONVERSION_FORMULA>
            <METRIC_CONVERSION_FORMULA></METRIC_CONVERSION_FORMULA>
           </ENVIRONMENT_OPTION>
           <ENVIRONMENT_OPTION>
            <CATEGORY_ID>Temperature</CATEGORY_ID>
            <ID>Ionization</ID>
            <NAME>Ionization</NAME>
            <CATEGORY>Temperature</CATEGORY>
            <TRANSFERENCE>15</TRANSFERENCE>
            <SHOW>false</SHOW>
            <INTERPOLATE>true</INTERPOLATE>
            <ACTIVE>false</ACTIVE>
            <VALUE>0</VALUE>
            <MIN>0</MIN>
            <MAX>100</MAX>
            <MIN_RATE>-1000</MIN_RATE>
            <MAX_RATE>1000</MAX_RATE>
            <METRIC_UNIT>%</METRIC_UNIT>
            <IMPERIAL_UNIT></IMPERIAL_UNIT>
            <IMPERIAL_CONVERSION_FORMULA></IMPERIAL_CONVERSION_FORMULA>
            <METRIC_CONVERSION_FORMULA></METRIC_CONVERSION_FORMULA>
           </ENVIRONMENT_OPTION>
           <ENVIRONMENT_OPTION>
            <CATEGORY_ID>Light (Sun)</CATEGORY_ID>
            <ID>Luminosity</ID>
            <NAME>Luminosity</NAME>
            <CATEGORY>Light (Sun)</CATEGORY>
            <TRANSFERENCE>15</TRANSFERENCE>
            <SHOW>false</SHOW>
            <INTERPOLATE>true</INTERPOLATE>
            <ACTIVE>false</ACTIVE>
            <VALUE>0</VALUE>
            <MIN>0</MIN>
            <MAX>100</MAX>
            <MIN_RATE>-1000</MIN_RATE>
            <MAX_RATE>1000</MAX_RATE>
            <METRIC_UNIT>%</METRIC_UNIT>
            <IMPERIAL_UNIT></IMPERIAL_UNIT>
            <IMPERIAL_CONVERSION_FORMULA></IMPERIAL_CONVERSION_FORMULA>
            <METRIC_CONVERSION_FORMULA></METRIC_CONVERSION_FORMULA>
           </ENVIRONMENT_OPTION>
           <ENVIRONMENT_OPTION>
            <CATEGORY_ID>Gases</CATEGORY_ID>
            <ID>Methane</ID>
            <NAME>Methane</NAME>
            <CATEGORY>Gases</CATEGORY>
            <TRANSFERENCE>15</TRANSFERENCE>
            <SHOW>true</SHOW>
            <INTERPOLATE>true</INTERPOLATE>
            <ACTIVE>false</ACTIVE>
            <VALUE>0</VALUE>
            <MIN>0</MIN>
            <MAX>100</MAX>
            <MIN_RATE>-1000</MIN_RATE>
            <MAX_RATE>1000</MAX_RATE>
            <METRIC_UNIT>%</METRIC_UNIT>
            <IMPERIAL_UNIT></IMPERIAL_UNIT>
            <IMPERIAL_CONVERSION_FORMULA></IMPERIAL_CONVERSION_FORMULA>
            <METRIC_CONVERSION_FORMULA></METRIC_CONVERSION_FORMULA>
           </ENVIRONMENT_OPTION>
           <ENVIRONMENT_OPTION>
            <CATEGORY_ID>Gravity</CATEGORY_ID>
            <ID>Moon Phases</ID>
            <NAME>Moon Phases</NAME>
            <CATEGORY>Gravity</CATEGORY>
            <TRANSFERENCE>15</TRANSFERENCE>
            <SHOW>false</SHOW>
            <INTERPOLATE>true</INTERPOLATE>
            <ACTIVE>false</ACTIVE>
            <VALUE>0</VALUE>
            <MIN>-100</MIN>
            <MAX>100</MAX>
            <MIN_RATE>-1000</MIN_RATE>
            <MAX_RATE>1000</MAX_RATE>
            <METRIC_UNIT></METRIC_UNIT>
            <IMPERIAL_UNIT></IMPERIAL_UNIT>
            <IMPERIAL_CONVERSION_FORMULA></IMPERIAL_CONVERSION_FORMULA>
            <METRIC_CONVERSION_FORMULA></METRIC_CONVERSION_FORMULA>
           </ENVIRONMENT_OPTION>
           <ENVIRONMENT_OPTION>
            <CATEGORY_ID>Motion</CATEGORY_ID>
            <ID>Motion Direction</ID>
            <NAME>Direction</NAME>
            <CATEGORY>Motion</CATEGORY>
            <TRANSFERENCE>15</TRANSFERENCE>
            <SHOW>false</SHOW>
            <INTERPOLATE>true</INTERPOLATE>
            <ACTIVE>false</ACTIVE>
            <VALUE>0</VALUE>
            <MIN>-100</MIN>
            <MAX>100</MAX>
            <MIN_RATE>-1000</MIN_RATE>
            <MAX_RATE>1000</MAX_RATE>
            <METRIC_UNIT>degrees</METRIC_UNIT>
            <IMPERIAL_UNIT></IMPERIAL_UNIT>
            <IMPERIAL_CONVERSION_FORMULA></IMPERIAL_CONVERSION_FORMULA>
            <METRIC_CONVERSION_FORMULA></METRIC_CONVERSION_FORMULA>
           </ENVIRONMENT_OPTION>
           <ENVIRONMENT_OPTION>
            <CATEGORY_ID>Motion</CATEGORY_ID>
            <ID>Motion Speed</ID>
            <NAME>Speed</NAME>
            <CATEGORY>Motion</CATEGORY>
            <TRANSFERENCE>15</TRANSFERENCE>
            <SHOW>false</SHOW>
            <INTERPOLATE>true</INTERPOLATE>
            <ACTIVE>false</ACTIVE>
            <VALUE>0</VALUE>
            <MIN>0</MIN>
            <MAX>100</MAX>
            <MIN_RATE>-1000</MIN_RATE>
            <MAX_RATE>1000</MAX_RATE>
            <METRIC_UNIT>kph</METRIC_UNIT>
            <IMPERIAL_UNIT>mph</IMPERIAL_UNIT>
            <IMPERIAL_CONVERSION_FORMULA>x/1.609344</IMPERIAL_CONVERSION_FORMULA>
            <METRIC_CONVERSION_FORMULA>x*1.609344</METRIC_CONVERSION_FORMULA>
           </ENVIRONMENT_OPTION>
           <ENVIRONMENT_OPTION>
            <CATEGORY_ID>Radiation</CATEGORY_ID>
            <ID>Neutron</ID>
            <NAME>Neutron</NAME>
            <CATEGORY>Radiation</CATEGORY>
            <TRANSFERENCE>15</TRANSFERENCE>
            <SHOW>false</SHOW>
            <INTERPOLATE>true</INTERPOLATE>
            <ACTIVE>false</ACTIVE>
            <VALUE>0</VALUE>
            <MIN>0</MIN>
            <MAX>100</MAX>
            <MIN_RATE>-1000</MIN_RATE>
            <MAX_RATE>1000</MAX_RATE>
            <METRIC_UNIT>%</METRIC_UNIT>
            <IMPERIAL_UNIT></IMPERIAL_UNIT>
            <IMPERIAL_CONVERSION_FORMULA></IMPERIAL_CONVERSION_FORMULA>
            <METRIC_CONVERSION_FORMULA></METRIC_CONVERSION_FORMULA>
           </ENVIRONMENT_OPTION>
           <ENVIRONMENT_OPTION>
            <CATEGORY_ID>Gases</CATEGORY_ID>
            <ID>Nitrogen</ID>
            <NAME>Nitrogen</NAME>
            <CATEGORY>Gases</CATEGORY>
            <TRANSFERENCE>15</TRANSFERENCE>
            <SHOW>true</SHOW>
            <INTERPOLATE>true</INTERPOLATE>
            <ACTIVE>false</ACTIVE>
            <VALUE>0</VALUE>
            <MIN>0</MIN>
            <MAX>100</MAX>
            <MIN_RATE>-1000</MIN_RATE>
            <MAX_RATE>1000</MAX_RATE>
            <METRIC_UNIT>%</METRIC_UNIT>
            <IMPERIAL_UNIT></IMPERIAL_UNIT>
            <IMPERIAL_CONVERSION_FORMULA></IMPERIAL_CONVERSION_FORMULA>
            <METRIC_CONVERSION_FORMULA></METRIC_CONVERSION_FORMULA>
           </ENVIRONMENT_OPTION>
           <ENVIRONMENT_OPTION>
            <CATEGORY_ID>Gases</CATEGORY_ID>
            <ID>O2</ID>
            <NAME>O&lt;sub>2&lt;/sub></NAME>
            <CATEGORY>Gases</CATEGORY>
            <TRANSFERENCE>15</TRANSFERENCE>
            <SHOW>true</SHOW>
            <INTERPOLATE>true</INTERPOLATE>
            <ACTIVE>false</ACTIVE>
            <VALUE>0</VALUE>
            <MIN>0</MIN>
            <MAX>100</MAX>
            <MIN_RATE>-1000</MIN_RATE>
            <MAX_RATE>1000</MAX_RATE>
            <METRIC_UNIT>%</METRIC_UNIT>
            <IMPERIAL_UNIT></IMPERIAL_UNIT>
            <IMPERIAL_CONVERSION_FORMULA></IMPERIAL_CONVERSION_FORMULA>
            <METRIC_CONVERSION_FORMULA></METRIC_CONVERSION_FORMULA>
           </ENVIRONMENT_OPTION>
           <ENVIRONMENT_OPTION>
            <CATEGORY_ID>Electricity</CATEGORY_ID>
            <ID>Ohms</ID>
            <NAME>Ohms</NAME>
            <CATEGORY>Electricity</CATEGORY>
            <TRANSFERENCE>15</TRANSFERENCE>
            <SHOW>false</SHOW>
            <INTERPOLATE>true</INTERPOLATE>
            <ACTIVE>false</ACTIVE>
            <VALUE>0</VALUE>
            <MIN>-100</MIN>
            <MAX>100</MAX>
            <MIN_RATE>-1000</MIN_RATE>
            <MAX_RATE>1000</MAX_RATE>
            <METRIC_UNIT>&amp;#8486;</METRIC_UNIT>
            <IMPERIAL_UNIT></IMPERIAL_UNIT>
            <IMPERIAL_CONVERSION_FORMULA></IMPERIAL_CONVERSION_FORMULA>
            <METRIC_CONVERSION_FORMULA></METRIC_CONVERSION_FORMULA>
           </ENVIRONMENT_OPTION>
           <ENVIRONMENT_OPTION>
            <CATEGORY_ID>Gases</CATEGORY_ID>
            <ID>Ozone</ID>
            <NAME>Ozone</NAME>
            <CATEGORY>Gases</CATEGORY>
            <TRANSFERENCE>15</TRANSFERENCE>
            <SHOW>false</SHOW>
            <INTERPOLATE>true</INTERPOLATE>
            <ACTIVE>false</ACTIVE>
            <VALUE>0</VALUE>
            <MIN>0</MIN>
            <MAX>100</MAX>
            <MIN_RATE>-1000</MIN_RATE>
            <MAX_RATE>1000</MAX_RATE>
            <METRIC_UNIT>%</METRIC_UNIT>
            <IMPERIAL_UNIT></IMPERIAL_UNIT>
            <IMPERIAL_CONVERSION_FORMULA></IMPERIAL_CONVERSION_FORMULA>
            <METRIC_CONVERSION_FORMULA></METRIC_CONVERSION_FORMULA>
           </ENVIRONMENT_OPTION>
           <ENVIRONMENT_OPTION>
            <CATEGORY_ID>Radiation</CATEGORY_ID>
            <ID>Photon</ID>
            <NAME>Photon</NAME>
            <CATEGORY>Radiation</CATEGORY>
            <TRANSFERENCE>15</TRANSFERENCE>
            <SHOW>false</SHOW>
            <INTERPOLATE>true</INTERPOLATE>
            <ACTIVE>false</ACTIVE>
            <VALUE>0</VALUE>
            <MIN>0</MIN>
            <MAX>100</MAX>
            <MIN_RATE>-1000</MIN_RATE>
            <MAX_RATE>1000</MAX_RATE>
            <METRIC_UNIT>%</METRIC_UNIT>
            <IMPERIAL_UNIT></IMPERIAL_UNIT>
            <IMPERIAL_CONVERSION_FORMULA></IMPERIAL_CONVERSION_FORMULA>
            <METRIC_CONVERSION_FORMULA></METRIC_CONVERSION_FORMULA>
           </ENVIRONMENT_OPTION>
           <ENVIRONMENT_OPTION>
            <CATEGORY_ID>Gases</CATEGORY_ID>
            <ID>Propane</ID>
            <NAME>Propane</NAME>
            <CATEGORY>Gases</CATEGORY>
            <TRANSFERENCE>15</TRANSFERENCE>
            <SHOW>false</SHOW>
            <INTERPOLATE>true</INTERPOLATE>
            <ACTIVE>false</ACTIVE>
            <VALUE>0</VALUE>
            <MIN>0</MIN>
            <MAX>100</MAX>
            <MIN_RATE>-1000</MIN_RATE>
            <MAX_RATE>1000</MAX_RATE>
            <METRIC_UNIT>%</METRIC_UNIT>
            <IMPERIAL_UNIT></IMPERIAL_UNIT>
            <IMPERIAL_CONVERSION_FORMULA></IMPERIAL_CONVERSION_FORMULA>
            <METRIC_CONVERSION_FORMULA></METRIC_CONVERSION_FORMULA>
           </ENVIRONMENT_OPTION>
           <ENVIRONMENT_OPTION>
            <CATEGORY_ID>Light (Sun)</CATEGORY_ID>
            <ID>Radiant Heat</ID>
            <NAME>Radiant Heat</NAME>
            <CATEGORY>Light (Sun)</CATEGORY>
            <TRANSFERENCE>15</TRANSFERENCE>
            <SHOW>true</SHOW>
            <INTERPOLATE>true</INTERPOLATE>
            <ACTIVE>false</ACTIVE>
            <VALUE>0</VALUE>
            <MIN>0</MIN>
            <MAX>100</MAX>
            <MIN_RATE>-1000</MIN_RATE>
            <MAX_RATE>1000</MAX_RATE>
            <METRIC_UNIT>%</METRIC_UNIT>
            <IMPERIAL_UNIT></IMPERIAL_UNIT>
            <IMPERIAL_CONVERSION_FORMULA></IMPERIAL_CONVERSION_FORMULA>
            <METRIC_CONVERSION_FORMULA></METRIC_CONVERSION_FORMULA>
           </ENVIRONMENT_OPTION>
           <ENVIRONMENT_OPTION>
            <CATEGORY_ID>Radiation</CATEGORY_ID>
            <ID>Radiation Level</ID>
            <NAME>Level</NAME>
            <CATEGORY>Radiation</CATEGORY>
            <TRANSFERENCE>15</TRANSFERENCE>
            <SHOW>true</SHOW>
            <INTERPOLATE>true</INTERPOLATE>
            <ACTIVE>true</ACTIVE>
            <VALUE>0</VALUE>
            <MIN>0</MIN>
            <MAX>1000</MAX>
            <MIN_RATE>-1000</MIN_RATE>
            <MAX_RATE>1000</MAX_RATE>
            <METRIC_UNIT>mrem</METRIC_UNIT>
            <IMPERIAL_UNIT></IMPERIAL_UNIT>
            <IMPERIAL_CONVERSION_FORMULA></IMPERIAL_CONVERSION_FORMULA>
            <METRIC_CONVERSION_FORMULA></METRIC_CONVERSION_FORMULA>
           </ENVIRONMENT_OPTION>
           <ENVIRONMENT_OPTION>
            <CATEGORY_ID>Water</CATEGORY_ID>
            <ID>Rain</ID>
            <NAME>Rain</NAME>
            <CATEGORY>Water</CATEGORY>
            <TRANSFERENCE>15</TRANSFERENCE>
            <SHOW>true</SHOW>
            <INTERPOLATE>true</INTERPOLATE>
            <ACTIVE>false</ACTIVE>
            <VALUE>0</VALUE>
            <MIN>-100</MIN>
            <MAX>100</MAX>
            <MIN_RATE>-1000</MIN_RATE>
            <MAX_RATE>1000</MAX_RATE>
            <METRIC_UNIT>cm</METRIC_UNIT>
            <IMPERIAL_UNIT>in</IMPERIAL_UNIT>
            <IMPERIAL_CONVERSION_FORMULA>x*0.39</IMPERIAL_CONVERSION_FORMULA>
            <METRIC_CONVERSION_FORMULA>x*2.54</METRIC_CONVERSION_FORMULA>
           </ENVIRONMENT_OPTION>
           <ENVIRONMENT_OPTION>
            <CATEGORY_ID>Temperature</CATEGORY_ID>
            <ID>Smoke</ID>
            <NAME>Smoke</NAME>
            <CATEGORY>Temperature</CATEGORY>
            <TRANSFERENCE>15</TRANSFERENCE>
            <SHOW>false</SHOW>
            <INTERPOLATE>true</INTERPOLATE>
            <ACTIVE>false</ACTIVE>
            <VALUE>0</VALUE>
            <MIN>0</MIN>
            <MAX>100</MAX>
            <MIN_RATE>-1000</MIN_RATE>
            <MAX_RATE>1000</MAX_RATE>
            <METRIC_UNIT>%</METRIC_UNIT>
            <IMPERIAL_UNIT></IMPERIAL_UNIT>
            <IMPERIAL_CONVERSION_FORMULA></IMPERIAL_CONVERSION_FORMULA>
            <METRIC_CONVERSION_FORMULA></METRIC_CONVERSION_FORMULA>
           </ENVIRONMENT_OPTION>
           <ENVIRONMENT_OPTION>
            <CATEGORY_ID>Water</CATEGORY_ID>
            <ID>Snow</ID>
            <NAME>Snow</NAME>
            <CATEGORY>Water</CATEGORY>
            <TRANSFERENCE>15</TRANSFERENCE>
            <SHOW>true</SHOW>
            <INTERPOLATE>true</INTERPOLATE>
            <ACTIVE>false</ACTIVE>
            <VALUE>0</VALUE>
            <MIN>-100</MIN>
            <MAX>100</MAX>
            <MIN_RATE>-1000</MIN_RATE>
            <MAX_RATE>1000</MAX_RATE>
            <METRIC_UNIT>cm</METRIC_UNIT>
            <IMPERIAL_UNIT>in</IMPERIAL_UNIT>
            <IMPERIAL_CONVERSION_FORMULA>x*0.39</IMPERIAL_CONVERSION_FORMULA>
            <METRIC_CONVERSION_FORMULA>x*2.54</METRIC_CONVERSION_FORMULA>
           </ENVIRONMENT_OPTION>
           <ENVIRONMENT_OPTION>
            <CATEGORY_ID>Earth Physical Features</CATEGORY_ID>
            <ID>Soil pH</ID>
            <NAME>Soil pH</NAME>
            <CATEGORY>Earth Physical Features</CATEGORY>
            <TRANSFERENCE>15</TRANSFERENCE>
            <SHOW>true</SHOW>
            <INTERPOLATE>true</INTERPOLATE>
            <ACTIVE>false</ACTIVE>
            <VALUE>0</VALUE>
            <MIN>0</MIN>
            <MAX>100</MAX>
            <MIN_RATE>-1000</MIN_RATE>
            <MAX_RATE>1000</MAX_RATE>
            <METRIC_UNIT>pH</METRIC_UNIT>
            <IMPERIAL_UNIT></IMPERIAL_UNIT>
            <IMPERIAL_CONVERSION_FORMULA></IMPERIAL_CONVERSION_FORMULA>
            <METRIC_CONVERSION_FORMULA></METRIC_CONVERSION_FORMULA>
           </ENVIRONMENT_OPTION>
           <ENVIRONMENT_OPTION>
            <CATEGORY_ID>Sound</CATEGORY_ID>
            <ID>Sound Pitch</ID>
            <NAME>Pitch</NAME>
            <CATEGORY>Sound</CATEGORY>
            <TRANSFERENCE>15</TRANSFERENCE>
            <SHOW>false</SHOW>
            <INTERPOLATE>true</INTERPOLATE>
            <ACTIVE>false</ACTIVE>
            <VALUE>0</VALUE>
            <MIN>0</MIN>
            <MAX>100</MAX>
            <MIN_RATE>-1000</MIN_RATE>
            <MAX_RATE>1000</MAX_RATE>
            <METRIC_UNIT>CPS</METRIC_UNIT>
            <IMPERIAL_UNIT></IMPERIAL_UNIT>
            <IMPERIAL_CONVERSION_FORMULA></IMPERIAL_CONVERSION_FORMULA>
            <METRIC_CONVERSION_FORMULA></METRIC_CONVERSION_FORMULA>
           </ENVIRONMENT_OPTION>
           <ENVIRONMENT_OPTION>
            <CATEGORY_ID>Sound</CATEGORY_ID>
            <ID>Sound Volume</ID>
            <NAME>Volume</NAME>
            <CATEGORY>Sound</CATEGORY>
            <TRANSFERENCE>15</TRANSFERENCE>
            <SHOW>false</SHOW>
            <INTERPOLATE>true</INTERPOLATE>
            <ACTIVE>false</ACTIVE>
            <VALUE>0</VALUE>
            <MIN>0</MIN>
            <MAX>100</MAX>
            <MIN_RATE>-1000</MIN_RATE>
            <MAX_RATE>1000</MAX_RATE>
            <METRIC_UNIT>dB</METRIC_UNIT>
            <IMPERIAL_UNIT></IMPERIAL_UNIT>
            <IMPERIAL_CONVERSION_FORMULA></IMPERIAL_CONVERSION_FORMULA>
            <METRIC_CONVERSION_FORMULA></METRIC_CONVERSION_FORMULA>
           </ENVIRONMENT_OPTION>
           <ENVIRONMENT_OPTION>
            <CATEGORY_ID>Light (Sun)</CATEGORY_ID>
            <ID>Sunlight</ID>
            <NAME>Sunlight</NAME>
            <CATEGORY>Light (Sun)</CATEGORY>
            <TRANSFERENCE>100</TRANSFERENCE>
            <SHOW>true</SHOW>
            <INTERPOLATE>true</INTERPOLATE>
            <ACTIVE>false</ACTIVE>
            <VALUE>0</VALUE>
            <MIN>0</MIN>
            <MAX>100</MAX>
            <MIN_RATE>-1000</MIN_RATE>
            <MAX_RATE>1000</MAX_RATE>
            <METRIC_UNIT>%</METRIC_UNIT>
            <IMPERIAL_UNIT></IMPERIAL_UNIT>
            <IMPERIAL_CONVERSION_FORMULA></IMPERIAL_CONVERSION_FORMULA>
            <METRIC_CONVERSION_FORMULA></METRIC_CONVERSION_FORMULA>
           </ENVIRONMENT_OPTION>
           <ENVIRONMENT_OPTION>
            <CATEGORY_ID>Energy</CATEGORY_ID>
            <ID>Torque</ID>
            <NAME>Torque</NAME>
            <CATEGORY>Energy</CATEGORY>
            <TRANSFERENCE>15</TRANSFERENCE>
            <SHOW>false</SHOW>
            <INTERPOLATE>true</INTERPOLATE>
            <ACTIVE>false</ACTIVE>
            <VALUE>0</VALUE>
            <MIN>-100</MIN>
            <MAX>100</MAX>
            <MIN_RATE>-1000</MIN_RATE>
            <MAX_RATE>1000</MAX_RATE>
            <METRIC_UNIT>m/kg</METRIC_UNIT>
            <IMPERIAL_UNIT>ft/lb</IMPERIAL_UNIT>
            <IMPERIAL_CONVERSION_FORMULA>x*1.48816</IMPERIAL_CONVERSION_FORMULA>
            <METRIC_CONVERSION_FORMULA>x*0.671969</METRIC_CONVERSION_FORMULA>
           </ENVIRONMENT_OPTION>
           <ENVIRONMENT_OPTION>
            <CATEGORY_ID>Light (Sun)</CATEGORY_ID>
            <ID>Ultraviolet</ID>
            <NAME>Ultraviolet</NAME>
            <CATEGORY>Light (Sun)</CATEGORY>
            <TRANSFERENCE>15</TRANSFERENCE>
            <SHOW>true</SHOW>
            <INTERPOLATE>true</INTERPOLATE>
            <ACTIVE>false</ACTIVE>
            <VALUE>0</VALUE>
            <MIN>0</MIN>
            <MAX>100</MAX>
            <MIN_RATE>-1000</MIN_RATE>
            <MAX_RATE>1000</MAX_RATE>
            <METRIC_UNIT>%</METRIC_UNIT>
            <IMPERIAL_UNIT></IMPERIAL_UNIT>
            <IMPERIAL_CONVERSION_FORMULA></IMPERIAL_CONVERSION_FORMULA>
            <METRIC_CONVERSION_FORMULA></METRIC_CONVERSION_FORMULA>
           </ENVIRONMENT_OPTION>
           <ENVIRONMENT_OPTION>
            <CATEGORY_ID>Light (Sun)</CATEGORY_ID>
            <ID>Visible Light</ID>
            <NAME>Visible</NAME>
            <CATEGORY>Light (Sun)</CATEGORY>
            <TRANSFERENCE>15</TRANSFERENCE>
            <SHOW>true</SHOW>
            <INTERPOLATE>true</INTERPOLATE>
            <ACTIVE>false</ACTIVE>
            <VALUE>0</VALUE>
            <MIN>0</MIN>
            <MAX>100</MAX>
            <MIN_RATE>-1000</MIN_RATE>
            <MAX_RATE>1000</MAX_RATE>
            <METRIC_UNIT>%</METRIC_UNIT>
            <IMPERIAL_UNIT></IMPERIAL_UNIT>
            <IMPERIAL_CONVERSION_FORMULA></IMPERIAL_CONVERSION_FORMULA>
            <METRIC_CONVERSION_FORMULA></METRIC_CONVERSION_FORMULA>
           </ENVIRONMENT_OPTION>
           <ENVIRONMENT_OPTION>
            <CATEGORY_ID>Electricity</CATEGORY_ID>
            <ID>Voltage</ID>
            <NAME>Voltage</NAME>
            <CATEGORY>Electricity</CATEGORY>
            <TRANSFERENCE>15</TRANSFERENCE>
            <SHOW>false</SHOW>
            <INTERPOLATE>true</INTERPOLATE>
            <ACTIVE>false</ACTIVE>
            <VALUE>0</VALUE>
            <MIN>-100</MIN>
            <MAX>100</MAX>
            <MIN_RATE>-1000</MIN_RATE>
            <MAX_RATE>1000</MAX_RATE>
            <METRIC_UNIT>V</METRIC_UNIT>
            <IMPERIAL_UNIT></IMPERIAL_UNIT>
            <IMPERIAL_CONVERSION_FORMULA></IMPERIAL_CONVERSION_FORMULA>
            <METRIC_CONVERSION_FORMULA></METRIC_CONVERSION_FORMULA>
           </ENVIRONMENT_OPTION>
           <ENVIRONMENT_OPTION>
            <CATEGORY_ID>Water</CATEGORY_ID>
            <ID>Water Level</ID>
            <NAME>Water Level</NAME>
            <CATEGORY>Water</CATEGORY>
            <TRANSFERENCE>15</TRANSFERENCE>
            <SHOW>true</SHOW>
            <INTERPOLATE>true</INTERPOLATE>
            <ACTIVE>false</ACTIVE>
            <VALUE>0</VALUE>
            <MIN>0</MIN>
            <MAX>100</MAX>
            <MIN_RATE>-1000</MIN_RATE>
            <MAX_RATE>1000</MAX_RATE>
            <METRIC_UNIT>cm</METRIC_UNIT>
            <IMPERIAL_UNIT>in</IMPERIAL_UNIT>
            <IMPERIAL_CONVERSION_FORMULA>x*0.39</IMPERIAL_CONVERSION_FORMULA>
            <METRIC_CONVERSION_FORMULA>x*2.54</METRIC_CONVERSION_FORMULA>
           </ENVIRONMENT_OPTION>
           <ENVIRONMENT_OPTION>
            <CATEGORY_ID>Water</CATEGORY_ID>
            <ID>Water Speed</ID>
            <NAME>Speed</NAME>
            <CATEGORY>Water</CATEGORY>
            <TRANSFERENCE>15</TRANSFERENCE>
            <SHOW>false</SHOW>
            <INTERPOLATE>true</INTERPOLATE>
            <ACTIVE>false</ACTIVE>
            <VALUE>0</VALUE>
            <MIN>0</MIN>
            <MAX>1000</MAX>
            <MIN_RATE>-1000</MIN_RATE>
            <MAX_RATE>1000</MAX_RATE>
            <METRIC_UNIT>kph</METRIC_UNIT>
            <IMPERIAL_UNIT>mph</IMPERIAL_UNIT>
            <IMPERIAL_CONVERSION_FORMULA>x/1.609344</IMPERIAL_CONVERSION_FORMULA>
            <METRIC_CONVERSION_FORMULA>x*1.609344</METRIC_CONVERSION_FORMULA>
           </ENVIRONMENT_OPTION>
           <ENVIRONMENT_OPTION>
            <CATEGORY_ID>Water</CATEGORY_ID>
            <ID>Water Temperature</ID>
            <NAME>Temperature</NAME>
            <CATEGORY>Water</CATEGORY>
            <TRANSFERENCE>15</TRANSFERENCE>
            <SHOW>false</SHOW>
            <INTERPOLATE>true</INTERPOLATE>
            <ACTIVE>false</ACTIVE>
            <VALUE>0</VALUE>
            <MIN>-100</MIN>
            <MAX>100</MAX>
            <MIN_RATE>-1000</MIN_RATE>
            <MAX_RATE>1000</MAX_RATE>
            <METRIC_UNIT>C</METRIC_UNIT>
            <IMPERIAL_UNIT>F</IMPERIAL_UNIT>
            <IMPERIAL_CONVERSION_FORMULA>x*(9/5)+32</IMPERIAL_CONVERSION_FORMULA>
            <METRIC_CONVERSION_FORMULA>(x-32)*(5/9)</METRIC_CONVERSION_FORMULA>
           </ENVIRONMENT_OPTION>
           <ENVIRONMENT_OPTION>
            <CATEGORY_ID>Water</CATEGORY_ID>
            <ID>Water Volume</ID>
            <NAME>Volume</NAME>
            <CATEGORY>Water</CATEGORY>
            <TRANSFERENCE>15</TRANSFERENCE>
            <SHOW>false</SHOW>
            <INTERPOLATE>true</INTERPOLATE>
            <ACTIVE>false</ACTIVE>
            <VALUE>0</VALUE>
            <MIN>0</MIN>
            <MAX>10000</MAX>
            <MIN_RATE>-1000</MIN_RATE>
            <MAX_RATE>1000</MAX_RATE>
            <METRIC_UNIT>L</METRIC_UNIT>
            <IMPERIAL_UNIT>gal</IMPERIAL_UNIT>
            <IMPERIAL_CONVERSION_FORMULA>x*0.26417</IMPERIAL_CONVERSION_FORMULA>
            <METRIC_CONVERSION_FORMULA>x/0.26417</METRIC_CONVERSION_FORMULA>
           </ENVIRONMENT_OPTION>
           <ENVIRONMENT_OPTION>
            <CATEGORY_ID>Water</CATEGORY_ID>
            <ID>Water pH</ID>
            <NAME>Water pH</NAME>
            <CATEGORY>Water</CATEGORY>
            <TRANSFERENCE>15</TRANSFERENCE>
            <SHOW>false</SHOW>
            <INTERPOLATE>true</INTERPOLATE>
            <ACTIVE>false</ACTIVE>
            <VALUE>0</VALUE>
            <MIN>0</MIN>
            <MAX>100</MAX>
            <MIN_RATE>-1000</MIN_RATE>
            <MAX_RATE>1000</MAX_RATE>
            <METRIC_UNIT>pH</METRIC_UNIT>
            <IMPERIAL_UNIT></IMPERIAL_UNIT>
            <IMPERIAL_CONVERSION_FORMULA></IMPERIAL_CONVERSION_FORMULA>
            <METRIC_CONVERSION_FORMULA></METRIC_CONVERSION_FORMULA>
           </ENVIRONMENT_OPTION>
           <ENVIRONMENT_OPTION>
            <CATEGORY_ID>Electricity</CATEGORY_ID>
            <ID>Watts</ID>
            <NAME>Watts</NAME>
            <CATEGORY>Electricity</CATEGORY>
            <TRANSFERENCE>15</TRANSFERENCE>
            <SHOW>false</SHOW>
            <INTERPOLATE>true</INTERPOLATE>
            <ACTIVE>false</ACTIVE>
            <VALUE>0</VALUE>
            <MIN>-100</MIN>
            <MAX>100</MAX>
            <MIN_RATE>-1000</MIN_RATE>
            <MAX_RATE>1000</MAX_RATE>
            <METRIC_UNIT>W</METRIC_UNIT>
            <IMPERIAL_UNIT></IMPERIAL_UNIT>
            <IMPERIAL_CONVERSION_FORMULA></IMPERIAL_CONVERSION_FORMULA>
            <METRIC_CONVERSION_FORMULA></METRIC_CONVERSION_FORMULA>
           </ENVIRONMENT_OPTION>
           <ENVIRONMENT_OPTION>
            <CATEGORY_ID>Sound</CATEGORY_ID>
            <ID>White Noise</ID>
            <NAME>White Noise</NAME>
            <CATEGORY>Sound</CATEGORY>
            <TRANSFERENCE>15</TRANSFERENCE>
            <SHOW>false</SHOW>
            <INTERPOLATE>true</INTERPOLATE>
            <ACTIVE>false</ACTIVE>
            <VALUE>0</VALUE>
            <MIN>0</MIN>
            <MAX>100</MAX>
            <MIN_RATE>-1000</MIN_RATE>
            <MAX_RATE>1000</MAX_RATE>
            <METRIC_UNIT>%</METRIC_UNIT>
            <IMPERIAL_UNIT></IMPERIAL_UNIT>
            <IMPERIAL_CONVERSION_FORMULA></IMPERIAL_CONVERSION_FORMULA>
            <METRIC_CONVERSION_FORMULA></METRIC_CONVERSION_FORMULA>
           </ENVIRONMENT_OPTION>
           <ENVIRONMENT_OPTION>
            <CATEGORY_ID>Wind</CATEGORY_ID>
            <ID>Wind Direction</ID>
            <NAME>Direction</NAME>
            <CATEGORY>Wind</CATEGORY>
            <TRANSFERENCE>15</TRANSFERENCE>
            <SHOW>true</SHOW>
            <INTERPOLATE>true</INTERPOLATE>
            <ACTIVE>false</ACTIVE>
            <VALUE>0</VALUE>
            <MIN>-100</MIN>
            <MAX>100</MAX>
            <MIN_RATE>-1000</MIN_RATE>
            <MAX_RATE>1000</MAX_RATE>
            <METRIC_UNIT>degrees</METRIC_UNIT>
            <IMPERIAL_UNIT></IMPERIAL_UNIT>
            <IMPERIAL_CONVERSION_FORMULA></IMPERIAL_CONVERSION_FORMULA>
            <METRIC_CONVERSION_FORMULA></METRIC_CONVERSION_FORMULA>
           </ENVIRONMENT_OPTION>
           <ENVIRONMENT_OPTION>
            <CATEGORY_ID>Wind</CATEGORY_ID>
            <ID>Wind Gusts</ID>
            <NAME>Variance (gusts)</NAME>
            <CATEGORY>Wind</CATEGORY>
            <TRANSFERENCE>15</TRANSFERENCE>
            <SHOW>true</SHOW>
            <INTERPOLATE>true</INTERPOLATE>
            <ACTIVE>false</ACTIVE>
            <VALUE>0</VALUE>
            <MIN>0</MIN>
            <MAX>100</MAX>
            <MIN_RATE>-1000</MIN_RATE>
            <MAX_RATE>1000</MAX_RATE>
            <METRIC_UNIT>%</METRIC_UNIT>
            <IMPERIAL_UNIT></IMPERIAL_UNIT>
            <IMPERIAL_CONVERSION_FORMULA></IMPERIAL_CONVERSION_FORMULA>
            <METRIC_CONVERSION_FORMULA></METRIC_CONVERSION_FORMULA>
           </ENVIRONMENT_OPTION>
           <ENVIRONMENT_OPTION>
            <CATEGORY_ID>Wind</CATEGORY_ID>
            <ID>Wind Speed</ID>
            <NAME>Speed</NAME>
            <CATEGORY>Wind</CATEGORY>
            <TRANSFERENCE>15</TRANSFERENCE>
            <SHOW>true</SHOW>
            <INTERPOLATE>true</INTERPOLATE>
            <ACTIVE>false</ACTIVE>
            <VALUE>0</VALUE>
            <MIN>0</MIN>
            <MAX>100</MAX>
            <MIN_RATE>-1000</MIN_RATE>
            <MAX_RATE>1000</MAX_RATE>
            <METRIC_UNIT>kph</METRIC_UNIT>
            <IMPERIAL_UNIT>mph</IMPERIAL_UNIT>
            <IMPERIAL_CONVERSION_FORMULA>x/1.609344</IMPERIAL_CONVERSION_FORMULA>
            <METRIC_CONVERSION_FORMULA>x*1.609344</METRIC_CONVERSION_FORMULA>
           </ENVIRONMENT_OPTION>
          </ENVIRONMENT_OPTIONS>
         </KEYFRAME>
         <KEYFRAME>
          <TIME>86399</TIME>
          <ENVIRONMENT_OPTIONS>
           <ENVIRONMENT_OPTION>
            <CATEGORY_ID>Radiation</CATEGORY_ID>
            <ID>Alpha</ID>
            <NAME>Alpha</NAME>
            <CATEGORY>Radiation</CATEGORY>
            <TRANSFERENCE>15</TRANSFERENCE>
            <SHOW>false</SHOW>
            <INTERPOLATE>true</INTERPOLATE>
            <ACTIVE>false</ACTIVE>
            <VALUE>0</VALUE>
            <MIN>0</MIN>
            <MAX>100</MAX>
            <MIN_RATE>-1000</MIN_RATE>
            <MAX_RATE>1000</MAX_RATE>
            <METRIC_UNIT>%</METRIC_UNIT>
            <IMPERIAL_UNIT></IMPERIAL_UNIT>
            <IMPERIAL_CONVERSION_FORMULA></IMPERIAL_CONVERSION_FORMULA>
            <METRIC_CONVERSION_FORMULA></METRIC_CONVERSION_FORMULA>
           </ENVIRONMENT_OPTION>
           <ENVIRONMENT_OPTION>
            <CATEGORY_ID>Temperature</CATEGORY_ID>
            <ID>Ambient Temperature</ID>
            <NAME>Ambient Temperature</NAME>
            <CATEGORY>Temperature</CATEGORY>
            <TRANSFERENCE>15</TRANSFERENCE>
            <SHOW>true</SHOW>
            <INTERPOLATE>true</INTERPOLATE>
            <ACTIVE>false</ACTIVE>
            <VALUE>0</VALUE>
            <MIN>-100</MIN>
            <MAX>100</MAX>
            <MIN_RATE>-0.00138889</MIN_RATE>
            <MAX_RATE>0.00138889</MAX_RATE>
            <METRIC_UNIT>C</METRIC_UNIT>
            <IMPERIAL_UNIT>F</IMPERIAL_UNIT>
            <IMPERIAL_CONVERSION_FORMULA>x*(9/5)+32</IMPERIAL_CONVERSION_FORMULA>
            <METRIC_CONVERSION_FORMULA>(x-32)*(5/9)</METRIC_CONVERSION_FORMULA>
           </ENVIRONMENT_OPTION>
           <ENVIRONMENT_OPTION>
            <CATEGORY_ID>Gases</CATEGORY_ID>
            <ID>Argon</ID>
            <NAME>Argon</NAME>
            <CATEGORY>Gases</CATEGORY>
            <TRANSFERENCE>15</TRANSFERENCE>
            <SHOW>true</SHOW>
            <INTERPOLATE>true</INTERPOLATE>
            <ACTIVE>false</ACTIVE>
            <VALUE>0</VALUE>
            <MIN>0</MIN>
            <MAX>100</MAX>
            <MIN_RATE>-1000</MIN_RATE>
            <MAX_RATE>1000</MAX_RATE>
            <METRIC_UNIT>%</METRIC_UNIT>
            <IMPERIAL_UNIT></IMPERIAL_UNIT>
            <IMPERIAL_CONVERSION_FORMULA></IMPERIAL_CONVERSION_FORMULA>
            <METRIC_CONVERSION_FORMULA></METRIC_CONVERSION_FORMULA>
           </ENVIRONMENT_OPTION>
           <ENVIRONMENT_OPTION>
            <CATEGORY_ID>Other</CATEGORY_ID>
            <ID>Atmospheric Pressure</ID>
            <NAME>Atmospheric Pressure</NAME>
            <CATEGORY>Other</CATEGORY>
            <TRANSFERENCE>15</TRANSFERENCE>
            <SHOW>true</SHOW>
            <INTERPOLATE>true</INTERPOLATE>
            <ACTIVE>false</ACTIVE>
            <VALUE>0</VALUE>
            <MIN>-100</MIN>
            <MAX>200</MAX>
            <MIN_RATE>-1000</MIN_RATE>
            <MAX_RATE>1000</MAX_RATE>
            <METRIC_UNIT>kPa</METRIC_UNIT>
            <IMPERIAL_UNIT>psi</IMPERIAL_UNIT>
            <IMPERIAL_CONVERSION_FORMULA>x*.14503773773020923</IMPERIAL_CONVERSION_FORMULA>
            <METRIC_CONVERSION_FORMULA></METRIC_CONVERSION_FORMULA>
           </ENVIRONMENT_OPTION>
           <ENVIRONMENT_OPTION>
            <CATEGORY_ID>Radiation</CATEGORY_ID>
            <ID>Beta</ID>
            <NAME>Beta</NAME>
            <CATEGORY>Radiation</CATEGORY>
            <TRANSFERENCE>15</TRANSFERENCE>
            <SHOW>false</SHOW>
            <INTERPOLATE>true</INTERPOLATE>
            <ACTIVE>false</ACTIVE>
            <VALUE>0</VALUE>
            <MIN>0</MIN>
            <MAX>100</MAX>
            <MIN_RATE>-1000</MIN_RATE>
            <MAX_RATE>1000</MAX_RATE>
            <METRIC_UNIT>%</METRIC_UNIT>
            <IMPERIAL_UNIT></IMPERIAL_UNIT>
            <IMPERIAL_CONVERSION_FORMULA></IMPERIAL_CONVERSION_FORMULA>
            <METRIC_CONVERSION_FORMULA></METRIC_CONVERSION_FORMULA>
           </ENVIRONMENT_OPTION>
           <ENVIRONMENT_OPTION>
            <CATEGORY_ID>Gases</CATEGORY_ID>
            <ID>CO</ID>
            <NAME>CO</NAME>
            <CATEGORY>Gases</CATEGORY>
            <TRANSFERENCE>15</TRANSFERENCE>
            <SHOW>true</SHOW>
            <INTERPOLATE>true</INTERPOLATE>
            <ACTIVE>false</ACTIVE>
            <VALUE>0</VALUE>
            <MIN>0</MIN>
            <MAX>100</MAX>
            <MIN_RATE>-1000</MIN_RATE>
            <MAX_RATE>1000</MAX_RATE>
            <METRIC_UNIT>%</METRIC_UNIT>
            <IMPERIAL_UNIT></IMPERIAL_UNIT>
            <IMPERIAL_CONVERSION_FORMULA></IMPERIAL_CONVERSION_FORMULA>
            <METRIC_CONVERSION_FORMULA></METRIC_CONVERSION_FORMULA>
           </ENVIRONMENT_OPTION>
           <ENVIRONMENT_OPTION>
            <CATEGORY_ID>Gases</CATEGORY_ID>
            <ID>CO2</ID>
            <NAME>CO&lt;sub>2&lt;/sub></NAME>
            <CATEGORY>Gases</CATEGORY>
            <TRANSFERENCE>15</TRANSFERENCE>
            <SHOW>true</SHOW>
            <INTERPOLATE>true</INTERPOLATE>
            <ACTIVE>false</ACTIVE>
            <VALUE>0</VALUE>
            <MIN>0</MIN>
            <MAX>100</MAX>
            <MIN_RATE>-1000</MIN_RATE>
            <MAX_RATE>1000</MAX_RATE>
            <METRIC_UNIT>%</METRIC_UNIT>
            <IMPERIAL_UNIT></IMPERIAL_UNIT>
            <IMPERIAL_CONVERSION_FORMULA></IMPERIAL_CONVERSION_FORMULA>
            <METRIC_CONVERSION_FORMULA></METRIC_CONVERSION_FORMULA>
           </ENVIRONMENT_OPTION>
           <ENVIRONMENT_OPTION>
            <CATEGORY_ID>Water</CATEGORY_ID>
            <ID>Clouds</ID>
            <NAME>Clouds</NAME>
            <CATEGORY>Water</CATEGORY>
            <TRANSFERENCE>15</TRANSFERENCE>
            <SHOW>true</SHOW>
            <INTERPOLATE>true</INTERPOLATE>
            <ACTIVE>false</ACTIVE>
            <VALUE>0</VALUE>
            <MIN>0</MIN>
            <MAX>100</MAX>
            <MIN_RATE>-1000</MIN_RATE>
            <MAX_RATE>1000</MAX_RATE>
            <METRIC_UNIT>%</METRIC_UNIT>
            <IMPERIAL_UNIT></IMPERIAL_UNIT>
            <IMPERIAL_CONVERSION_FORMULA></IMPERIAL_CONVERSION_FORMULA>
            <METRIC_CONVERSION_FORMULA></METRIC_CONVERSION_FORMULA>
           </ENVIRONMENT_OPTION>
           <ENVIRONMENT_OPTION>
            <CATEGORY_ID>Earth Physical Features</CATEGORY_ID>
            <ID>Compaction</ID>
            <NAME>Compaction</NAME>
            <CATEGORY>Earth Physical Features</CATEGORY>
            <TRANSFERENCE>15</TRANSFERENCE>
            <SHOW>false</SHOW>
            <INTERPOLATE>true</INTERPOLATE>
            <ACTIVE>false</ACTIVE>
            <VALUE>0</VALUE>
            <MIN>0</MIN>
            <MAX>100</MAX>
            <MIN_RATE>-1000</MIN_RATE>
            <MAX_RATE>1000</MAX_RATE>
            <METRIC_UNIT>Moh</METRIC_UNIT>
            <IMPERIAL_UNIT></IMPERIAL_UNIT>
            <IMPERIAL_CONVERSION_FORMULA></IMPERIAL_CONVERSION_FORMULA>
            <METRIC_CONVERSION_FORMULA></METRIC_CONVERSION_FORMULA>
           </ENVIRONMENT_OPTION>
           <ENVIRONMENT_OPTION>
            <CATEGORY_ID>Earth Physical Features</CATEGORY_ID>
            <ID>Composition Hardness</ID>
            <NAME>Composition Hardness</NAME>
            <CATEGORY>Earth Physical Features</CATEGORY>
            <TRANSFERENCE>15</TRANSFERENCE>
            <SHOW>false</SHOW>
            <INTERPOLATE>true</INTERPOLATE>
            <ACTIVE>false</ACTIVE>
            <VALUE>0</VALUE>
            <MIN>0</MIN>
            <MAX>100</MAX>
            <MIN_RATE>-1000</MIN_RATE>
            <MAX_RATE>1000</MAX_RATE>
            <METRIC_UNIT>Moh</METRIC_UNIT>
            <IMPERIAL_UNIT></IMPERIAL_UNIT>
            <IMPERIAL_CONVERSION_FORMULA></IMPERIAL_CONVERSION_FORMULA>
            <METRIC_CONVERSION_FORMULA></METRIC_CONVERSION_FORMULA>
           </ENVIRONMENT_OPTION>
           <ENVIRONMENT_OPTION>
            <CATEGORY_ID>Light (Sun)</CATEGORY_ID>
            <ID>Electromagnetic Radiation</ID>
            <NAME>Electromagnetic Radiation</NAME>
            <CATEGORY>Light (Sun)</CATEGORY>
            <TRANSFERENCE>15</TRANSFERENCE>
            <SHOW>true</SHOW>
            <INTERPOLATE>true</INTERPOLATE>
            <ACTIVE>false</ACTIVE>
            <VALUE>0</VALUE>
            <MIN>0</MIN>
            <MAX>100</MAX>
            <MIN_RATE>-1000</MIN_RATE>
            <MAX_RATE>1000</MAX_RATE>
            <METRIC_UNIT>%</METRIC_UNIT>
            <IMPERIAL_UNIT></IMPERIAL_UNIT>
            <IMPERIAL_CONVERSION_FORMULA></IMPERIAL_CONVERSION_FORMULA>
            <METRIC_CONVERSION_FORMULA></METRIC_CONVERSION_FORMULA>
           </ENVIRONMENT_OPTION>
           <ENVIRONMENT_OPTION>
            <CATEGORY_ID>Earth Physical Features</CATEGORY_ID>
            <ID>Elevation</ID>
            <NAME>Elevation</NAME>
            <CATEGORY>Earth Physical Features</CATEGORY>
            <TRANSFERENCE>15</TRANSFERENCE>
            <SHOW>true</SHOW>
            <INTERPOLATE>true</INTERPOLATE>
            <ACTIVE>false</ACTIVE>
            <VALUE>0</VALUE>
            <MIN>0</MIN>
            <MAX>100000</MAX>
            <MIN_RATE>-1000</MIN_RATE>
            <MAX_RATE>1000</MAX_RATE>
            <METRIC_UNIT>m</METRIC_UNIT>
            <IMPERIAL_UNIT>ft</IMPERIAL_UNIT>
            <IMPERIAL_CONVERSION_FORMULA>x*3.2808</IMPERIAL_CONVERSION_FORMULA>
            <METRIC_CONVERSION_FORMULA>x/3.280</METRIC_CONVERSION_FORMULA>
           </ENVIRONMENT_OPTION>
           <ENVIRONMENT_OPTION>
            <CATEGORY_ID>Temperature</CATEGORY_ID>
            <ID>Fire</ID>
            <NAME>Fire</NAME>
            <CATEGORY>Temperature</CATEGORY>
            <TRANSFERENCE>15</TRANSFERENCE>
            <SHOW>false</SHOW>
            <INTERPOLATE>true</INTERPOLATE>
            <ACTIVE>false</ACTIVE>
            <VALUE>0</VALUE>
            <MIN>0</MIN>
            <MAX>100</MAX>
            <MIN_RATE>-1000</MIN_RATE>
            <MAX_RATE>1000</MAX_RATE>
            <METRIC_UNIT></METRIC_UNIT>
            <IMPERIAL_UNIT></IMPERIAL_UNIT>
            <IMPERIAL_CONVERSION_FORMULA></IMPERIAL_CONVERSION_FORMULA>
            <METRIC_CONVERSION_FORMULA></METRIC_CONVERSION_FORMULA>
           </ENVIRONMENT_OPTION>
           <ENVIRONMENT_OPTION>
            <CATEGORY_ID>Radiation</CATEGORY_ID>
            <ID>Gamma</ID>
            <NAME>Gamma</NAME>
            <CATEGORY>Radiation</CATEGORY>
            <TRANSFERENCE>15</TRANSFERENCE>
            <SHOW>false</SHOW>
            <INTERPOLATE>true</INTERPOLATE>
            <ACTIVE>false</ACTIVE>
            <VALUE>0</VALUE>
            <MIN>0</MIN>
            <MAX>100</MAX>
            <MIN_RATE>-1000</MIN_RATE>
            <MAX_RATE>1000</MAX_RATE>
            <METRIC_UNIT>%</METRIC_UNIT>
            <IMPERIAL_UNIT></IMPERIAL_UNIT>
            <IMPERIAL_CONVERSION_FORMULA></IMPERIAL_CONVERSION_FORMULA>
            <METRIC_CONVERSION_FORMULA></METRIC_CONVERSION_FORMULA>
           </ENVIRONMENT_OPTION>
           <ENVIRONMENT_OPTION>
            <CATEGORY_ID>Gravity</CATEGORY_ID>
            <ID>Gravity</ID>
            <NAME>Gravity</NAME>
            <CATEGORY>Gravity</CATEGORY>
            <TRANSFERENCE>15</TRANSFERENCE>
            <SHOW>true</SHOW>
            <INTERPOLATE>true</INTERPOLATE>
            <ACTIVE>false</ACTIVE>
            <VALUE>0</VALUE>
            <MIN>-100</MIN>
            <MAX>100</MAX>
            <MIN_RATE>-1000</MIN_RATE>
            <MAX_RATE>1000</MAX_RATE>
            <METRIC_UNIT>m/s&lt;sup>2&lt;/sup></METRIC_UNIT>
            <IMPERIAL_UNIT>ft/s&lt;sup>2&lt;/sup></IMPERIAL_UNIT>
            <IMPERIAL_CONVERSION_FORMULA>x*3.2808399</IMPERIAL_CONVERSION_FORMULA>
            <METRIC_CONVERSION_FORMULA>x*0.3048</METRIC_CONVERSION_FORMULA>
           </ENVIRONMENT_OPTION>
           <ENVIRONMENT_OPTION>
            <CATEGORY_ID>Energy</CATEGORY_ID>
            <ID>Heat</ID>
            <NAME>Heat (BTUs)</NAME>
            <CATEGORY>Energy</CATEGORY>
            <TRANSFERENCE>15</TRANSFERENCE>
            <SHOW>false</SHOW>
            <INTERPOLATE>true</INTERPOLATE>
            <ACTIVE>false</ACTIVE>
            <VALUE>0</VALUE>
            <MIN>-100</MIN>
            <MAX>100</MAX>
            <MIN_RATE>-1000</MIN_RATE>
            <MAX_RATE>1000</MAX_RATE>
            <METRIC_UNIT>KW</METRIC_UNIT>
            <IMPERIAL_UNIT>BTU/hr</IMPERIAL_UNIT>
            <IMPERIAL_CONVERSION_FORMULA>x*0.00029307103866</IMPERIAL_CONVERSION_FORMULA>
            <METRIC_CONVERSION_FORMULA>x*3412.142</METRIC_CONVERSION_FORMULA>
           </ENVIRONMENT_OPTION>
           <ENVIRONMENT_OPTION>
            <CATEGORY_ID>Gases</CATEGORY_ID>
            <ID>Helium</ID>
            <NAME>He</NAME>
            <CATEGORY>Gases</CATEGORY>
            <TRANSFERENCE>15</TRANSFERENCE>
            <SHOW>true</SHOW>
            <INTERPOLATE>true</INTERPOLATE>
            <ACTIVE>false</ACTIVE>
            <VALUE>0</VALUE>
            <MIN>0</MIN>
            <MAX>100</MAX>
            <MIN_RATE>-1000</MIN_RATE>
            <MAX_RATE>1000</MAX_RATE>
            <METRIC_UNIT>%</METRIC_UNIT>
            <IMPERIAL_UNIT></IMPERIAL_UNIT>
            <IMPERIAL_CONVERSION_FORMULA></IMPERIAL_CONVERSION_FORMULA>
            <METRIC_CONVERSION_FORMULA></METRIC_CONVERSION_FORMULA>
           </ENVIRONMENT_OPTION>
           <ENVIRONMENT_OPTION>
            <CATEGORY_ID>Water</CATEGORY_ID>
            <ID>Humidity</ID>
            <NAME>Humidity</NAME>
            <CATEGORY>Water</CATEGORY>
            <TRANSFERENCE>15</TRANSFERENCE>
            <SHOW>true</SHOW>
            <INTERPOLATE>true</INTERPOLATE>
            <ACTIVE>false</ACTIVE>
            <VALUE>0</VALUE>
            <MIN>0</MIN>
            <MAX>100</MAX>
            <MIN_RATE>-1000</MIN_RATE>
            <MAX_RATE>1000</MAX_RATE>
            <METRIC_UNIT>%</METRIC_UNIT>
            <IMPERIAL_UNIT></IMPERIAL_UNIT>
            <IMPERIAL_CONVERSION_FORMULA></IMPERIAL_CONVERSION_FORMULA>
            <METRIC_CONVERSION_FORMULA></METRIC_CONVERSION_FORMULA>
           </ENVIRONMENT_OPTION>
           <ENVIRONMENT_OPTION>
            <CATEGORY_ID>Gases</CATEGORY_ID>
            <ID>Hydrogen</ID>
            <NAME>H</NAME>
            <CATEGORY>Gases</CATEGORY>
            <TRANSFERENCE>15</TRANSFERENCE>
            <SHOW>true</SHOW>
            <INTERPOLATE>true</INTERPOLATE>
            <ACTIVE>false</ACTIVE>
            <VALUE>0</VALUE>
            <MIN>0</MIN>
            <MAX>100</MAX>
            <MIN_RATE>-1000</MIN_RATE>
            <MAX_RATE>1000</MAX_RATE>
            <METRIC_UNIT>%</METRIC_UNIT>
            <IMPERIAL_UNIT></IMPERIAL_UNIT>
            <IMPERIAL_CONVERSION_FORMULA></IMPERIAL_CONVERSION_FORMULA>
            <METRIC_CONVERSION_FORMULA></METRIC_CONVERSION_FORMULA>
           </ENVIRONMENT_OPTION>
           <ENVIRONMENT_OPTION>
            <CATEGORY_ID>Light (Sun)</CATEGORY_ID>
            <ID>Infrared</ID>
            <NAME>Infrared</NAME>
            <CATEGORY>Light (Sun)</CATEGORY>
            <TRANSFERENCE>15</TRANSFERENCE>
            <SHOW>true</SHOW>
            <INTERPOLATE>true</INTERPOLATE>
            <ACTIVE>false</ACTIVE>
            <VALUE>0</VALUE>
            <MIN>0</MIN>
            <MAX>100</MAX>
            <MIN_RATE>-1000</MIN_RATE>
            <MAX_RATE>1000</MAX_RATE>
            <METRIC_UNIT>%</METRIC_UNIT>
            <IMPERIAL_UNIT></IMPERIAL_UNIT>
            <IMPERIAL_CONVERSION_FORMULA></IMPERIAL_CONVERSION_FORMULA>
            <METRIC_CONVERSION_FORMULA></METRIC_CONVERSION_FORMULA>
           </ENVIRONMENT_OPTION>
           <ENVIRONMENT_OPTION>
            <CATEGORY_ID>Temperature</CATEGORY_ID>
            <ID>Ionization</ID>
            <NAME>Ionization</NAME>
            <CATEGORY>Temperature</CATEGORY>
            <TRANSFERENCE>15</TRANSFERENCE>
            <SHOW>false</SHOW>
            <INTERPOLATE>true</INTERPOLATE>
            <ACTIVE>false</ACTIVE>
            <VALUE>0</VALUE>
            <MIN>0</MIN>
            <MAX>100</MAX>
            <MIN_RATE>-1000</MIN_RATE>
            <MAX_RATE>1000</MAX_RATE>
            <METRIC_UNIT>%</METRIC_UNIT>
            <IMPERIAL_UNIT></IMPERIAL_UNIT>
            <IMPERIAL_CONVERSION_FORMULA></IMPERIAL_CONVERSION_FORMULA>
            <METRIC_CONVERSION_FORMULA></METRIC_CONVERSION_FORMULA>
           </ENVIRONMENT_OPTION>
           <ENVIRONMENT_OPTION>
            <CATEGORY_ID>Light (Sun)</CATEGORY_ID>
            <ID>Luminosity</ID>
            <NAME>Luminosity</NAME>
            <CATEGORY>Light (Sun)</CATEGORY>
            <TRANSFERENCE>15</TRANSFERENCE>
            <SHOW>false</SHOW>
            <INTERPOLATE>true</INTERPOLATE>
            <ACTIVE>false</ACTIVE>
            <VALUE>0</VALUE>
            <MIN>0</MIN>
            <MAX>100</MAX>
            <MIN_RATE>-1000</MIN_RATE>
            <MAX_RATE>1000</MAX_RATE>
            <METRIC_UNIT>%</METRIC_UNIT>
            <IMPERIAL_UNIT></IMPERIAL_UNIT>
            <IMPERIAL_CONVERSION_FORMULA></IMPERIAL_CONVERSION_FORMULA>
            <METRIC_CONVERSION_FORMULA></METRIC_CONVERSION_FORMULA>
           </ENVIRONMENT_OPTION>
           <ENVIRONMENT_OPTION>
            <CATEGORY_ID>Gases</CATEGORY_ID>
            <ID>Methane</ID>
            <NAME>Methane</NAME>
            <CATEGORY>Gases</CATEGORY>
            <TRANSFERENCE>15</TRANSFERENCE>
            <SHOW>true</SHOW>
            <INTERPOLATE>true</INTERPOLATE>
            <ACTIVE>false</ACTIVE>
            <VALUE>0</VALUE>
            <MIN>0</MIN>
            <MAX>100</MAX>
            <MIN_RATE>-1000</MIN_RATE>
            <MAX_RATE>1000</MAX_RATE>
            <METRIC_UNIT>%</METRIC_UNIT>
            <IMPERIAL_UNIT></IMPERIAL_UNIT>
            <IMPERIAL_CONVERSION_FORMULA></IMPERIAL_CONVERSION_FORMULA>
            <METRIC_CONVERSION_FORMULA></METRIC_CONVERSION_FORMULA>
           </ENVIRONMENT_OPTION>
           <ENVIRONMENT_OPTION>
            <CATEGORY_ID>Gravity</CATEGORY_ID>
            <ID>Moon Phases</ID>
            <NAME>Moon Phases</NAME>
            <CATEGORY>Gravity</CATEGORY>
            <TRANSFERENCE>15</TRANSFERENCE>
            <SHOW>false</SHOW>
            <INTERPOLATE>true</INTERPOLATE>
            <ACTIVE>false</ACTIVE>
            <VALUE>0</VALUE>
            <MIN>-100</MIN>
            <MAX>100</MAX>
            <MIN_RATE>-1000</MIN_RATE>
            <MAX_RATE>1000</MAX_RATE>
            <METRIC_UNIT></METRIC_UNIT>
            <IMPERIAL_UNIT></IMPERIAL_UNIT>
            <IMPERIAL_CONVERSION_FORMULA></IMPERIAL_CONVERSION_FORMULA>
            <METRIC_CONVERSION_FORMULA></METRIC_CONVERSION_FORMULA>
           </ENVIRONMENT_OPTION>
           <ENVIRONMENT_OPTION>
            <CATEGORY_ID>Motion</CATEGORY_ID>
            <ID>Motion Direction</ID>
            <NAME>Direction</NAME>
            <CATEGORY>Motion</CATEGORY>
            <TRANSFERENCE>15</TRANSFERENCE>
            <SHOW>false</SHOW>
            <INTERPOLATE>true</INTERPOLATE>
            <ACTIVE>false</ACTIVE>
            <VALUE>0</VALUE>
            <MIN>-100</MIN>
            <MAX>100</MAX>
            <MIN_RATE>-1000</MIN_RATE>
            <MAX_RATE>1000</MAX_RATE>
            <METRIC_UNIT>degrees</METRIC_UNIT>
            <IMPERIAL_UNIT></IMPERIAL_UNIT>
            <IMPERIAL_CONVERSION_FORMULA></IMPERIAL_CONVERSION_FORMULA>
            <METRIC_CONVERSION_FORMULA></METRIC_CONVERSION_FORMULA>
           </ENVIRONMENT_OPTION>
           <ENVIRONMENT_OPTION>
            <CATEGORY_ID>Motion</CATEGORY_ID>
            <ID>Motion Speed</ID>
            <NAME>Speed</NAME>
            <CATEGORY>Motion</CATEGORY>
            <TRANSFERENCE>15</TRANSFERENCE>
            <SHOW>false</SHOW>
            <INTERPOLATE>true</INTERPOLATE>
            <ACTIVE>false</ACTIVE>
            <VALUE>0</VALUE>
            <MIN>0</MIN>
            <MAX>100</MAX>
            <MIN_RATE>-1000</MIN_RATE>
            <MAX_RATE>1000</MAX_RATE>
            <METRIC_UNIT>kph</METRIC_UNIT>
            <IMPERIAL_UNIT>mph</IMPERIAL_UNIT>
            <IMPERIAL_CONVERSION_FORMULA>x/1.609344</IMPERIAL_CONVERSION_FORMULA>
            <METRIC_CONVERSION_FORMULA>x*1.609344</METRIC_CONVERSION_FORMULA>
           </ENVIRONMENT_OPTION>
           <ENVIRONMENT_OPTION>
            <CATEGORY_ID>Radiation</CATEGORY_ID>
            <ID>Neutron</ID>
            <NAME>Neutron</NAME>
            <CATEGORY>Radiation</CATEGORY>
            <TRANSFERENCE>15</TRANSFERENCE>
            <SHOW>false</SHOW>
            <INTERPOLATE>true</INTERPOLATE>
            <ACTIVE>false</ACTIVE>
            <VALUE>0</VALUE>
            <MIN>0</MIN>
            <MAX>100</MAX>
            <MIN_RATE>-1000</MIN_RATE>
            <MAX_RATE>1000</MAX_RATE>
            <METRIC_UNIT>%</METRIC_UNIT>
            <IMPERIAL_UNIT></IMPERIAL_UNIT>
            <IMPERIAL_CONVERSION_FORMULA></IMPERIAL_CONVERSION_FORMULA>
            <METRIC_CONVERSION_FORMULA></METRIC_CONVERSION_FORMULA>
           </ENVIRONMENT_OPTION>
           <ENVIRONMENT_OPTION>
            <CATEGORY_ID>Gases</CATEGORY_ID>
            <ID>Nitrogen</ID>
            <NAME>Nitrogen</NAME>
            <CATEGORY>Gases</CATEGORY>
            <TRANSFERENCE>15</TRANSFERENCE>
            <SHOW>true</SHOW>
            <INTERPOLATE>true</INTERPOLATE>
            <ACTIVE>false</ACTIVE>
            <VALUE>0</VALUE>
            <MIN>0</MIN>
            <MAX>100</MAX>
            <MIN_RATE>-1000</MIN_RATE>
            <MAX_RATE>1000</MAX_RATE>
            <METRIC_UNIT>%</METRIC_UNIT>
            <IMPERIAL_UNIT></IMPERIAL_UNIT>
            <IMPERIAL_CONVERSION_FORMULA></IMPERIAL_CONVERSION_FORMULA>
            <METRIC_CONVERSION_FORMULA></METRIC_CONVERSION_FORMULA>
           </ENVIRONMENT_OPTION>
           <ENVIRONMENT_OPTION>
            <CATEGORY_ID>Gases</CATEGORY_ID>
            <ID>O2</ID>
            <NAME>O&lt;sub>2&lt;/sub></NAME>
            <CATEGORY>Gases</CATEGORY>
            <TRANSFERENCE>15</TRANSFERENCE>
            <SHOW>true</SHOW>
            <INTERPOLATE>true</INTERPOLATE>
            <ACTIVE>false</ACTIVE>
            <VALUE>0</VALUE>
            <MIN>0</MIN>
            <MAX>100</MAX>
            <MIN_RATE>-1000</MIN_RATE>
            <MAX_RATE>1000</MAX_RATE>
            <METRIC_UNIT>%</METRIC_UNIT>
            <IMPERIAL_UNIT></IMPERIAL_UNIT>
            <IMPERIAL_CONVERSION_FORMULA></IMPERIAL_CONVERSION_FORMULA>
            <METRIC_CONVERSION_FORMULA></METRIC_CONVERSION_FORMULA>
           </ENVIRONMENT_OPTION>
           <ENVIRONMENT_OPTION>
            <CATEGORY_ID>Electricity</CATEGORY_ID>
            <ID>Ohms</ID>
            <NAME>Ohms</NAME>
            <CATEGORY>Electricity</CATEGORY>
            <TRANSFERENCE>15</TRANSFERENCE>
            <SHOW>false</SHOW>
            <INTERPOLATE>true</INTERPOLATE>
            <ACTIVE>false</ACTIVE>
            <VALUE>0</VALUE>
            <MIN>-100</MIN>
            <MAX>100</MAX>
            <MIN_RATE>-1000</MIN_RATE>
            <MAX_RATE>1000</MAX_RATE>
            <METRIC_UNIT>&amp;#8486;</METRIC_UNIT>
            <IMPERIAL_UNIT></IMPERIAL_UNIT>
            <IMPERIAL_CONVERSION_FORMULA></IMPERIAL_CONVERSION_FORMULA>
            <METRIC_CONVERSION_FORMULA></METRIC_CONVERSION_FORMULA>
           </ENVIRONMENT_OPTION>
           <ENVIRONMENT_OPTION>
            <CATEGORY_ID>Gases</CATEGORY_ID>
            <ID>Ozone</ID>
            <NAME>Ozone</NAME>
            <CATEGORY>Gases</CATEGORY>
            <TRANSFERENCE>15</TRANSFERENCE>
            <SHOW>false</SHOW>
            <INTERPOLATE>true</INTERPOLATE>
            <ACTIVE>false</ACTIVE>
            <VALUE>0</VALUE>
            <MIN>0</MIN>
            <MAX>100</MAX>
            <MIN_RATE>-1000</MIN_RATE>
            <MAX_RATE>1000</MAX_RATE>
            <METRIC_UNIT>%</METRIC_UNIT>
            <IMPERIAL_UNIT></IMPERIAL_UNIT>
            <IMPERIAL_CONVERSION_FORMULA></IMPERIAL_CONVERSION_FORMULA>
            <METRIC_CONVERSION_FORMULA></METRIC_CONVERSION_FORMULA>
           </ENVIRONMENT_OPTION>
           <ENVIRONMENT_OPTION>
            <CATEGORY_ID>Radiation</CATEGORY_ID>
            <ID>Photon</ID>
            <NAME>Photon</NAME>
            <CATEGORY>Radiation</CATEGORY>
            <TRANSFERENCE>15</TRANSFERENCE>
            <SHOW>false</SHOW>
            <INTERPOLATE>true</INTERPOLATE>
            <ACTIVE>false</ACTIVE>
            <VALUE>0</VALUE>
            <MIN>0</MIN>
            <MAX>100</MAX>
            <MIN_RATE>-1000</MIN_RATE>
            <MAX_RATE>1000</MAX_RATE>
            <METRIC_UNIT>%</METRIC_UNIT>
            <IMPERIAL_UNIT></IMPERIAL_UNIT>
            <IMPERIAL_CONVERSION_FORMULA></IMPERIAL_CONVERSION_FORMULA>
            <METRIC_CONVERSION_FORMULA></METRIC_CONVERSION_FORMULA>
           </ENVIRONMENT_OPTION>
           <ENVIRONMENT_OPTION>
            <CATEGORY_ID>Gases</CATEGORY_ID>
            <ID>Propane</ID>
            <NAME>Propane</NAME>
            <CATEGORY>Gases</CATEGORY>
            <TRANSFERENCE>15</TRANSFERENCE>
            <SHOW>false</SHOW>
            <INTERPOLATE>true</INTERPOLATE>
            <ACTIVE>false</ACTIVE>
            <VALUE>0</VALUE>
            <MIN>0</MIN>
            <MAX>100</MAX>
            <MIN_RATE>-1000</MIN_RATE>
            <MAX_RATE>1000</MAX_RATE>
            <METRIC_UNIT>%</METRIC_UNIT>
            <IMPERIAL_UNIT></IMPERIAL_UNIT>
            <IMPERIAL_CONVERSION_FORMULA></IMPERIAL_CONVERSION_FORMULA>
            <METRIC_CONVERSION_FORMULA></METRIC_CONVERSION_FORMULA>
           </ENVIRONMENT_OPTION>
           <ENVIRONMENT_OPTION>
            <CATEGORY_ID>Light (Sun)</CATEGORY_ID>
            <ID>Radiant Heat</ID>
            <NAME>Radiant Heat</NAME>
            <CATEGORY>Light (Sun)</CATEGORY>
            <TRANSFERENCE>15</TRANSFERENCE>
            <SHOW>true</SHOW>
            <INTERPOLATE>true</INTERPOLATE>
            <ACTIVE>false</ACTIVE>
            <VALUE>0</VALUE>
            <MIN>0</MIN>
            <MAX>100</MAX>
            <MIN_RATE>-1000</MIN_RATE>
            <MAX_RATE>1000</MAX_RATE>
            <METRIC_UNIT>%</METRIC_UNIT>
            <IMPERIAL_UNIT></IMPERIAL_UNIT>
            <IMPERIAL_CONVERSION_FORMULA></IMPERIAL_CONVERSION_FORMULA>
            <METRIC_CONVERSION_FORMULA></METRIC_CONVERSION_FORMULA>
           </ENVIRONMENT_OPTION>
           <ENVIRONMENT_OPTION>
            <CATEGORY_ID>Radiation</CATEGORY_ID>
            <ID>Radiation Level</ID>
            <NAME>Level</NAME>
            <CATEGORY>Radiation</CATEGORY>
            <TRANSFERENCE>15</TRANSFERENCE>
            <SHOW>true</SHOW>
            <INTERPOLATE>true</INTERPOLATE>
            <ACTIVE>true</ACTIVE>
            <VALUE>0</VALUE>
            <MIN>0</MIN>
            <MAX>1000</MAX>
            <MIN_RATE>-1000</MIN_RATE>
            <MAX_RATE>1000</MAX_RATE>
            <METRIC_UNIT>mrem</METRIC_UNIT>
            <IMPERIAL_UNIT></IMPERIAL_UNIT>
            <IMPERIAL_CONVERSION_FORMULA></IMPERIAL_CONVERSION_FORMULA>
            <METRIC_CONVERSION_FORMULA></METRIC_CONVERSION_FORMULA>
           </ENVIRONMENT_OPTION>
           <ENVIRONMENT_OPTION>
            <CATEGORY_ID>Water</CATEGORY_ID>
            <ID>Rain</ID>
            <NAME>Rain</NAME>
            <CATEGORY>Water</CATEGORY>
            <TRANSFERENCE>15</TRANSFERENCE>
            <SHOW>true</SHOW>
            <INTERPOLATE>true</INTERPOLATE>
            <ACTIVE>false</ACTIVE>
            <VALUE>0</VALUE>
            <MIN>-100</MIN>
            <MAX>100</MAX>
            <MIN_RATE>-1000</MIN_RATE>
            <MAX_RATE>1000</MAX_RATE>
            <METRIC_UNIT>cm</METRIC_UNIT>
            <IMPERIAL_UNIT>in</IMPERIAL_UNIT>
            <IMPERIAL_CONVERSION_FORMULA>x*0.39</IMPERIAL_CONVERSION_FORMULA>
            <METRIC_CONVERSION_FORMULA>x*2.54</METRIC_CONVERSION_FORMULA>
           </ENVIRONMENT_OPTION>
           <ENVIRONMENT_OPTION>
            <CATEGORY_ID>Temperature</CATEGORY_ID>
            <ID>Smoke</ID>
            <NAME>Smoke</NAME>
            <CATEGORY>Temperature</CATEGORY>
            <TRANSFERENCE>15</TRANSFERENCE>
            <SHOW>false</SHOW>
            <INTERPOLATE>true</INTERPOLATE>
            <ACTIVE>false</ACTIVE>
            <VALUE>0</VALUE>
            <MIN>0</MIN>
            <MAX>100</MAX>
            <MIN_RATE>-1000</MIN_RATE>
            <MAX_RATE>1000</MAX_RATE>
            <METRIC_UNIT>%</METRIC_UNIT>
            <IMPERIAL_UNIT></IMPERIAL_UNIT>
            <IMPERIAL_CONVERSION_FORMULA></IMPERIAL_CONVERSION_FORMULA>
            <METRIC_CONVERSION_FORMULA></METRIC_CONVERSION_FORMULA>
           </ENVIRONMENT_OPTION>
           <ENVIRONMENT_OPTION>
            <CATEGORY_ID>Water</CATEGORY_ID>
            <ID>Snow</ID>
            <NAME>Snow</NAME>
            <CATEGORY>Water</CATEGORY>
            <TRANSFERENCE>15</TRANSFERENCE>
            <SHOW>true</SHOW>
            <INTERPOLATE>true</INTERPOLATE>
            <ACTIVE>false</ACTIVE>
            <VALUE>0</VALUE>
            <MIN>-100</MIN>
            <MAX>100</MAX>
            <MIN_RATE>-1000</MIN_RATE>
            <MAX_RATE>1000</MAX_RATE>
            <METRIC_UNIT>cm</METRIC_UNIT>
            <IMPERIAL_UNIT>in</IMPERIAL_UNIT>
            <IMPERIAL_CONVERSION_FORMULA>x*0.39</IMPERIAL_CONVERSION_FORMULA>
            <METRIC_CONVERSION_FORMULA>x*2.54</METRIC_CONVERSION_FORMULA>
           </ENVIRONMENT_OPTION>
           <ENVIRONMENT_OPTION>
            <CATEGORY_ID>Earth Physical Features</CATEGORY_ID>
            <ID>Soil pH</ID>
            <NAME>Soil pH</NAME>
            <CATEGORY>Earth Physical Features</CATEGORY>
            <TRANSFERENCE>15</TRANSFERENCE>
            <SHOW>true</SHOW>
            <INTERPOLATE>true</INTERPOLATE>
            <ACTIVE>false</ACTIVE>
            <VALUE>0</VALUE>
            <MIN>0</MIN>
            <MAX>100</MAX>
            <MIN_RATE>-1000</MIN_RATE>
            <MAX_RATE>1000</MAX_RATE>
            <METRIC_UNIT>pH</METRIC_UNIT>
            <IMPERIAL_UNIT></IMPERIAL_UNIT>
            <IMPERIAL_CONVERSION_FORMULA></IMPERIAL_CONVERSION_FORMULA>
            <METRIC_CONVERSION_FORMULA></METRIC_CONVERSION_FORMULA>
           </ENVIRONMENT_OPTION>
           <ENVIRONMENT_OPTION>
            <CATEGORY_ID>Sound</CATEGORY_ID>
            <ID>Sound Pitch</ID>
            <NAME>Pitch</NAME>
            <CATEGORY>Sound</CATEGORY>
            <TRANSFERENCE>15</TRANSFERENCE>
            <SHOW>false</SHOW>
            <INTERPOLATE>true</INTERPOLATE>
            <ACTIVE>false</ACTIVE>
            <VALUE>0</VALUE>
            <MIN>0</MIN>
            <MAX>100</MAX>
            <MIN_RATE>-1000</MIN_RATE>
            <MAX_RATE>1000</MAX_RATE>
            <METRIC_UNIT>CPS</METRIC_UNIT>
            <IMPERIAL_UNIT></IMPERIAL_UNIT>
            <IMPERIAL_CONVERSION_FORMULA></IMPERIAL_CONVERSION_FORMULA>
            <METRIC_CONVERSION_FORMULA></METRIC_CONVERSION_FORMULA>
           </ENVIRONMENT_OPTION>
           <ENVIRONMENT_OPTION>
            <CATEGORY_ID>Sound</CATEGORY_ID>
            <ID>Sound Volume</ID>
            <NAME>Volume</NAME>
            <CATEGORY>Sound</CATEGORY>
            <TRANSFERENCE>15</TRANSFERENCE>
            <SHOW>false</SHOW>
            <INTERPOLATE>true</INTERPOLATE>
            <ACTIVE>false</ACTIVE>
            <VALUE>0</VALUE>
            <MIN>0</MIN>
            <MAX>100</MAX>
            <MIN_RATE>-1000</MIN_RATE>
            <MAX_RATE>1000</MAX_RATE>
            <METRIC_UNIT>dB</METRIC_UNIT>
            <IMPERIAL_UNIT></IMPERIAL_UNIT>
            <IMPERIAL_CONVERSION_FORMULA></IMPERIAL_CONVERSION_FORMULA>
            <METRIC_CONVERSION_FORMULA></METRIC_CONVERSION_FORMULA>
           </ENVIRONMENT_OPTION>
           <ENVIRONMENT_OPTION>
            <CATEGORY_ID>Light (Sun)</CATEGORY_ID>
            <ID>Sunlight</ID>
            <NAME>Sunlight</NAME>
            <CATEGORY>Light (Sun)</CATEGORY>
            <TRANSFERENCE>100</TRANSFERENCE>
            <SHOW>true</SHOW>
            <INTERPOLATE>true</INTERPOLATE>
            <ACTIVE>false</ACTIVE>
            <VALUE>0</VALUE>
            <MIN>0</MIN>
            <MAX>100</MAX>
            <MIN_RATE>-1000</MIN_RATE>
            <MAX_RATE>1000</MAX_RATE>
            <METRIC_UNIT>%</METRIC_UNIT>
            <IMPERIAL_UNIT></IMPERIAL_UNIT>
            <IMPERIAL_CONVERSION_FORMULA></IMPERIAL_CONVERSION_FORMULA>
            <METRIC_CONVERSION_FORMULA></METRIC_CONVERSION_FORMULA>
           </ENVIRONMENT_OPTION>
           <ENVIRONMENT_OPTION>
            <CATEGORY_ID>Energy</CATEGORY_ID>
            <ID>Torque</ID>
            <NAME>Torque</NAME>
            <CATEGORY>Energy</CATEGORY>
            <TRANSFERENCE>15</TRANSFERENCE>
            <SHOW>false</SHOW>
            <INTERPOLATE>true</INTERPOLATE>
            <ACTIVE>false</ACTIVE>
            <VALUE>0</VALUE>
            <MIN>-100</MIN>
            <MAX>100</MAX>
            <MIN_RATE>-1000</MIN_RATE>
            <MAX_RATE>1000</MAX_RATE>
            <METRIC_UNIT>m/kg</METRIC_UNIT>
            <IMPERIAL_UNIT>ft/lb</IMPERIAL_UNIT>
            <IMPERIAL_CONVERSION_FORMULA>x*1.48816</IMPERIAL_CONVERSION_FORMULA>
            <METRIC_CONVERSION_FORMULA>x*0.671969</METRIC_CONVERSION_FORMULA>
           </ENVIRONMENT_OPTION>
           <ENVIRONMENT_OPTION>
            <CATEGORY_ID>Light (Sun)</CATEGORY_ID>
            <ID>Ultraviolet</ID>
            <NAME>Ultraviolet</NAME>
            <CATEGORY>Light (Sun)</CATEGORY>
            <TRANSFERENCE>15</TRANSFERENCE>
            <SHOW>true</SHOW>
            <INTERPOLATE>true</INTERPOLATE>
            <ACTIVE>false</ACTIVE>
            <VALUE>0</VALUE>
            <MIN>0</MIN>
            <MAX>100</MAX>
            <MIN_RATE>-1000</MIN_RATE>
            <MAX_RATE>1000</MAX_RATE>
            <METRIC_UNIT>%</METRIC_UNIT>
            <IMPERIAL_UNIT></IMPERIAL_UNIT>
            <IMPERIAL_CONVERSION_FORMULA></IMPERIAL_CONVERSION_FORMULA>
            <METRIC_CONVERSION_FORMULA></METRIC_CONVERSION_FORMULA>
           </ENVIRONMENT_OPTION>
           <ENVIRONMENT_OPTION>
            <CATEGORY_ID>Light (Sun)</CATEGORY_ID>
            <ID>Visible Light</ID>
            <NAME>Visible</NAME>
            <CATEGORY>Light (Sun)</CATEGORY>
            <TRANSFERENCE>15</TRANSFERENCE>
            <SHOW>true</SHOW>
            <INTERPOLATE>true</INTERPOLATE>
            <ACTIVE>false</ACTIVE>
            <VALUE>0</VALUE>
            <MIN>0</MIN>
            <MAX>100</MAX>
            <MIN_RATE>-1000</MIN_RATE>
            <MAX_RATE>1000</MAX_RATE>
            <METRIC_UNIT>%</METRIC_UNIT>
            <IMPERIAL_UNIT></IMPERIAL_UNIT>
            <IMPERIAL_CONVERSION_FORMULA></IMPERIAL_CONVERSION_FORMULA>
            <METRIC_CONVERSION_FORMULA></METRIC_CONVERSION_FORMULA>
           </ENVIRONMENT_OPTION>
           <ENVIRONMENT_OPTION>
            <CATEGORY_ID>Electricity</CATEGORY_ID>
            <ID>Voltage</ID>
            <NAME>Voltage</NAME>
            <CATEGORY>Electricity</CATEGORY>
            <TRANSFERENCE>15</TRANSFERENCE>
            <SHOW>false</SHOW>
            <INTERPOLATE>true</INTERPOLATE>
            <ACTIVE>false</ACTIVE>
            <VALUE>0</VALUE>
            <MIN>-100</MIN>
            <MAX>100</MAX>
            <MIN_RATE>-1000</MIN_RATE>
            <MAX_RATE>1000</MAX_RATE>
            <METRIC_UNIT>V</METRIC_UNIT>
            <IMPERIAL_UNIT></IMPERIAL_UNIT>
            <IMPERIAL_CONVERSION_FORMULA></IMPERIAL_CONVERSION_FORMULA>
            <METRIC_CONVERSION_FORMULA></METRIC_CONVERSION_FORMULA>
           </ENVIRONMENT_OPTION>
           <ENVIRONMENT_OPTION>
            <CATEGORY_ID>Water</CATEGORY_ID>
            <ID>Water Level</ID>
            <NAME>Water Level</NAME>
            <CATEGORY>Water</CATEGORY>
            <TRANSFERENCE>15</TRANSFERENCE>
            <SHOW>true</SHOW>
            <INTERPOLATE>true</INTERPOLATE>
            <ACTIVE>false</ACTIVE>
            <VALUE>0</VALUE>
            <MIN>0</MIN>
            <MAX>100</MAX>
            <MIN_RATE>-1000</MIN_RATE>
            <MAX_RATE>1000</MAX_RATE>
            <METRIC_UNIT>cm</METRIC_UNIT>
            <IMPERIAL_UNIT>in</IMPERIAL_UNIT>
            <IMPERIAL_CONVERSION_FORMULA>x*0.39</IMPERIAL_CONVERSION_FORMULA>
            <METRIC_CONVERSION_FORMULA>x*2.54</METRIC_CONVERSION_FORMULA>
           </ENVIRONMENT_OPTION>
           <ENVIRONMENT_OPTION>
            <CATEGORY_ID>Water</CATEGORY_ID>
            <ID>Water Speed</ID>
            <NAME>Speed</NAME>
            <CATEGORY>Water</CATEGORY>
            <TRANSFERENCE>15</TRANSFERENCE>
            <SHOW>false</SHOW>
            <INTERPOLATE>true</INTERPOLATE>
            <ACTIVE>false</ACTIVE>
            <VALUE>0</VALUE>
            <MIN>0</MIN>
            <MAX>1000</MAX>
            <MIN_RATE>-1000</MIN_RATE>
            <MAX_RATE>1000</MAX_RATE>
            <METRIC_UNIT>kph</METRIC_UNIT>
            <IMPERIAL_UNIT>mph</IMPERIAL_UNIT>
            <IMPERIAL_CONVERSION_FORMULA>x/1.609344</IMPERIAL_CONVERSION_FORMULA>
            <METRIC_CONVERSION_FORMULA>x*1.609344</METRIC_CONVERSION_FORMULA>
           </ENVIRONMENT_OPTION>
           <ENVIRONMENT_OPTION>
            <CATEGORY_ID>Water</CATEGORY_ID>
            <ID>Water Temperature</ID>
            <NAME>Temperature</NAME>
            <CATEGORY>Water</CATEGORY>
            <TRANSFERENCE>15</TRANSFERENCE>
            <SHOW>false</SHOW>
            <INTERPOLATE>true</INTERPOLATE>
            <ACTIVE>false</ACTIVE>
            <VALUE>0</VALUE>
            <MIN>-100</MIN>
            <MAX>100</MAX>
            <MIN_RATE>-1000</MIN_RATE>
            <MAX_RATE>1000</MAX_RATE>
            <METRIC_UNIT>C</METRIC_UNIT>
            <IMPERIAL_UNIT>F</IMPERIAL_UNIT>
            <IMPERIAL_CONVERSION_FORMULA>x*(9/5)+32</IMPERIAL_CONVERSION_FORMULA>
            <METRIC_CONVERSION_FORMULA>(x-32)*(5/9)</METRIC_CONVERSION_FORMULA>
           </ENVIRONMENT_OPTION>
           <ENVIRONMENT_OPTION>
            <CATEGORY_ID>Water</CATEGORY_ID>
            <ID>Water Volume</ID>
            <NAME>Volume</NAME>
            <CATEGORY>Water</CATEGORY>
            <TRANSFERENCE>15</TRANSFERENCE>
            <SHOW>false</SHOW>
            <INTERPOLATE>true</INTERPOLATE>
            <ACTIVE>false</ACTIVE>
            <VALUE>0</VALUE>
            <MIN>0</MIN>
            <MAX>10000</MAX>
            <MIN_RATE>-1000</MIN_RATE>
            <MAX_RATE>1000</MAX_RATE>
            <METRIC_UNIT>L</METRIC_UNIT>
            <IMPERIAL_UNIT>gal</IMPERIAL_UNIT>
            <IMPERIAL_CONVERSION_FORMULA>x*0.26417</IMPERIAL_CONVERSION_FORMULA>
            <METRIC_CONVERSION_FORMULA>x/0.26417</METRIC_CONVERSION_FORMULA>
           </ENVIRONMENT_OPTION>
           <ENVIRONMENT_OPTION>
            <CATEGORY_ID>Water</CATEGORY_ID>
            <ID>Water pH</ID>
            <NAME>Water pH</NAME>
            <CATEGORY>Water</CATEGORY>
            <TRANSFERENCE>15</TRANSFERENCE>
            <SHOW>false</SHOW>
            <INTERPOLATE>true</INTERPOLATE>
            <ACTIVE>false</ACTIVE>
            <VALUE>0</VALUE>
            <MIN>0</MIN>
            <MAX>100</MAX>
            <MIN_RATE>-1000</MIN_RATE>
            <MAX_RATE>1000</MAX_RATE>
            <METRIC_UNIT>pH</METRIC_UNIT>
            <IMPERIAL_UNIT></IMPERIAL_UNIT>
            <IMPERIAL_CONVERSION_FORMULA></IMPERIAL_CONVERSION_FORMULA>
            <METRIC_CONVERSION_FORMULA></METRIC_CONVERSION_FORMULA>
           </ENVIRONMENT_OPTION>
           <ENVIRONMENT_OPTION>
            <CATEGORY_ID>Electricity</CATEGORY_ID>
            <ID>Watts</ID>
            <NAME>Watts</NAME>
            <CATEGORY>Electricity</CATEGORY>
            <TRANSFERENCE>15</TRANSFERENCE>
            <SHOW>false</SHOW>
            <INTERPOLATE>true</INTERPOLATE>
            <ACTIVE>false</ACTIVE>
            <VALUE>0</VALUE>
            <MIN>-100</MIN>
            <MAX>100</MAX>
            <MIN_RATE>-1000</MIN_RATE>
            <MAX_RATE>1000</MAX_RATE>
            <METRIC_UNIT>W</METRIC_UNIT>
            <IMPERIAL_UNIT></IMPERIAL_UNIT>
            <IMPERIAL_CONVERSION_FORMULA></IMPERIAL_CONVERSION_FORMULA>
            <METRIC_CONVERSION_FORMULA></METRIC_CONVERSION_FORMULA>
           </ENVIRONMENT_OPTION>
           <ENVIRONMENT_OPTION>
            <CATEGORY_ID>Sound</CATEGORY_ID>
            <ID>White Noise</ID>
            <NAME>White Noise</NAME>
            <CATEGORY>Sound</CATEGORY>
            <TRANSFERENCE>15</TRANSFERENCE>
            <SHOW>false</SHOW>
            <INTERPOLATE>true</INTERPOLATE>
            <ACTIVE>false</ACTIVE>
            <VALUE>0</VALUE>
            <MIN>0</MIN>
            <MAX>100</MAX>
            <MIN_RATE>-1000</MIN_RATE>
            <MAX_RATE>1000</MAX_RATE>
            <METRIC_UNIT>%</METRIC_UNIT>
            <IMPERIAL_UNIT></IMPERIAL_UNIT>
            <IMPERIAL_CONVERSION_FORMULA></IMPERIAL_CONVERSION_FORMULA>
            <METRIC_CONVERSION_FORMULA></METRIC_CONVERSION_FORMULA>
           </ENVIRONMENT_OPTION>
           <ENVIRONMENT_OPTION>
            <CATEGORY_ID>Wind</CATEGORY_ID>
            <ID>Wind Direction</ID>
            <NAME>Direction</NAME>
            <CATEGORY>Wind</CATEGORY>
            <TRANSFERENCE>15</TRANSFERENCE>
            <SHOW>true</SHOW>
            <INTERPOLATE>true</INTERPOLATE>
            <ACTIVE>false</ACTIVE>
            <VALUE>0</VALUE>
            <MIN>-100</MIN>
            <MAX>100</MAX>
            <MIN_RATE>-1000</MIN_RATE>
            <MAX_RATE>1000</MAX_RATE>
            <METRIC_UNIT>degrees</METRIC_UNIT>
            <IMPERIAL_UNIT></IMPERIAL_UNIT>
            <IMPERIAL_CONVERSION_FORMULA></IMPERIAL_CONVERSION_FORMULA>
            <METRIC_CONVERSION_FORMULA></METRIC_CONVERSION_FORMULA>
           </ENVIRONMENT_OPTION>
           <ENVIRONMENT_OPTION>
            <CATEGORY_ID>Wind</CATEGORY_ID>
            <ID>Wind Gusts</ID>
            <NAME>Variance (gusts)</NAME>
            <CATEGORY>Wind</CATEGORY>
            <TRANSFERENCE>15</TRANSFERENCE>
            <SHOW>true</SHOW>
            <INTERPOLATE>true</INTERPOLATE>
            <ACTIVE>false</ACTIVE>
            <VALUE>0</VALUE>
            <MIN>0</MIN>
            <MAX>100</MAX>
            <MIN_RATE>-1000</MIN_RATE>
            <MAX_RATE>1000</MAX_RATE>
            <METRIC_UNIT>%</METRIC_UNIT>
            <IMPERIAL_UNIT></IMPERIAL_UNIT>
            <IMPERIAL_CONVERSION_FORMULA></IMPERIAL_CONVERSION_FORMULA>
            <METRIC_CONVERSION_FORMULA></METRIC_CONVERSION_FORMULA>
           </ENVIRONMENT_OPTION>
           <ENVIRONMENT_OPTION>
            <CATEGORY_ID>Wind</CATEGORY_ID>
            <ID>Wind Speed</ID>
            <NAME>Speed</NAME>
            <CATEGORY>Wind</CATEGORY>
            <TRANSFERENCE>15</TRANSFERENCE>
            <SHOW>true</SHOW>
            <INTERPOLATE>true</INTERPOLATE>
            <ACTIVE>false</ACTIVE>
            <VALUE>0</VALUE>
            <MIN>0</MIN>
            <MAX>100</MAX>
            <MIN_RATE>-1000</MIN_RATE>
            <MAX_RATE>1000</MAX_RATE>
            <METRIC_UNIT>kph</METRIC_UNIT>
            <IMPERIAL_UNIT>mph</IMPERIAL_UNIT>
            <IMPERIAL_CONVERSION_FORMULA>x/1.609344</IMPERIAL_CONVERSION_FORMULA>
            <METRIC_CONVERSION_FORMULA>x*1.609344</METRIC_CONVERSION_FORMULA>
           </ENVIRONMENT_OPTION>
          </ENVIRONMENT_OPTIONS>
         </KEYFRAME>
        </KEYFRAMES>
        <ENVIRONMENT_OPTIONS>
         <ENVIRONMENT_OPTION>
          <CATEGORY_ID>Radiation</CATEGORY_ID>
          <ID>Alpha</ID>
          <NAME>Alpha</NAME>
          <CATEGORY>Radiation</CATEGORY>
          <TRANSFERENCE>15</TRANSFERENCE>
          <SHOW>false</SHOW>
          <INTERPOLATE>true</INTERPOLATE>
          <ACTIVE>false</ACTIVE>
          <VALUE>0</VALUE>
          <MIN>0</MIN>
          <MAX>100</MAX>
          <MIN_RATE>-1000</MIN_RATE>
          <MAX_RATE>1000</MAX_RATE>
          <METRIC_UNIT>%</METRIC_UNIT>
          <IMPERIAL_UNIT></IMPERIAL_UNIT>
          <IMPERIAL_CONVERSION_FORMULA></IMPERIAL_CONVERSION_FORMULA>
          <METRIC_CONVERSION_FORMULA></METRIC_CONVERSION_FORMULA>
         </ENVIRONMENT_OPTION>
         <ENVIRONMENT_OPTION>
          <CATEGORY_ID>Temperature</CATEGORY_ID>
          <ID>Ambient Temperature</ID>
          <NAME>Ambient Temperature</NAME>
          <CATEGORY>Temperature</CATEGORY>
          <TRANSFERENCE>15</TRANSFERENCE>
          <SHOW>true</SHOW>
          <INTERPOLATE>true</INTERPOLATE>
          <ACTIVE>false</ACTIVE>
          <VALUE>0</VALUE>
          <MIN>-100</MIN>
          <MAX>100</MAX>
          <MIN_RATE>-0.00138889</MIN_RATE>
          <MAX_RATE>0.00138889</MAX_RATE>
          <METRIC_UNIT>C</METRIC_UNIT>
          <IMPERIAL_UNIT>F</IMPERIAL_UNIT>
          <IMPERIAL_CONVERSION_FORMULA>x*(9/5)+32</IMPERIAL_CONVERSION_FORMULA>
          <METRIC_CONVERSION_FORMULA>(x-32)*(5/9)</METRIC_CONVERSION_FORMULA>
         </ENVIRONMENT_OPTION>
         <ENVIRONMENT_OPTION>
          <CATEGORY_ID>Gases</CATEGORY_ID>
          <ID>Argon</ID>
          <NAME>Argon</NAME>
          <CATEGORY>Gases</CATEGORY>
          <TRANSFERENCE>15</TRANSFERENCE>
          <SHOW>true</SHOW>
          <INTERPOLATE>true</INTERPOLATE>
          <ACTIVE>false</ACTIVE>
          <VALUE>0.934</VALUE>
          <MIN>0</MIN>
          <MAX>100</MAX>
          <MIN_RATE>-1000</MIN_RATE>
          <MAX_RATE>1000</MAX_RATE>
          <METRIC_UNIT>%</METRIC_UNIT>
          <IMPERIAL_UNIT></IMPERIAL_UNIT>
          <IMPERIAL_CONVERSION_FORMULA></IMPERIAL_CONVERSION_FORMULA>
          <METRIC_CONVERSION_FORMULA></METRIC_CONVERSION_FORMULA>
         </ENVIRONMENT_OPTION>
         <ENVIRONMENT_OPTION>
          <CATEGORY_ID>Other</CATEGORY_ID>
          <ID>Atmospheric Pressure</ID>
          <NAME>Atmospheric Pressure</NAME>
          <CATEGORY>Other</CATEGORY>
          <TRANSFERENCE>15</TRANSFERENCE>
          <SHOW>true</SHOW>
          <INTERPOLATE>true</INTERPOLATE>
          <ACTIVE>false</ACTIVE>
          <VALUE>101.325</VALUE>
          <MIN>-100</MIN>
          <MAX>200</MAX>
          <MIN_RATE>-1000</MIN_RATE>
          <MAX_RATE>1000</MAX_RATE>
          <METRIC_UNIT>kPa</METRIC_UNIT>
          <IMPERIAL_UNIT>psi</IMPERIAL_UNIT>
          <IMPERIAL_CONVERSION_FORMULA>x*.14503773773020923</IMPERIAL_CONVERSION_FORMULA>
          <METRIC_CONVERSION_FORMULA></METRIC_CONVERSION_FORMULA>
         </ENVIRONMENT_OPTION>
         <ENVIRONMENT_OPTION>
          <CATEGORY_ID>Radiation</CATEGORY_ID>
          <ID>Beta</ID>
          <NAME>Beta</NAME>
          <CATEGORY>Radiation</CATEGORY>
          <TRANSFERENCE>15</TRANSFERENCE>
          <SHOW>false</SHOW>
          <INTERPOLATE>true</INTERPOLATE>
          <ACTIVE>false</ACTIVE>
          <VALUE>0</VALUE>
          <MIN>0</MIN>
          <MAX>100</MAX>
          <MIN_RATE>-1000</MIN_RATE>
          <MAX_RATE>1000</MAX_RATE>
          <METRIC_UNIT>%</METRIC_UNIT>
          <IMPERIAL_UNIT></IMPERIAL_UNIT>
          <IMPERIAL_CONVERSION_FORMULA></IMPERIAL_CONVERSION_FORMULA>
          <METRIC_CONVERSION_FORMULA></METRIC_CONVERSION_FORMULA>
         </ENVIRONMENT_OPTION>
         <ENVIRONMENT_OPTION>
          <CATEGORY_ID>Gases</CATEGORY_ID>
          <ID>CO</ID>
          <NAME>CO</NAME>
          <CATEGORY>Gases</CATEGORY>
          <TRANSFERENCE>15</TRANSFERENCE>
          <SHOW>true</SHOW>
          <INTERPOLATE>true</INTERPOLATE>
          <ACTIVE>false</ACTIVE>
          <VALUE>0</VALUE>
          <MIN>0</MIN>
          <MAX>100</MAX>
          <MIN_RATE>-1000</MIN_RATE>
          <MAX_RATE>1000</MAX_RATE>
          <METRIC_UNIT>%</METRIC_UNIT>
          <IMPERIAL_UNIT></IMPERIAL_UNIT>
          <IMPERIAL_CONVERSION_FORMULA></IMPERIAL_CONVERSION_FORMULA>
          <METRIC_CONVERSION_FORMULA></METRIC_CONVERSION_FORMULA>
         </ENVIRONMENT_OPTION>
         <ENVIRONMENT_OPTION>
          <CATEGORY_ID>Gases</CATEGORY_ID>
          <ID>CO2</ID>
          <NAME>CO&lt;sub>2&lt;/sub></NAME>
          <CATEGORY>Gases</CATEGORY>
          <TRANSFERENCE>15</TRANSFERENCE>
          <SHOW>true</SHOW>
          <INTERPOLATE>true</INTERPOLATE>
          <ACTIVE>false</ACTIVE>
          <VALUE>0.036</VALUE>
          <MIN>0</MIN>
          <MAX>100</MAX>
          <MIN_RATE>-1000</MIN_RATE>
          <MAX_RATE>1000</MAX_RATE>
          <METRIC_UNIT>%</METRIC_UNIT>
          <IMPERIAL_UNIT></IMPERIAL_UNIT>
          <IMPERIAL_CONVERSION_FORMULA></IMPERIAL_CONVERSION_FORMULA>
          <METRIC_CONVERSION_FORMULA></METRIC_CONVERSION_FORMULA>
         </ENVIRONMENT_OPTION>
         <ENVIRONMENT_OPTION>
          <CATEGORY_ID>Water</CATEGORY_ID>
          <ID>Clouds</ID>
          <NAME>Clouds</NAME>
          <CATEGORY>Water</CATEGORY>
          <TRANSFERENCE>15</TRANSFERENCE>
          <SHOW>true</SHOW>
          <INTERPOLATE>true</INTERPOLATE>
          <ACTIVE>false</ACTIVE>
          <VALUE>5.16481</VALUE>
          <MIN>0</MIN>
          <MAX>100</MAX>
          <MIN_RATE>-1000</MIN_RATE>
          <MAX_RATE>1000</MAX_RATE>
          <METRIC_UNIT>%</METRIC_UNIT>
          <IMPERIAL_UNIT></IMPERIAL_UNIT>
          <IMPERIAL_CONVERSION_FORMULA></IMPERIAL_CONVERSION_FORMULA>
          <METRIC_CONVERSION_FORMULA></METRIC_CONVERSION_FORMULA>
         </ENVIRONMENT_OPTION>
         <ENVIRONMENT_OPTION>
          <CATEGORY_ID>Earth Physical Features</CATEGORY_ID>
          <ID>Compaction</ID>
          <NAME>Compaction</NAME>
          <CATEGORY>Earth Physical Features</CATEGORY>
          <TRANSFERENCE>15</TRANSFERENCE>
          <SHOW>false</SHOW>
          <INTERPOLATE>true</INTERPOLATE>
          <ACTIVE>false</ACTIVE>
          <VALUE>0</VALUE>
          <MIN>0</MIN>
          <MAX>100</MAX>
          <MIN_RATE>-1000</MIN_RATE>
          <MAX_RATE>1000</MAX_RATE>
          <METRIC_UNIT>Moh</METRIC_UNIT>
          <IMPERIAL_UNIT></IMPERIAL_UNIT>
          <IMPERIAL_CONVERSION_FORMULA></IMPERIAL_CONVERSION_FORMULA>
          <METRIC_CONVERSION_FORMULA></METRIC_CONVERSION_FORMULA>
         </ENVIRONMENT_OPTION>
         <ENVIRONMENT_OPTION>
          <CATEGORY_ID>Earth Physical Features</CATEGORY_ID>
          <ID>Composition Hardness</ID>
          <NAME>Composition Hardness</NAME>
          <CATEGORY>Earth Physical Features</CATEGORY>
          <TRANSFERENCE>15</TRANSFERENCE>
          <SHOW>false</SHOW>
          <INTERPOLATE>true</INTERPOLATE>
          <ACTIVE>false</ACTIVE>
          <VALUE>0</VALUE>
          <MIN>0</MIN>
          <MAX>100</MAX>
          <MIN_RATE>-1000</MIN_RATE>
          <MAX_RATE>1000</MAX_RATE>
          <METRIC_UNIT>Moh</METRIC_UNIT>
          <IMPERIAL_UNIT></IMPERIAL_UNIT>
          <IMPERIAL_CONVERSION_FORMULA></IMPERIAL_CONVERSION_FORMULA>
          <METRIC_CONVERSION_FORMULA></METRIC_CONVERSION_FORMULA>
         </ENVIRONMENT_OPTION>
         <ENVIRONMENT_OPTION>
          <CATEGORY_ID>Light (Sun)</CATEGORY_ID>
          <ID>Electromagnetic Radiation</ID>
          <NAME>Electromagnetic Radiation</NAME>
          <CATEGORY>Light (Sun)</CATEGORY>
          <TRANSFERENCE>15</TRANSFERENCE>
          <SHOW>true</SHOW>
          <INTERPOLATE>true</INTERPOLATE>
          <ACTIVE>false</ACTIVE>
          <VALUE>0</VALUE>
          <MIN>0</MIN>
          <MAX>100</MAX>
          <MIN_RATE>-1000</MIN_RATE>
          <MAX_RATE>1000</MAX_RATE>
          <METRIC_UNIT>%</METRIC_UNIT>
          <IMPERIAL_UNIT></IMPERIAL_UNIT>
          <IMPERIAL_CONVERSION_FORMULA></IMPERIAL_CONVERSION_FORMULA>
          <METRIC_CONVERSION_FORMULA></METRIC_CONVERSION_FORMULA>
         </ENVIRONMENT_OPTION>
         <ENVIRONMENT_OPTION>
          <CATEGORY_ID>Earth Physical Features</CATEGORY_ID>
          <ID>Elevation</ID>
          <NAME>Elevation</NAME>
          <CATEGORY>Earth Physical Features</CATEGORY>
          <TRANSFERENCE>15</TRANSFERENCE>
          <SHOW>true</SHOW>
          <INTERPOLATE>true</INTERPOLATE>
          <ACTIVE>false</ACTIVE>
          <VALUE>22</VALUE>
          <MIN>0</MIN>
          <MAX>100000</MAX>
          <MIN_RATE>-1000</MIN_RATE>
          <MAX_RATE>1000</MAX_RATE>
          <METRIC_UNIT>m</METRIC_UNIT>
          <IMPERIAL_UNIT>ft</IMPERIAL_UNIT>
          <IMPERIAL_CONVERSION_FORMULA>x*3.2808</IMPERIAL_CONVERSION_FORMULA>
          <METRIC_CONVERSION_FORMULA>x/3.280</METRIC_CONVERSION_FORMULA>
         </ENVIRONMENT_OPTION>
         <ENVIRONMENT_OPTION>
          <CATEGORY_ID>Temperature</CATEGORY_ID>
          <ID>Fire</ID>
          <NAME>Fire</NAME>
          <CATEGORY>Temperature</CATEGORY>
          <TRANSFERENCE>15</TRANSFERENCE>
          <SHOW>false</SHOW>
          <INTERPOLATE>true</INTERPOLATE>
          <ACTIVE>false</ACTIVE>
          <VALUE>0</VALUE>
          <MIN>0</MIN>
          <MAX>100</MAX>
          <MIN_RATE>-1000</MIN_RATE>
          <MAX_RATE>1000</MAX_RATE>
          <METRIC_UNIT></METRIC_UNIT>
          <IMPERIAL_UNIT></IMPERIAL_UNIT>
          <IMPERIAL_CONVERSION_FORMULA></IMPERIAL_CONVERSION_FORMULA>
          <METRIC_CONVERSION_FORMULA></METRIC_CONVERSION_FORMULA>
         </ENVIRONMENT_OPTION>
         <ENVIRONMENT_OPTION>
          <CATEGORY_ID>Radiation</CATEGORY_ID>
          <ID>Gamma</ID>
          <NAME>Gamma</NAME>
          <CATEGORY>Radiation</CATEGORY>
          <TRANSFERENCE>15</TRANSFERENCE>
          <SHOW>false</SHOW>
          <INTERPOLATE>true</INTERPOLATE>
          <ACTIVE>false</ACTIVE>
          <VALUE>0</VALUE>
          <MIN>0</MIN>
          <MAX>100</MAX>
          <MIN_RATE>-1000</MIN_RATE>
          <MAX_RATE>1000</MAX_RATE>
          <METRIC_UNIT>%</METRIC_UNIT>
          <IMPERIAL_UNIT></IMPERIAL_UNIT>
          <IMPERIAL_CONVERSION_FORMULA></IMPERIAL_CONVERSION_FORMULA>
          <METRIC_CONVERSION_FORMULA></METRIC_CONVERSION_FORMULA>
         </ENVIRONMENT_OPTION>
         <ENVIRONMENT_OPTION>
          <CATEGORY_ID>Gravity</CATEGORY_ID>
          <ID>Gravity</ID>
          <NAME>Gravity</NAME>
          <CATEGORY>Gravity</CATEGORY>
          <TRANSFERENCE>15</TRANSFERENCE>
          <SHOW>true</SHOW>
          <INTERPOLATE>true</INTERPOLATE>
          <ACTIVE>false</ACTIVE>
          <VALUE>9.8</VALUE>
          <MIN>-100</MIN>
          <MAX>100</MAX>
          <MIN_RATE>-1000</MIN_RATE>
          <MAX_RATE>1000</MAX_RATE>
          <METRIC_UNIT>m/s&lt;sup>2&lt;/sup></METRIC_UNIT>
          <IMPERIAL_UNIT>ft/s&lt;sup>2&lt;/sup></IMPERIAL_UNIT>
          <IMPERIAL_CONVERSION_FORMULA>x*3.2808399</IMPERIAL_CONVERSION_FORMULA>
          <METRIC_CONVERSION_FORMULA>x*0.3048</METRIC_CONVERSION_FORMULA>
         </ENVIRONMENT_OPTION>
         <ENVIRONMENT_OPTION>
          <CATEGORY_ID>Energy</CATEGORY_ID>
          <ID>Heat</ID>
          <NAME>Heat (BTUs)</NAME>
          <CATEGORY>Energy</CATEGORY>
          <TRANSFERENCE>15</TRANSFERENCE>
          <SHOW>false</SHOW>
          <INTERPOLATE>true</INTERPOLATE>
          <ACTIVE>false</ACTIVE>
          <VALUE>0</VALUE>
          <MIN>-100</MIN>
          <MAX>100</MAX>
          <MIN_RATE>-1000</MIN_RATE>
          <MAX_RATE>1000</MAX_RATE>
          <METRIC_UNIT>KW</METRIC_UNIT>
          <IMPERIAL_UNIT>BTU/hr</IMPERIAL_UNIT>
          <IMPERIAL_CONVERSION_FORMULA>x*0.00029307103866</IMPERIAL_CONVERSION_FORMULA>
          <METRIC_CONVERSION_FORMULA>x*3412.142</METRIC_CONVERSION_FORMULA>
         </ENVIRONMENT_OPTION>
         <ENVIRONMENT_OPTION>
          <CATEGORY_ID>Gases</CATEGORY_ID>
          <ID>Helium</ID>
          <NAME>He</NAME>
          <CATEGORY>Gases</CATEGORY>
          <TRANSFERENCE>15</TRANSFERENCE>
          <SHOW>true</SHOW>
          <INTERPOLATE>true</INTERPOLATE>
          <ACTIVE>false</ACTIVE>
          <VALUE>0.000524</VALUE>
          <MIN>0</MIN>
          <MAX>100</MAX>
          <MIN_RATE>-1000</MIN_RATE>
          <MAX_RATE>1000</MAX_RATE>
          <METRIC_UNIT>%</METRIC_UNIT>
          <IMPERIAL_UNIT></IMPERIAL_UNIT>
          <IMPERIAL_CONVERSION_FORMULA></IMPERIAL_CONVERSION_FORMULA>
          <METRIC_CONVERSION_FORMULA></METRIC_CONVERSION_FORMULA>
         </ENVIRONMENT_OPTION>
         <ENVIRONMENT_OPTION>
          <CATEGORY_ID>Water</CATEGORY_ID>
          <ID>Humidity</ID>
          <NAME>Humidity</NAME>
          <CATEGORY>Water</CATEGORY>
          <TRANSFERENCE>15</TRANSFERENCE>
          <SHOW>true</SHOW>
          <INTERPOLATE>true</INTERPOLATE>
          <ACTIVE>false</ACTIVE>
          <VALUE>79.6704</VALUE>
          <MIN>0</MIN>
          <MAX>100</MAX>
          <MIN_RATE>-1000</MIN_RATE>
          <MAX_RATE>1000</MAX_RATE>
          <METRIC_UNIT>%</METRIC_UNIT>
          <IMPERIAL_UNIT></IMPERIAL_UNIT>
          <IMPERIAL_CONVERSION_FORMULA></IMPERIAL_CONVERSION_FORMULA>
          <METRIC_CONVERSION_FORMULA></METRIC_CONVERSION_FORMULA>
         </ENVIRONMENT_OPTION>
         <ENVIRONMENT_OPTION>
          <CATEGORY_ID>Gases</CATEGORY_ID>
          <ID>Hydrogen</ID>
          <NAME>H</NAME>
          <CATEGORY>Gases</CATEGORY>
          <TRANSFERENCE>15</TRANSFERENCE>
          <SHOW>true</SHOW>
          <INTERPOLATE>true</INTERPOLATE>
          <ACTIVE>false</ACTIVE>
          <VALUE>0.0005</VALUE>
          <MIN>0</MIN>
          <MAX>100</MAX>
          <MIN_RATE>-1000</MIN_RATE>
          <MAX_RATE>1000</MAX_RATE>
          <METRIC_UNIT>%</METRIC_UNIT>
          <IMPERIAL_UNIT></IMPERIAL_UNIT>
          <IMPERIAL_CONVERSION_FORMULA></IMPERIAL_CONVERSION_FORMULA>
          <METRIC_CONVERSION_FORMULA></METRIC_CONVERSION_FORMULA>
         </ENVIRONMENT_OPTION>
         <ENVIRONMENT_OPTION>
          <CATEGORY_ID>Light (Sun)</CATEGORY_ID>
          <ID>Infrared</ID>
          <NAME>Infrared</NAME>
          <CATEGORY>Light (Sun)</CATEGORY>
          <TRANSFERENCE>15</TRANSFERENCE>
          <SHOW>true</SHOW>
          <INTERPOLATE>true</INTERPOLATE>
          <ACTIVE>false</ACTIVE>
          <VALUE>0</VALUE>
          <MIN>0</MIN>
          <MAX>100</MAX>
          <MIN_RATE>-1000</MIN_RATE>
          <MAX_RATE>1000</MAX_RATE>
          <METRIC_UNIT>%</METRIC_UNIT>
          <IMPERIAL_UNIT></IMPERIAL_UNIT>
          <IMPERIAL_CONVERSION_FORMULA></IMPERIAL_CONVERSION_FORMULA>
          <METRIC_CONVERSION_FORMULA></METRIC_CONVERSION_FORMULA>
         </ENVIRONMENT_OPTION>
         <ENVIRONMENT_OPTION>
          <CATEGORY_ID>Temperature</CATEGORY_ID>
          <ID>Ionization</ID>
          <NAME>Ionization</NAME>
          <CATEGORY>Temperature</CATEGORY>
          <TRANSFERENCE>15</TRANSFERENCE>
          <SHOW>false</SHOW>
          <INTERPOLATE>true</INTERPOLATE>
          <ACTIVE>false</ACTIVE>
          <VALUE>0</VALUE>
          <MIN>0</MIN>
          <MAX>100</MAX>
          <MIN_RATE>-1000</MIN_RATE>
          <MAX_RATE>1000</MAX_RATE>
          <METRIC_UNIT>%</METRIC_UNIT>
          <IMPERIAL_UNIT></IMPERIAL_UNIT>
          <IMPERIAL_CONVERSION_FORMULA></IMPERIAL_CONVERSION_FORMULA>
          <METRIC_CONVERSION_FORMULA></METRIC_CONVERSION_FORMULA>
         </ENVIRONMENT_OPTION>
         <ENVIRONMENT_OPTION>
          <CATEGORY_ID>Light (Sun)</CATEGORY_ID>
          <ID>Luminosity</ID>
          <NAME>Luminosity</NAME>
          <CATEGORY>Light (Sun)</CATEGORY>
          <TRANSFERENCE>15</TRANSFERENCE>
          <SHOW>false</SHOW>
          <INTERPOLATE>true</INTERPOLATE>
          <ACTIVE>false</ACTIVE>
          <VALUE>0</VALUE>
          <MIN>0</MIN>
          <MAX>100</MAX>
          <MIN_RATE>-1000</MIN_RATE>
          <MAX_RATE>1000</MAX_RATE>
          <METRIC_UNIT>%</METRIC_UNIT>
          <IMPERIAL_UNIT></IMPERIAL_UNIT>
          <IMPERIAL_CONVERSION_FORMULA></IMPERIAL_CONVERSION_FORMULA>
          <METRIC_CONVERSION_FORMULA></METRIC_CONVERSION_FORMULA>
         </ENVIRONMENT_OPTION>
         <ENVIRONMENT_OPTION>
          <CATEGORY_ID>Gases</CATEGORY_ID>
          <ID>Methane</ID>
          <NAME>Methane</NAME>
          <CATEGORY>Gases</CATEGORY>
          <TRANSFERENCE>15</TRANSFERENCE>
          <SHOW>true</SHOW>
          <INTERPOLATE>true</INTERPOLATE>
          <ACTIVE>false</ACTIVE>
          <VALUE>0.00015</VALUE>
          <MIN>0</MIN>
          <MAX>100</MAX>
          <MIN_RATE>-1000</MIN_RATE>
          <MAX_RATE>1000</MAX_RATE>
          <METRIC_UNIT>%</METRIC_UNIT>
          <IMPERIAL_UNIT></IMPERIAL_UNIT>
          <IMPERIAL_CONVERSION_FORMULA></IMPERIAL_CONVERSION_FORMULA>
          <METRIC_CONVERSION_FORMULA></METRIC_CONVERSION_FORMULA>
         </ENVIRONMENT_OPTION>
         <ENVIRONMENT_OPTION>
          <CATEGORY_ID>Gravity</CATEGORY_ID>
          <ID>Moon Phases</ID>
          <NAME>Moon Phases</NAME>
          <CATEGORY>Gravity</CATEGORY>
          <TRANSFERENCE>15</TRANSFERENCE>
          <SHOW>false</SHOW>
          <INTERPOLATE>true</INTERPOLATE>
          <ACTIVE>false</ACTIVE>
          <VALUE>0</VALUE>
          <MIN>-100</MIN>
          <MAX>100</MAX>
          <MIN_RATE>-1000</MIN_RATE>
          <MAX_RATE>1000</MAX_RATE>
          <METRIC_UNIT></METRIC_UNIT>
          <IMPERIAL_UNIT></IMPERIAL_UNIT>
          <IMPERIAL_CONVERSION_FORMULA></IMPERIAL_CONVERSION_FORMULA>
          <METRIC_CONVERSION_FORMULA></METRIC_CONVERSION_FORMULA>
         </ENVIRONMENT_OPTION>
         <ENVIRONMENT_OPTION>
          <CATEGORY_ID>Motion</CATEGORY_ID>
          <ID>Motion Direction</ID>
          <NAME>Direction</NAME>
          <CATEGORY>Motion</CATEGORY>
          <TRANSFERENCE>15</TRANSFERENCE>
          <SHOW>false</SHOW>
          <INTERPOLATE>true</INTERPOLATE>
          <ACTIVE>false</ACTIVE>
          <VALUE>0</VALUE>
          <MIN>-100</MIN>
          <MAX>100</MAX>
          <MIN_RATE>-1000</MIN_RATE>
          <MAX_RATE>1000</MAX_RATE>
          <METRIC_UNIT>degrees</METRIC_UNIT>
          <IMPERIAL_UNIT></IMPERIAL_UNIT>
          <IMPERIAL_CONVERSION_FORMULA></IMPERIAL_CONVERSION_FORMULA>
          <METRIC_CONVERSION_FORMULA></METRIC_CONVERSION_FORMULA>
         </ENVIRONMENT_OPTION>
         <ENVIRONMENT_OPTION>
          <CATEGORY_ID>Motion</CATEGORY_ID>
          <ID>Motion Speed</ID>
          <NAME>Speed</NAME>
          <CATEGORY>Motion</CATEGORY>
          <TRANSFERENCE>15</TRANSFERENCE>
          <SHOW>false</SHOW>
          <INTERPOLATE>true</INTERPOLATE>
          <ACTIVE>false</ACTIVE>
          <VALUE>0</VALUE>
          <MIN>0</MIN>
          <MAX>100</MAX>
          <MIN_RATE>-1000</MIN_RATE>
          <MAX_RATE>1000</MAX_RATE>
          <METRIC_UNIT>kph</METRIC_UNIT>
          <IMPERIAL_UNIT>mph</IMPERIAL_UNIT>
          <IMPERIAL_CONVERSION_FORMULA>x/1.609344</IMPERIAL_CONVERSION_FORMULA>
          <METRIC_CONVERSION_FORMULA>x*1.609344</METRIC_CONVERSION_FORMULA>
         </ENVIRONMENT_OPTION>
         <ENVIRONMENT_OPTION>
          <CATEGORY_ID>Radiation</CATEGORY_ID>
          <ID>Neutron</ID>
          <NAME>Neutron</NAME>
          <CATEGORY>Radiation</CATEGORY>
          <TRANSFERENCE>15</TRANSFERENCE>
          <SHOW>false</SHOW>
          <INTERPOLATE>true</INTERPOLATE>
          <ACTIVE>false</ACTIVE>
          <VALUE>0</VALUE>
          <MIN>0</MIN>
          <MAX>100</MAX>
          <MIN_RATE>-1000</MIN_RATE>
          <MAX_RATE>1000</MAX_RATE>
          <METRIC_UNIT>%</METRIC_UNIT>
          <IMPERIAL_UNIT></IMPERIAL_UNIT>
          <IMPERIAL_CONVERSION_FORMULA></IMPERIAL_CONVERSION_FORMULA>
          <METRIC_CONVERSION_FORMULA></METRIC_CONVERSION_FORMULA>
         </ENVIRONMENT_OPTION>
         <ENVIRONMENT_OPTION>
          <CATEGORY_ID>Gases</CATEGORY_ID>
          <ID>Nitrogen</ID>
          <NAME>Nitrogen</NAME>
          <CATEGORY>Gases</CATEGORY>
          <TRANSFERENCE>15</TRANSFERENCE>
          <SHOW>true</SHOW>
          <INTERPOLATE>true</INTERPOLATE>
          <ACTIVE>false</ACTIVE>
          <VALUE>78.084</VALUE>
          <MIN>0</MIN>
          <MAX>100</MAX>
          <MIN_RATE>-1000</MIN_RATE>
          <MAX_RATE>1000</MAX_RATE>
          <METRIC_UNIT>%</METRIC_UNIT>
          <IMPERIAL_UNIT></IMPERIAL_UNIT>
          <IMPERIAL_CONVERSION_FORMULA></IMPERIAL_CONVERSION_FORMULA>
          <METRIC_CONVERSION_FORMULA></METRIC_CONVERSION_FORMULA>
         </ENVIRONMENT_OPTION>
         <ENVIRONMENT_OPTION>
          <CATEGORY_ID>Gases</CATEGORY_ID>
          <ID>O2</ID>
          <NAME>O&lt;sub>2&lt;/sub></NAME>
          <CATEGORY>Gases</CATEGORY>
          <TRANSFERENCE>15</TRANSFERENCE>
          <SHOW>true</SHOW>
          <INTERPOLATE>true</INTERPOLATE>
          <ACTIVE>false</ACTIVE>
          <VALUE>20.946</VALUE>
          <MIN>0</MIN>
          <MAX>100</MAX>
          <MIN_RATE>-1000</MIN_RATE>
          <MAX_RATE>1000</MAX_RATE>
          <METRIC_UNIT>%</METRIC_UNIT>
          <IMPERIAL_UNIT></IMPERIAL_UNIT>
          <IMPERIAL_CONVERSION_FORMULA></IMPERIAL_CONVERSION_FORMULA>
          <METRIC_CONVERSION_FORMULA></METRIC_CONVERSION_FORMULA>
         </ENVIRONMENT_OPTION>
         <ENVIRONMENT_OPTION>
          <CATEGORY_ID>Electricity</CATEGORY_ID>
          <ID>Ohms</ID>
          <NAME>Ohms</NAME>
          <CATEGORY>Electricity</CATEGORY>
          <TRANSFERENCE>15</TRANSFERENCE>
          <SHOW>false</SHOW>
          <INTERPOLATE>true</INTERPOLATE>
          <ACTIVE>false</ACTIVE>
          <VALUE>0</VALUE>
          <MIN>-100</MIN>
          <MAX>100</MAX>
          <MIN_RATE>-1000</MIN_RATE>
          <MAX_RATE>1000</MAX_RATE>
          <METRIC_UNIT>&amp;#8486;</METRIC_UNIT>
          <IMPERIAL_UNIT></IMPERIAL_UNIT>
          <IMPERIAL_CONVERSION_FORMULA></IMPERIAL_CONVERSION_FORMULA>
          <METRIC_CONVERSION_FORMULA></METRIC_CONVERSION_FORMULA>
         </ENVIRONMENT_OPTION>
         <ENVIRONMENT_OPTION>
          <CATEGORY_ID>Gases</CATEGORY_ID>
          <ID>Ozone</ID>
          <NAME>Ozone</NAME>
          <CATEGORY>Gases</CATEGORY>
          <TRANSFERENCE>15</TRANSFERENCE>
          <SHOW>false</SHOW>
          <INTERPOLATE>true</INTERPOLATE>
          <ACTIVE>false</ACTIVE>
          <VALUE>0</VALUE>
          <MIN>0</MIN>
          <MAX>100</MAX>
          <MIN_RATE>-1000</MIN_RATE>
          <MAX_RATE>1000</MAX_RATE>
          <METRIC_UNIT>%</METRIC_UNIT>
          <IMPERIAL_UNIT></IMPERIAL_UNIT>
          <IMPERIAL_CONVERSION_FORMULA></IMPERIAL_CONVERSION_FORMULA>
          <METRIC_CONVERSION_FORMULA></METRIC_CONVERSION_FORMULA>
         </ENVIRONMENT_OPTION>
         <ENVIRONMENT_OPTION>
          <CATEGORY_ID>Radiation</CATEGORY_ID>
          <ID>Photon</ID>
          <NAME>Photon</NAME>
          <CATEGORY>Radiation</CATEGORY>
          <TRANSFERENCE>15</TRANSFERENCE>
          <SHOW>false</SHOW>
          <INTERPOLATE>true</INTERPOLATE>
          <ACTIVE>false</ACTIVE>
          <VALUE>0</VALUE>
          <MIN>0</MIN>
          <MAX>100</MAX>
          <MIN_RATE>-1000</MIN_RATE>
          <MAX_RATE>1000</MAX_RATE>
          <METRIC_UNIT>%</METRIC_UNIT>
          <IMPERIAL_UNIT></IMPERIAL_UNIT>
          <IMPERIAL_CONVERSION_FORMULA></IMPERIAL_CONVERSION_FORMULA>
          <METRIC_CONVERSION_FORMULA></METRIC_CONVERSION_FORMULA>
         </ENVIRONMENT_OPTION>
         <ENVIRONMENT_OPTION>
          <CATEGORY_ID>Gases</CATEGORY_ID>
          <ID>Propane</ID>
          <NAME>Propane</NAME>
          <CATEGORY>Gases</CATEGORY>
          <TRANSFERENCE>15</TRANSFERENCE>
          <SHOW>false</SHOW>
          <INTERPOLATE>true</INTERPOLATE>
          <ACTIVE>false</ACTIVE>
          <VALUE>0</VALUE>
          <MIN>0</MIN>
          <MAX>100</MAX>
          <MIN_RATE>-1000</MIN_RATE>
          <MAX_RATE>1000</MAX_RATE>
          <METRIC_UNIT>%</METRIC_UNIT>
          <IMPERIAL_UNIT></IMPERIAL_UNIT>
          <IMPERIAL_CONVERSION_FORMULA></IMPERIAL_CONVERSION_FORMULA>
          <METRIC_CONVERSION_FORMULA></METRIC_CONVERSION_FORMULA>
         </ENVIRONMENT_OPTION>
         <ENVIRONMENT_OPTION>
          <CATEGORY_ID>Light (Sun)</CATEGORY_ID>
          <ID>Radiant Heat</ID>
          <NAME>Radiant Heat</NAME>
          <CATEGORY>Light (Sun)</CATEGORY>
          <TRANSFERENCE>15</TRANSFERENCE>
          <SHOW>true</SHOW>
          <INTERPOLATE>true</INTERPOLATE>
          <ACTIVE>false</ACTIVE>
          <VALUE>0</VALUE>
          <MIN>0</MIN>
          <MAX>100</MAX>
          <MIN_RATE>-1000</MIN_RATE>
          <MAX_RATE>1000</MAX_RATE>
          <METRIC_UNIT>%</METRIC_UNIT>
          <IMPERIAL_UNIT></IMPERIAL_UNIT>
          <IMPERIAL_CONVERSION_FORMULA></IMPERIAL_CONVERSION_FORMULA>
          <METRIC_CONVERSION_FORMULA></METRIC_CONVERSION_FORMULA>
         </ENVIRONMENT_OPTION>
         <ENVIRONMENT_OPTION>
          <CATEGORY_ID>Radiation</CATEGORY_ID>
          <ID>Radiation Level</ID>
          <NAME>Level</NAME>
          <CATEGORY>Radiation</CATEGORY>
          <TRANSFERENCE>15</TRANSFERENCE>
          <SHOW>true</SHOW>
          <INTERPOLATE>true</INTERPOLATE>
          <ACTIVE>true</ACTIVE>
          <VALUE>0</VALUE>
          <MIN>0</MIN>
          <MAX>1000</MAX>
          <MIN_RATE>-1000</MIN_RATE>
          <MAX_RATE>1000</MAX_RATE>
          <METRIC_UNIT>mrem</METRIC_UNIT>
          <IMPERIAL_UNIT></IMPERIAL_UNIT>
          <IMPERIAL_CONVERSION_FORMULA></IMPERIAL_CONVERSION_FORMULA>
          <METRIC_CONVERSION_FORMULA></METRIC_CONVERSION_FORMULA>
         </ENVIRONMENT_OPTION>
         <ENVIRONMENT_OPTION>
          <CATEGORY_ID>Water</CATEGORY_ID>
          <ID>Rain</ID>
          <NAME>Rain</NAME>
          <CATEGORY>Water</CATEGORY>
          <TRANSFERENCE>15</TRANSFERENCE>
          <SHOW>true</SHOW>
          <INTERPOLATE>true</INTERPOLATE>
          <ACTIVE>false</ACTIVE>
          <VALUE>0.0329619</VALUE>
          <MIN>-100</MIN>
          <MAX>100</MAX>
          <MIN_RATE>-1000</MIN_RATE>
          <MAX_RATE>1000</MAX_RATE>
          <METRIC_UNIT>cm</METRIC_UNIT>
          <IMPERIAL_UNIT>in</IMPERIAL_UNIT>
          <IMPERIAL_CONVERSION_FORMULA>x*0.39</IMPERIAL_CONVERSION_FORMULA>
          <METRIC_CONVERSION_FORMULA>x*2.54</METRIC_CONVERSION_FORMULA>
         </ENVIRONMENT_OPTION>
         <ENVIRONMENT_OPTION>
          <CATEGORY_ID>Temperature</CATEGORY_ID>
          <ID>Smoke</ID>
          <NAME>Smoke</NAME>
          <CATEGORY>Temperature</CATEGORY>
          <TRANSFERENCE>15</TRANSFERENCE>
          <SHOW>false</SHOW>
          <INTERPOLATE>true</INTERPOLATE>
          <ACTIVE>false</ACTIVE>
          <VALUE>0</VALUE>
          <MIN>0</MIN>
          <MAX>100</MAX>
          <MIN_RATE>-1000</MIN_RATE>
          <MAX_RATE>1000</MAX_RATE>
          <METRIC_UNIT>%</METRIC_UNIT>
          <IMPERIAL_UNIT></IMPERIAL_UNIT>
          <IMPERIAL_CONVERSION_FORMULA></IMPERIAL_CONVERSION_FORMULA>
          <METRIC_CONVERSION_FORMULA></METRIC_CONVERSION_FORMULA>
         </ENVIRONMENT_OPTION>
         <ENVIRONMENT_OPTION>
          <CATEGORY_ID>Water</CATEGORY_ID>
          <ID>Snow</ID>
          <NAME>Snow</NAME>
          <CATEGORY>Water</CATEGORY>
          <TRANSFERENCE>15</TRANSFERENCE>
          <SHOW>true</SHOW>
          <INTERPOLATE>true</INTERPOLATE>
          <ACTIVE>false</ACTIVE>
          <VALUE>0</VALUE>
          <MIN>-100</MIN>
          <MAX>100</MAX>
          <MIN_RATE>-1000</MIN_RATE>
          <MAX_RATE>1000</MAX_RATE>
          <METRIC_UNIT>cm</METRIC_UNIT>
          <IMPERIAL_UNIT>in</IMPERIAL_UNIT>
          <IMPERIAL_CONVERSION_FORMULA>x*0.39</IMPERIAL_CONVERSION_FORMULA>
          <METRIC_CONVERSION_FORMULA>x*2.54</METRIC_CONVERSION_FORMULA>
         </ENVIRONMENT_OPTION>
         <ENVIRONMENT_OPTION>
          <CATEGORY_ID>Earth Physical Features</CATEGORY_ID>
          <ID>Soil pH</ID>
          <NAME>Soil pH</NAME>
          <CATEGORY>Earth Physical Features</CATEGORY>
          <TRANSFERENCE>15</TRANSFERENCE>
          <SHOW>true</SHOW>
          <INTERPOLATE>true</INTERPOLATE>
          <ACTIVE>false</ACTIVE>
          <VALUE>7</VALUE>
          <MIN>0</MIN>
          <MAX>100</MAX>
          <MIN_RATE>-1000</MIN_RATE>
          <MAX_RATE>1000</MAX_RATE>
          <METRIC_UNIT>pH</METRIC_UNIT>
          <IMPERIAL_UNIT></IMPERIAL_UNIT>
          <IMPERIAL_CONVERSION_FORMULA></IMPERIAL_CONVERSION_FORMULA>
          <METRIC_CONVERSION_FORMULA></METRIC_CONVERSION_FORMULA>
         </ENVIRONMENT_OPTION>
         <ENVIRONMENT_OPTION>
          <CATEGORY_ID>Sound</CATEGORY_ID>
          <ID>Sound Pitch</ID>
          <NAME>Pitch</NAME>
          <CATEGORY>Sound</CATEGORY>
          <TRANSFERENCE>15</TRANSFERENCE>
          <SHOW>false</SHOW>
          <INTERPOLATE>true</INTERPOLATE>
          <ACTIVE>false</ACTIVE>
          <VALUE>0</VALUE>
          <MIN>0</MIN>
          <MAX>100</MAX>
          <MIN_RATE>-1000</MIN_RATE>
          <MAX_RATE>1000</MAX_RATE>
          <METRIC_UNIT>CPS</METRIC_UNIT>
          <IMPERIAL_UNIT></IMPERIAL_UNIT>
          <IMPERIAL_CONVERSION_FORMULA></IMPERIAL_CONVERSION_FORMULA>
          <METRIC_CONVERSION_FORMULA></METRIC_CONVERSION_FORMULA>
         </ENVIRONMENT_OPTION>
         <ENVIRONMENT_OPTION>
          <CATEGORY_ID>Sound</CATEGORY_ID>
          <ID>Sound Volume</ID>
          <NAME>Volume</NAME>
          <CATEGORY>Sound</CATEGORY>
          <TRANSFERENCE>15</TRANSFERENCE>
          <SHOW>false</SHOW>
          <INTERPOLATE>true</INTERPOLATE>
          <ACTIVE>false</ACTIVE>
          <VALUE>0</VALUE>
          <MIN>0</MIN>
          <MAX>100</MAX>
          <MIN_RATE>-1000</MIN_RATE>
          <MAX_RATE>1000</MAX_RATE>
          <METRIC_UNIT>dB</METRIC_UNIT>
          <IMPERIAL_UNIT></IMPERIAL_UNIT>
          <IMPERIAL_CONVERSION_FORMULA></IMPERIAL_CONVERSION_FORMULA>
          <METRIC_CONVERSION_FORMULA></METRIC_CONVERSION_FORMULA>
         </ENVIRONMENT_OPTION>
         <ENVIRONMENT_OPTION>
          <CATEGORY_ID>Light (Sun)</CATEGORY_ID>
          <ID>Sunlight</ID>
          <NAME>Sunlight</NAME>
          <CATEGORY>Light (Sun)</CATEGORY>
          <TRANSFERENCE>100</TRANSFERENCE>
          <SHOW>true</SHOW>
          <INTERPOLATE>true</INTERPOLATE>
          <ACTIVE>false</ACTIVE>
          <VALUE>0</VALUE>
          <MIN>0</MIN>
          <MAX>100</MAX>
          <MIN_RATE>-1000</MIN_RATE>
          <MAX_RATE>1000</MAX_RATE>
          <METRIC_UNIT>%</METRIC_UNIT>
          <IMPERIAL_UNIT></IMPERIAL_UNIT>
          <IMPERIAL_CONVERSION_FORMULA></IMPERIAL_CONVERSION_FORMULA>
          <METRIC_CONVERSION_FORMULA></METRIC_CONVERSION_FORMULA>
         </ENVIRONMENT_OPTION>
         <ENVIRONMENT_OPTION>
          <CATEGORY_ID>Energy</CATEGORY_ID>
          <ID>Torque</ID>
          <NAME>Torque</NAME>
          <CATEGORY>Energy</CATEGORY>
          <TRANSFERENCE>15</TRANSFERENCE>
          <SHOW>false</SHOW>
          <INTERPOLATE>true</INTERPOLATE>
          <ACTIVE>false</ACTIVE>
          <VALUE>0</VALUE>
          <MIN>-100</MIN>
          <MAX>100</MAX>
          <MIN_RATE>-1000</MIN_RATE>
          <MAX_RATE>1000</MAX_RATE>
          <METRIC_UNIT>m/kg</METRIC_UNIT>
          <IMPERIAL_UNIT>ft/lb</IMPERIAL_UNIT>
          <IMPERIAL_CONVERSION_FORMULA>x*1.48816</IMPERIAL_CONVERSION_FORMULA>
          <METRIC_CONVERSION_FORMULA>x*0.671969</METRIC_CONVERSION_FORMULA>
         </ENVIRONMENT_OPTION>
         <ENVIRONMENT_OPTION>
          <CATEGORY_ID>Light (Sun)</CATEGORY_ID>
          <ID>Ultraviolet</ID>
          <NAME>Ultraviolet</NAME>
          <CATEGORY>Light (Sun)</CATEGORY>
          <TRANSFERENCE>15</TRANSFERENCE>
          <SHOW>true</SHOW>
          <INTERPOLATE>true</INTERPOLATE>
          <ACTIVE>false</ACTIVE>
          <VALUE>0</VALUE>
          <MIN>0</MIN>
          <MAX>100</MAX>
          <MIN_RATE>-1000</MIN_RATE>
          <MAX_RATE>1000</MAX_RATE>
          <METRIC_UNIT>%</METRIC_UNIT>
          <IMPERIAL_UNIT></IMPERIAL_UNIT>
          <IMPERIAL_CONVERSION_FORMULA></IMPERIAL_CONVERSION_FORMULA>
          <METRIC_CONVERSION_FORMULA></METRIC_CONVERSION_FORMULA>
         </ENVIRONMENT_OPTION>
         <ENVIRONMENT_OPTION>
          <CATEGORY_ID>Light (Sun)</CATEGORY_ID>
          <ID>Visible Light</ID>
          <NAME>Visible</NAME>
          <CATEGORY>Light (Sun)</CATEGORY>
          <TRANSFERENCE>15</TRANSFERENCE>
          <SHOW>true</SHOW>
          <INTERPOLATE>true</INTERPOLATE>
          <ACTIVE>false</ACTIVE>
          <VALUE>0</VALUE>
          <MIN>0</MIN>
          <MAX>100</MAX>
          <MIN_RATE>-1000</MIN_RATE>
          <MAX_RATE>1000</MAX_RATE>
          <METRIC_UNIT>%</METRIC_UNIT>
          <IMPERIAL_UNIT></IMPERIAL_UNIT>
          <IMPERIAL_CONVERSION_FORMULA></IMPERIAL_CONVERSION_FORMULA>
          <METRIC_CONVERSION_FORMULA></METRIC_CONVERSION_FORMULA>
         </ENVIRONMENT_OPTION>
         <ENVIRONMENT_OPTION>
          <CATEGORY_ID>Electricity</CATEGORY_ID>
          <ID>Voltage</ID>
          <NAME>Voltage</NAME>
          <CATEGORY>Electricity</CATEGORY>
          <TRANSFERENCE>15</TRANSFERENCE>
          <SHOW>false</SHOW>
          <INTERPOLATE>true</INTERPOLATE>
          <ACTIVE>false</ACTIVE>
          <VALUE>0</VALUE>
          <MIN>-100</MIN>
          <MAX>100</MAX>
          <MIN_RATE>-1000</MIN_RATE>
          <MAX_RATE>1000</MAX_RATE>
          <METRIC_UNIT>V</METRIC_UNIT>
          <IMPERIAL_UNIT></IMPERIAL_UNIT>
          <IMPERIAL_CONVERSION_FORMULA></IMPERIAL_CONVERSION_FORMULA>
          <METRIC_CONVERSION_FORMULA></METRIC_CONVERSION_FORMULA>
         </ENVIRONMENT_OPTION>
         <ENVIRONMENT_OPTION>
          <CATEGORY_ID>Water</CATEGORY_ID>
          <ID>Water Level</ID>
          <NAME>Water Level</NAME>
          <CATEGORY>Water</CATEGORY>
          <TRANSFERENCE>15</TRANSFERENCE>
          <SHOW>true</SHOW>
          <INTERPOLATE>true</INTERPOLATE>
          <ACTIVE>false</ACTIVE>
          <VALUE>0</VALUE>
          <MIN>0</MIN>
          <MAX>100</MAX>
          <MIN_RATE>-1000</MIN_RATE>
          <MAX_RATE>1000</MAX_RATE>
          <METRIC_UNIT>cm</METRIC_UNIT>
          <IMPERIAL_UNIT>in</IMPERIAL_UNIT>
          <IMPERIAL_CONVERSION_FORMULA>x*0.39</IMPERIAL_CONVERSION_FORMULA>
          <METRIC_CONVERSION_FORMULA>x*2.54</METRIC_CONVERSION_FORMULA>
         </ENVIRONMENT_OPTION>
         <ENVIRONMENT_OPTION>
          <CATEGORY_ID>Water</CATEGORY_ID>
          <ID>Water Speed</ID>
          <NAME>Speed</NAME>
          <CATEGORY>Water</CATEGORY>
          <TRANSFERENCE>15</TRANSFERENCE>
          <SHOW>false</SHOW>
          <INTERPOLATE>true</INTERPOLATE>
          <ACTIVE>false</ACTIVE>
          <VALUE>0</VALUE>
          <MIN>0</MIN>
          <MAX>1000</MAX>
          <MIN_RATE>-1000</MIN_RATE>
          <MAX_RATE>1000</MAX_RATE>
          <METRIC_UNIT>kph</METRIC_UNIT>
          <IMPERIAL_UNIT>mph</IMPERIAL_UNIT>
          <IMPERIAL_CONVERSION_FORMULA>x/1.609344</IMPERIAL_CONVERSION_FORMULA>
          <METRIC_CONVERSION_FORMULA>x*1.609344</METRIC_CONVERSION_FORMULA>
         </ENVIRONMENT_OPTION>
         <ENVIRONMENT_OPTION>
          <CATEGORY_ID>Water</CATEGORY_ID>
          <ID>Water Temperature</ID>
          <NAME>Temperature</NAME>
          <CATEGORY>Water</CATEGORY>
          <TRANSFERENCE>15</TRANSFERENCE>
          <SHOW>false</SHOW>
          <INTERPOLATE>true</INTERPOLATE>
          <ACTIVE>false</ACTIVE>
          <VALUE>0</VALUE>
          <MIN>-100</MIN>
          <MAX>100</MAX>
          <MIN_RATE>-1000</MIN_RATE>
          <MAX_RATE>1000</MAX_RATE>
          <METRIC_UNIT>C</METRIC_UNIT>
          <IMPERIAL_UNIT>F</IMPERIAL_UNIT>
          <IMPERIAL_CONVERSION_FORMULA>x*(9/5)+32</IMPERIAL_CONVERSION_FORMULA>
          <METRIC_CONVERSION_FORMULA>(x-32)*(5/9)</METRIC_CONVERSION_FORMULA>
         </ENVIRONMENT_OPTION>
         <ENVIRONMENT_OPTION>
          <CATEGORY_ID>Water</CATEGORY_ID>
          <ID>Water Volume</ID>
          <NAME>Volume</NAME>
          <CATEGORY>Water</CATEGORY>
          <TRANSFERENCE>15</TRANSFERENCE>
          <SHOW>false</SHOW>
          <INTERPOLATE>true</INTERPOLATE>
          <ACTIVE>false</ACTIVE>
          <VALUE>0</VALUE>
          <MIN>0</MIN>
          <MAX>10000</MAX>
          <MIN_RATE>-1000</MIN_RATE>
          <MAX_RATE>1000</MAX_RATE>
          <METRIC_UNIT>L</METRIC_UNIT>
          <IMPERIAL_UNIT>gal</IMPERIAL_UNIT>
          <IMPERIAL_CONVERSION_FORMULA>x*0.26417</IMPERIAL_CONVERSION_FORMULA>
          <METRIC_CONVERSION_FORMULA>x/0.26417</METRIC_CONVERSION_FORMULA>
         </ENVIRONMENT_OPTION>
         <ENVIRONMENT_OPTION>
          <CATEGORY_ID>Water</CATEGORY_ID>
          <ID>Water pH</ID>
          <NAME>Water pH</NAME>
          <CATEGORY>Water</CATEGORY>
          <TRANSFERENCE>15</TRANSFERENCE>
          <SHOW>false</SHOW>
          <INTERPOLATE>true</INTERPOLATE>
          <ACTIVE>false</ACTIVE>
          <VALUE>0</VALUE>
          <MIN>0</MIN>
          <MAX>100</MAX>
          <MIN_RATE>-1000</MIN_RATE>
          <MAX_RATE>1000</MAX_RATE>
          <METRIC_UNIT>pH</METRIC_UNIT>
          <IMPERIAL_UNIT></IMPERIAL_UNIT>
          <IMPERIAL_CONVERSION_FORMULA></IMPERIAL_CONVERSION_FORMULA>
          <METRIC_CONVERSION_FORMULA></METRIC_CONVERSION_FORMULA>
         </ENVIRONMENT_OPTION>
         <ENVIRONMENT_OPTION>
          <CATEGORY_ID>Electricity</CATEGORY_ID>
          <ID>Watts</ID>
          <NAME>Watts</NAME>
          <CATEGORY>Electricity</CATEGORY>
          <TRANSFERENCE>15</TRANSFERENCE>
          <SHOW>false</SHOW>
          <INTERPOLATE>true</INTERPOLATE>
          <ACTIVE>false</ACTIVE>
          <VALUE>0</VALUE>
          <MIN>-100</MIN>
          <MAX>100</MAX>
          <MIN_RATE>-1000</MIN_RATE>
          <MAX_RATE>1000</MAX_RATE>
          <METRIC_UNIT>W</METRIC_UNIT>
          <IMPERIAL_UNIT></IMPERIAL_UNIT>
          <IMPERIAL_CONVERSION_FORMULA></IMPERIAL_CONVERSION_FORMULA>
          <METRIC_CONVERSION_FORMULA></METRIC_CONVERSION_FORMULA>
         </ENVIRONMENT_OPTION>
         <ENVIRONMENT_OPTION>
          <CATEGORY_ID>Sound</CATEGORY_ID>
          <ID>White Noise</ID>
          <NAME>White Noise</NAME>
          <CATEGORY>Sound</CATEGORY>
          <TRANSFERENCE>15</TRANSFERENCE>
          <SHOW>false</SHOW>
          <INTERPOLATE>true</INTERPOLATE>
          <ACTIVE>false</ACTIVE>
          <VALUE>0</VALUE>
          <MIN>0</MIN>
          <MAX>100</MAX>
          <MIN_RATE>-1000</MIN_RATE>
          <MAX_RATE>1000</MAX_RATE>
          <METRIC_UNIT>%</METRIC_UNIT>
          <IMPERIAL_UNIT></IMPERIAL_UNIT>
          <IMPERIAL_CONVERSION_FORMULA></IMPERIAL_CONVERSION_FORMULA>
          <METRIC_CONVERSION_FORMULA></METRIC_CONVERSION_FORMULA>
         </ENVIRONMENT_OPTION>
         <ENVIRONMENT_OPTION>
          <CATEGORY_ID>Wind</CATEGORY_ID>
          <ID>Wind Direction</ID>
          <NAME>Direction</NAME>
          <CATEGORY>Wind</CATEGORY>
          <TRANSFERENCE>15</TRANSFERENCE>
          <SHOW>true</SHOW>
          <INTERPOLATE>true</INTERPOLATE>
          <ACTIVE>false</ACTIVE>
          <VALUE>7.80131</VALUE>
          <MIN>-100</MIN>
          <MAX>100</MAX>
          <MIN_RATE>-1000</MIN_RATE>
          <MAX_RATE>1000</MAX_RATE>
          <METRIC_UNIT>degrees</METRIC_UNIT>
          <IMPERIAL_UNIT></IMPERIAL_UNIT>
          <IMPERIAL_CONVERSION_FORMULA></IMPERIAL_CONVERSION_FORMULA>
          <METRIC_CONVERSION_FORMULA></METRIC_CONVERSION_FORMULA>
         </ENVIRONMENT_OPTION>
         <ENVIRONMENT_OPTION>
          <CATEGORY_ID>Wind</CATEGORY_ID>
          <ID>Wind Gusts</ID>
          <NAME>Variance (gusts)</NAME>
          <CATEGORY>Wind</CATEGORY>
          <TRANSFERENCE>15</TRANSFERENCE>
          <SHOW>true</SHOW>
          <INTERPOLATE>true</INTERPOLATE>
          <ACTIVE>false</ACTIVE>
          <VALUE>0.659238</VALUE>
          <MIN>0</MIN>
          <MAX>100</MAX>
          <MIN_RATE>-1000</MIN_RATE>
          <MAX_RATE>1000</MAX_RATE>
          <METRIC_UNIT>%</METRIC_UNIT>
          <IMPERIAL_UNIT></IMPERIAL_UNIT>
          <IMPERIAL_CONVERSION_FORMULA></IMPERIAL_CONVERSION_FORMULA>
          <METRIC_CONVERSION_FORMULA></METRIC_CONVERSION_FORMULA>
         </ENVIRONMENT_OPTION>
         <ENVIRONMENT_OPTION>
          <CATEGORY_ID>Wind</CATEGORY_ID>
          <ID>Wind Speed</ID>
          <NAME>Speed</NAME>
          <CATEGORY>Wind</CATEGORY>
          <TRANSFERENCE>15</TRANSFERENCE>
          <SHOW>true</SHOW>
          <INTERPOLATE>true</INTERPOLATE>
          <ACTIVE>false</ACTIVE>
          <VALUE>0.000454102</VALUE>
          <MIN>0</MIN>
          <MAX>100</MAX>
          <MIN_RATE>-1000</MIN_RATE>
          <MAX_RATE>1000</MAX_RATE>
          <METRIC_UNIT>kph</METRIC_UNIT>
          <IMPERIAL_UNIT>mph</IMPERIAL_UNIT>
          <IMPERIAL_CONVERSION_FORMULA>x/1.609344</IMPERIAL_CONVERSION_FORMULA>
          <METRIC_CONVERSION_FORMULA>x*1.609344</METRIC_CONVERSION_FORMULA>
         </ENVIRONMENT_OPTION>
        </ENVIRONMENT_OPTIONS>
       </ENVIRONMENT>
       <UUID_STR>{5f9da8fe-f51e-4ff5-b152-025c2a6c1c3c}</UUID_STR>
       <SLOT>0</SLOT>
       <SUB_SLOT>0</SUB_SLOT>
      </NODE>
     </CHILDREN>
     <MANUAL_SCALING>false</MANUAL_SCALING>
     <SCALED_PIXMAP_WIDTH>0</SCALED_PIXMAP_WIDTH>
     <SCALED_PIXMAP_HEIGHT>0</SCALED_PIXMAP_HEIGHT>
     <INIT_WIDTH>2000</INIT_WIDTH>
     <INIT_HEIGHT>1238.1</INIT_HEIGHT>
     <INIT_DEPTH>30.48</INIT_DEPTH>
     <INIT_SX>0.58072</INIT_SX>
     <INIT_SY>0.58072</INIT_SY>
     <INIT_SZ>0.58072</INIT_SZ>
     <BG_TILED>false</BG_TILED>
     <CUSTOM_IMAGE_WIDTH>-1</CUSTOM_IMAGE_WIDTH>
     <CUSTOM_IMAGE_HEIGHT>-1</CUSTOM_IMAGE_HEIGHT>
     <SCALE_FACTOR>1</SCALE_FACTOR>
     <ENVIRONMENT>
      <TIME_IN_SECONDS>1590</TIME_IN_SECONDS>
      <TIME_MULTIPLIER>30</TIME_MULTIPLIER>
      <SIM_TIME_SETTING>30</SIM_TIME_SETTING>
      <REAL_TIME_SETTING>1</REAL_TIME_SETTING>
      <SIM_TIME_COMBO>60</SIM_TIME_COMBO>
      <REAL_TIME_COMBO>60</REAL_TIME_COMBO>
      <NOTES></NOTES>
      <SHOW_NOTES>false</SHOW_NOTES>
      <KEYFRAMES>
       <KEYFRAME>
        <TIME>0</TIME>
        <ENVIRONMENT_OPTIONS>
         <ENVIRONMENT_OPTION>
          <CATEGORY_ID>Radiation</CATEGORY_ID>
          <ID>Alpha</ID>
          <NAME>Alpha</NAME>
          <CATEGORY>Radiation</CATEGORY>
          <TRANSFERENCE>100</TRANSFERENCE>
          <SHOW>false</SHOW>
          <INTERPOLATE>true</INTERPOLATE>
          <ACTIVE>false</ACTIVE>
          <VALUE>0</VALUE>
          <MIN>0</MIN>
          <MAX>100</MAX>
          <MIN_RATE>-1000</MIN_RATE>
          <MAX_RATE>1000</MAX_RATE>
          <METRIC_UNIT>%</METRIC_UNIT>
          <IMPERIAL_UNIT></IMPERIAL_UNIT>
          <IMPERIAL_CONVERSION_FORMULA></IMPERIAL_CONVERSION_FORMULA>
          <METRIC_CONVERSION_FORMULA></METRIC_CONVERSION_FORMULA>
         </ENVIRONMENT_OPTION>
         <ENVIRONMENT_OPTION>
          <CATEGORY_ID>Temperature</CATEGORY_ID>
          <ID>Ambient Temperature</ID>
          <NAME>Ambient Temperature</NAME>
          <CATEGORY>Temperature</CATEGORY>
          <TRANSFERENCE>100</TRANSFERENCE>
          <SHOW>true</SHOW>
          <INTERPOLATE>true</INTERPOLATE>
          <ACTIVE>false</ACTIVE>
          <VALUE>0</VALUE>
          <MIN>-100</MIN>
          <MAX>100</MAX>
          <MIN_RATE>-0.00138889</MIN_RATE>
          <MAX_RATE>0.00138889</MAX_RATE>
          <METRIC_UNIT>C</METRIC_UNIT>
          <IMPERIAL_UNIT>F</IMPERIAL_UNIT>
          <IMPERIAL_CONVERSION_FORMULA>x*(9/5)+32</IMPERIAL_CONVERSION_FORMULA>
          <METRIC_CONVERSION_FORMULA>(x-32)*(5/9)</METRIC_CONVERSION_FORMULA>
         </ENVIRONMENT_OPTION>
         <ENVIRONMENT_OPTION>
          <CATEGORY_ID>Gases</CATEGORY_ID>
          <ID>Argon</ID>
          <NAME>Argon</NAME>
          <CATEGORY>Gases</CATEGORY>
          <TRANSFERENCE>100</TRANSFERENCE>
          <SHOW>true</SHOW>
          <INTERPOLATE>true</INTERPOLATE>
          <ACTIVE>false</ACTIVE>
          <VALUE>0</VALUE>
          <MIN>0</MIN>
          <MAX>100</MAX>
          <MIN_RATE>-1000</MIN_RATE>
          <MAX_RATE>1000</MAX_RATE>
          <METRIC_UNIT>%</METRIC_UNIT>
          <IMPERIAL_UNIT></IMPERIAL_UNIT>
          <IMPERIAL_CONVERSION_FORMULA></IMPERIAL_CONVERSION_FORMULA>
          <METRIC_CONVERSION_FORMULA></METRIC_CONVERSION_FORMULA>
         </ENVIRONMENT_OPTION>
         <ENVIRONMENT_OPTION>
          <CATEGORY_ID>Other</CATEGORY_ID>
          <ID>Atmospheric Pressure</ID>
          <NAME>Atmospheric Pressure</NAME>
          <CATEGORY>Other</CATEGORY>
          <TRANSFERENCE>100</TRANSFERENCE>
          <SHOW>true</SHOW>
          <INTERPOLATE>true</INTERPOLATE>
          <ACTIVE>false</ACTIVE>
          <VALUE>0</VALUE>
          <MIN>-100</MIN>
          <MAX>200</MAX>
          <MIN_RATE>-1000</MIN_RATE>
          <MAX_RATE>1000</MAX_RATE>
          <METRIC_UNIT>kPa</METRIC_UNIT>
          <IMPERIAL_UNIT>psi</IMPERIAL_UNIT>
          <IMPERIAL_CONVERSION_FORMULA>x*.14503773773020923</IMPERIAL_CONVERSION_FORMULA>
          <METRIC_CONVERSION_FORMULA></METRIC_CONVERSION_FORMULA>
         </ENVIRONMENT_OPTION>
         <ENVIRONMENT_OPTION>
          <CATEGORY_ID>Radiation</CATEGORY_ID>
          <ID>Beta</ID>
          <NAME>Beta</NAME>
          <CATEGORY>Radiation</CATEGORY>
          <TRANSFERENCE>100</TRANSFERENCE>
          <SHOW>false</SHOW>
          <INTERPOLATE>true</INTERPOLATE>
          <ACTIVE>false</ACTIVE>
          <VALUE>0</VALUE>
          <MIN>0</MIN>
          <MAX>100</MAX>
          <MIN_RATE>-1000</MIN_RATE>
          <MAX_RATE>1000</MAX_RATE>
          <METRIC_UNIT>%</METRIC_UNIT>
          <IMPERIAL_UNIT></IMPERIAL_UNIT>
          <IMPERIAL_CONVERSION_FORMULA></IMPERIAL_CONVERSION_FORMULA>
          <METRIC_CONVERSION_FORMULA></METRIC_CONVERSION_FORMULA>
         </ENVIRONMENT_OPTION>
         <ENVIRONMENT_OPTION>
          <CATEGORY_ID>Gases</CATEGORY_ID>
          <ID>CO</ID>
          <NAME>CO</NAME>
          <CATEGORY>Gases</CATEGORY>
          <TRANSFERENCE>100</TRANSFERENCE>
          <SHOW>true</SHOW>
          <INTERPOLATE>true</INTERPOLATE>
          <ACTIVE>false</ACTIVE>
          <VALUE>0</VALUE>
          <MIN>0</MIN>
          <MAX>100</MAX>
          <MIN_RATE>-1000</MIN_RATE>
          <MAX_RATE>1000</MAX_RATE>
          <METRIC_UNIT>%</METRIC_UNIT>
          <IMPERIAL_UNIT></IMPERIAL_UNIT>
          <IMPERIAL_CONVERSION_FORMULA></IMPERIAL_CONVERSION_FORMULA>
          <METRIC_CONVERSION_FORMULA></METRIC_CONVERSION_FORMULA>
         </ENVIRONMENT_OPTION>
         <ENVIRONMENT_OPTION>
          <CATEGORY_ID>Gases</CATEGORY_ID>
          <ID>CO2</ID>
          <NAME>CO&lt;sub>2&lt;/sub></NAME>
          <CATEGORY>Gases</CATEGORY>
          <TRANSFERENCE>100</TRANSFERENCE>
          <SHOW>true</SHOW>
          <INTERPOLATE>true</INTERPOLATE>
          <ACTIVE>false</ACTIVE>
          <VALUE>0</VALUE>
          <MIN>0</MIN>
          <MAX>100</MAX>
          <MIN_RATE>-1000</MIN_RATE>
          <MAX_RATE>1000</MAX_RATE>
          <METRIC_UNIT>%</METRIC_UNIT>
          <IMPERIAL_UNIT></IMPERIAL_UNIT>
          <IMPERIAL_CONVERSION_FORMULA></IMPERIAL_CONVERSION_FORMULA>
          <METRIC_CONVERSION_FORMULA></METRIC_CONVERSION_FORMULA>
         </ENVIRONMENT_OPTION>
         <ENVIRONMENT_OPTION>
          <CATEGORY_ID>Water</CATEGORY_ID>
          <ID>Clouds</ID>
          <NAME>Clouds</NAME>
          <CATEGORY>Water</CATEGORY>
          <TRANSFERENCE>100</TRANSFERENCE>
          <SHOW>true</SHOW>
          <INTERPOLATE>true</INTERPOLATE>
          <ACTIVE>false</ACTIVE>
          <VALUE>0</VALUE>
          <MIN>0</MIN>
          <MAX>100</MAX>
          <MIN_RATE>-1000</MIN_RATE>
          <MAX_RATE>1000</MAX_RATE>
          <METRIC_UNIT>%</METRIC_UNIT>
          <IMPERIAL_UNIT></IMPERIAL_UNIT>
          <IMPERIAL_CONVERSION_FORMULA></IMPERIAL_CONVERSION_FORMULA>
          <METRIC_CONVERSION_FORMULA></METRIC_CONVERSION_FORMULA>
         </ENVIRONMENT_OPTION>
         <ENVIRONMENT_OPTION>
          <CATEGORY_ID>Earth Physical Features</CATEGORY_ID>
          <ID>Compaction</ID>
          <NAME>Compaction</NAME>
          <CATEGORY>Earth Physical Features</CATEGORY>
          <TRANSFERENCE>100</TRANSFERENCE>
          <SHOW>false</SHOW>
          <INTERPOLATE>true</INTERPOLATE>
          <ACTIVE>false</ACTIVE>
          <VALUE>0</VALUE>
          <MIN>0</MIN>
          <MAX>100</MAX>
          <MIN_RATE>-1000</MIN_RATE>
          <MAX_RATE>1000</MAX_RATE>
          <METRIC_UNIT>Moh</METRIC_UNIT>
          <IMPERIAL_UNIT></IMPERIAL_UNIT>
          <IMPERIAL_CONVERSION_FORMULA></IMPERIAL_CONVERSION_FORMULA>
          <METRIC_CONVERSION_FORMULA></METRIC_CONVERSION_FORMULA>
         </ENVIRONMENT_OPTION>
         <ENVIRONMENT_OPTION>
          <CATEGORY_ID>Earth Physical Features</CATEGORY_ID>
          <ID>Composition Hardness</ID>
          <NAME>Composition Hardness</NAME>
          <CATEGORY>Earth Physical Features</CATEGORY>
          <TRANSFERENCE>100</TRANSFERENCE>
          <SHOW>false</SHOW>
          <INTERPOLATE>true</INTERPOLATE>
          <ACTIVE>false</ACTIVE>
          <VALUE>0</VALUE>
          <MIN>0</MIN>
          <MAX>100</MAX>
          <MIN_RATE>-1000</MIN_RATE>
          <MAX_RATE>1000</MAX_RATE>
          <METRIC_UNIT>Moh</METRIC_UNIT>
          <IMPERIAL_UNIT></IMPERIAL_UNIT>
          <IMPERIAL_CONVERSION_FORMULA></IMPERIAL_CONVERSION_FORMULA>
          <METRIC_CONVERSION_FORMULA></METRIC_CONVERSION_FORMULA>
         </ENVIRONMENT_OPTION>
         <ENVIRONMENT_OPTION>
          <CATEGORY_ID>Light (Sun)</CATEGORY_ID>
          <ID>Electromagnetic Radiation</ID>
          <NAME>Electromagnetic Radiation</NAME>
          <CATEGORY>Light (Sun)</CATEGORY>
          <TRANSFERENCE>100</TRANSFERENCE>
          <SHOW>true</SHOW>
          <INTERPOLATE>true</INTERPOLATE>
          <ACTIVE>false</ACTIVE>
          <VALUE>0</VALUE>
          <MIN>0</MIN>
          <MAX>100</MAX>
          <MIN_RATE>-1000</MIN_RATE>
          <MAX_RATE>1000</MAX_RATE>
          <METRIC_UNIT>%</METRIC_UNIT>
          <IMPERIAL_UNIT></IMPERIAL_UNIT>
          <IMPERIAL_CONVERSION_FORMULA></IMPERIAL_CONVERSION_FORMULA>
          <METRIC_CONVERSION_FORMULA></METRIC_CONVERSION_FORMULA>
         </ENVIRONMENT_OPTION>
         <ENVIRONMENT_OPTION>
          <CATEGORY_ID>Earth Physical Features</CATEGORY_ID>
          <ID>Elevation</ID>
          <NAME>Elevation</NAME>
          <CATEGORY>Earth Physical Features</CATEGORY>
          <TRANSFERENCE>100</TRANSFERENCE>
          <SHOW>true</SHOW>
          <INTERPOLATE>true</INTERPOLATE>
          <ACTIVE>false</ACTIVE>
          <VALUE>0</VALUE>
          <MIN>0</MIN>
          <MAX>100000</MAX>
          <MIN_RATE>-1000</MIN_RATE>
          <MAX_RATE>1000</MAX_RATE>
          <METRIC_UNIT>m</METRIC_UNIT>
          <IMPERIAL_UNIT>ft</IMPERIAL_UNIT>
          <IMPERIAL_CONVERSION_FORMULA>x*3.2808</IMPERIAL_CONVERSION_FORMULA>
          <METRIC_CONVERSION_FORMULA>x/3.280</METRIC_CONVERSION_FORMULA>
         </ENVIRONMENT_OPTION>
         <ENVIRONMENT_OPTION>
          <CATEGORY_ID>Temperature</CATEGORY_ID>
          <ID>Fire</ID>
          <NAME>Fire</NAME>
          <CATEGORY>Temperature</CATEGORY>
          <TRANSFERENCE>100</TRANSFERENCE>
          <SHOW>false</SHOW>
          <INTERPOLATE>true</INTERPOLATE>
          <ACTIVE>false</ACTIVE>
          <VALUE>0</VALUE>
          <MIN>0</MIN>
          <MAX>100</MAX>
          <MIN_RATE>-1000</MIN_RATE>
          <MAX_RATE>1000</MAX_RATE>
          <METRIC_UNIT></METRIC_UNIT>
          <IMPERIAL_UNIT></IMPERIAL_UNIT>
          <IMPERIAL_CONVERSION_FORMULA></IMPERIAL_CONVERSION_FORMULA>
          <METRIC_CONVERSION_FORMULA></METRIC_CONVERSION_FORMULA>
         </ENVIRONMENT_OPTION>
         <ENVIRONMENT_OPTION>
          <CATEGORY_ID>Radiation</CATEGORY_ID>
          <ID>Gamma</ID>
          <NAME>Gamma</NAME>
          <CATEGORY>Radiation</CATEGORY>
          <TRANSFERENCE>100</TRANSFERENCE>
          <SHOW>false</SHOW>
          <INTERPOLATE>true</INTERPOLATE>
          <ACTIVE>false</ACTIVE>
          <VALUE>0</VALUE>
          <MIN>0</MIN>
          <MAX>100</MAX>
          <MIN_RATE>-1000</MIN_RATE>
          <MAX_RATE>1000</MAX_RATE>
          <METRIC_UNIT>%</METRIC_UNIT>
          <IMPERIAL_UNIT></IMPERIAL_UNIT>
          <IMPERIAL_CONVERSION_FORMULA></IMPERIAL_CONVERSION_FORMULA>
          <METRIC_CONVERSION_FORMULA></METRIC_CONVERSION_FORMULA>
         </ENVIRONMENT_OPTION>
         <ENVIRONMENT_OPTION>
          <CATEGORY_ID>Gravity</CATEGORY_ID>
          <ID>Gravity</ID>
          <NAME>Gravity</NAME>
          <CATEGORY>Gravity</CATEGORY>
          <TRANSFERENCE>100</TRANSFERENCE>
          <SHOW>true</SHOW>
          <INTERPOLATE>true</INTERPOLATE>
          <ACTIVE>false</ACTIVE>
          <VALUE>0</VALUE>
          <MIN>-100</MIN>
          <MAX>100</MAX>
          <MIN_RATE>-1000</MIN_RATE>
          <MAX_RATE>1000</MAX_RATE>
          <METRIC_UNIT>m/s&lt;sup>2&lt;/sup></METRIC_UNIT>
          <IMPERIAL_UNIT>ft/s&lt;sup>2&lt;/sup></IMPERIAL_UNIT>
          <IMPERIAL_CONVERSION_FORMULA>x*3.2808399</IMPERIAL_CONVERSION_FORMULA>
          <METRIC_CONVERSION_FORMULA>x*0.3048</METRIC_CONVERSION_FORMULA>
         </ENVIRONMENT_OPTION>
         <ENVIRONMENT_OPTION>
          <CATEGORY_ID>Energy</CATEGORY_ID>
          <ID>Heat</ID>
          <NAME>Heat (BTUs)</NAME>
          <CATEGORY>Energy</CATEGORY>
          <TRANSFERENCE>100</TRANSFERENCE>
          <SHOW>false</SHOW>
          <INTERPOLATE>true</INTERPOLATE>
          <ACTIVE>false</ACTIVE>
          <VALUE>0</VALUE>
          <MIN>-100</MIN>
          <MAX>100</MAX>
          <MIN_RATE>-1000</MIN_RATE>
          <MAX_RATE>1000</MAX_RATE>
          <METRIC_UNIT>KW</METRIC_UNIT>
          <IMPERIAL_UNIT>BTU/hr</IMPERIAL_UNIT>
          <IMPERIAL_CONVERSION_FORMULA>x*0.00029307103866</IMPERIAL_CONVERSION_FORMULA>
          <METRIC_CONVERSION_FORMULA>x*3412.142</METRIC_CONVERSION_FORMULA>
         </ENVIRONMENT_OPTION>
         <ENVIRONMENT_OPTION>
          <CATEGORY_ID>Gases</CATEGORY_ID>
          <ID>Helium</ID>
          <NAME>He</NAME>
          <CATEGORY>Gases</CATEGORY>
          <TRANSFERENCE>100</TRANSFERENCE>
          <SHOW>true</SHOW>
          <INTERPOLATE>true</INTERPOLATE>
          <ACTIVE>false</ACTIVE>
          <VALUE>0</VALUE>
          <MIN>0</MIN>
          <MAX>100</MAX>
          <MIN_RATE>-1000</MIN_RATE>
          <MAX_RATE>1000</MAX_RATE>
          <METRIC_UNIT>%</METRIC_UNIT>
          <IMPERIAL_UNIT></IMPERIAL_UNIT>
          <IMPERIAL_CONVERSION_FORMULA></IMPERIAL_CONVERSION_FORMULA>
          <METRIC_CONVERSION_FORMULA></METRIC_CONVERSION_FORMULA>
         </ENVIRONMENT_OPTION>
         <ENVIRONMENT_OPTION>
          <CATEGORY_ID>Water</CATEGORY_ID>
          <ID>Humidity</ID>
          <NAME>Humidity</NAME>
          <CATEGORY>Water</CATEGORY>
          <TRANSFERENCE>100</TRANSFERENCE>
          <SHOW>true</SHOW>
          <INTERPOLATE>true</INTERPOLATE>
          <ACTIVE>false</ACTIVE>
          <VALUE>0</VALUE>
          <MIN>0</MIN>
          <MAX>100</MAX>
          <MIN_RATE>-1000</MIN_RATE>
          <MAX_RATE>1000</MAX_RATE>
          <METRIC_UNIT>%</METRIC_UNIT>
          <IMPERIAL_UNIT></IMPERIAL_UNIT>
          <IMPERIAL_CONVERSION_FORMULA></IMPERIAL_CONVERSION_FORMULA>
          <METRIC_CONVERSION_FORMULA></METRIC_CONVERSION_FORMULA>
         </ENVIRONMENT_OPTION>
         <ENVIRONMENT_OPTION>
          <CATEGORY_ID>Gases</CATEGORY_ID>
          <ID>Hydrogen</ID>
          <NAME>H</NAME>
          <CATEGORY>Gases</CATEGORY>
          <TRANSFERENCE>100</TRANSFERENCE>
          <SHOW>true</SHOW>
          <INTERPOLATE>true</INTERPOLATE>
          <ACTIVE>false</ACTIVE>
          <VALUE>0</VALUE>
          <MIN>0</MIN>
          <MAX>100</MAX>
          <MIN_RATE>-1000</MIN_RATE>
          <MAX_RATE>1000</MAX_RATE>
          <METRIC_UNIT>%</METRIC_UNIT>
          <IMPERIAL_UNIT></IMPERIAL_UNIT>
          <IMPERIAL_CONVERSION_FORMULA></IMPERIAL_CONVERSION_FORMULA>
          <METRIC_CONVERSION_FORMULA></METRIC_CONVERSION_FORMULA>
         </ENVIRONMENT_OPTION>
         <ENVIRONMENT_OPTION>
          <CATEGORY_ID>Light (Sun)</CATEGORY_ID>
          <ID>Infrared</ID>
          <NAME>Infrared</NAME>
          <CATEGORY>Light (Sun)</CATEGORY>
          <TRANSFERENCE>100</TRANSFERENCE>
          <SHOW>true</SHOW>
          <INTERPOLATE>true</INTERPOLATE>
          <ACTIVE>false</ACTIVE>
          <VALUE>0</VALUE>
          <MIN>0</MIN>
          <MAX>100</MAX>
          <MIN_RATE>-1000</MIN_RATE>
          <MAX_RATE>1000</MAX_RATE>
          <METRIC_UNIT>%</METRIC_UNIT>
          <IMPERIAL_UNIT></IMPERIAL_UNIT>
          <IMPERIAL_CONVERSION_FORMULA></IMPERIAL_CONVERSION_FORMULA>
          <METRIC_CONVERSION_FORMULA></METRIC_CONVERSION_FORMULA>
         </ENVIRONMENT_OPTION>
         <ENVIRONMENT_OPTION>
          <CATEGORY_ID>Temperature</CATEGORY_ID>
          <ID>Ionization</ID>
          <NAME>Ionization</NAME>
          <CATEGORY>Temperature</CATEGORY>
          <TRANSFERENCE>100</TRANSFERENCE>
          <SHOW>false</SHOW>
          <INTERPOLATE>true</INTERPOLATE>
          <ACTIVE>false</ACTIVE>
          <VALUE>0</VALUE>
          <MIN>0</MIN>
          <MAX>100</MAX>
          <MIN_RATE>-1000</MIN_RATE>
          <MAX_RATE>1000</MAX_RATE>
          <METRIC_UNIT>%</METRIC_UNIT>
          <IMPERIAL_UNIT></IMPERIAL_UNIT>
          <IMPERIAL_CONVERSION_FORMULA></IMPERIAL_CONVERSION_FORMULA>
          <METRIC_CONVERSION_FORMULA></METRIC_CONVERSION_FORMULA>
         </ENVIRONMENT_OPTION>
         <ENVIRONMENT_OPTION>
          <CATEGORY_ID>Light (Sun)</CATEGORY_ID>
          <ID>Luminosity</ID>
          <NAME>Luminosity</NAME>
          <CATEGORY>Light (Sun)</CATEGORY>
          <TRANSFERENCE>100</TRANSFERENCE>
          <SHOW>false</SHOW>
          <INTERPOLATE>true</INTERPOLATE>
          <ACTIVE>false</ACTIVE>
          <VALUE>0</VALUE>
          <MIN>0</MIN>
          <MAX>100</MAX>
          <MIN_RATE>-1000</MIN_RATE>
          <MAX_RATE>1000</MAX_RATE>
          <METRIC_UNIT>%</METRIC_UNIT>
          <IMPERIAL_UNIT></IMPERIAL_UNIT>
          <IMPERIAL_CONVERSION_FORMULA></IMPERIAL_CONVERSION_FORMULA>
          <METRIC_CONVERSION_FORMULA></METRIC_CONVERSION_FORMULA>
         </ENVIRONMENT_OPTION>
         <ENVIRONMENT_OPTION>
          <CATEGORY_ID>Gases</CATEGORY_ID>
          <ID>Methane</ID>
          <NAME>Methane</NAME>
          <CATEGORY>Gases</CATEGORY>
          <TRANSFERENCE>100</TRANSFERENCE>
          <SHOW>true</SHOW>
          <INTERPOLATE>true</INTERPOLATE>
          <ACTIVE>false</ACTIVE>
          <VALUE>0</VALUE>
          <MIN>0</MIN>
          <MAX>100</MAX>
          <MIN_RATE>-1000</MIN_RATE>
          <MAX_RATE>1000</MAX_RATE>
          <METRIC_UNIT>%</METRIC_UNIT>
          <IMPERIAL_UNIT></IMPERIAL_UNIT>
          <IMPERIAL_CONVERSION_FORMULA></IMPERIAL_CONVERSION_FORMULA>
          <METRIC_CONVERSION_FORMULA></METRIC_CONVERSION_FORMULA>
         </ENVIRONMENT_OPTION>
         <ENVIRONMENT_OPTION>
          <CATEGORY_ID>Gravity</CATEGORY_ID>
          <ID>Moon Phases</ID>
          <NAME>Moon Phases</NAME>
          <CATEGORY>Gravity</CATEGORY>
          <TRANSFERENCE>100</TRANSFERENCE>
          <SHOW>false</SHOW>
          <INTERPOLATE>true</INTERPOLATE>
          <ACTIVE>false</ACTIVE>
          <VALUE>0</VALUE>
          <MIN>-100</MIN>
          <MAX>100</MAX>
          <MIN_RATE>-1000</MIN_RATE>
          <MAX_RATE>1000</MAX_RATE>
          <METRIC_UNIT></METRIC_UNIT>
          <IMPERIAL_UNIT></IMPERIAL_UNIT>
          <IMPERIAL_CONVERSION_FORMULA></IMPERIAL_CONVERSION_FORMULA>
          <METRIC_CONVERSION_FORMULA></METRIC_CONVERSION_FORMULA>
         </ENVIRONMENT_OPTION>
         <ENVIRONMENT_OPTION>
          <CATEGORY_ID>Motion</CATEGORY_ID>
          <ID>Motion Direction</ID>
          <NAME>Direction</NAME>
          <CATEGORY>Motion</CATEGORY>
          <TRANSFERENCE>100</TRANSFERENCE>
          <SHOW>false</SHOW>
          <INTERPOLATE>true</INTERPOLATE>
          <ACTIVE>false</ACTIVE>
          <VALUE>0</VALUE>
          <MIN>-100</MIN>
          <MAX>100</MAX>
          <MIN_RATE>-1000</MIN_RATE>
          <MAX_RATE>1000</MAX_RATE>
          <METRIC_UNIT>degrees</METRIC_UNIT>
          <IMPERIAL_UNIT></IMPERIAL_UNIT>
          <IMPERIAL_CONVERSION_FORMULA></IMPERIAL_CONVERSION_FORMULA>
          <METRIC_CONVERSION_FORMULA></METRIC_CONVERSION_FORMULA>
         </ENVIRONMENT_OPTION>
         <ENVIRONMENT_OPTION>
          <CATEGORY_ID>Motion</CATEGORY_ID>
          <ID>Motion Speed</ID>
          <NAME>Speed</NAME>
          <CATEGORY>Motion</CATEGORY>
          <TRANSFERENCE>100</TRANSFERENCE>
          <SHOW>false</SHOW>
          <INTERPOLATE>true</INTERPOLATE>
          <ACTIVE>false</ACTIVE>
          <VALUE>0</VALUE>
          <MIN>0</MIN>
          <MAX>100</MAX>
          <MIN_RATE>-1000</MIN_RATE>
          <MAX_RATE>1000</MAX_RATE>
          <METRIC_UNIT>kph</METRIC_UNIT>
          <IMPERIAL_UNIT>mph</IMPERIAL_UNIT>
          <IMPERIAL_CONVERSION_FORMULA>x/1.609344</IMPERIAL_CONVERSION_FORMULA>
          <METRIC_CONVERSION_FORMULA>x*1.609344</METRIC_CONVERSION_FORMULA>
         </ENVIRONMENT_OPTION>
         <ENVIRONMENT_OPTION>
          <CATEGORY_ID>Radiation</CATEGORY_ID>
          <ID>Neutron</ID>
          <NAME>Neutron</NAME>
          <CATEGORY>Radiation</CATEGORY>
          <TRANSFERENCE>100</TRANSFERENCE>
          <SHOW>false</SHOW>
          <INTERPOLATE>true</INTERPOLATE>
          <ACTIVE>false</ACTIVE>
          <VALUE>0</VALUE>
          <MIN>0</MIN>
          <MAX>100</MAX>
          <MIN_RATE>-1000</MIN_RATE>
          <MAX_RATE>1000</MAX_RATE>
          <METRIC_UNIT>%</METRIC_UNIT>
          <IMPERIAL_UNIT></IMPERIAL_UNIT>
          <IMPERIAL_CONVERSION_FORMULA></IMPERIAL_CONVERSION_FORMULA>
          <METRIC_CONVERSION_FORMULA></METRIC_CONVERSION_FORMULA>
         </ENVIRONMENT_OPTION>
         <ENVIRONMENT_OPTION>
          <CATEGORY_ID>Gases</CATEGORY_ID>
          <ID>Nitrogen</ID>
          <NAME>Nitrogen</NAME>
          <CATEGORY>Gases</CATEGORY>
          <TRANSFERENCE>100</TRANSFERENCE>
          <SHOW>true</SHOW>
          <INTERPOLATE>true</INTERPOLATE>
          <ACTIVE>false</ACTIVE>
          <VALUE>0</VALUE>
          <MIN>0</MIN>
          <MAX>100</MAX>
          <MIN_RATE>-1000</MIN_RATE>
          <MAX_RATE>1000</MAX_RATE>
          <METRIC_UNIT>%</METRIC_UNIT>
          <IMPERIAL_UNIT></IMPERIAL_UNIT>
          <IMPERIAL_CONVERSION_FORMULA></IMPERIAL_CONVERSION_FORMULA>
          <METRIC_CONVERSION_FORMULA></METRIC_CONVERSION_FORMULA>
         </ENVIRONMENT_OPTION>
         <ENVIRONMENT_OPTION>
          <CATEGORY_ID>Gases</CATEGORY_ID>
          <ID>O2</ID>
          <NAME>O&lt;sub>2&lt;/sub></NAME>
          <CATEGORY>Gases</CATEGORY>
          <TRANSFERENCE>100</TRANSFERENCE>
          <SHOW>true</SHOW>
          <INTERPOLATE>true</INTERPOLATE>
          <ACTIVE>false</ACTIVE>
          <VALUE>0</VALUE>
          <MIN>0</MIN>
          <MAX>100</MAX>
          <MIN_RATE>-1000</MIN_RATE>
          <MAX_RATE>1000</MAX_RATE>
          <METRIC_UNIT>%</METRIC_UNIT>
          <IMPERIAL_UNIT></IMPERIAL_UNIT>
          <IMPERIAL_CONVERSION_FORMULA></IMPERIAL_CONVERSION_FORMULA>
          <METRIC_CONVERSION_FORMULA></METRIC_CONVERSION_FORMULA>
         </ENVIRONMENT_OPTION>
         <ENVIRONMENT_OPTION>
          <CATEGORY_ID>Electricity</CATEGORY_ID>
          <ID>Ohms</ID>
          <NAME>Ohms</NAME>
          <CATEGORY>Electricity</CATEGORY>
          <TRANSFERENCE>100</TRANSFERENCE>
          <SHOW>false</SHOW>
          <INTERPOLATE>true</INTERPOLATE>
          <ACTIVE>false</ACTIVE>
          <VALUE>0</VALUE>
          <MIN>-100</MIN>
          <MAX>100</MAX>
          <MIN_RATE>-1000</MIN_RATE>
          <MAX_RATE>1000</MAX_RATE>
          <METRIC_UNIT>&amp;#8486;</METRIC_UNIT>
          <IMPERIAL_UNIT></IMPERIAL_UNIT>
          <IMPERIAL_CONVERSION_FORMULA></IMPERIAL_CONVERSION_FORMULA>
          <METRIC_CONVERSION_FORMULA></METRIC_CONVERSION_FORMULA>
         </ENVIRONMENT_OPTION>
         <ENVIRONMENT_OPTION>
          <CATEGORY_ID>Gases</CATEGORY_ID>
          <ID>Ozone</ID>
          <NAME>Ozone</NAME>
          <CATEGORY>Gases</CATEGORY>
          <TRANSFERENCE>100</TRANSFERENCE>
          <SHOW>false</SHOW>
          <INTERPOLATE>true</INTERPOLATE>
          <ACTIVE>false</ACTIVE>
          <VALUE>0</VALUE>
          <MIN>0</MIN>
          <MAX>100</MAX>
          <MIN_RATE>-1000</MIN_RATE>
          <MAX_RATE>1000</MAX_RATE>
          <METRIC_UNIT>%</METRIC_UNIT>
          <IMPERIAL_UNIT></IMPERIAL_UNIT>
          <IMPERIAL_CONVERSION_FORMULA></IMPERIAL_CONVERSION_FORMULA>
          <METRIC_CONVERSION_FORMULA></METRIC_CONVERSION_FORMULA>
         </ENVIRONMENT_OPTION>
         <ENVIRONMENT_OPTION>
          <CATEGORY_ID>Radiation</CATEGORY_ID>
          <ID>Photon</ID>
          <NAME>Photon</NAME>
          <CATEGORY>Radiation</CATEGORY>
          <TRANSFERENCE>100</TRANSFERENCE>
          <SHOW>false</SHOW>
          <INTERPOLATE>true</INTERPOLATE>
          <ACTIVE>false</ACTIVE>
          <VALUE>0</VALUE>
          <MIN>0</MIN>
          <MAX>100</MAX>
          <MIN_RATE>-1000</MIN_RATE>
          <MAX_RATE>1000</MAX_RATE>
          <METRIC_UNIT>%</METRIC_UNIT>
          <IMPERIAL_UNIT></IMPERIAL_UNIT>
          <IMPERIAL_CONVERSION_FORMULA></IMPERIAL_CONVERSION_FORMULA>
          <METRIC_CONVERSION_FORMULA></METRIC_CONVERSION_FORMULA>
         </ENVIRONMENT_OPTION>
         <ENVIRONMENT_OPTION>
          <CATEGORY_ID>Gases</CATEGORY_ID>
          <ID>Propane</ID>
          <NAME>Propane</NAME>
          <CATEGORY>Gases</CATEGORY>
          <TRANSFERENCE>100</TRANSFERENCE>
          <SHOW>false</SHOW>
          <INTERPOLATE>true</INTERPOLATE>
          <ACTIVE>false</ACTIVE>
          <VALUE>0</VALUE>
          <MIN>0</MIN>
          <MAX>100</MAX>
          <MIN_RATE>-1000</MIN_RATE>
          <MAX_RATE>1000</MAX_RATE>
          <METRIC_UNIT>%</METRIC_UNIT>
          <IMPERIAL_UNIT></IMPERIAL_UNIT>
          <IMPERIAL_CONVERSION_FORMULA></IMPERIAL_CONVERSION_FORMULA>
          <METRIC_CONVERSION_FORMULA></METRIC_CONVERSION_FORMULA>
         </ENVIRONMENT_OPTION>
         <ENVIRONMENT_OPTION>
          <CATEGORY_ID>Light (Sun)</CATEGORY_ID>
          <ID>Radiant Heat</ID>
          <NAME>Radiant Heat</NAME>
          <CATEGORY>Light (Sun)</CATEGORY>
          <TRANSFERENCE>100</TRANSFERENCE>
          <SHOW>true</SHOW>
          <INTERPOLATE>true</INTERPOLATE>
          <ACTIVE>false</ACTIVE>
          <VALUE>0</VALUE>
          <MIN>0</MIN>
          <MAX>100</MAX>
          <MIN_RATE>-1000</MIN_RATE>
          <MAX_RATE>1000</MAX_RATE>
          <METRIC_UNIT>%</METRIC_UNIT>
          <IMPERIAL_UNIT></IMPERIAL_UNIT>
          <IMPERIAL_CONVERSION_FORMULA></IMPERIAL_CONVERSION_FORMULA>
          <METRIC_CONVERSION_FORMULA></METRIC_CONVERSION_FORMULA>
         </ENVIRONMENT_OPTION>
         <ENVIRONMENT_OPTION>
          <CATEGORY_ID>Radiation</CATEGORY_ID>
          <ID>Radiation Level</ID>
          <NAME>Level</NAME>
          <CATEGORY>Radiation</CATEGORY>
          <TRANSFERENCE>100</TRANSFERENCE>
          <SHOW>true</SHOW>
          <INTERPOLATE>true</INTERPOLATE>
          <ACTIVE>true</ACTIVE>
          <VALUE>0</VALUE>
          <MIN>0</MIN>
          <MAX>1000</MAX>
          <MIN_RATE>-1000</MIN_RATE>
          <MAX_RATE>1000</MAX_RATE>
          <METRIC_UNIT>mrem</METRIC_UNIT>
          <IMPERIAL_UNIT></IMPERIAL_UNIT>
          <IMPERIAL_CONVERSION_FORMULA></IMPERIAL_CONVERSION_FORMULA>
          <METRIC_CONVERSION_FORMULA></METRIC_CONVERSION_FORMULA>
         </ENVIRONMENT_OPTION>
         <ENVIRONMENT_OPTION>
          <CATEGORY_ID>Water</CATEGORY_ID>
          <ID>Rain</ID>
          <NAME>Rain</NAME>
          <CATEGORY>Water</CATEGORY>
          <TRANSFERENCE>100</TRANSFERENCE>
          <SHOW>true</SHOW>
          <INTERPOLATE>true</INTERPOLATE>
          <ACTIVE>false</ACTIVE>
          <VALUE>0</VALUE>
          <MIN>-100</MIN>
          <MAX>100</MAX>
          <MIN_RATE>-1000</MIN_RATE>
          <MAX_RATE>1000</MAX_RATE>
          <METRIC_UNIT>cm</METRIC_UNIT>
          <IMPERIAL_UNIT>in</IMPERIAL_UNIT>
          <IMPERIAL_CONVERSION_FORMULA>x*0.39</IMPERIAL_CONVERSION_FORMULA>
          <METRIC_CONVERSION_FORMULA>x*2.54</METRIC_CONVERSION_FORMULA>
         </ENVIRONMENT_OPTION>
         <ENVIRONMENT_OPTION>
          <CATEGORY_ID>Temperature</CATEGORY_ID>
          <ID>Smoke</ID>
          <NAME>Smoke</NAME>
          <CATEGORY>Temperature</CATEGORY>
          <TRANSFERENCE>100</TRANSFERENCE>
          <SHOW>false</SHOW>
          <INTERPOLATE>true</INTERPOLATE>
          <ACTIVE>false</ACTIVE>
          <VALUE>0</VALUE>
          <MIN>0</MIN>
          <MAX>100</MAX>
          <MIN_RATE>-1000</MIN_RATE>
          <MAX_RATE>1000</MAX_RATE>
          <METRIC_UNIT>%</METRIC_UNIT>
          <IMPERIAL_UNIT></IMPERIAL_UNIT>
          <IMPERIAL_CONVERSION_FORMULA></IMPERIAL_CONVERSION_FORMULA>
          <METRIC_CONVERSION_FORMULA></METRIC_CONVERSION_FORMULA>
         </ENVIRONMENT_OPTION>
         <ENVIRONMENT_OPTION>
          <CATEGORY_ID>Water</CATEGORY_ID>
          <ID>Snow</ID>
          <NAME>Snow</NAME>
          <CATEGORY>Water</CATEGORY>
          <TRANSFERENCE>100</TRANSFERENCE>
          <SHOW>true</SHOW>
          <INTERPOLATE>true</INTERPOLATE>
          <ACTIVE>false</ACTIVE>
          <VALUE>0</VALUE>
          <MIN>-100</MIN>
          <MAX>100</MAX>
          <MIN_RATE>-1000</MIN_RATE>
          <MAX_RATE>1000</MAX_RATE>
          <METRIC_UNIT>cm</METRIC_UNIT>
          <IMPERIAL_UNIT>in</IMPERIAL_UNIT>
          <IMPERIAL_CONVERSION_FORMULA>x*0.39</IMPERIAL_CONVERSION_FORMULA>
          <METRIC_CONVERSION_FORMULA>x*2.54</METRIC_CONVERSION_FORMULA>
         </ENVIRONMENT_OPTION>
         <ENVIRONMENT_OPTION>
          <CATEGORY_ID>Earth Physical Features</CATEGORY_ID>
          <ID>Soil pH</ID>
          <NAME>Soil pH</NAME>
          <CATEGORY>Earth Physical Features</CATEGORY>
          <TRANSFERENCE>100</TRANSFERENCE>
          <SHOW>true</SHOW>
          <INTERPOLATE>true</INTERPOLATE>
          <ACTIVE>false</ACTIVE>
          <VALUE>0</VALUE>
          <MIN>0</MIN>
          <MAX>100</MAX>
          <MIN_RATE>-1000</MIN_RATE>
          <MAX_RATE>1000</MAX_RATE>
          <METRIC_UNIT>pH</METRIC_UNIT>
          <IMPERIAL_UNIT></IMPERIAL_UNIT>
          <IMPERIAL_CONVERSION_FORMULA></IMPERIAL_CONVERSION_FORMULA>
          <METRIC_CONVERSION_FORMULA></METRIC_CONVERSION_FORMULA>
         </ENVIRONMENT_OPTION>
         <ENVIRONMENT_OPTION>
          <CATEGORY_ID>Sound</CATEGORY_ID>
          <ID>Sound Pitch</ID>
          <NAME>Pitch</NAME>
          <CATEGORY>Sound</CATEGORY>
          <TRANSFERENCE>100</TRANSFERENCE>
          <SHOW>false</SHOW>
          <INTERPOLATE>true</INTERPOLATE>
          <ACTIVE>false</ACTIVE>
          <VALUE>0</VALUE>
          <MIN>0</MIN>
          <MAX>100</MAX>
          <MIN_RATE>-1000</MIN_RATE>
          <MAX_RATE>1000</MAX_RATE>
          <METRIC_UNIT>CPS</METRIC_UNIT>
          <IMPERIAL_UNIT></IMPERIAL_UNIT>
          <IMPERIAL_CONVERSION_FORMULA></IMPERIAL_CONVERSION_FORMULA>
          <METRIC_CONVERSION_FORMULA></METRIC_CONVERSION_FORMULA>
         </ENVIRONMENT_OPTION>
         <ENVIRONMENT_OPTION>
          <CATEGORY_ID>Sound</CATEGORY_ID>
          <ID>Sound Volume</ID>
          <NAME>Volume</NAME>
          <CATEGORY>Sound</CATEGORY>
          <TRANSFERENCE>100</TRANSFERENCE>
          <SHOW>false</SHOW>
          <INTERPOLATE>true</INTERPOLATE>
          <ACTIVE>false</ACTIVE>
          <VALUE>0</VALUE>
          <MIN>0</MIN>
          <MAX>100</MAX>
          <MIN_RATE>-1000</MIN_RATE>
          <MAX_RATE>1000</MAX_RATE>
          <METRIC_UNIT>dB</METRIC_UNIT>
          <IMPERIAL_UNIT></IMPERIAL_UNIT>
          <IMPERIAL_CONVERSION_FORMULA></IMPERIAL_CONVERSION_FORMULA>
          <METRIC_CONVERSION_FORMULA></METRIC_CONVERSION_FORMULA>
         </ENVIRONMENT_OPTION>
         <ENVIRONMENT_OPTION>
          <CATEGORY_ID>Light (Sun)</CATEGORY_ID>
          <ID>Sunlight</ID>
          <NAME>Sunlight</NAME>
          <CATEGORY>Light (Sun)</CATEGORY>
          <TRANSFERENCE>100</TRANSFERENCE>
          <SHOW>true</SHOW>
          <INTERPOLATE>true</INTERPOLATE>
          <ACTIVE>false</ACTIVE>
          <VALUE>0</VALUE>
          <MIN>0</MIN>
          <MAX>100</MAX>
          <MIN_RATE>-1000</MIN_RATE>
          <MAX_RATE>1000</MAX_RATE>
          <METRIC_UNIT>%</METRIC_UNIT>
          <IMPERIAL_UNIT></IMPERIAL_UNIT>
          <IMPERIAL_CONVERSION_FORMULA></IMPERIAL_CONVERSION_FORMULA>
          <METRIC_CONVERSION_FORMULA></METRIC_CONVERSION_FORMULA>
         </ENVIRONMENT_OPTION>
         <ENVIRONMENT_OPTION>
          <CATEGORY_ID>Energy</CATEGORY_ID>
          <ID>Torque</ID>
          <NAME>Torque</NAME>
          <CATEGORY>Energy</CATEGORY>
          <TRANSFERENCE>100</TRANSFERENCE>
          <SHOW>false</SHOW>
          <INTERPOLATE>true</INTERPOLATE>
          <ACTIVE>false</ACTIVE>
          <VALUE>0</VALUE>
          <MIN>-100</MIN>
          <MAX>100</MAX>
          <MIN_RATE>-1000</MIN_RATE>
          <MAX_RATE>1000</MAX_RATE>
          <METRIC_UNIT>m/kg</METRIC_UNIT>
          <IMPERIAL_UNIT>ft/lb</IMPERIAL_UNIT>
          <IMPERIAL_CONVERSION_FORMULA>x*1.48816</IMPERIAL_CONVERSION_FORMULA>
          <METRIC_CONVERSION_FORMULA>x*0.671969</METRIC_CONVERSION_FORMULA>
         </ENVIRONMENT_OPTION>
         <ENVIRONMENT_OPTION>
          <CATEGORY_ID>Light (Sun)</CATEGORY_ID>
          <ID>Ultraviolet</ID>
          <NAME>Ultraviolet</NAME>
          <CATEGORY>Light (Sun)</CATEGORY>
          <TRANSFERENCE>100</TRANSFERENCE>
          <SHOW>true</SHOW>
          <INTERPOLATE>true</INTERPOLATE>
          <ACTIVE>false</ACTIVE>
          <VALUE>0</VALUE>
          <MIN>0</MIN>
          <MAX>100</MAX>
          <MIN_RATE>-1000</MIN_RATE>
          <MAX_RATE>1000</MAX_RATE>
          <METRIC_UNIT>%</METRIC_UNIT>
          <IMPERIAL_UNIT></IMPERIAL_UNIT>
          <IMPERIAL_CONVERSION_FORMULA></IMPERIAL_CONVERSION_FORMULA>
          <METRIC_CONVERSION_FORMULA></METRIC_CONVERSION_FORMULA>
         </ENVIRONMENT_OPTION>
         <ENVIRONMENT_OPTION>
          <CATEGORY_ID>Light (Sun)</CATEGORY_ID>
          <ID>Visible Light</ID>
          <NAME>Visible</NAME>
          <CATEGORY>Light (Sun)</CATEGORY>
          <TRANSFERENCE>100</TRANSFERENCE>
          <SHOW>true</SHOW>
          <INTERPOLATE>true</INTERPOLATE>
          <ACTIVE>false</ACTIVE>
          <VALUE>0</VALUE>
          <MIN>0</MIN>
          <MAX>100</MAX>
          <MIN_RATE>-1000</MIN_RATE>
          <MAX_RATE>1000</MAX_RATE>
          <METRIC_UNIT>%</METRIC_UNIT>
          <IMPERIAL_UNIT></IMPERIAL_UNIT>
          <IMPERIAL_CONVERSION_FORMULA></IMPERIAL_CONVERSION_FORMULA>
          <METRIC_CONVERSION_FORMULA></METRIC_CONVERSION_FORMULA>
         </ENVIRONMENT_OPTION>
         <ENVIRONMENT_OPTION>
          <CATEGORY_ID>Electricity</CATEGORY_ID>
          <ID>Voltage</ID>
          <NAME>Voltage</NAME>
          <CATEGORY>Electricity</CATEGORY>
          <TRANSFERENCE>100</TRANSFERENCE>
          <SHOW>false</SHOW>
          <INTERPOLATE>true</INTERPOLATE>
          <ACTIVE>false</ACTIVE>
          <VALUE>0</VALUE>
          <MIN>-100</MIN>
          <MAX>100</MAX>
          <MIN_RATE>-1000</MIN_RATE>
          <MAX_RATE>1000</MAX_RATE>
          <METRIC_UNIT>V</METRIC_UNIT>
          <IMPERIAL_UNIT></IMPERIAL_UNIT>
          <IMPERIAL_CONVERSION_FORMULA></IMPERIAL_CONVERSION_FORMULA>
          <METRIC_CONVERSION_FORMULA></METRIC_CONVERSION_FORMULA>
         </ENVIRONMENT_OPTION>
         <ENVIRONMENT_OPTION>
          <CATEGORY_ID>Water</CATEGORY_ID>
          <ID>Water Level</ID>
          <NAME>Water Level</NAME>
          <CATEGORY>Water</CATEGORY>
          <TRANSFERENCE>100</TRANSFERENCE>
          <SHOW>true</SHOW>
          <INTERPOLATE>true</INTERPOLATE>
          <ACTIVE>false</ACTIVE>
          <VALUE>0</VALUE>
          <MIN>0</MIN>
          <MAX>100</MAX>
          <MIN_RATE>-1000</MIN_RATE>
          <MAX_RATE>1000</MAX_RATE>
          <METRIC_UNIT>cm</METRIC_UNIT>
          <IMPERIAL_UNIT>in</IMPERIAL_UNIT>
          <IMPERIAL_CONVERSION_FORMULA>x*0.39</IMPERIAL_CONVERSION_FORMULA>
          <METRIC_CONVERSION_FORMULA>x*2.54</METRIC_CONVERSION_FORMULA>
         </ENVIRONMENT_OPTION>
         <ENVIRONMENT_OPTION>
          <CATEGORY_ID>Water</CATEGORY_ID>
          <ID>Water Speed</ID>
          <NAME>Speed</NAME>
          <CATEGORY>Water</CATEGORY>
          <TRANSFERENCE>100</TRANSFERENCE>
          <SHOW>false</SHOW>
          <INTERPOLATE>true</INTERPOLATE>
          <ACTIVE>false</ACTIVE>
          <VALUE>0</VALUE>
          <MIN>0</MIN>
          <MAX>1000</MAX>
          <MIN_RATE>-1000</MIN_RATE>
          <MAX_RATE>1000</MAX_RATE>
          <METRIC_UNIT>kph</METRIC_UNIT>
          <IMPERIAL_UNIT>mph</IMPERIAL_UNIT>
          <IMPERIAL_CONVERSION_FORMULA>x/1.609344</IMPERIAL_CONVERSION_FORMULA>
          <METRIC_CONVERSION_FORMULA>x*1.609344</METRIC_CONVERSION_FORMULA>
         </ENVIRONMENT_OPTION>
         <ENVIRONMENT_OPTION>
          <CATEGORY_ID>Water</CATEGORY_ID>
          <ID>Water Temperature</ID>
          <NAME>Temperature</NAME>
          <CATEGORY>Water</CATEGORY>
          <TRANSFERENCE>100</TRANSFERENCE>
          <SHOW>false</SHOW>
          <INTERPOLATE>true</INTERPOLATE>
          <ACTIVE>false</ACTIVE>
          <VALUE>0</VALUE>
          <MIN>-100</MIN>
          <MAX>100</MAX>
          <MIN_RATE>-1000</MIN_RATE>
          <MAX_RATE>1000</MAX_RATE>
          <METRIC_UNIT>C</METRIC_UNIT>
          <IMPERIAL_UNIT>F</IMPERIAL_UNIT>
          <IMPERIAL_CONVERSION_FORMULA>x*(9/5)+32</IMPERIAL_CONVERSION_FORMULA>
          <METRIC_CONVERSION_FORMULA>(x-32)*(5/9)</METRIC_CONVERSION_FORMULA>
         </ENVIRONMENT_OPTION>
         <ENVIRONMENT_OPTION>
          <CATEGORY_ID>Water</CATEGORY_ID>
          <ID>Water Volume</ID>
          <NAME>Volume</NAME>
          <CATEGORY>Water</CATEGORY>
          <TRANSFERENCE>100</TRANSFERENCE>
          <SHOW>false</SHOW>
          <INTERPOLATE>true</INTERPOLATE>
          <ACTIVE>false</ACTIVE>
          <VALUE>0</VALUE>
          <MIN>0</MIN>
          <MAX>10000</MAX>
          <MIN_RATE>-1000</MIN_RATE>
          <MAX_RATE>1000</MAX_RATE>
          <METRIC_UNIT>L</METRIC_UNIT>
          <IMPERIAL_UNIT>gal</IMPERIAL_UNIT>
          <IMPERIAL_CONVERSION_FORMULA>x*0.26417</IMPERIAL_CONVERSION_FORMULA>
          <METRIC_CONVERSION_FORMULA>x/0.26417</METRIC_CONVERSION_FORMULA>
         </ENVIRONMENT_OPTION>
         <ENVIRONMENT_OPTION>
          <CATEGORY_ID>Water</CATEGORY_ID>
          <ID>Water pH</ID>
          <NAME>Water pH</NAME>
          <CATEGORY>Water</CATEGORY>
          <TRANSFERENCE>100</TRANSFERENCE>
          <SHOW>false</SHOW>
          <INTERPOLATE>true</INTERPOLATE>
          <ACTIVE>false</ACTIVE>
          <VALUE>0</VALUE>
          <MIN>0</MIN>
          <MAX>100</MAX>
          <MIN_RATE>-1000</MIN_RATE>
          <MAX_RATE>1000</MAX_RATE>
          <METRIC_UNIT>pH</METRIC_UNIT>
          <IMPERIAL_UNIT></IMPERIAL_UNIT>
          <IMPERIAL_CONVERSION_FORMULA></IMPERIAL_CONVERSION_FORMULA>
          <METRIC_CONVERSION_FORMULA></METRIC_CONVERSION_FORMULA>
         </ENVIRONMENT_OPTION>
         <ENVIRONMENT_OPTION>
          <CATEGORY_ID>Electricity</CATEGORY_ID>
          <ID>Watts</ID>
          <NAME>Watts</NAME>
          <CATEGORY>Electricity</CATEGORY>
          <TRANSFERENCE>100</TRANSFERENCE>
          <SHOW>false</SHOW>
          <INTERPOLATE>true</INTERPOLATE>
          <ACTIVE>false</ACTIVE>
          <VALUE>0</VALUE>
          <MIN>-100</MIN>
          <MAX>100</MAX>
          <MIN_RATE>-1000</MIN_RATE>
          <MAX_RATE>1000</MAX_RATE>
          <METRIC_UNIT>W</METRIC_UNIT>
          <IMPERIAL_UNIT></IMPERIAL_UNIT>
          <IMPERIAL_CONVERSION_FORMULA></IMPERIAL_CONVERSION_FORMULA>
          <METRIC_CONVERSION_FORMULA></METRIC_CONVERSION_FORMULA>
         </ENVIRONMENT_OPTION>
         <ENVIRONMENT_OPTION>
          <CATEGORY_ID>Sound</CATEGORY_ID>
          <ID>White Noise</ID>
          <NAME>White Noise</NAME>
          <CATEGORY>Sound</CATEGORY>
          <TRANSFERENCE>100</TRANSFERENCE>
          <SHOW>false</SHOW>
          <INTERPOLATE>true</INTERPOLATE>
          <ACTIVE>false</ACTIVE>
          <VALUE>0</VALUE>
          <MIN>0</MIN>
          <MAX>100</MAX>
          <MIN_RATE>-1000</MIN_RATE>
          <MAX_RATE>1000</MAX_RATE>
          <METRIC_UNIT>%</METRIC_UNIT>
          <IMPERIAL_UNIT></IMPERIAL_UNIT>
          <IMPERIAL_CONVERSION_FORMULA></IMPERIAL_CONVERSION_FORMULA>
          <METRIC_CONVERSION_FORMULA></METRIC_CONVERSION_FORMULA>
         </ENVIRONMENT_OPTION>
         <ENVIRONMENT_OPTION>
          <CATEGORY_ID>Wind</CATEGORY_ID>
          <ID>Wind Direction</ID>
          <NAME>Direction</NAME>
          <CATEGORY>Wind</CATEGORY>
          <TRANSFERENCE>100</TRANSFERENCE>
          <SHOW>true</SHOW>
          <INTERPOLATE>true</INTERPOLATE>
          <ACTIVE>false</ACTIVE>
          <VALUE>0</VALUE>
          <MIN>-100</MIN>
          <MAX>100</MAX>
          <MIN_RATE>-1000</MIN_RATE>
          <MAX_RATE>1000</MAX_RATE>
          <METRIC_UNIT>degrees</METRIC_UNIT>
          <IMPERIAL_UNIT></IMPERIAL_UNIT>
          <IMPERIAL_CONVERSION_FORMULA></IMPERIAL_CONVERSION_FORMULA>
          <METRIC_CONVERSION_FORMULA></METRIC_CONVERSION_FORMULA>
         </ENVIRONMENT_OPTION>
         <ENVIRONMENT_OPTION>
          <CATEGORY_ID>Wind</CATEGORY_ID>
          <ID>Wind Gusts</ID>
          <NAME>Variance (gusts)</NAME>
          <CATEGORY>Wind</CATEGORY>
          <TRANSFERENCE>100</TRANSFERENCE>
          <SHOW>true</SHOW>
          <INTERPOLATE>true</INTERPOLATE>
          <ACTIVE>false</ACTIVE>
          <VALUE>0</VALUE>
          <MIN>0</MIN>
          <MAX>100</MAX>
          <MIN_RATE>-1000</MIN_RATE>
          <MAX_RATE>1000</MAX_RATE>
          <METRIC_UNIT>%</METRIC_UNIT>
          <IMPERIAL_UNIT></IMPERIAL_UNIT>
          <IMPERIAL_CONVERSION_FORMULA></IMPERIAL_CONVERSION_FORMULA>
          <METRIC_CONVERSION_FORMULA></METRIC_CONVERSION_FORMULA>
         </ENVIRONMENT_OPTION>
         <ENVIRONMENT_OPTION>
          <CATEGORY_ID>Wind</CATEGORY_ID>
          <ID>Wind Speed</ID>
          <NAME>Speed</NAME>
          <CATEGORY>Wind</CATEGORY>
          <TRANSFERENCE>100</TRANSFERENCE>
          <SHOW>true</SHOW>
          <INTERPOLATE>true</INTERPOLATE>
          <ACTIVE>false</ACTIVE>
          <VALUE>0</VALUE>
          <MIN>0</MIN>
          <MAX>100</MAX>
          <MIN_RATE>-1000</MIN_RATE>
          <MAX_RATE>1000</MAX_RATE>
          <METRIC_UNIT>kph</METRIC_UNIT>
          <IMPERIAL_UNIT>mph</IMPERIAL_UNIT>
          <IMPERIAL_CONVERSION_FORMULA>x/1.609344</IMPERIAL_CONVERSION_FORMULA>
          <METRIC_CONVERSION_FORMULA>x*1.609344</METRIC_CONVERSION_FORMULA>
         </ENVIRONMENT_OPTION>
        </ENVIRONMENT_OPTIONS>
       </KEYFRAME>
       <KEYFRAME>
        <TIME>86399</TIME>
        <ENVIRONMENT_OPTIONS>
         <ENVIRONMENT_OPTION>
          <CATEGORY_ID>Radiation</CATEGORY_ID>
          <ID>Alpha</ID>
          <NAME>Alpha</NAME>
          <CATEGORY>Radiation</CATEGORY>
          <TRANSFERENCE>100</TRANSFERENCE>
          <SHOW>false</SHOW>
          <INTERPOLATE>true</INTERPOLATE>
          <ACTIVE>false</ACTIVE>
          <VALUE>0</VALUE>
          <MIN>0</MIN>
          <MAX>100</MAX>
          <MIN_RATE>-1000</MIN_RATE>
          <MAX_RATE>1000</MAX_RATE>
          <METRIC_UNIT>%</METRIC_UNIT>
          <IMPERIAL_UNIT></IMPERIAL_UNIT>
          <IMPERIAL_CONVERSION_FORMULA></IMPERIAL_CONVERSION_FORMULA>
          <METRIC_CONVERSION_FORMULA></METRIC_CONVERSION_FORMULA>
         </ENVIRONMENT_OPTION>
         <ENVIRONMENT_OPTION>
          <CATEGORY_ID>Temperature</CATEGORY_ID>
          <ID>Ambient Temperature</ID>
          <NAME>Ambient Temperature</NAME>
          <CATEGORY>Temperature</CATEGORY>
          <TRANSFERENCE>100</TRANSFERENCE>
          <SHOW>true</SHOW>
          <INTERPOLATE>true</INTERPOLATE>
          <ACTIVE>false</ACTIVE>
          <VALUE>0</VALUE>
          <MIN>-100</MIN>
          <MAX>100</MAX>
          <MIN_RATE>-0.00138889</MIN_RATE>
          <MAX_RATE>0.00138889</MAX_RATE>
          <METRIC_UNIT>C</METRIC_UNIT>
          <IMPERIAL_UNIT>F</IMPERIAL_UNIT>
          <IMPERIAL_CONVERSION_FORMULA>x*(9/5)+32</IMPERIAL_CONVERSION_FORMULA>
          <METRIC_CONVERSION_FORMULA>(x-32)*(5/9)</METRIC_CONVERSION_FORMULA>
         </ENVIRONMENT_OPTION>
         <ENVIRONMENT_OPTION>
          <CATEGORY_ID>Gases</CATEGORY_ID>
          <ID>Argon</ID>
          <NAME>Argon</NAME>
          <CATEGORY>Gases</CATEGORY>
          <TRANSFERENCE>100</TRANSFERENCE>
          <SHOW>true</SHOW>
          <INTERPOLATE>true</INTERPOLATE>
          <ACTIVE>false</ACTIVE>
          <VALUE>0</VALUE>
          <MIN>0</MIN>
          <MAX>100</MAX>
          <MIN_RATE>-1000</MIN_RATE>
          <MAX_RATE>1000</MAX_RATE>
          <METRIC_UNIT>%</METRIC_UNIT>
          <IMPERIAL_UNIT></IMPERIAL_UNIT>
          <IMPERIAL_CONVERSION_FORMULA></IMPERIAL_CONVERSION_FORMULA>
          <METRIC_CONVERSION_FORMULA></METRIC_CONVERSION_FORMULA>
         </ENVIRONMENT_OPTION>
         <ENVIRONMENT_OPTION>
          <CATEGORY_ID>Other</CATEGORY_ID>
          <ID>Atmospheric Pressure</ID>
          <NAME>Atmospheric Pressure</NAME>
          <CATEGORY>Other</CATEGORY>
          <TRANSFERENCE>100</TRANSFERENCE>
          <SHOW>true</SHOW>
          <INTERPOLATE>true</INTERPOLATE>
          <ACTIVE>false</ACTIVE>
          <VALUE>0</VALUE>
          <MIN>-100</MIN>
          <MAX>200</MAX>
          <MIN_RATE>-1000</MIN_RATE>
          <MAX_RATE>1000</MAX_RATE>
          <METRIC_UNIT>kPa</METRIC_UNIT>
          <IMPERIAL_UNIT>psi</IMPERIAL_UNIT>
          <IMPERIAL_CONVERSION_FORMULA>x*.14503773773020923</IMPERIAL_CONVERSION_FORMULA>
          <METRIC_CONVERSION_FORMULA></METRIC_CONVERSION_FORMULA>
         </ENVIRONMENT_OPTION>
         <ENVIRONMENT_OPTION>
          <CATEGORY_ID>Radiation</CATEGORY_ID>
          <ID>Beta</ID>
          <NAME>Beta</NAME>
          <CATEGORY>Radiation</CATEGORY>
          <TRANSFERENCE>100</TRANSFERENCE>
          <SHOW>false</SHOW>
          <INTERPOLATE>true</INTERPOLATE>
          <ACTIVE>false</ACTIVE>
          <VALUE>0</VALUE>
          <MIN>0</MIN>
          <MAX>100</MAX>
          <MIN_RATE>-1000</MIN_RATE>
          <MAX_RATE>1000</MAX_RATE>
          <METRIC_UNIT>%</METRIC_UNIT>
          <IMPERIAL_UNIT></IMPERIAL_UNIT>
          <IMPERIAL_CONVERSION_FORMULA></IMPERIAL_CONVERSION_FORMULA>
          <METRIC_CONVERSION_FORMULA></METRIC_CONVERSION_FORMULA>
         </ENVIRONMENT_OPTION>
         <ENVIRONMENT_OPTION>
          <CATEGORY_ID>Gases</CATEGORY_ID>
          <ID>CO</ID>
          <NAME>CO</NAME>
          <CATEGORY>Gases</CATEGORY>
          <TRANSFERENCE>100</TRANSFERENCE>
          <SHOW>true</SHOW>
          <INTERPOLATE>true</INTERPOLATE>
          <ACTIVE>false</ACTIVE>
          <VALUE>0</VALUE>
          <MIN>0</MIN>
          <MAX>100</MAX>
          <MIN_RATE>-1000</MIN_RATE>
          <MAX_RATE>1000</MAX_RATE>
          <METRIC_UNIT>%</METRIC_UNIT>
          <IMPERIAL_UNIT></IMPERIAL_UNIT>
          <IMPERIAL_CONVERSION_FORMULA></IMPERIAL_CONVERSION_FORMULA>
          <METRIC_CONVERSION_FORMULA></METRIC_CONVERSION_FORMULA>
         </ENVIRONMENT_OPTION>
         <ENVIRONMENT_OPTION>
          <CATEGORY_ID>Gases</CATEGORY_ID>
          <ID>CO2</ID>
          <NAME>CO&lt;sub>2&lt;/sub></NAME>
          <CATEGORY>Gases</CATEGORY>
          <TRANSFERENCE>100</TRANSFERENCE>
          <SHOW>true</SHOW>
          <INTERPOLATE>true</INTERPOLATE>
          <ACTIVE>false</ACTIVE>
          <VALUE>0</VALUE>
          <MIN>0</MIN>
          <MAX>100</MAX>
          <MIN_RATE>-1000</MIN_RATE>
          <MAX_RATE>1000</MAX_RATE>
          <METRIC_UNIT>%</METRIC_UNIT>
          <IMPERIAL_UNIT></IMPERIAL_UNIT>
          <IMPERIAL_CONVERSION_FORMULA></IMPERIAL_CONVERSION_FORMULA>
          <METRIC_CONVERSION_FORMULA></METRIC_CONVERSION_FORMULA>
         </ENVIRONMENT_OPTION>
         <ENVIRONMENT_OPTION>
          <CATEGORY_ID>Water</CATEGORY_ID>
          <ID>Clouds</ID>
          <NAME>Clouds</NAME>
          <CATEGORY>Water</CATEGORY>
          <TRANSFERENCE>100</TRANSFERENCE>
          <SHOW>true</SHOW>
          <INTERPOLATE>true</INTERPOLATE>
          <ACTIVE>false</ACTIVE>
          <VALUE>0</VALUE>
          <MIN>0</MIN>
          <MAX>100</MAX>
          <MIN_RATE>-1000</MIN_RATE>
          <MAX_RATE>1000</MAX_RATE>
          <METRIC_UNIT>%</METRIC_UNIT>
          <IMPERIAL_UNIT></IMPERIAL_UNIT>
          <IMPERIAL_CONVERSION_FORMULA></IMPERIAL_CONVERSION_FORMULA>
          <METRIC_CONVERSION_FORMULA></METRIC_CONVERSION_FORMULA>
         </ENVIRONMENT_OPTION>
         <ENVIRONMENT_OPTION>
          <CATEGORY_ID>Earth Physical Features</CATEGORY_ID>
          <ID>Compaction</ID>
          <NAME>Compaction</NAME>
          <CATEGORY>Earth Physical Features</CATEGORY>
          <TRANSFERENCE>100</TRANSFERENCE>
          <SHOW>false</SHOW>
          <INTERPOLATE>true</INTERPOLATE>
          <ACTIVE>false</ACTIVE>
          <VALUE>0</VALUE>
          <MIN>0</MIN>
          <MAX>100</MAX>
          <MIN_RATE>-1000</MIN_RATE>
          <MAX_RATE>1000</MAX_RATE>
          <METRIC_UNIT>Moh</METRIC_UNIT>
          <IMPERIAL_UNIT></IMPERIAL_UNIT>
          <IMPERIAL_CONVERSION_FORMULA></IMPERIAL_CONVERSION_FORMULA>
          <METRIC_CONVERSION_FORMULA></METRIC_CONVERSION_FORMULA>
         </ENVIRONMENT_OPTION>
         <ENVIRONMENT_OPTION>
          <CATEGORY_ID>Earth Physical Features</CATEGORY_ID>
          <ID>Composition Hardness</ID>
          <NAME>Composition Hardness</NAME>
          <CATEGORY>Earth Physical Features</CATEGORY>
          <TRANSFERENCE>100</TRANSFERENCE>
          <SHOW>false</SHOW>
          <INTERPOLATE>true</INTERPOLATE>
          <ACTIVE>false</ACTIVE>
          <VALUE>0</VALUE>
          <MIN>0</MIN>
          <MAX>100</MAX>
          <MIN_RATE>-1000</MIN_RATE>
          <MAX_RATE>1000</MAX_RATE>
          <METRIC_UNIT>Moh</METRIC_UNIT>
          <IMPERIAL_UNIT></IMPERIAL_UNIT>
          <IMPERIAL_CONVERSION_FORMULA></IMPERIAL_CONVERSION_FORMULA>
          <METRIC_CONVERSION_FORMULA></METRIC_CONVERSION_FORMULA>
         </ENVIRONMENT_OPTION>
         <ENVIRONMENT_OPTION>
          <CATEGORY_ID>Light (Sun)</CATEGORY_ID>
          <ID>Electromagnetic Radiation</ID>
          <NAME>Electromagnetic Radiation</NAME>
          <CATEGORY>Light (Sun)</CATEGORY>
          <TRANSFERENCE>100</TRANSFERENCE>
          <SHOW>true</SHOW>
          <INTERPOLATE>true</INTERPOLATE>
          <ACTIVE>false</ACTIVE>
          <VALUE>0</VALUE>
          <MIN>0</MIN>
          <MAX>100</MAX>
          <MIN_RATE>-1000</MIN_RATE>
          <MAX_RATE>1000</MAX_RATE>
          <METRIC_UNIT>%</METRIC_UNIT>
          <IMPERIAL_UNIT></IMPERIAL_UNIT>
          <IMPERIAL_CONVERSION_FORMULA></IMPERIAL_CONVERSION_FORMULA>
          <METRIC_CONVERSION_FORMULA></METRIC_CONVERSION_FORMULA>
         </ENVIRONMENT_OPTION>
         <ENVIRONMENT_OPTION>
          <CATEGORY_ID>Earth Physical Features</CATEGORY_ID>
          <ID>Elevation</ID>
          <NAME>Elevation</NAME>
          <CATEGORY>Earth Physical Features</CATEGORY>
          <TRANSFERENCE>100</TRANSFERENCE>
          <SHOW>true</SHOW>
          <INTERPOLATE>true</INTERPOLATE>
          <ACTIVE>false</ACTIVE>
          <VALUE>0</VALUE>
          <MIN>0</MIN>
          <MAX>100000</MAX>
          <MIN_RATE>-1000</MIN_RATE>
          <MAX_RATE>1000</MAX_RATE>
          <METRIC_UNIT>m</METRIC_UNIT>
          <IMPERIAL_UNIT>ft</IMPERIAL_UNIT>
          <IMPERIAL_CONVERSION_FORMULA>x*3.2808</IMPERIAL_CONVERSION_FORMULA>
          <METRIC_CONVERSION_FORMULA>x/3.280</METRIC_CONVERSION_FORMULA>
         </ENVIRONMENT_OPTION>
         <ENVIRONMENT_OPTION>
          <CATEGORY_ID>Temperature</CATEGORY_ID>
          <ID>Fire</ID>
          <NAME>Fire</NAME>
          <CATEGORY>Temperature</CATEGORY>
          <TRANSFERENCE>100</TRANSFERENCE>
          <SHOW>false</SHOW>
          <INTERPOLATE>true</INTERPOLATE>
          <ACTIVE>false</ACTIVE>
          <VALUE>0</VALUE>
          <MIN>0</MIN>
          <MAX>100</MAX>
          <MIN_RATE>-1000</MIN_RATE>
          <MAX_RATE>1000</MAX_RATE>
          <METRIC_UNIT></METRIC_UNIT>
          <IMPERIAL_UNIT></IMPERIAL_UNIT>
          <IMPERIAL_CONVERSION_FORMULA></IMPERIAL_CONVERSION_FORMULA>
          <METRIC_CONVERSION_FORMULA></METRIC_CONVERSION_FORMULA>
         </ENVIRONMENT_OPTION>
         <ENVIRONMENT_OPTION>
          <CATEGORY_ID>Radiation</CATEGORY_ID>
          <ID>Gamma</ID>
          <NAME>Gamma</NAME>
          <CATEGORY>Radiation</CATEGORY>
          <TRANSFERENCE>100</TRANSFERENCE>
          <SHOW>false</SHOW>
          <INTERPOLATE>true</INTERPOLATE>
          <ACTIVE>false</ACTIVE>
          <VALUE>0</VALUE>
          <MIN>0</MIN>
          <MAX>100</MAX>
          <MIN_RATE>-1000</MIN_RATE>
          <MAX_RATE>1000</MAX_RATE>
          <METRIC_UNIT>%</METRIC_UNIT>
          <IMPERIAL_UNIT></IMPERIAL_UNIT>
          <IMPERIAL_CONVERSION_FORMULA></IMPERIAL_CONVERSION_FORMULA>
          <METRIC_CONVERSION_FORMULA></METRIC_CONVERSION_FORMULA>
         </ENVIRONMENT_OPTION>
         <ENVIRONMENT_OPTION>
          <CATEGORY_ID>Gravity</CATEGORY_ID>
          <ID>Gravity</ID>
          <NAME>Gravity</NAME>
          <CATEGORY>Gravity</CATEGORY>
          <TRANSFERENCE>100</TRANSFERENCE>
          <SHOW>true</SHOW>
          <INTERPOLATE>true</INTERPOLATE>
          <ACTIVE>false</ACTIVE>
          <VALUE>0</VALUE>
          <MIN>-100</MIN>
          <MAX>100</MAX>
          <MIN_RATE>-1000</MIN_RATE>
          <MAX_RATE>1000</MAX_RATE>
          <METRIC_UNIT>m/s&lt;sup>2&lt;/sup></METRIC_UNIT>
          <IMPERIAL_UNIT>ft/s&lt;sup>2&lt;/sup></IMPERIAL_UNIT>
          <IMPERIAL_CONVERSION_FORMULA>x*3.2808399</IMPERIAL_CONVERSION_FORMULA>
          <METRIC_CONVERSION_FORMULA>x*0.3048</METRIC_CONVERSION_FORMULA>
         </ENVIRONMENT_OPTION>
         <ENVIRONMENT_OPTION>
          <CATEGORY_ID>Energy</CATEGORY_ID>
          <ID>Heat</ID>
          <NAME>Heat (BTUs)</NAME>
          <CATEGORY>Energy</CATEGORY>
          <TRANSFERENCE>100</TRANSFERENCE>
          <SHOW>false</SHOW>
          <INTERPOLATE>true</INTERPOLATE>
          <ACTIVE>false</ACTIVE>
          <VALUE>0</VALUE>
          <MIN>-100</MIN>
          <MAX>100</MAX>
          <MIN_RATE>-1000</MIN_RATE>
          <MAX_RATE>1000</MAX_RATE>
          <METRIC_UNIT>KW</METRIC_UNIT>
          <IMPERIAL_UNIT>BTU/hr</IMPERIAL_UNIT>
          <IMPERIAL_CONVERSION_FORMULA>x*0.00029307103866</IMPERIAL_CONVERSION_FORMULA>
          <METRIC_CONVERSION_FORMULA>x*3412.142</METRIC_CONVERSION_FORMULA>
         </ENVIRONMENT_OPTION>
         <ENVIRONMENT_OPTION>
          <CATEGORY_ID>Gases</CATEGORY_ID>
          <ID>Helium</ID>
          <NAME>He</NAME>
          <CATEGORY>Gases</CATEGORY>
          <TRANSFERENCE>100</TRANSFERENCE>
          <SHOW>true</SHOW>
          <INTERPOLATE>true</INTERPOLATE>
          <ACTIVE>false</ACTIVE>
          <VALUE>0</VALUE>
          <MIN>0</MIN>
          <MAX>100</MAX>
          <MIN_RATE>-1000</MIN_RATE>
          <MAX_RATE>1000</MAX_RATE>
          <METRIC_UNIT>%</METRIC_UNIT>
          <IMPERIAL_UNIT></IMPERIAL_UNIT>
          <IMPERIAL_CONVERSION_FORMULA></IMPERIAL_CONVERSION_FORMULA>
          <METRIC_CONVERSION_FORMULA></METRIC_CONVERSION_FORMULA>
         </ENVIRONMENT_OPTION>
         <ENVIRONMENT_OPTION>
          <CATEGORY_ID>Water</CATEGORY_ID>
          <ID>Humidity</ID>
          <NAME>Humidity</NAME>
          <CATEGORY>Water</CATEGORY>
          <TRANSFERENCE>100</TRANSFERENCE>
          <SHOW>true</SHOW>
          <INTERPOLATE>true</INTERPOLATE>
          <ACTIVE>false</ACTIVE>
          <VALUE>0</VALUE>
          <MIN>0</MIN>
          <MAX>100</MAX>
          <MIN_RATE>-1000</MIN_RATE>
          <MAX_RATE>1000</MAX_RATE>
          <METRIC_UNIT>%</METRIC_UNIT>
          <IMPERIAL_UNIT></IMPERIAL_UNIT>
          <IMPERIAL_CONVERSION_FORMULA></IMPERIAL_CONVERSION_FORMULA>
          <METRIC_CONVERSION_FORMULA></METRIC_CONVERSION_FORMULA>
         </ENVIRONMENT_OPTION>
         <ENVIRONMENT_OPTION>
          <CATEGORY_ID>Gases</CATEGORY_ID>
          <ID>Hydrogen</ID>
          <NAME>H</NAME>
          <CATEGORY>Gases</CATEGORY>
          <TRANSFERENCE>100</TRANSFERENCE>
          <SHOW>true</SHOW>
          <INTERPOLATE>true</INTERPOLATE>
          <ACTIVE>false</ACTIVE>
          <VALUE>0</VALUE>
          <MIN>0</MIN>
          <MAX>100</MAX>
          <MIN_RATE>-1000</MIN_RATE>
          <MAX_RATE>1000</MAX_RATE>
          <METRIC_UNIT>%</METRIC_UNIT>
          <IMPERIAL_UNIT></IMPERIAL_UNIT>
          <IMPERIAL_CONVERSION_FORMULA></IMPERIAL_CONVERSION_FORMULA>
          <METRIC_CONVERSION_FORMULA></METRIC_CONVERSION_FORMULA>
         </ENVIRONMENT_OPTION>
         <ENVIRONMENT_OPTION>
          <CATEGORY_ID>Light (Sun)</CATEGORY_ID>
          <ID>Infrared</ID>
          <NAME>Infrared</NAME>
          <CATEGORY>Light (Sun)</CATEGORY>
          <TRANSFERENCE>100</TRANSFERENCE>
          <SHOW>true</SHOW>
          <INTERPOLATE>true</INTERPOLATE>
          <ACTIVE>false</ACTIVE>
          <VALUE>0</VALUE>
          <MIN>0</MIN>
          <MAX>100</MAX>
          <MIN_RATE>-1000</MIN_RATE>
          <MAX_RATE>1000</MAX_RATE>
          <METRIC_UNIT>%</METRIC_UNIT>
          <IMPERIAL_UNIT></IMPERIAL_UNIT>
          <IMPERIAL_CONVERSION_FORMULA></IMPERIAL_CONVERSION_FORMULA>
          <METRIC_CONVERSION_FORMULA></METRIC_CONVERSION_FORMULA>
         </ENVIRONMENT_OPTION>
         <ENVIRONMENT_OPTION>
          <CATEGORY_ID>Temperature</CATEGORY_ID>
          <ID>Ionization</ID>
          <NAME>Ionization</NAME>
          <CATEGORY>Temperature</CATEGORY>
          <TRANSFERENCE>100</TRANSFERENCE>
          <SHOW>false</SHOW>
          <INTERPOLATE>true</INTERPOLATE>
          <ACTIVE>false</ACTIVE>
          <VALUE>0</VALUE>
          <MIN>0</MIN>
          <MAX>100</MAX>
          <MIN_RATE>-1000</MIN_RATE>
          <MAX_RATE>1000</MAX_RATE>
          <METRIC_UNIT>%</METRIC_UNIT>
          <IMPERIAL_UNIT></IMPERIAL_UNIT>
          <IMPERIAL_CONVERSION_FORMULA></IMPERIAL_CONVERSION_FORMULA>
          <METRIC_CONVERSION_FORMULA></METRIC_CONVERSION_FORMULA>
         </ENVIRONMENT_OPTION>
         <ENVIRONMENT_OPTION>
          <CATEGORY_ID>Light (Sun)</CATEGORY_ID>
          <ID>Luminosity</ID>
          <NAME>Luminosity</NAME>
          <CATEGORY>Light (Sun)</CATEGORY>
          <TRANSFERENCE>100</TRANSFERENCE>
          <SHOW>false</SHOW>
          <INTERPOLATE>true</INTERPOLATE>
          <ACTIVE>false</ACTIVE>
          <VALUE>0</VALUE>
          <MIN>0</MIN>
          <MAX>100</MAX>
          <MIN_RATE>-1000</MIN_RATE>
          <MAX_RATE>1000</MAX_RATE>
          <METRIC_UNIT>%</METRIC_UNIT>
          <IMPERIAL_UNIT></IMPERIAL_UNIT>
          <IMPERIAL_CONVERSION_FORMULA></IMPERIAL_CONVERSION_FORMULA>
          <METRIC_CONVERSION_FORMULA></METRIC_CONVERSION_FORMULA>
         </ENVIRONMENT_OPTION>
         <ENVIRONMENT_OPTION>
          <CATEGORY_ID>Gases</CATEGORY_ID>
          <ID>Methane</ID>
          <NAME>Methane</NAME>
          <CATEGORY>Gases</CATEGORY>
          <TRANSFERENCE>100</TRANSFERENCE>
          <SHOW>true</SHOW>
          <INTERPOLATE>true</INTERPOLATE>
          <ACTIVE>false</ACTIVE>
          <VALUE>0</VALUE>
          <MIN>0</MIN>
          <MAX>100</MAX>
          <MIN_RATE>-1000</MIN_RATE>
          <MAX_RATE>1000</MAX_RATE>
          <METRIC_UNIT>%</METRIC_UNIT>
          <IMPERIAL_UNIT></IMPERIAL_UNIT>
          <IMPERIAL_CONVERSION_FORMULA></IMPERIAL_CONVERSION_FORMULA>
          <METRIC_CONVERSION_FORMULA></METRIC_CONVERSION_FORMULA>
         </ENVIRONMENT_OPTION>
         <ENVIRONMENT_OPTION>
          <CATEGORY_ID>Gravity</CATEGORY_ID>
          <ID>Moon Phases</ID>
          <NAME>Moon Phases</NAME>
          <CATEGORY>Gravity</CATEGORY>
          <TRANSFERENCE>100</TRANSFERENCE>
          <SHOW>false</SHOW>
          <INTERPOLATE>true</INTERPOLATE>
          <ACTIVE>false</ACTIVE>
          <VALUE>0</VALUE>
          <MIN>-100</MIN>
          <MAX>100</MAX>
          <MIN_RATE>-1000</MIN_RATE>
          <MAX_RATE>1000</MAX_RATE>
          <METRIC_UNIT></METRIC_UNIT>
          <IMPERIAL_UNIT></IMPERIAL_UNIT>
          <IMPERIAL_CONVERSION_FORMULA></IMPERIAL_CONVERSION_FORMULA>
          <METRIC_CONVERSION_FORMULA></METRIC_CONVERSION_FORMULA>
         </ENVIRONMENT_OPTION>
         <ENVIRONMENT_OPTION>
          <CATEGORY_ID>Motion</CATEGORY_ID>
          <ID>Motion Direction</ID>
          <NAME>Direction</NAME>
          <CATEGORY>Motion</CATEGORY>
          <TRANSFERENCE>100</TRANSFERENCE>
          <SHOW>false</SHOW>
          <INTERPOLATE>true</INTERPOLATE>
          <ACTIVE>false</ACTIVE>
          <VALUE>0</VALUE>
          <MIN>-100</MIN>
          <MAX>100</MAX>
          <MIN_RATE>-1000</MIN_RATE>
          <MAX_RATE>1000</MAX_RATE>
          <METRIC_UNIT>degrees</METRIC_UNIT>
          <IMPERIAL_UNIT></IMPERIAL_UNIT>
          <IMPERIAL_CONVERSION_FORMULA></IMPERIAL_CONVERSION_FORMULA>
          <METRIC_CONVERSION_FORMULA></METRIC_CONVERSION_FORMULA>
         </ENVIRONMENT_OPTION>
         <ENVIRONMENT_OPTION>
          <CATEGORY_ID>Motion</CATEGORY_ID>
          <ID>Motion Speed</ID>
          <NAME>Speed</NAME>
          <CATEGORY>Motion</CATEGORY>
          <TRANSFERENCE>100</TRANSFERENCE>
          <SHOW>false</SHOW>
          <INTERPOLATE>true</INTERPOLATE>
          <ACTIVE>false</ACTIVE>
          <VALUE>0</VALUE>
          <MIN>0</MIN>
          <MAX>100</MAX>
          <MIN_RATE>-1000</MIN_RATE>
          <MAX_RATE>1000</MAX_RATE>
          <METRIC_UNIT>kph</METRIC_UNIT>
          <IMPERIAL_UNIT>mph</IMPERIAL_UNIT>
          <IMPERIAL_CONVERSION_FORMULA>x/1.609344</IMPERIAL_CONVERSION_FORMULA>
          <METRIC_CONVERSION_FORMULA>x*1.609344</METRIC_CONVERSION_FORMULA>
         </ENVIRONMENT_OPTION>
         <ENVIRONMENT_OPTION>
          <CATEGORY_ID>Radiation</CATEGORY_ID>
          <ID>Neutron</ID>
          <NAME>Neutron</NAME>
          <CATEGORY>Radiation</CATEGORY>
          <TRANSFERENCE>100</TRANSFERENCE>
          <SHOW>false</SHOW>
          <INTERPOLATE>true</INTERPOLATE>
          <ACTIVE>false</ACTIVE>
          <VALUE>0</VALUE>
          <MIN>0</MIN>
          <MAX>100</MAX>
          <MIN_RATE>-1000</MIN_RATE>
          <MAX_RATE>1000</MAX_RATE>
          <METRIC_UNIT>%</METRIC_UNIT>
          <IMPERIAL_UNIT></IMPERIAL_UNIT>
          <IMPERIAL_CONVERSION_FORMULA></IMPERIAL_CONVERSION_FORMULA>
          <METRIC_CONVERSION_FORMULA></METRIC_CONVERSION_FORMULA>
         </ENVIRONMENT_OPTION>
         <ENVIRONMENT_OPTION>
          <CATEGORY_ID>Gases</CATEGORY_ID>
          <ID>Nitrogen</ID>
          <NAME>Nitrogen</NAME>
          <CATEGORY>Gases</CATEGORY>
          <TRANSFERENCE>100</TRANSFERENCE>
          <SHOW>true</SHOW>
          <INTERPOLATE>true</INTERPOLATE>
          <ACTIVE>false</ACTIVE>
          <VALUE>0</VALUE>
          <MIN>0</MIN>
          <MAX>100</MAX>
          <MIN_RATE>-1000</MIN_RATE>
          <MAX_RATE>1000</MAX_RATE>
          <METRIC_UNIT>%</METRIC_UNIT>
          <IMPERIAL_UNIT></IMPERIAL_UNIT>
          <IMPERIAL_CONVERSION_FORMULA></IMPERIAL_CONVERSION_FORMULA>
          <METRIC_CONVERSION_FORMULA></METRIC_CONVERSION_FORMULA>
         </ENVIRONMENT_OPTION>
         <ENVIRONMENT_OPTION>
          <CATEGORY_ID>Gases</CATEGORY_ID>
          <ID>O2</ID>
          <NAME>O&lt;sub>2&lt;/sub></NAME>
          <CATEGORY>Gases</CATEGORY>
          <TRANSFERENCE>100</TRANSFERENCE>
          <SHOW>true</SHOW>
          <INTERPOLATE>true</INTERPOLATE>
          <ACTIVE>false</ACTIVE>
          <VALUE>0</VALUE>
          <MIN>0</MIN>
          <MAX>100</MAX>
          <MIN_RATE>-1000</MIN_RATE>
          <MAX_RATE>1000</MAX_RATE>
          <METRIC_UNIT>%</METRIC_UNIT>
          <IMPERIAL_UNIT></IMPERIAL_UNIT>
          <IMPERIAL_CONVERSION_FORMULA></IMPERIAL_CONVERSION_FORMULA>
          <METRIC_CONVERSION_FORMULA></METRIC_CONVERSION_FORMULA>
         </ENVIRONMENT_OPTION>
         <ENVIRONMENT_OPTION>
          <CATEGORY_ID>Electricity</CATEGORY_ID>
          <ID>Ohms</ID>
          <NAME>Ohms</NAME>
          <CATEGORY>Electricity</CATEGORY>
          <TRANSFERENCE>100</TRANSFERENCE>
          <SHOW>false</SHOW>
          <INTERPOLATE>true</INTERPOLATE>
          <ACTIVE>false</ACTIVE>
          <VALUE>0</VALUE>
          <MIN>-100</MIN>
          <MAX>100</MAX>
          <MIN_RATE>-1000</MIN_RATE>
          <MAX_RATE>1000</MAX_RATE>
          <METRIC_UNIT>&amp;#8486;</METRIC_UNIT>
          <IMPERIAL_UNIT></IMPERIAL_UNIT>
          <IMPERIAL_CONVERSION_FORMULA></IMPERIAL_CONVERSION_FORMULA>
          <METRIC_CONVERSION_FORMULA></METRIC_CONVERSION_FORMULA>
         </ENVIRONMENT_OPTION>
         <ENVIRONMENT_OPTION>
          <CATEGORY_ID>Gases</CATEGORY_ID>
          <ID>Ozone</ID>
          <NAME>Ozone</NAME>
          <CATEGORY>Gases</CATEGORY>
          <TRANSFERENCE>100</TRANSFERENCE>
          <SHOW>false</SHOW>
          <INTERPOLATE>true</INTERPOLATE>
          <ACTIVE>false</ACTIVE>
          <VALUE>0</VALUE>
          <MIN>0</MIN>
          <MAX>100</MAX>
          <MIN_RATE>-1000</MIN_RATE>
          <MAX_RATE>1000</MAX_RATE>
          <METRIC_UNIT>%</METRIC_UNIT>
          <IMPERIAL_UNIT></IMPERIAL_UNIT>
          <IMPERIAL_CONVERSION_FORMULA></IMPERIAL_CONVERSION_FORMULA>
          <METRIC_CONVERSION_FORMULA></METRIC_CONVERSION_FORMULA>
         </ENVIRONMENT_OPTION>
         <ENVIRONMENT_OPTION>
          <CATEGORY_ID>Radiation</CATEGORY_ID>
          <ID>Photon</ID>
          <NAME>Photon</NAME>
          <CATEGORY>Radiation</CATEGORY>
          <TRANSFERENCE>100</TRANSFERENCE>
          <SHOW>false</SHOW>
          <INTERPOLATE>true</INTERPOLATE>
          <ACTIVE>false</ACTIVE>
          <VALUE>0</VALUE>
          <MIN>0</MIN>
          <MAX>100</MAX>
          <MIN_RATE>-1000</MIN_RATE>
          <MAX_RATE>1000</MAX_RATE>
          <METRIC_UNIT>%</METRIC_UNIT>
          <IMPERIAL_UNIT></IMPERIAL_UNIT>
          <IMPERIAL_CONVERSION_FORMULA></IMPERIAL_CONVERSION_FORMULA>
          <METRIC_CONVERSION_FORMULA></METRIC_CONVERSION_FORMULA>
         </ENVIRONMENT_OPTION>
         <ENVIRONMENT_OPTION>
          <CATEGORY_ID>Gases</CATEGORY_ID>
          <ID>Propane</ID>
          <NAME>Propane</NAME>
          <CATEGORY>Gases</CATEGORY>
          <TRANSFERENCE>100</TRANSFERENCE>
          <SHOW>false</SHOW>
          <INTERPOLATE>true</INTERPOLATE>
          <ACTIVE>false</ACTIVE>
          <VALUE>0</VALUE>
          <MIN>0</MIN>
          <MAX>100</MAX>
          <MIN_RATE>-1000</MIN_RATE>
          <MAX_RATE>1000</MAX_RATE>
          <METRIC_UNIT>%</METRIC_UNIT>
          <IMPERIAL_UNIT></IMPERIAL_UNIT>
          <IMPERIAL_CONVERSION_FORMULA></IMPERIAL_CONVERSION_FORMULA>
          <METRIC_CONVERSION_FORMULA></METRIC_CONVERSION_FORMULA>
         </ENVIRONMENT_OPTION>
         <ENVIRONMENT_OPTION>
          <CATEGORY_ID>Light (Sun)</CATEGORY_ID>
          <ID>Radiant Heat</ID>
          <NAME>Radiant Heat</NAME>
          <CATEGORY>Light (Sun)</CATEGORY>
          <TRANSFERENCE>100</TRANSFERENCE>
          <SHOW>true</SHOW>
          <INTERPOLATE>true</INTERPOLATE>
          <ACTIVE>false</ACTIVE>
          <VALUE>0</VALUE>
          <MIN>0</MIN>
          <MAX>100</MAX>
          <MIN_RATE>-1000</MIN_RATE>
          <MAX_RATE>1000</MAX_RATE>
          <METRIC_UNIT>%</METRIC_UNIT>
          <IMPERIAL_UNIT></IMPERIAL_UNIT>
          <IMPERIAL_CONVERSION_FORMULA></IMPERIAL_CONVERSION_FORMULA>
          <METRIC_CONVERSION_FORMULA></METRIC_CONVERSION_FORMULA>
         </ENVIRONMENT_OPTION>
         <ENVIRONMENT_OPTION>
          <CATEGORY_ID>Radiation</CATEGORY_ID>
          <ID>Radiation Level</ID>
          <NAME>Level</NAME>
          <CATEGORY>Radiation</CATEGORY>
          <TRANSFERENCE>100</TRANSFERENCE>
          <SHOW>true</SHOW>
          <INTERPOLATE>true</INTERPOLATE>
          <ACTIVE>true</ACTIVE>
          <VALUE>0</VALUE>
          <MIN>0</MIN>
          <MAX>1000</MAX>
          <MIN_RATE>-1000</MIN_RATE>
          <MAX_RATE>1000</MAX_RATE>
          <METRIC_UNIT>mrem</METRIC_UNIT>
          <IMPERIAL_UNIT></IMPERIAL_UNIT>
          <IMPERIAL_CONVERSION_FORMULA></IMPERIAL_CONVERSION_FORMULA>
          <METRIC_CONVERSION_FORMULA></METRIC_CONVERSION_FORMULA>
         </ENVIRONMENT_OPTION>
         <ENVIRONMENT_OPTION>
          <CATEGORY_ID>Water</CATEGORY_ID>
          <ID>Rain</ID>
          <NAME>Rain</NAME>
          <CATEGORY>Water</CATEGORY>
          <TRANSFERENCE>100</TRANSFERENCE>
          <SHOW>true</SHOW>
          <INTERPOLATE>true</INTERPOLATE>
          <ACTIVE>false</ACTIVE>
          <VALUE>0</VALUE>
          <MIN>-100</MIN>
          <MAX>100</MAX>
          <MIN_RATE>-1000</MIN_RATE>
          <MAX_RATE>1000</MAX_RATE>
          <METRIC_UNIT>cm</METRIC_UNIT>
          <IMPERIAL_UNIT>in</IMPERIAL_UNIT>
          <IMPERIAL_CONVERSION_FORMULA>x*0.39</IMPERIAL_CONVERSION_FORMULA>
          <METRIC_CONVERSION_FORMULA>x*2.54</METRIC_CONVERSION_FORMULA>
         </ENVIRONMENT_OPTION>
         <ENVIRONMENT_OPTION>
          <CATEGORY_ID>Temperature</CATEGORY_ID>
          <ID>Smoke</ID>
          <NAME>Smoke</NAME>
          <CATEGORY>Temperature</CATEGORY>
          <TRANSFERENCE>100</TRANSFERENCE>
          <SHOW>false</SHOW>
          <INTERPOLATE>true</INTERPOLATE>
          <ACTIVE>false</ACTIVE>
          <VALUE>0</VALUE>
          <MIN>0</MIN>
          <MAX>100</MAX>
          <MIN_RATE>-1000</MIN_RATE>
          <MAX_RATE>1000</MAX_RATE>
          <METRIC_UNIT>%</METRIC_UNIT>
          <IMPERIAL_UNIT></IMPERIAL_UNIT>
          <IMPERIAL_CONVERSION_FORMULA></IMPERIAL_CONVERSION_FORMULA>
          <METRIC_CONVERSION_FORMULA></METRIC_CONVERSION_FORMULA>
         </ENVIRONMENT_OPTION>
         <ENVIRONMENT_OPTION>
          <CATEGORY_ID>Water</CATEGORY_ID>
          <ID>Snow</ID>
          <NAME>Snow</NAME>
          <CATEGORY>Water</CATEGORY>
          <TRANSFERENCE>100</TRANSFERENCE>
          <SHOW>true</SHOW>
          <INTERPOLATE>true</INTERPOLATE>
          <ACTIVE>false</ACTIVE>
          <VALUE>0</VALUE>
          <MIN>-100</MIN>
          <MAX>100</MAX>
          <MIN_RATE>-1000</MIN_RATE>
          <MAX_RATE>1000</MAX_RATE>
          <METRIC_UNIT>cm</METRIC_UNIT>
          <IMPERIAL_UNIT>in</IMPERIAL_UNIT>
          <IMPERIAL_CONVERSION_FORMULA>x*0.39</IMPERIAL_CONVERSION_FORMULA>
          <METRIC_CONVERSION_FORMULA>x*2.54</METRIC_CONVERSION_FORMULA>
         </ENVIRONMENT_OPTION>
         <ENVIRONMENT_OPTION>
          <CATEGORY_ID>Earth Physical Features</CATEGORY_ID>
          <ID>Soil pH</ID>
          <NAME>Soil pH</NAME>
          <CATEGORY>Earth Physical Features</CATEGORY>
          <TRANSFERENCE>100</TRANSFERENCE>
          <SHOW>true</SHOW>
          <INTERPOLATE>true</INTERPOLATE>
          <ACTIVE>false</ACTIVE>
          <VALUE>0</VALUE>
          <MIN>0</MIN>
          <MAX>100</MAX>
          <MIN_RATE>-1000</MIN_RATE>
          <MAX_RATE>1000</MAX_RATE>
          <METRIC_UNIT>pH</METRIC_UNIT>
          <IMPERIAL_UNIT></IMPERIAL_UNIT>
          <IMPERIAL_CONVERSION_FORMULA></IMPERIAL_CONVERSION_FORMULA>
          <METRIC_CONVERSION_FORMULA></METRIC_CONVERSION_FORMULA>
         </ENVIRONMENT_OPTION>
         <ENVIRONMENT_OPTION>
          <CATEGORY_ID>Sound</CATEGORY_ID>
          <ID>Sound Pitch</ID>
          <NAME>Pitch</NAME>
          <CATEGORY>Sound</CATEGORY>
          <TRANSFERENCE>100</TRANSFERENCE>
          <SHOW>false</SHOW>
          <INTERPOLATE>true</INTERPOLATE>
          <ACTIVE>false</ACTIVE>
          <VALUE>0</VALUE>
          <MIN>0</MIN>
          <MAX>100</MAX>
          <MIN_RATE>-1000</MIN_RATE>
          <MAX_RATE>1000</MAX_RATE>
          <METRIC_UNIT>CPS</METRIC_UNIT>
          <IMPERIAL_UNIT></IMPERIAL_UNIT>
          <IMPERIAL_CONVERSION_FORMULA></IMPERIAL_CONVERSION_FORMULA>
          <METRIC_CONVERSION_FORMULA></METRIC_CONVERSION_FORMULA>
         </ENVIRONMENT_OPTION>
         <ENVIRONMENT_OPTION>
          <CATEGORY_ID>Sound</CATEGORY_ID>
          <ID>Sound Volume</ID>
          <NAME>Volume</NAME>
          <CATEGORY>Sound</CATEGORY>
          <TRANSFERENCE>100</TRANSFERENCE>
          <SHOW>false</SHOW>
          <INTERPOLATE>true</INTERPOLATE>
          <ACTIVE>false</ACTIVE>
          <VALUE>0</VALUE>
          <MIN>0</MIN>
          <MAX>100</MAX>
          <MIN_RATE>-1000</MIN_RATE>
          <MAX_RATE>1000</MAX_RATE>
          <METRIC_UNIT>dB</METRIC_UNIT>
          <IMPERIAL_UNIT></IMPERIAL_UNIT>
          <IMPERIAL_CONVERSION_FORMULA></IMPERIAL_CONVERSION_FORMULA>
          <METRIC_CONVERSION_FORMULA></METRIC_CONVERSION_FORMULA>
         </ENVIRONMENT_OPTION>
         <ENVIRONMENT_OPTION>
          <CATEGORY_ID>Light (Sun)</CATEGORY_ID>
          <ID>Sunlight</ID>
          <NAME>Sunlight</NAME>
          <CATEGORY>Light (Sun)</CATEGORY>
          <TRANSFERENCE>100</TRANSFERENCE>
          <SHOW>true</SHOW>
          <INTERPOLATE>true</INTERPOLATE>
          <ACTIVE>false</ACTIVE>
          <VALUE>0</VALUE>
          <MIN>0</MIN>
          <MAX>100</MAX>
          <MIN_RATE>-1000</MIN_RATE>
          <MAX_RATE>1000</MAX_RATE>
          <METRIC_UNIT>%</METRIC_UNIT>
          <IMPERIAL_UNIT></IMPERIAL_UNIT>
          <IMPERIAL_CONVERSION_FORMULA></IMPERIAL_CONVERSION_FORMULA>
          <METRIC_CONVERSION_FORMULA></METRIC_CONVERSION_FORMULA>
         </ENVIRONMENT_OPTION>
         <ENVIRONMENT_OPTION>
          <CATEGORY_ID>Energy</CATEGORY_ID>
          <ID>Torque</ID>
          <NAME>Torque</NAME>
          <CATEGORY>Energy</CATEGORY>
          <TRANSFERENCE>100</TRANSFERENCE>
          <SHOW>false</SHOW>
          <INTERPOLATE>true</INTERPOLATE>
          <ACTIVE>false</ACTIVE>
          <VALUE>0</VALUE>
          <MIN>-100</MIN>
          <MAX>100</MAX>
          <MIN_RATE>-1000</MIN_RATE>
          <MAX_RATE>1000</MAX_RATE>
          <METRIC_UNIT>m/kg</METRIC_UNIT>
          <IMPERIAL_UNIT>ft/lb</IMPERIAL_UNIT>
          <IMPERIAL_CONVERSION_FORMULA>x*1.48816</IMPERIAL_CONVERSION_FORMULA>
          <METRIC_CONVERSION_FORMULA>x*0.671969</METRIC_CONVERSION_FORMULA>
         </ENVIRONMENT_OPTION>
         <ENVIRONMENT_OPTION>
          <CATEGORY_ID>Light (Sun)</CATEGORY_ID>
          <ID>Ultraviolet</ID>
          <NAME>Ultraviolet</NAME>
          <CATEGORY>Light (Sun)</CATEGORY>
          <TRANSFERENCE>100</TRANSFERENCE>
          <SHOW>true</SHOW>
          <INTERPOLATE>true</INTERPOLATE>
          <ACTIVE>false</ACTIVE>
          <VALUE>0</VALUE>
          <MIN>0</MIN>
          <MAX>100</MAX>
          <MIN_RATE>-1000</MIN_RATE>
          <MAX_RATE>1000</MAX_RATE>
          <METRIC_UNIT>%</METRIC_UNIT>
          <IMPERIAL_UNIT></IMPERIAL_UNIT>
          <IMPERIAL_CONVERSION_FORMULA></IMPERIAL_CONVERSION_FORMULA>
          <METRIC_CONVERSION_FORMULA></METRIC_CONVERSION_FORMULA>
         </ENVIRONMENT_OPTION>
         <ENVIRONMENT_OPTION>
          <CATEGORY_ID>Light (Sun)</CATEGORY_ID>
          <ID>Visible Light</ID>
          <NAME>Visible</NAME>
          <CATEGORY>Light (Sun)</CATEGORY>
          <TRANSFERENCE>100</TRANSFERENCE>
          <SHOW>true</SHOW>
          <INTERPOLATE>true</INTERPOLATE>
          <ACTIVE>false</ACTIVE>
          <VALUE>0</VALUE>
          <MIN>0</MIN>
          <MAX>100</MAX>
          <MIN_RATE>-1000</MIN_RATE>
          <MAX_RATE>1000</MAX_RATE>
          <METRIC_UNIT>%</METRIC_UNIT>
          <IMPERIAL_UNIT></IMPERIAL_UNIT>
          <IMPERIAL_CONVERSION_FORMULA></IMPERIAL_CONVERSION_FORMULA>
          <METRIC_CONVERSION_FORMULA></METRIC_CONVERSION_FORMULA>
         </ENVIRONMENT_OPTION>
         <ENVIRONMENT_OPTION>
          <CATEGORY_ID>Electricity</CATEGORY_ID>
          <ID>Voltage</ID>
          <NAME>Voltage</NAME>
          <CATEGORY>Electricity</CATEGORY>
          <TRANSFERENCE>100</TRANSFERENCE>
          <SHOW>false</SHOW>
          <INTERPOLATE>true</INTERPOLATE>
          <ACTIVE>false</ACTIVE>
          <VALUE>0</VALUE>
          <MIN>-100</MIN>
          <MAX>100</MAX>
          <MIN_RATE>-1000</MIN_RATE>
          <MAX_RATE>1000</MAX_RATE>
          <METRIC_UNIT>V</METRIC_UNIT>
          <IMPERIAL_UNIT></IMPERIAL_UNIT>
          <IMPERIAL_CONVERSION_FORMULA></IMPERIAL_CONVERSION_FORMULA>
          <METRIC_CONVERSION_FORMULA></METRIC_CONVERSION_FORMULA>
         </ENVIRONMENT_OPTION>
         <ENVIRONMENT_OPTION>
          <CATEGORY_ID>Water</CATEGORY_ID>
          <ID>Water Level</ID>
          <NAME>Water Level</NAME>
          <CATEGORY>Water</CATEGORY>
          <TRANSFERENCE>100</TRANSFERENCE>
          <SHOW>true</SHOW>
          <INTERPOLATE>true</INTERPOLATE>
          <ACTIVE>false</ACTIVE>
          <VALUE>0</VALUE>
          <MIN>0</MIN>
          <MAX>100</MAX>
          <MIN_RATE>-1000</MIN_RATE>
          <MAX_RATE>1000</MAX_RATE>
          <METRIC_UNIT>cm</METRIC_UNIT>
          <IMPERIAL_UNIT>in</IMPERIAL_UNIT>
          <IMPERIAL_CONVERSION_FORMULA>x*0.39</IMPERIAL_CONVERSION_FORMULA>
          <METRIC_CONVERSION_FORMULA>x*2.54</METRIC_CONVERSION_FORMULA>
         </ENVIRONMENT_OPTION>
         <ENVIRONMENT_OPTION>
          <CATEGORY_ID>Water</CATEGORY_ID>
          <ID>Water Speed</ID>
          <NAME>Speed</NAME>
          <CATEGORY>Water</CATEGORY>
          <TRANSFERENCE>100</TRANSFERENCE>
          <SHOW>false</SHOW>
          <INTERPOLATE>true</INTERPOLATE>
          <ACTIVE>false</ACTIVE>
          <VALUE>0</VALUE>
          <MIN>0</MIN>
          <MAX>1000</MAX>
          <MIN_RATE>-1000</MIN_RATE>
          <MAX_RATE>1000</MAX_RATE>
          <METRIC_UNIT>kph</METRIC_UNIT>
          <IMPERIAL_UNIT>mph</IMPERIAL_UNIT>
          <IMPERIAL_CONVERSION_FORMULA>x/1.609344</IMPERIAL_CONVERSION_FORMULA>
          <METRIC_CONVERSION_FORMULA>x*1.609344</METRIC_CONVERSION_FORMULA>
         </ENVIRONMENT_OPTION>
         <ENVIRONMENT_OPTION>
          <CATEGORY_ID>Water</CATEGORY_ID>
          <ID>Water Temperature</ID>
          <NAME>Temperature</NAME>
          <CATEGORY>Water</CATEGORY>
          <TRANSFERENCE>100</TRANSFERENCE>
          <SHOW>false</SHOW>
          <INTERPOLATE>true</INTERPOLATE>
          <ACTIVE>false</ACTIVE>
          <VALUE>0</VALUE>
          <MIN>-100</MIN>
          <MAX>100</MAX>
          <MIN_RATE>-1000</MIN_RATE>
          <MAX_RATE>1000</MAX_RATE>
          <METRIC_UNIT>C</METRIC_UNIT>
          <IMPERIAL_UNIT>F</IMPERIAL_UNIT>
          <IMPERIAL_CONVERSION_FORMULA>x*(9/5)+32</IMPERIAL_CONVERSION_FORMULA>
          <METRIC_CONVERSION_FORMULA>(x-32)*(5/9)</METRIC_CONVERSION_FORMULA>
         </ENVIRONMENT_OPTION>
         <ENVIRONMENT_OPTION>
          <CATEGORY_ID>Water</CATEGORY_ID>
          <ID>Water Volume</ID>
          <NAME>Volume</NAME>
          <CATEGORY>Water</CATEGORY>
          <TRANSFERENCE>100</TRANSFERENCE>
          <SHOW>false</SHOW>
          <INTERPOLATE>true</INTERPOLATE>
          <ACTIVE>false</ACTIVE>
          <VALUE>0</VALUE>
          <MIN>0</MIN>
          <MAX>10000</MAX>
          <MIN_RATE>-1000</MIN_RATE>
          <MAX_RATE>1000</MAX_RATE>
          <METRIC_UNIT>L</METRIC_UNIT>
          <IMPERIAL_UNIT>gal</IMPERIAL_UNIT>
          <IMPERIAL_CONVERSION_FORMULA>x*0.26417</IMPERIAL_CONVERSION_FORMULA>
          <METRIC_CONVERSION_FORMULA>x/0.26417</METRIC_CONVERSION_FORMULA>
         </ENVIRONMENT_OPTION>
         <ENVIRONMENT_OPTION>
          <CATEGORY_ID>Water</CATEGORY_ID>
          <ID>Water pH</ID>
          <NAME>Water pH</NAME>
          <CATEGORY>Water</CATEGORY>
          <TRANSFERENCE>100</TRANSFERENCE>
          <SHOW>false</SHOW>
          <INTERPOLATE>true</INTERPOLATE>
          <ACTIVE>false</ACTIVE>
          <VALUE>0</VALUE>
          <MIN>0</MIN>
          <MAX>100</MAX>
          <MIN_RATE>-1000</MIN_RATE>
          <MAX_RATE>1000</MAX_RATE>
          <METRIC_UNIT>pH</METRIC_UNIT>
          <IMPERIAL_UNIT></IMPERIAL_UNIT>
          <IMPERIAL_CONVERSION_FORMULA></IMPERIAL_CONVERSION_FORMULA>
          <METRIC_CONVERSION_FORMULA></METRIC_CONVERSION_FORMULA>
         </ENVIRONMENT_OPTION>
         <ENVIRONMENT_OPTION>
          <CATEGORY_ID>Electricity</CATEGORY_ID>
          <ID>Watts</ID>
          <NAME>Watts</NAME>
          <CATEGORY>Electricity</CATEGORY>
          <TRANSFERENCE>100</TRANSFERENCE>
          <SHOW>false</SHOW>
          <INTERPOLATE>true</INTERPOLATE>
          <ACTIVE>false</ACTIVE>
          <VALUE>0</VALUE>
          <MIN>-100</MIN>
          <MAX>100</MAX>
          <MIN_RATE>-1000</MIN_RATE>
          <MAX_RATE>1000</MAX_RATE>
          <METRIC_UNIT>W</METRIC_UNIT>
          <IMPERIAL_UNIT></IMPERIAL_UNIT>
          <IMPERIAL_CONVERSION_FORMULA></IMPERIAL_CONVERSION_FORMULA>
          <METRIC_CONVERSION_FORMULA></METRIC_CONVERSION_FORMULA>
         </ENVIRONMENT_OPTION>
         <ENVIRONMENT_OPTION>
          <CATEGORY_ID>Sound</CATEGORY_ID>
          <ID>White Noise</ID>
          <NAME>White Noise</NAME>
          <CATEGORY>Sound</CATEGORY>
          <TRANSFERENCE>100</TRANSFERENCE>
          <SHOW>false</SHOW>
          <INTERPOLATE>true</INTERPOLATE>
          <ACTIVE>false</ACTIVE>
          <VALUE>0</VALUE>
          <MIN>0</MIN>
          <MAX>100</MAX>
          <MIN_RATE>-1000</MIN_RATE>
          <MAX_RATE>1000</MAX_RATE>
          <METRIC_UNIT>%</METRIC_UNIT>
          <IMPERIAL_UNIT></IMPERIAL_UNIT>
          <IMPERIAL_CONVERSION_FORMULA></IMPERIAL_CONVERSION_FORMULA>
          <METRIC_CONVERSION_FORMULA></METRIC_CONVERSION_FORMULA>
         </ENVIRONMENT_OPTION>
         <ENVIRONMENT_OPTION>
          <CATEGORY_ID>Wind</CATEGORY_ID>
          <ID>Wind Direction</ID>
          <NAME>Direction</NAME>
          <CATEGORY>Wind</CATEGORY>
          <TRANSFERENCE>100</TRANSFERENCE>
          <SHOW>true</SHOW>
          <INTERPOLATE>true</INTERPOLATE>
          <ACTIVE>false</ACTIVE>
          <VALUE>0</VALUE>
          <MIN>-100</MIN>
          <MAX>100</MAX>
          <MIN_RATE>-1000</MIN_RATE>
          <MAX_RATE>1000</MAX_RATE>
          <METRIC_UNIT>degrees</METRIC_UNIT>
          <IMPERIAL_UNIT></IMPERIAL_UNIT>
          <IMPERIAL_CONVERSION_FORMULA></IMPERIAL_CONVERSION_FORMULA>
          <METRIC_CONVERSION_FORMULA></METRIC_CONVERSION_FORMULA>
         </ENVIRONMENT_OPTION>
         <ENVIRONMENT_OPTION>
          <CATEGORY_ID>Wind</CATEGORY_ID>
          <ID>Wind Gusts</ID>
          <NAME>Variance (gusts)</NAME>
          <CATEGORY>Wind</CATEGORY>
          <TRANSFERENCE>100</TRANSFERENCE>
          <SHOW>true</SHOW>
          <INTERPOLATE>true</INTERPOLATE>
          <ACTIVE>false</ACTIVE>
          <VALUE>0</VALUE>
          <MIN>0</MIN>
          <MAX>100</MAX>
          <MIN_RATE>-1000</MIN_RATE>
          <MAX_RATE>1000</MAX_RATE>
          <METRIC_UNIT>%</METRIC_UNIT>
          <IMPERIAL_UNIT></IMPERIAL_UNIT>
          <IMPERIAL_CONVERSION_FORMULA></IMPERIAL_CONVERSION_FORMULA>
          <METRIC_CONVERSION_FORMULA></METRIC_CONVERSION_FORMULA>
         </ENVIRONMENT_OPTION>
         <ENVIRONMENT_OPTION>
          <CATEGORY_ID>Wind</CATEGORY_ID>
          <ID>Wind Speed</ID>
          <NAME>Speed</NAME>
          <CATEGORY>Wind</CATEGORY>
          <TRANSFERENCE>100</TRANSFERENCE>
          <SHOW>true</SHOW>
          <INTERPOLATE>true</INTERPOLATE>
          <ACTIVE>false</ACTIVE>
          <VALUE>0</VALUE>
          <MIN>0</MIN>
          <MAX>100</MAX>
          <MIN_RATE>-1000</MIN_RATE>
          <MAX_RATE>1000</MAX_RATE>
          <METRIC_UNIT>kph</METRIC_UNIT>
          <IMPERIAL_UNIT>mph</IMPERIAL_UNIT>
          <IMPERIAL_CONVERSION_FORMULA>x/1.609344</IMPERIAL_CONVERSION_FORMULA>
          <METRIC_CONVERSION_FORMULA>x*1.609344</METRIC_CONVERSION_FORMULA>
         </ENVIRONMENT_OPTION>
        </ENVIRONMENT_OPTIONS>
       </KEYFRAME>
      </KEYFRAMES>
      <ENVIRONMENT_OPTIONS>
       <ENVIRONMENT_OPTION>
        <CATEGORY_ID>Radiation</CATEGORY_ID>
        <ID>Alpha</ID>
        <NAME>Alpha</NAME>
        <CATEGORY>Radiation</CATEGORY>
        <TRANSFERENCE>100</TRANSFERENCE>
        <SHOW>false</SHOW>
        <INTERPOLATE>true</INTERPOLATE>
        <ACTIVE>false</ACTIVE>
        <VALUE>0</VALUE>
        <MIN>0</MIN>
        <MAX>100</MAX>
        <MIN_RATE>-1000</MIN_RATE>
        <MAX_RATE>1000</MAX_RATE>
        <METRIC_UNIT>%</METRIC_UNIT>
        <IMPERIAL_UNIT></IMPERIAL_UNIT>
        <IMPERIAL_CONVERSION_FORMULA></IMPERIAL_CONVERSION_FORMULA>
        <METRIC_CONVERSION_FORMULA></METRIC_CONVERSION_FORMULA>
       </ENVIRONMENT_OPTION>
       <ENVIRONMENT_OPTION>
        <CATEGORY_ID>Temperature</CATEGORY_ID>
        <ID>Ambient Temperature</ID>
        <NAME>Ambient Temperature</NAME>
        <CATEGORY>Temperature</CATEGORY>
        <TRANSFERENCE>100</TRANSFERENCE>
        <SHOW>true</SHOW>
        <INTERPOLATE>true</INTERPOLATE>
        <ACTIVE>false</ACTIVE>
        <VALUE>0</VALUE>
        <MIN>-100</MIN>
        <MAX>100</MAX>
        <MIN_RATE>-0.00138889</MIN_RATE>
        <MAX_RATE>0.00138889</MAX_RATE>
        <METRIC_UNIT>C</METRIC_UNIT>
        <IMPERIAL_UNIT>F</IMPERIAL_UNIT>
        <IMPERIAL_CONVERSION_FORMULA>x*(9/5)+32</IMPERIAL_CONVERSION_FORMULA>
        <METRIC_CONVERSION_FORMULA>(x-32)*(5/9)</METRIC_CONVERSION_FORMULA>
       </ENVIRONMENT_OPTION>
       <ENVIRONMENT_OPTION>
        <CATEGORY_ID>Gases</CATEGORY_ID>
        <ID>Argon</ID>
        <NAME>Argon</NAME>
        <CATEGORY>Gases</CATEGORY>
        <TRANSFERENCE>100</TRANSFERENCE>
        <SHOW>true</SHOW>
        <INTERPOLATE>true</INTERPOLATE>
        <ACTIVE>false</ACTIVE>
        <VALUE>0.934</VALUE>
        <MIN>0</MIN>
        <MAX>100</MAX>
        <MIN_RATE>-1000</MIN_RATE>
        <MAX_RATE>1000</MAX_RATE>
        <METRIC_UNIT>%</METRIC_UNIT>
        <IMPERIAL_UNIT></IMPERIAL_UNIT>
        <IMPERIAL_CONVERSION_FORMULA></IMPERIAL_CONVERSION_FORMULA>
        <METRIC_CONVERSION_FORMULA></METRIC_CONVERSION_FORMULA>
       </ENVIRONMENT_OPTION>
       <ENVIRONMENT_OPTION>
        <CATEGORY_ID>Other</CATEGORY_ID>
        <ID>Atmospheric Pressure</ID>
        <NAME>Atmospheric Pressure</NAME>
        <CATEGORY>Other</CATEGORY>
        <TRANSFERENCE>100</TRANSFERENCE>
        <SHOW>true</SHOW>
        <INTERPOLATE>true</INTERPOLATE>
        <ACTIVE>false</ACTIVE>
        <VALUE>101.325</VALUE>
        <MIN>-100</MIN>
        <MAX>200</MAX>
        <MIN_RATE>-1000</MIN_RATE>
        <MAX_RATE>1000</MAX_RATE>
        <METRIC_UNIT>kPa</METRIC_UNIT>
        <IMPERIAL_UNIT>psi</IMPERIAL_UNIT>
        <IMPERIAL_CONVERSION_FORMULA>x*.14503773773020923</IMPERIAL_CONVERSION_FORMULA>
        <METRIC_CONVERSION_FORMULA></METRIC_CONVERSION_FORMULA>
       </ENVIRONMENT_OPTION>
       <ENVIRONMENT_OPTION>
        <CATEGORY_ID>Radiation</CATEGORY_ID>
        <ID>Beta</ID>
        <NAME>Beta</NAME>
        <CATEGORY>Radiation</CATEGORY>
        <TRANSFERENCE>100</TRANSFERENCE>
        <SHOW>false</SHOW>
        <INTERPOLATE>true</INTERPOLATE>
        <ACTIVE>false</ACTIVE>
        <VALUE>0</VALUE>
        <MIN>0</MIN>
        <MAX>100</MAX>
        <MIN_RATE>-1000</MIN_RATE>
        <MAX_RATE>1000</MAX_RATE>
        <METRIC_UNIT>%</METRIC_UNIT>
        <IMPERIAL_UNIT></IMPERIAL_UNIT>
        <IMPERIAL_CONVERSION_FORMULA></IMPERIAL_CONVERSION_FORMULA>
        <METRIC_CONVERSION_FORMULA></METRIC_CONVERSION_FORMULA>
       </ENVIRONMENT_OPTION>
       <ENVIRONMENT_OPTION>
        <CATEGORY_ID>Gases</CATEGORY_ID>
        <ID>CO</ID>
        <NAME>CO</NAME>
        <CATEGORY>Gases</CATEGORY>
        <TRANSFERENCE>100</TRANSFERENCE>
        <SHOW>true</SHOW>
        <INTERPOLATE>true</INTERPOLATE>
        <ACTIVE>false</ACTIVE>
        <VALUE>0</VALUE>
        <MIN>0</MIN>
        <MAX>100</MAX>
        <MIN_RATE>-1000</MIN_RATE>
        <MAX_RATE>1000</MAX_RATE>
        <METRIC_UNIT>%</METRIC_UNIT>
        <IMPERIAL_UNIT></IMPERIAL_UNIT>
        <IMPERIAL_CONVERSION_FORMULA></IMPERIAL_CONVERSION_FORMULA>
        <METRIC_CONVERSION_FORMULA></METRIC_CONVERSION_FORMULA>
       </ENVIRONMENT_OPTION>
       <ENVIRONMENT_OPTION>
        <CATEGORY_ID>Gases</CATEGORY_ID>
        <ID>CO2</ID>
        <NAME>CO&lt;sub>2&lt;/sub></NAME>
        <CATEGORY>Gases</CATEGORY>
        <TRANSFERENCE>100</TRANSFERENCE>
        <SHOW>true</SHOW>
        <INTERPOLATE>true</INTERPOLATE>
        <ACTIVE>false</ACTIVE>
        <VALUE>0.036</VALUE>
        <MIN>0</MIN>
        <MAX>100</MAX>
        <MIN_RATE>-1000</MIN_RATE>
        <MAX_RATE>1000</MAX_RATE>
        <METRIC_UNIT>%</METRIC_UNIT>
        <IMPERIAL_UNIT></IMPERIAL_UNIT>
        <IMPERIAL_CONVERSION_FORMULA></IMPERIAL_CONVERSION_FORMULA>
        <METRIC_CONVERSION_FORMULA></METRIC_CONVERSION_FORMULA>
       </ENVIRONMENT_OPTION>
       <ENVIRONMENT_OPTION>
        <CATEGORY_ID>Water</CATEGORY_ID>
        <ID>Clouds</ID>
        <NAME>Clouds</NAME>
        <CATEGORY>Water</CATEGORY>
        <TRANSFERENCE>100</TRANSFERENCE>
        <SHOW>true</SHOW>
        <INTERPOLATE>true</INTERPOLATE>
        <ACTIVE>false</ACTIVE>
        <VALUE>5.18403</VALUE>
        <MIN>0</MIN>
        <MAX>100</MAX>
        <MIN_RATE>-1000</MIN_RATE>
        <MAX_RATE>1000</MAX_RATE>
        <METRIC_UNIT>%</METRIC_UNIT>
        <IMPERIAL_UNIT></IMPERIAL_UNIT>
        <IMPERIAL_CONVERSION_FORMULA></IMPERIAL_CONVERSION_FORMULA>
        <METRIC_CONVERSION_FORMULA></METRIC_CONVERSION_FORMULA>
       </ENVIRONMENT_OPTION>
       <ENVIRONMENT_OPTION>
        <CATEGORY_ID>Earth Physical Features</CATEGORY_ID>
        <ID>Compaction</ID>
        <NAME>Compaction</NAME>
        <CATEGORY>Earth Physical Features</CATEGORY>
        <TRANSFERENCE>100</TRANSFERENCE>
        <SHOW>false</SHOW>
        <INTERPOLATE>true</INTERPOLATE>
        <ACTIVE>false</ACTIVE>
        <VALUE>0</VALUE>
        <MIN>0</MIN>
        <MAX>100</MAX>
        <MIN_RATE>-1000</MIN_RATE>
        <MAX_RATE>1000</MAX_RATE>
        <METRIC_UNIT>Moh</METRIC_UNIT>
        <IMPERIAL_UNIT></IMPERIAL_UNIT>
        <IMPERIAL_CONVERSION_FORMULA></IMPERIAL_CONVERSION_FORMULA>
        <METRIC_CONVERSION_FORMULA></METRIC_CONVERSION_FORMULA>
       </ENVIRONMENT_OPTION>
       <ENVIRONMENT_OPTION>
        <CATEGORY_ID>Earth Physical Features</CATEGORY_ID>
        <ID>Composition Hardness</ID>
        <NAME>Composition Hardness</NAME>
        <CATEGORY>Earth Physical Features</CATEGORY>
        <TRANSFERENCE>100</TRANSFERENCE>
        <SHOW>false</SHOW>
        <INTERPOLATE>true</INTERPOLATE>
        <ACTIVE>false</ACTIVE>
        <VALUE>0</VALUE>
        <MIN>0</MIN>
        <MAX>100</MAX>
        <MIN_RATE>-1000</MIN_RATE>
        <MAX_RATE>1000</MAX_RATE>
        <METRIC_UNIT>Moh</METRIC_UNIT>
        <IMPERIAL_UNIT></IMPERIAL_UNIT>
        <IMPERIAL_CONVERSION_FORMULA></IMPERIAL_CONVERSION_FORMULA>
        <METRIC_CONVERSION_FORMULA></METRIC_CONVERSION_FORMULA>
       </ENVIRONMENT_OPTION>
       <ENVIRONMENT_OPTION>
        <CATEGORY_ID>Light (Sun)</CATEGORY_ID>
        <ID>Electromagnetic Radiation</ID>
        <NAME>Electromagnetic Radiation</NAME>
        <CATEGORY>Light (Sun)</CATEGORY>
        <TRANSFERENCE>100</TRANSFERENCE>
        <SHOW>true</SHOW>
        <INTERPOLATE>true</INTERPOLATE>
        <ACTIVE>false</ACTIVE>
        <VALUE>0</VALUE>
        <MIN>0</MIN>
        <MAX>100</MAX>
        <MIN_RATE>-1000</MIN_RATE>
        <MAX_RATE>1000</MAX_RATE>
        <METRIC_UNIT>%</METRIC_UNIT>
        <IMPERIAL_UNIT></IMPERIAL_UNIT>
        <IMPERIAL_CONVERSION_FORMULA></IMPERIAL_CONVERSION_FORMULA>
        <METRIC_CONVERSION_FORMULA></METRIC_CONVERSION_FORMULA>
       </ENVIRONMENT_OPTION>
       <ENVIRONMENT_OPTION>
        <CATEGORY_ID>Earth Physical Features</CATEGORY_ID>
        <ID>Elevation</ID>
        <NAME>Elevation</NAME>
        <CATEGORY>Earth Physical Features</CATEGORY>
        <TRANSFERENCE>100</TRANSFERENCE>
        <SHOW>true</SHOW>
        <INTERPOLATE>true</INTERPOLATE>
        <ACTIVE>false</ACTIVE>
        <VALUE>22</VALUE>
        <MIN>0</MIN>
        <MAX>100000</MAX>
        <MIN_RATE>-1000</MIN_RATE>
        <MAX_RATE>1000</MAX_RATE>
        <METRIC_UNIT>m</METRIC_UNIT>
        <IMPERIAL_UNIT>ft</IMPERIAL_UNIT>
        <IMPERIAL_CONVERSION_FORMULA>x*3.2808</IMPERIAL_CONVERSION_FORMULA>
        <METRIC_CONVERSION_FORMULA>x/3.280</METRIC_CONVERSION_FORMULA>
       </ENVIRONMENT_OPTION>
       <ENVIRONMENT_OPTION>
        <CATEGORY_ID>Temperature</CATEGORY_ID>
        <ID>Fire</ID>
        <NAME>Fire</NAME>
        <CATEGORY>Temperature</CATEGORY>
        <TRANSFERENCE>100</TRANSFERENCE>
        <SHOW>false</SHOW>
        <INTERPOLATE>true</INTERPOLATE>
        <ACTIVE>false</ACTIVE>
        <VALUE>0</VALUE>
        <MIN>0</MIN>
        <MAX>100</MAX>
        <MIN_RATE>-1000</MIN_RATE>
        <MAX_RATE>1000</MAX_RATE>
        <METRIC_UNIT></METRIC_UNIT>
        <IMPERIAL_UNIT></IMPERIAL_UNIT>
        <IMPERIAL_CONVERSION_FORMULA></IMPERIAL_CONVERSION_FORMULA>
        <METRIC_CONVERSION_FORMULA></METRIC_CONVERSION_FORMULA>
       </ENVIRONMENT_OPTION>
       <ENVIRONMENT_OPTION>
        <CATEGORY_ID>Radiation</CATEGORY_ID>
        <ID>Gamma</ID>
        <NAME>Gamma</NAME>
        <CATEGORY>Radiation</CATEGORY>
        <TRANSFERENCE>100</TRANSFERENCE>
        <SHOW>false</SHOW>
        <INTERPOLATE>true</INTERPOLATE>
        <ACTIVE>false</ACTIVE>
        <VALUE>0</VALUE>
        <MIN>0</MIN>
        <MAX>100</MAX>
        <MIN_RATE>-1000</MIN_RATE>
        <MAX_RATE>1000</MAX_RATE>
        <METRIC_UNIT>%</METRIC_UNIT>
        <IMPERIAL_UNIT></IMPERIAL_UNIT>
        <IMPERIAL_CONVERSION_FORMULA></IMPERIAL_CONVERSION_FORMULA>
        <METRIC_CONVERSION_FORMULA></METRIC_CONVERSION_FORMULA>
       </ENVIRONMENT_OPTION>
       <ENVIRONMENT_OPTION>
        <CATEGORY_ID>Gravity</CATEGORY_ID>
        <ID>Gravity</ID>
        <NAME>Gravity</NAME>
        <CATEGORY>Gravity</CATEGORY>
        <TRANSFERENCE>100</TRANSFERENCE>
        <SHOW>true</SHOW>
        <INTERPOLATE>true</INTERPOLATE>
        <ACTIVE>false</ACTIVE>
        <VALUE>9.8</VALUE>
        <MIN>-100</MIN>
        <MAX>100</MAX>
        <MIN_RATE>-1000</MIN_RATE>
        <MAX_RATE>1000</MAX_RATE>
        <METRIC_UNIT>m/s&lt;sup>2&lt;/sup></METRIC_UNIT>
        <IMPERIAL_UNIT>ft/s&lt;sup>2&lt;/sup></IMPERIAL_UNIT>
        <IMPERIAL_CONVERSION_FORMULA>x*3.2808399</IMPERIAL_CONVERSION_FORMULA>
        <METRIC_CONVERSION_FORMULA>x*0.3048</METRIC_CONVERSION_FORMULA>
       </ENVIRONMENT_OPTION>
       <ENVIRONMENT_OPTION>
        <CATEGORY_ID>Energy</CATEGORY_ID>
        <ID>Heat</ID>
        <NAME>Heat (BTUs)</NAME>
        <CATEGORY>Energy</CATEGORY>
        <TRANSFERENCE>100</TRANSFERENCE>
        <SHOW>false</SHOW>
        <INTERPOLATE>true</INTERPOLATE>
        <ACTIVE>false</ACTIVE>
        <VALUE>0</VALUE>
        <MIN>-100</MIN>
        <MAX>100</MAX>
        <MIN_RATE>-1000</MIN_RATE>
        <MAX_RATE>1000</MAX_RATE>
        <METRIC_UNIT>KW</METRIC_UNIT>
        <IMPERIAL_UNIT>BTU/hr</IMPERIAL_UNIT>
        <IMPERIAL_CONVERSION_FORMULA>x*0.00029307103866</IMPERIAL_CONVERSION_FORMULA>
        <METRIC_CONVERSION_FORMULA>x*3412.142</METRIC_CONVERSION_FORMULA>
       </ENVIRONMENT_OPTION>
       <ENVIRONMENT_OPTION>
        <CATEGORY_ID>Gases</CATEGORY_ID>
        <ID>Helium</ID>
        <NAME>He</NAME>
        <CATEGORY>Gases</CATEGORY>
        <TRANSFERENCE>100</TRANSFERENCE>
        <SHOW>true</SHOW>
        <INTERPOLATE>true</INTERPOLATE>
        <ACTIVE>false</ACTIVE>
        <VALUE>0.000524</VALUE>
        <MIN>0</MIN>
        <MAX>100</MAX>
        <MIN_RATE>-1000</MIN_RATE>
        <MAX_RATE>1000</MAX_RATE>
        <METRIC_UNIT>%</METRIC_UNIT>
        <IMPERIAL_UNIT></IMPERIAL_UNIT>
        <IMPERIAL_CONVERSION_FORMULA></IMPERIAL_CONVERSION_FORMULA>
        <METRIC_CONVERSION_FORMULA></METRIC_CONVERSION_FORMULA>
       </ENVIRONMENT_OPTION>
       <ENVIRONMENT_OPTION>
        <CATEGORY_ID>Water</CATEGORY_ID>
        <ID>Humidity</ID>
        <NAME>Humidity</NAME>
        <CATEGORY>Water</CATEGORY>
        <TRANSFERENCE>100</TRANSFERENCE>
        <SHOW>true</SHOW>
        <INTERPOLATE>true</INTERPOLATE>
        <ACTIVE>false</ACTIVE>
        <VALUE>79.6319</VALUE>
        <MIN>0</MIN>
        <MAX>100</MAX>
        <MIN_RATE>-1000</MIN_RATE>
        <MAX_RATE>1000</MAX_RATE>
        <METRIC_UNIT>%</METRIC_UNIT>
        <IMPERIAL_UNIT></IMPERIAL_UNIT>
        <IMPERIAL_CONVERSION_FORMULA></IMPERIAL_CONVERSION_FORMULA>
        <METRIC_CONVERSION_FORMULA></METRIC_CONVERSION_FORMULA>
       </ENVIRONMENT_OPTION>
       <ENVIRONMENT_OPTION>
        <CATEGORY_ID>Gases</CATEGORY_ID>
        <ID>Hydrogen</ID>
        <NAME>H</NAME>
        <CATEGORY>Gases</CATEGORY>
        <TRANSFERENCE>100</TRANSFERENCE>
        <SHOW>true</SHOW>
        <INTERPOLATE>true</INTERPOLATE>
        <ACTIVE>false</ACTIVE>
        <VALUE>0.0005</VALUE>
        <MIN>0</MIN>
        <MAX>100</MAX>
        <MIN_RATE>-1000</MIN_RATE>
        <MAX_RATE>1000</MAX_RATE>
        <METRIC_UNIT>%</METRIC_UNIT>
        <IMPERIAL_UNIT></IMPERIAL_UNIT>
        <IMPERIAL_CONVERSION_FORMULA></IMPERIAL_CONVERSION_FORMULA>
        <METRIC_CONVERSION_FORMULA></METRIC_CONVERSION_FORMULA>
       </ENVIRONMENT_OPTION>
       <ENVIRONMENT_OPTION>
        <CATEGORY_ID>Light (Sun)</CATEGORY_ID>
        <ID>Infrared</ID>
        <NAME>Infrared</NAME>
        <CATEGORY>Light (Sun)</CATEGORY>
        <TRANSFERENCE>100</TRANSFERENCE>
        <SHOW>true</SHOW>
        <INTERPOLATE>true</INTERPOLATE>
        <ACTIVE>false</ACTIVE>
        <VALUE>0</VALUE>
        <MIN>0</MIN>
        <MAX>100</MAX>
        <MIN_RATE>-1000</MIN_RATE>
        <MAX_RATE>1000</MAX_RATE>
        <METRIC_UNIT>%</METRIC_UNIT>
        <IMPERIAL_UNIT></IMPERIAL_UNIT>
        <IMPERIAL_CONVERSION_FORMULA></IMPERIAL_CONVERSION_FORMULA>
        <METRIC_CONVERSION_FORMULA></METRIC_CONVERSION_FORMULA>
       </ENVIRONMENT_OPTION>
       <ENVIRONMENT_OPTION>
        <CATEGORY_ID>Temperature</CATEGORY_ID>
        <ID>Ionization</ID>
        <NAME>Ionization</NAME>
        <CATEGORY>Temperature</CATEGORY>
        <TRANSFERENCE>100</TRANSFERENCE>
        <SHOW>false</SHOW>
        <INTERPOLATE>true</INTERPOLATE>
        <ACTIVE>false</ACTIVE>
        <VALUE>0</VALUE>
        <MIN>0</MIN>
        <MAX>100</MAX>
        <MIN_RATE>-1000</MIN_RATE>
        <MAX_RATE>1000</MAX_RATE>
        <METRIC_UNIT>%</METRIC_UNIT>
        <IMPERIAL_UNIT></IMPERIAL_UNIT>
        <IMPERIAL_CONVERSION_FORMULA></IMPERIAL_CONVERSION_FORMULA>
        <METRIC_CONVERSION_FORMULA></METRIC_CONVERSION_FORMULA>
       </ENVIRONMENT_OPTION>
       <ENVIRONMENT_OPTION>
        <CATEGORY_ID>Light (Sun)</CATEGORY_ID>
        <ID>Luminosity</ID>
        <NAME>Luminosity</NAME>
        <CATEGORY>Light (Sun)</CATEGORY>
        <TRANSFERENCE>100</TRANSFERENCE>
        <SHOW>false</SHOW>
        <INTERPOLATE>true</INTERPOLATE>
        <ACTIVE>false</ACTIVE>
        <VALUE>0</VALUE>
        <MIN>0</MIN>
        <MAX>100</MAX>
        <MIN_RATE>-1000</MIN_RATE>
        <MAX_RATE>1000</MAX_RATE>
        <METRIC_UNIT>%</METRIC_UNIT>
        <IMPERIAL_UNIT></IMPERIAL_UNIT>
        <IMPERIAL_CONVERSION_FORMULA></IMPERIAL_CONVERSION_FORMULA>
        <METRIC_CONVERSION_FORMULA></METRIC_CONVERSION_FORMULA>
       </ENVIRONMENT_OPTION>
       <ENVIRONMENT_OPTION>
        <CATEGORY_ID>Gases</CATEGORY_ID>
        <ID>Methane</ID>
        <NAME>Methane</NAME>
        <CATEGORY>Gases</CATEGORY>
        <TRANSFERENCE>100</TRANSFERENCE>
        <SHOW>true</SHOW>
        <INTERPOLATE>true</INTERPOLATE>
        <ACTIVE>false</ACTIVE>
        <VALUE>0.00015</VALUE>
        <MIN>0</MIN>
        <MAX>100</MAX>
        <MIN_RATE>-1000</MIN_RATE>
        <MAX_RATE>1000</MAX_RATE>
        <METRIC_UNIT>%</METRIC_UNIT>
        <IMPERIAL_UNIT></IMPERIAL_UNIT>
        <IMPERIAL_CONVERSION_FORMULA></IMPERIAL_CONVERSION_FORMULA>
        <METRIC_CONVERSION_FORMULA></METRIC_CONVERSION_FORMULA>
       </ENVIRONMENT_OPTION>
       <ENVIRONMENT_OPTION>
        <CATEGORY_ID>Gravity</CATEGORY_ID>
        <ID>Moon Phases</ID>
        <NAME>Moon Phases</NAME>
        <CATEGORY>Gravity</CATEGORY>
        <TRANSFERENCE>100</TRANSFERENCE>
        <SHOW>false</SHOW>
        <INTERPOLATE>true</INTERPOLATE>
        <ACTIVE>false</ACTIVE>
        <VALUE>0</VALUE>
        <MIN>-100</MIN>
        <MAX>100</MAX>
        <MIN_RATE>-1000</MIN_RATE>
        <MAX_RATE>1000</MAX_RATE>
        <METRIC_UNIT></METRIC_UNIT>
        <IMPERIAL_UNIT></IMPERIAL_UNIT>
        <IMPERIAL_CONVERSION_FORMULA></IMPERIAL_CONVERSION_FORMULA>
        <METRIC_CONVERSION_FORMULA></METRIC_CONVERSION_FORMULA>
       </ENVIRONMENT_OPTION>
       <ENVIRONMENT_OPTION>
        <CATEGORY_ID>Motion</CATEGORY_ID>
        <ID>Motion Direction</ID>
        <NAME>Direction</NAME>
        <CATEGORY>Motion</CATEGORY>
        <TRANSFERENCE>100</TRANSFERENCE>
        <SHOW>false</SHOW>
        <INTERPOLATE>true</INTERPOLATE>
        <ACTIVE>false</ACTIVE>
        <VALUE>0</VALUE>
        <MIN>-100</MIN>
        <MAX>100</MAX>
        <MIN_RATE>-1000</MIN_RATE>
        <MAX_RATE>1000</MAX_RATE>
        <METRIC_UNIT>degrees</METRIC_UNIT>
        <IMPERIAL_UNIT></IMPERIAL_UNIT>
        <IMPERIAL_CONVERSION_FORMULA></IMPERIAL_CONVERSION_FORMULA>
        <METRIC_CONVERSION_FORMULA></METRIC_CONVERSION_FORMULA>
       </ENVIRONMENT_OPTION>
       <ENVIRONMENT_OPTION>
        <CATEGORY_ID>Motion</CATEGORY_ID>
        <ID>Motion Speed</ID>
        <NAME>Speed</NAME>
        <CATEGORY>Motion</CATEGORY>
        <TRANSFERENCE>100</TRANSFERENCE>
        <SHOW>false</SHOW>
        <INTERPOLATE>true</INTERPOLATE>
        <ACTIVE>false</ACTIVE>
        <VALUE>0</VALUE>
        <MIN>0</MIN>
        <MAX>100</MAX>
        <MIN_RATE>-1000</MIN_RATE>
        <MAX_RATE>1000</MAX_RATE>
        <METRIC_UNIT>kph</METRIC_UNIT>
        <IMPERIAL_UNIT>mph</IMPERIAL_UNIT>
        <IMPERIAL_CONVERSION_FORMULA>x/1.609344</IMPERIAL_CONVERSION_FORMULA>
        <METRIC_CONVERSION_FORMULA>x*1.609344</METRIC_CONVERSION_FORMULA>
       </ENVIRONMENT_OPTION>
       <ENVIRONMENT_OPTION>
        <CATEGORY_ID>Radiation</CATEGORY_ID>
        <ID>Neutron</ID>
        <NAME>Neutron</NAME>
        <CATEGORY>Radiation</CATEGORY>
        <TRANSFERENCE>100</TRANSFERENCE>
        <SHOW>false</SHOW>
        <INTERPOLATE>true</INTERPOLATE>
        <ACTIVE>false</ACTIVE>
        <VALUE>0</VALUE>
        <MIN>0</MIN>
        <MAX>100</MAX>
        <MIN_RATE>-1000</MIN_RATE>
        <MAX_RATE>1000</MAX_RATE>
        <METRIC_UNIT>%</METRIC_UNIT>
        <IMPERIAL_UNIT></IMPERIAL_UNIT>
        <IMPERIAL_CONVERSION_FORMULA></IMPERIAL_CONVERSION_FORMULA>
        <METRIC_CONVERSION_FORMULA></METRIC_CONVERSION_FORMULA>
       </ENVIRONMENT_OPTION>
       <ENVIRONMENT_OPTION>
        <CATEGORY_ID>Gases</CATEGORY_ID>
        <ID>Nitrogen</ID>
        <NAME>Nitrogen</NAME>
        <CATEGORY>Gases</CATEGORY>
        <TRANSFERENCE>100</TRANSFERENCE>
        <SHOW>true</SHOW>
        <INTERPOLATE>true</INTERPOLATE>
        <ACTIVE>false</ACTIVE>
        <VALUE>78.084</VALUE>
        <MIN>0</MIN>
        <MAX>100</MAX>
        <MIN_RATE>-1000</MIN_RATE>
        <MAX_RATE>1000</MAX_RATE>
        <METRIC_UNIT>%</METRIC_UNIT>
        <IMPERIAL_UNIT></IMPERIAL_UNIT>
        <IMPERIAL_CONVERSION_FORMULA></IMPERIAL_CONVERSION_FORMULA>
        <METRIC_CONVERSION_FORMULA></METRIC_CONVERSION_FORMULA>
       </ENVIRONMENT_OPTION>
       <ENVIRONMENT_OPTION>
        <CATEGORY_ID>Gases</CATEGORY_ID>
        <ID>O2</ID>
        <NAME>O&lt;sub>2&lt;/sub></NAME>
        <CATEGORY>Gases</CATEGORY>
        <TRANSFERENCE>100</TRANSFERENCE>
        <SHOW>true</SHOW>
        <INTERPOLATE>true</INTERPOLATE>
        <ACTIVE>false</ACTIVE>
        <VALUE>20.946</VALUE>
        <MIN>0</MIN>
        <MAX>100</MAX>
        <MIN_RATE>-1000</MIN_RATE>
        <MAX_RATE>1000</MAX_RATE>
        <METRIC_UNIT>%</METRIC_UNIT>
        <IMPERIAL_UNIT></IMPERIAL_UNIT>
        <IMPERIAL_CONVERSION_FORMULA></IMPERIAL_CONVERSION_FORMULA>
        <METRIC_CONVERSION_FORMULA></METRIC_CONVERSION_FORMULA>
       </ENVIRONMENT_OPTION>
       <ENVIRONMENT_OPTION>
        <CATEGORY_ID>Electricity</CATEGORY_ID>
        <ID>Ohms</ID>
        <NAME>Ohms</NAME>
        <CATEGORY>Electricity</CATEGORY>
        <TRANSFERENCE>100</TRANSFERENCE>
        <SHOW>false</SHOW>
        <INTERPOLATE>true</INTERPOLATE>
        <ACTIVE>false</ACTIVE>
        <VALUE>0</VALUE>
        <MIN>-100</MIN>
        <MAX>100</MAX>
        <MIN_RATE>-1000</MIN_RATE>
        <MAX_RATE>1000</MAX_RATE>
        <METRIC_UNIT>&amp;#8486;</METRIC_UNIT>
        <IMPERIAL_UNIT></IMPERIAL_UNIT>
        <IMPERIAL_CONVERSION_FORMULA></IMPERIAL_CONVERSION_FORMULA>
        <METRIC_CONVERSION_FORMULA></METRIC_CONVERSION_FORMULA>
       </ENVIRONMENT_OPTION>
       <ENVIRONMENT_OPTION>
        <CATEGORY_ID>Gases</CATEGORY_ID>
        <ID>Ozone</ID>
        <NAME>Ozone</NAME>
        <CATEGORY>Gases</CATEGORY>
        <TRANSFERENCE>100</TRANSFERENCE>
        <SHOW>false</SHOW>
        <INTERPOLATE>true</INTERPOLATE>
        <ACTIVE>false</ACTIVE>
        <VALUE>0</VALUE>
        <MIN>0</MIN>
        <MAX>100</MAX>
        <MIN_RATE>-1000</MIN_RATE>
        <MAX_RATE>1000</MAX_RATE>
        <METRIC_UNIT>%</METRIC_UNIT>
        <IMPERIAL_UNIT></IMPERIAL_UNIT>
        <IMPERIAL_CONVERSION_FORMULA></IMPERIAL_CONVERSION_FORMULA>
        <METRIC_CONVERSION_FORMULA></METRIC_CONVERSION_FORMULA>
       </ENVIRONMENT_OPTION>
       <ENVIRONMENT_OPTION>
        <CATEGORY_ID>Radiation</CATEGORY_ID>
        <ID>Photon</ID>
        <NAME>Photon</NAME>
        <CATEGORY>Radiation</CATEGORY>
        <TRANSFERENCE>100</TRANSFERENCE>
        <SHOW>false</SHOW>
        <INTERPOLATE>true</INTERPOLATE>
        <ACTIVE>false</ACTIVE>
        <VALUE>0</VALUE>
        <MIN>0</MIN>
        <MAX>100</MAX>
        <MIN_RATE>-1000</MIN_RATE>
        <MAX_RATE>1000</MAX_RATE>
        <METRIC_UNIT>%</METRIC_UNIT>
        <IMPERIAL_UNIT></IMPERIAL_UNIT>
        <IMPERIAL_CONVERSION_FORMULA></IMPERIAL_CONVERSION_FORMULA>
        <METRIC_CONVERSION_FORMULA></METRIC_CONVERSION_FORMULA>
       </ENVIRONMENT_OPTION>
       <ENVIRONMENT_OPTION>
        <CATEGORY_ID>Gases</CATEGORY_ID>
        <ID>Propane</ID>
        <NAME>Propane</NAME>
        <CATEGORY>Gases</CATEGORY>
        <TRANSFERENCE>100</TRANSFERENCE>
        <SHOW>false</SHOW>
        <INTERPOLATE>true</INTERPOLATE>
        <ACTIVE>false</ACTIVE>
        <VALUE>0</VALUE>
        <MIN>0</MIN>
        <MAX>100</MAX>
        <MIN_RATE>-1000</MIN_RATE>
        <MAX_RATE>1000</MAX_RATE>
        <METRIC_UNIT>%</METRIC_UNIT>
        <IMPERIAL_UNIT></IMPERIAL_UNIT>
        <IMPERIAL_CONVERSION_FORMULA></IMPERIAL_CONVERSION_FORMULA>
        <METRIC_CONVERSION_FORMULA></METRIC_CONVERSION_FORMULA>
       </ENVIRONMENT_OPTION>
       <ENVIRONMENT_OPTION>
        <CATEGORY_ID>Light (Sun)</CATEGORY_ID>
        <ID>Radiant Heat</ID>
        <NAME>Radiant Heat</NAME>
        <CATEGORY>Light (Sun)</CATEGORY>
        <TRANSFERENCE>100</TRANSFERENCE>
        <SHOW>true</SHOW>
        <INTERPOLATE>true</INTERPOLATE>
        <ACTIVE>false</ACTIVE>
        <VALUE>0</VALUE>
        <MIN>0</MIN>
        <MAX>100</MAX>
        <MIN_RATE>-1000</MIN_RATE>
        <MAX_RATE>1000</MAX_RATE>
        <METRIC_UNIT>%</METRIC_UNIT>
        <IMPERIAL_UNIT></IMPERIAL_UNIT>
        <IMPERIAL_CONVERSION_FORMULA></IMPERIAL_CONVERSION_FORMULA>
        <METRIC_CONVERSION_FORMULA></METRIC_CONVERSION_FORMULA>
       </ENVIRONMENT_OPTION>
       <ENVIRONMENT_OPTION>
        <CATEGORY_ID>Radiation</CATEGORY_ID>
        <ID>Radiation Level</ID>
        <NAME>Level</NAME>
        <CATEGORY>Radiation</CATEGORY>
        <TRANSFERENCE>100</TRANSFERENCE>
        <SHOW>true</SHOW>
        <INTERPOLATE>true</INTERPOLATE>
        <ACTIVE>true</ACTIVE>
        <VALUE>0</VALUE>
        <MIN>0</MIN>
        <MAX>1000</MAX>
        <MIN_RATE>-1000</MIN_RATE>
        <MAX_RATE>1000</MAX_RATE>
        <METRIC_UNIT>mrem</METRIC_UNIT>
        <IMPERIAL_UNIT></IMPERIAL_UNIT>
        <IMPERIAL_CONVERSION_FORMULA></IMPERIAL_CONVERSION_FORMULA>
        <METRIC_CONVERSION_FORMULA></METRIC_CONVERSION_FORMULA>
       </ENVIRONMENT_OPTION>
       <ENVIRONMENT_OPTION>
        <CATEGORY_ID>Water</CATEGORY_ID>
        <ID>Rain</ID>
        <NAME>Rain</NAME>
        <CATEGORY>Water</CATEGORY>
        <TRANSFERENCE>100</TRANSFERENCE>
        <SHOW>true</SHOW>
        <INTERPOLATE>true</INTERPOLATE>
        <ACTIVE>false</ACTIVE>
        <VALUE>0.0368056</VALUE>
        <MIN>-100</MIN>
        <MAX>100</MAX>
        <MIN_RATE>-1000</MIN_RATE>
        <MAX_RATE>1000</MAX_RATE>
        <METRIC_UNIT>cm</METRIC_UNIT>
        <IMPERIAL_UNIT>in</IMPERIAL_UNIT>
        <IMPERIAL_CONVERSION_FORMULA>x*0.39</IMPERIAL_CONVERSION_FORMULA>
        <METRIC_CONVERSION_FORMULA>x*2.54</METRIC_CONVERSION_FORMULA>
       </ENVIRONMENT_OPTION>
       <ENVIRONMENT_OPTION>
        <CATEGORY_ID>Temperature</CATEGORY_ID>
        <ID>Smoke</ID>
        <NAME>Smoke</NAME>
        <CATEGORY>Temperature</CATEGORY>
        <TRANSFERENCE>100</TRANSFERENCE>
        <SHOW>false</SHOW>
        <INTERPOLATE>true</INTERPOLATE>
        <ACTIVE>false</ACTIVE>
        <VALUE>0</VALUE>
        <MIN>0</MIN>
        <MAX>100</MAX>
        <MIN_RATE>-1000</MIN_RATE>
        <MAX_RATE>1000</MAX_RATE>
        <METRIC_UNIT>%</METRIC_UNIT>
        <IMPERIAL_UNIT></IMPERIAL_UNIT>
        <IMPERIAL_CONVERSION_FORMULA></IMPERIAL_CONVERSION_FORMULA>
        <METRIC_CONVERSION_FORMULA></METRIC_CONVERSION_FORMULA>
       </ENVIRONMENT_OPTION>
       <ENVIRONMENT_OPTION>
        <CATEGORY_ID>Water</CATEGORY_ID>
        <ID>Snow</ID>
        <NAME>Snow</NAME>
        <CATEGORY>Water</CATEGORY>
        <TRANSFERENCE>100</TRANSFERENCE>
        <SHOW>true</SHOW>
        <INTERPOLATE>true</INTERPOLATE>
        <ACTIVE>false</ACTIVE>
        <VALUE>0</VALUE>
        <MIN>-100</MIN>
        <MAX>100</MAX>
        <MIN_RATE>-1000</MIN_RATE>
        <MAX_RATE>1000</MAX_RATE>
        <METRIC_UNIT>cm</METRIC_UNIT>
        <IMPERIAL_UNIT>in</IMPERIAL_UNIT>
        <IMPERIAL_CONVERSION_FORMULA>x*0.39</IMPERIAL_CONVERSION_FORMULA>
        <METRIC_CONVERSION_FORMULA>x*2.54</METRIC_CONVERSION_FORMULA>
       </ENVIRONMENT_OPTION>
       <ENVIRONMENT_OPTION>
        <CATEGORY_ID>Earth Physical Features</CATEGORY_ID>
        <ID>Soil pH</ID>
        <NAME>Soil pH</NAME>
        <CATEGORY>Earth Physical Features</CATEGORY>
        <TRANSFERENCE>100</TRANSFERENCE>
        <SHOW>true</SHOW>
        <INTERPOLATE>true</INTERPOLATE>
        <ACTIVE>false</ACTIVE>
        <VALUE>7</VALUE>
        <MIN>0</MIN>
        <MAX>100</MAX>
        <MIN_RATE>-1000</MIN_RATE>
        <MAX_RATE>1000</MAX_RATE>
        <METRIC_UNIT>pH</METRIC_UNIT>
        <IMPERIAL_UNIT></IMPERIAL_UNIT>
        <IMPERIAL_CONVERSION_FORMULA></IMPERIAL_CONVERSION_FORMULA>
        <METRIC_CONVERSION_FORMULA></METRIC_CONVERSION_FORMULA>
       </ENVIRONMENT_OPTION>
       <ENVIRONMENT_OPTION>
        <CATEGORY_ID>Sound</CATEGORY_ID>
        <ID>Sound Pitch</ID>
        <NAME>Pitch</NAME>
        <CATEGORY>Sound</CATEGORY>
        <TRANSFERENCE>100</TRANSFERENCE>
        <SHOW>false</SHOW>
        <INTERPOLATE>true</INTERPOLATE>
        <ACTIVE>false</ACTIVE>
        <VALUE>0</VALUE>
        <MIN>0</MIN>
        <MAX>100</MAX>
        <MIN_RATE>-1000</MIN_RATE>
        <MAX_RATE>1000</MAX_RATE>
        <METRIC_UNIT>CPS</METRIC_UNIT>
        <IMPERIAL_UNIT></IMPERIAL_UNIT>
        <IMPERIAL_CONVERSION_FORMULA></IMPERIAL_CONVERSION_FORMULA>
        <METRIC_CONVERSION_FORMULA></METRIC_CONVERSION_FORMULA>
       </ENVIRONMENT_OPTION>
       <ENVIRONMENT_OPTION>
        <CATEGORY_ID>Sound</CATEGORY_ID>
        <ID>Sound Volume</ID>
        <NAME>Volume</NAME>
        <CATEGORY>Sound</CATEGORY>
        <TRANSFERENCE>100</TRANSFERENCE>
        <SHOW>false</SHOW>
        <INTERPOLATE>true</INTERPOLATE>
        <ACTIVE>false</ACTIVE>
        <VALUE>0</VALUE>
        <MIN>0</MIN>
        <MAX>100</MAX>
        <MIN_RATE>-1000</MIN_RATE>
        <MAX_RATE>1000</MAX_RATE>
        <METRIC_UNIT>dB</METRIC_UNIT>
        <IMPERIAL_UNIT></IMPERIAL_UNIT>
        <IMPERIAL_CONVERSION_FORMULA></IMPERIAL_CONVERSION_FORMULA>
        <METRIC_CONVERSION_FORMULA></METRIC_CONVERSION_FORMULA>
       </ENVIRONMENT_OPTION>
       <ENVIRONMENT_OPTION>
        <CATEGORY_ID>Light (Sun)</CATEGORY_ID>
        <ID>Sunlight</ID>
        <NAME>Sunlight</NAME>
        <CATEGORY>Light (Sun)</CATEGORY>
        <TRANSFERENCE>100</TRANSFERENCE>
        <SHOW>true</SHOW>
        <INTERPOLATE>true</INTERPOLATE>
        <ACTIVE>false</ACTIVE>
        <VALUE>0</VALUE>
        <MIN>0</MIN>
        <MAX>100</MAX>
        <MIN_RATE>-1000</MIN_RATE>
        <MAX_RATE>1000</MAX_RATE>
        <METRIC_UNIT>%</METRIC_UNIT>
        <IMPERIAL_UNIT></IMPERIAL_UNIT>
        <IMPERIAL_CONVERSION_FORMULA></IMPERIAL_CONVERSION_FORMULA>
        <METRIC_CONVERSION_FORMULA></METRIC_CONVERSION_FORMULA>
       </ENVIRONMENT_OPTION>
       <ENVIRONMENT_OPTION>
        <CATEGORY_ID>Energy</CATEGORY_ID>
        <ID>Torque</ID>
        <NAME>Torque</NAME>
        <CATEGORY>Energy</CATEGORY>
        <TRANSFERENCE>100</TRANSFERENCE>
        <SHOW>false</SHOW>
        <INTERPOLATE>true</INTERPOLATE>
        <ACTIVE>false</ACTIVE>
        <VALUE>0</VALUE>
        <MIN>-100</MIN>
        <MAX>100</MAX>
        <MIN_RATE>-1000</MIN_RATE>
        <MAX_RATE>1000</MAX_RATE>
        <METRIC_UNIT>m/kg</METRIC_UNIT>
        <IMPERIAL_UNIT>ft/lb</IMPERIAL_UNIT>
        <IMPERIAL_CONVERSION_FORMULA>x*1.48816</IMPERIAL_CONVERSION_FORMULA>
        <METRIC_CONVERSION_FORMULA>x*0.671969</METRIC_CONVERSION_FORMULA>
       </ENVIRONMENT_OPTION>
       <ENVIRONMENT_OPTION>
        <CATEGORY_ID>Light (Sun)</CATEGORY_ID>
        <ID>Ultraviolet</ID>
        <NAME>Ultraviolet</NAME>
        <CATEGORY>Light (Sun)</CATEGORY>
        <TRANSFERENCE>100</TRANSFERENCE>
        <SHOW>true</SHOW>
        <INTERPOLATE>true</INTERPOLATE>
        <ACTIVE>false</ACTIVE>
        <VALUE>0</VALUE>
        <MIN>0</MIN>
        <MAX>100</MAX>
        <MIN_RATE>-1000</MIN_RATE>
        <MAX_RATE>1000</MAX_RATE>
        <METRIC_UNIT>%</METRIC_UNIT>
        <IMPERIAL_UNIT></IMPERIAL_UNIT>
        <IMPERIAL_CONVERSION_FORMULA></IMPERIAL_CONVERSION_FORMULA>
        <METRIC_CONVERSION_FORMULA></METRIC_CONVERSION_FORMULA>
       </ENVIRONMENT_OPTION>
       <ENVIRONMENT_OPTION>
        <CATEGORY_ID>Light (Sun)</CATEGORY_ID>
        <ID>Visible Light</ID>
        <NAME>Visible</NAME>
        <CATEGORY>Light (Sun)</CATEGORY>
        <TRANSFERENCE>100</TRANSFERENCE>
        <SHOW>true</SHOW>
        <INTERPOLATE>true</INTERPOLATE>
        <ACTIVE>false</ACTIVE>
        <VALUE>0</VALUE>
        <MIN>0</MIN>
        <MAX>100</MAX>
        <MIN_RATE>-1000</MIN_RATE>
        <MAX_RATE>1000</MAX_RATE>
        <METRIC_UNIT>%</METRIC_UNIT>
        <IMPERIAL_UNIT></IMPERIAL_UNIT>
        <IMPERIAL_CONVERSION_FORMULA></IMPERIAL_CONVERSION_FORMULA>
        <METRIC_CONVERSION_FORMULA></METRIC_CONVERSION_FORMULA>
       </ENVIRONMENT_OPTION>
       <ENVIRONMENT_OPTION>
        <CATEGORY_ID>Electricity</CATEGORY_ID>
        <ID>Voltage</ID>
        <NAME>Voltage</NAME>
        <CATEGORY>Electricity</CATEGORY>
        <TRANSFERENCE>100</TRANSFERENCE>
        <SHOW>false</SHOW>
        <INTERPOLATE>true</INTERPOLATE>
        <ACTIVE>false</ACTIVE>
        <VALUE>0</VALUE>
        <MIN>-100</MIN>
        <MAX>100</MAX>
        <MIN_RATE>-1000</MIN_RATE>
        <MAX_RATE>1000</MAX_RATE>
        <METRIC_UNIT>V</METRIC_UNIT>
        <IMPERIAL_UNIT></IMPERIAL_UNIT>
        <IMPERIAL_CONVERSION_FORMULA></IMPERIAL_CONVERSION_FORMULA>
        <METRIC_CONVERSION_FORMULA></METRIC_CONVERSION_FORMULA>
       </ENVIRONMENT_OPTION>
       <ENVIRONMENT_OPTION>
        <CATEGORY_ID>Water</CATEGORY_ID>
        <ID>Water Level</ID>
        <NAME>Water Level</NAME>
        <CATEGORY>Water</CATEGORY>
        <TRANSFERENCE>100</TRANSFERENCE>
        <SHOW>true</SHOW>
        <INTERPOLATE>true</INTERPOLATE>
        <ACTIVE>false</ACTIVE>
        <VALUE>0</VALUE>
        <MIN>0</MIN>
        <MAX>100</MAX>
        <MIN_RATE>-1000</MIN_RATE>
        <MAX_RATE>1000</MAX_RATE>
        <METRIC_UNIT>cm</METRIC_UNIT>
        <IMPERIAL_UNIT>in</IMPERIAL_UNIT>
        <IMPERIAL_CONVERSION_FORMULA>x*0.39</IMPERIAL_CONVERSION_FORMULA>
        <METRIC_CONVERSION_FORMULA>x*2.54</METRIC_CONVERSION_FORMULA>
       </ENVIRONMENT_OPTION>
       <ENVIRONMENT_OPTION>
        <CATEGORY_ID>Water</CATEGORY_ID>
        <ID>Water Speed</ID>
        <NAME>Speed</NAME>
        <CATEGORY>Water</CATEGORY>
        <TRANSFERENCE>100</TRANSFERENCE>
        <SHOW>false</SHOW>
        <INTERPOLATE>true</INTERPOLATE>
        <ACTIVE>false</ACTIVE>
        <VALUE>0</VALUE>
        <MIN>0</MIN>
        <MAX>1000</MAX>
        <MIN_RATE>-1000</MIN_RATE>
        <MAX_RATE>1000</MAX_RATE>
        <METRIC_UNIT>kph</METRIC_UNIT>
        <IMPERIAL_UNIT>mph</IMPERIAL_UNIT>
        <IMPERIAL_CONVERSION_FORMULA>x/1.609344</IMPERIAL_CONVERSION_FORMULA>
        <METRIC_CONVERSION_FORMULA>x*1.609344</METRIC_CONVERSION_FORMULA>
       </ENVIRONMENT_OPTION>
       <ENVIRONMENT_OPTION>
        <CATEGORY_ID>Water</CATEGORY_ID>
        <ID>Water Temperature</ID>
        <NAME>Temperature</NAME>
        <CATEGORY>Water</CATEGORY>
        <TRANSFERENCE>100</TRANSFERENCE>
        <SHOW>false</SHOW>
        <INTERPOLATE>true</INTERPOLATE>
        <ACTIVE>false</ACTIVE>
        <VALUE>0</VALUE>
        <MIN>-100</MIN>
        <MAX>100</MAX>
        <MIN_RATE>-1000</MIN_RATE>
        <MAX_RATE>1000</MAX_RATE>
        <METRIC_UNIT>C</METRIC_UNIT>
        <IMPERIAL_UNIT>F</IMPERIAL_UNIT>
        <IMPERIAL_CONVERSION_FORMULA>x*(9/5)+32</IMPERIAL_CONVERSION_FORMULA>
        <METRIC_CONVERSION_FORMULA>(x-32)*(5/9)</METRIC_CONVERSION_FORMULA>
       </ENVIRONMENT_OPTION>
       <ENVIRONMENT_OPTION>
        <CATEGORY_ID>Water</CATEGORY_ID>
        <ID>Water Volume</ID>
        <NAME>Volume</NAME>
        <CATEGORY>Water</CATEGORY>
        <TRANSFERENCE>100</TRANSFERENCE>
        <SHOW>false</SHOW>
        <INTERPOLATE>true</INTERPOLATE>
        <ACTIVE>false</ACTIVE>
        <VALUE>0</VALUE>
        <MIN>0</MIN>
        <MAX>10000</MAX>
        <MIN_RATE>-1000</MIN_RATE>
        <MAX_RATE>1000</MAX_RATE>
        <METRIC_UNIT>L</METRIC_UNIT>
        <IMPERIAL_UNIT>gal</IMPERIAL_UNIT>
        <IMPERIAL_CONVERSION_FORMULA>x*0.26417</IMPERIAL_CONVERSION_FORMULA>
        <METRIC_CONVERSION_FORMULA>x/0.26417</METRIC_CONVERSION_FORMULA>
       </ENVIRONMENT_OPTION>
       <ENVIRONMENT_OPTION>
        <CATEGORY_ID>Water</CATEGORY_ID>
        <ID>Water pH</ID>
        <NAME>Water pH</NAME>
        <CATEGORY>Water</CATEGORY>
        <TRANSFERENCE>100</TRANSFERENCE>
        <SHOW>false</SHOW>
        <INTERPOLATE>true</INTERPOLATE>
        <ACTIVE>false</ACTIVE>
        <VALUE>0</VALUE>
        <MIN>0</MIN>
        <MAX>100</MAX>
        <MIN_RATE>-1000</MIN_RATE>
        <MAX_RATE>1000</MAX_RATE>
        <METRIC_UNIT>pH</METRIC_UNIT>
        <IMPERIAL_UNIT></IMPERIAL_UNIT>
        <IMPERIAL_CONVERSION_FORMULA></IMPERIAL_CONVERSION_FORMULA>
        <METRIC_CONVERSION_FORMULA></METRIC_CONVERSION_FORMULA>
       </ENVIRONMENT_OPTION>
       <ENVIRONMENT_OPTION>
        <CATEGORY_ID>Electricity</CATEGORY_ID>
        <ID>Watts</ID>
        <NAME>Watts</NAME>
        <CATEGORY>Electricity</CATEGORY>
        <TRANSFERENCE>100</TRANSFERENCE>
        <SHOW>false</SHOW>
        <INTERPOLATE>true</INTERPOLATE>
        <ACTIVE>false</ACTIVE>
        <VALUE>0</VALUE>
        <MIN>-100</MIN>
        <MAX>100</MAX>
        <MIN_RATE>-1000</MIN_RATE>
        <MAX_RATE>1000</MAX_RATE>
        <METRIC_UNIT>W</METRIC_UNIT>
        <IMPERIAL_UNIT></IMPERIAL_UNIT>
        <IMPERIAL_CONVERSION_FORMULA></IMPERIAL_CONVERSION_FORMULA>
        <METRIC_CONVERSION_FORMULA></METRIC_CONVERSION_FORMULA>
       </ENVIRONMENT_OPTION>
       <ENVIRONMENT_OPTION>
        <CATEGORY_ID>Sound</CATEGORY_ID>
        <ID>White Noise</ID>
        <NAME>White Noise</NAME>
        <CATEGORY>Sound</CATEGORY>
        <TRANSFERENCE>100</TRANSFERENCE>
        <SHOW>false</SHOW>
        <INTERPOLATE>true</INTERPOLATE>
        <ACTIVE>false</ACTIVE>
        <VALUE>0</VALUE>
        <MIN>0</MIN>
        <MAX>100</MAX>
        <MIN_RATE>-1000</MIN_RATE>
        <MAX_RATE>1000</MAX_RATE>
        <METRIC_UNIT>%</METRIC_UNIT>
        <IMPERIAL_UNIT></IMPERIAL_UNIT>
        <IMPERIAL_CONVERSION_FORMULA></IMPERIAL_CONVERSION_FORMULA>
        <METRIC_CONVERSION_FORMULA></METRIC_CONVERSION_FORMULA>
       </ENVIRONMENT_OPTION>
       <ENVIRONMENT_OPTION>
        <CATEGORY_ID>Wind</CATEGORY_ID>
        <ID>Wind Direction</ID>
        <NAME>Direction</NAME>
        <CATEGORY>Wind</CATEGORY>
        <TRANSFERENCE>100</TRANSFERENCE>
        <SHOW>true</SHOW>
        <INTERPOLATE>true</INTERPOLATE>
        <ACTIVE>false</ACTIVE>
        <VALUE>8.12847</VALUE>
        <MIN>-100</MIN>
        <MAX>100</MAX>
        <MIN_RATE>-1000</MIN_RATE>
        <MAX_RATE>1000</MAX_RATE>
        <METRIC_UNIT>degrees</METRIC_UNIT>
        <IMPERIAL_UNIT></IMPERIAL_UNIT>
        <IMPERIAL_CONVERSION_FORMULA></IMPERIAL_CONVERSION_FORMULA>
        <METRIC_CONVERSION_FORMULA></METRIC_CONVERSION_FORMULA>
       </ENVIRONMENT_OPTION>
       <ENVIRONMENT_OPTION>
        <CATEGORY_ID>Wind</CATEGORY_ID>
        <ID>Wind Gusts</ID>
        <NAME>Variance (gusts)</NAME>
        <CATEGORY>Wind</CATEGORY>
        <TRANSFERENCE>100</TRANSFERENCE>
        <SHOW>true</SHOW>
        <INTERPOLATE>true</INTERPOLATE>
        <ACTIVE>false</ACTIVE>
        <VALUE>0.736111</VALUE>
        <MIN>0</MIN>
        <MAX>100</MAX>
        <MIN_RATE>-1000</MIN_RATE>
        <MAX_RATE>1000</MAX_RATE>
        <METRIC_UNIT>%</METRIC_UNIT>
        <IMPERIAL_UNIT></IMPERIAL_UNIT>
        <IMPERIAL_CONVERSION_FORMULA></IMPERIAL_CONVERSION_FORMULA>
        <METRIC_CONVERSION_FORMULA></METRIC_CONVERSION_FORMULA>
       </ENVIRONMENT_OPTION>
       <ENVIRONMENT_OPTION>
        <CATEGORY_ID>Wind</CATEGORY_ID>
        <ID>Wind Speed</ID>
        <NAME>Speed</NAME>
        <CATEGORY>Wind</CATEGORY>
        <TRANSFERENCE>100</TRANSFERENCE>
        <SHOW>true</SHOW>
        <INTERPOLATE>true</INTERPOLATE>
        <ACTIVE>false</ACTIVE>
        <VALUE>0</VALUE>
        <MIN>0</MIN>
        <MAX>100</MAX>
        <MIN_RATE>-1000</MIN_RATE>
        <MAX_RATE>1000</MAX_RATE>
        <METRIC_UNIT>kph</METRIC_UNIT>
        <IMPERIAL_UNIT>mph</IMPERIAL_UNIT>
        <IMPERIAL_CONVERSION_FORMULA>x/1.609344</IMPERIAL_CONVERSION_FORMULA>
        <METRIC_CONVERSION_FORMULA>x*1.609344</METRIC_CONVERSION_FORMULA>
       </ENVIRONMENT_OPTION>
      </ENVIRONMENT_OPTIONS>
     </ENVIRONMENT>
     <UUID_STR>{21977af5-7fb8-4485-9495-7ca9ecf49bab}</UUID_STR>
     <SLOT>0</SLOT>
     <SUB_SLOT>0</SUB_SLOT>
    </NODE>
   </CHILDREN>
   <MANUAL_SCALING>false</MANUAL_SCALING>
   <SCALED_PIXMAP_WIDTH>0</SCALED_PIXMAP_WIDTH>
   <SCALED_PIXMAP_HEIGHT>0</SCALED_PIXMAP_HEIGHT>
   <INIT_WIDTH>20000</INIT_WIDTH>
   <INIT_HEIGHT>12415.8</INIT_HEIGHT>
   <INIT_DEPTH>30.48</INIT_DEPTH>
   <INIT_SX>5.8072</INIT_SX>
   <INIT_SY>5.8072</INIT_SY>
   <INIT_SZ>5.8072</INIT_SZ>
   <BG_TILED>false</BG_TILED>
   <CUSTOM_IMAGE_WIDTH>-1</CUSTOM_IMAGE_WIDTH>
   <CUSTOM_IMAGE_HEIGHT>-1</CUSTOM_IMAGE_HEIGHT>
   <SCALE_FACTOR>1</SCALE_FACTOR>
   <ENVIRONMENT>
    <TIME_IN_SECONDS>1590</TIME_IN_SECONDS>
    <TIME_MULTIPLIER>30</TIME_MULTIPLIER>
    <SIM_TIME_SETTING>30</SIM_TIME_SETTING>
    <REAL_TIME_SETTING>1</REAL_TIME_SETTING>
    <SIM_TIME_COMBO>60</SIM_TIME_COMBO>
    <REAL_TIME_COMBO>60</REAL_TIME_COMBO>
    <NOTES></NOTES>
    <SHOW_NOTES>false</SHOW_NOTES>
    <KEYFRAMES>
     <KEYFRAME>
      <TIME>0</TIME>
      <ENVIRONMENT_OPTIONS>
       <ENVIRONMENT_OPTION>
        <CATEGORY_ID>Radiation</CATEGORY_ID>
        <ID>Alpha</ID>
        <NAME>Alpha</NAME>
        <CATEGORY>Radiation</CATEGORY>
        <TRANSFERENCE>100</TRANSFERENCE>
        <SHOW>false</SHOW>
        <INTERPOLATE>true</INTERPOLATE>
        <ACTIVE>false</ACTIVE>
        <VALUE>0</VALUE>
        <MIN>0</MIN>
        <MAX>100</MAX>
        <MIN_RATE>-1000</MIN_RATE>
        <MAX_RATE>1000</MAX_RATE>
        <METRIC_UNIT>%</METRIC_UNIT>
        <IMPERIAL_UNIT></IMPERIAL_UNIT>
        <IMPERIAL_CONVERSION_FORMULA></IMPERIAL_CONVERSION_FORMULA>
        <METRIC_CONVERSION_FORMULA></METRIC_CONVERSION_FORMULA>
       </ENVIRONMENT_OPTION>
       <ENVIRONMENT_OPTION>
        <CATEGORY_ID>Temperature</CATEGORY_ID>
        <ID>Ambient Temperature</ID>
        <NAME>Ambient Temperature</NAME>
        <CATEGORY>Temperature</CATEGORY>
        <TRANSFERENCE>100</TRANSFERENCE>
        <SHOW>true</SHOW>
        <INTERPOLATE>true</INTERPOLATE>
        <ACTIVE>true</ACTIVE>
        <VALUE>0</VALUE>
        <MIN>-100</MIN>
        <MAX>100</MAX>
        <MIN_RATE>-0.00138889</MIN_RATE>
        <MAX_RATE>0.00138889</MAX_RATE>
        <METRIC_UNIT>C</METRIC_UNIT>
        <IMPERIAL_UNIT>F</IMPERIAL_UNIT>
        <IMPERIAL_CONVERSION_FORMULA>x*(9/5)+32</IMPERIAL_CONVERSION_FORMULA>
        <METRIC_CONVERSION_FORMULA>(x-32)*(5/9)</METRIC_CONVERSION_FORMULA>
       </ENVIRONMENT_OPTION>
       <ENVIRONMENT_OPTION>
        <CATEGORY_ID>Gases</CATEGORY_ID>
        <ID>Argon</ID>
        <NAME>Argon</NAME>
        <CATEGORY>Gases</CATEGORY>
        <TRANSFERENCE>100</TRANSFERENCE>
        <SHOW>true</SHOW>
        <INTERPOLATE>true</INTERPOLATE>
        <ACTIVE>true</ACTIVE>
        <VALUE>0.934</VALUE>
        <MIN>0</MIN>
        <MAX>100</MAX>
        <MIN_RATE>-1000</MIN_RATE>
        <MAX_RATE>1000</MAX_RATE>
        <METRIC_UNIT>%</METRIC_UNIT>
        <IMPERIAL_UNIT></IMPERIAL_UNIT>
        <IMPERIAL_CONVERSION_FORMULA></IMPERIAL_CONVERSION_FORMULA>
        <METRIC_CONVERSION_FORMULA></METRIC_CONVERSION_FORMULA>
       </ENVIRONMENT_OPTION>
       <ENVIRONMENT_OPTION>
        <CATEGORY_ID>Other</CATEGORY_ID>
        <ID>Atmospheric Pressure</ID>
        <NAME>Atmospheric Pressure</NAME>
        <CATEGORY>Other</CATEGORY>
        <TRANSFERENCE>100</TRANSFERENCE>
        <SHOW>true</SHOW>
        <INTERPOLATE>true</INTERPOLATE>
        <ACTIVE>true</ACTIVE>
        <VALUE>101.325</VALUE>
        <MIN>-100</MIN>
        <MAX>200</MAX>
        <MIN_RATE>-1000</MIN_RATE>
        <MAX_RATE>1000</MAX_RATE>
        <METRIC_UNIT>kPa</METRIC_UNIT>
        <IMPERIAL_UNIT>psi</IMPERIAL_UNIT>
        <IMPERIAL_CONVERSION_FORMULA>x*.14503773773020923</IMPERIAL_CONVERSION_FORMULA>
        <METRIC_CONVERSION_FORMULA></METRIC_CONVERSION_FORMULA>
       </ENVIRONMENT_OPTION>
       <ENVIRONMENT_OPTION>
        <CATEGORY_ID>Radiation</CATEGORY_ID>
        <ID>Beta</ID>
        <NAME>Beta</NAME>
        <CATEGORY>Radiation</CATEGORY>
        <TRANSFERENCE>100</TRANSFERENCE>
        <SHOW>false</SHOW>
        <INTERPOLATE>true</INTERPOLATE>
        <ACTIVE>false</ACTIVE>
        <VALUE>0</VALUE>
        <MIN>0</MIN>
        <MAX>100</MAX>
        <MIN_RATE>-1000</MIN_RATE>
        <MAX_RATE>1000</MAX_RATE>
        <METRIC_UNIT>%</METRIC_UNIT>
        <IMPERIAL_UNIT></IMPERIAL_UNIT>
        <IMPERIAL_CONVERSION_FORMULA></IMPERIAL_CONVERSION_FORMULA>
        <METRIC_CONVERSION_FORMULA></METRIC_CONVERSION_FORMULA>
       </ENVIRONMENT_OPTION>
       <ENVIRONMENT_OPTION>
        <CATEGORY_ID>Gases</CATEGORY_ID>
        <ID>CO</ID>
        <NAME>CO</NAME>
        <CATEGORY>Gases</CATEGORY>
        <TRANSFERENCE>100</TRANSFERENCE>
        <SHOW>true</SHOW>
        <INTERPOLATE>true</INTERPOLATE>
        <ACTIVE>true</ACTIVE>
        <VALUE>0</VALUE>
        <MIN>0</MIN>
        <MAX>100</MAX>
        <MIN_RATE>-1000</MIN_RATE>
        <MAX_RATE>1000</MAX_RATE>
        <METRIC_UNIT>%</METRIC_UNIT>
        <IMPERIAL_UNIT></IMPERIAL_UNIT>
        <IMPERIAL_CONVERSION_FORMULA></IMPERIAL_CONVERSION_FORMULA>
        <METRIC_CONVERSION_FORMULA></METRIC_CONVERSION_FORMULA>
       </ENVIRONMENT_OPTION>
       <ENVIRONMENT_OPTION>
        <CATEGORY_ID>Gases</CATEGORY_ID>
        <ID>CO2</ID>
        <NAME>CO&lt;sub>2&lt;/sub></NAME>
        <CATEGORY>Gases</CATEGORY>
        <TRANSFERENCE>100</TRANSFERENCE>
        <SHOW>true</SHOW>
        <INTERPOLATE>true</INTERPOLATE>
        <ACTIVE>true</ACTIVE>
        <VALUE>0.036</VALUE>
        <MIN>0</MIN>
        <MAX>100</MAX>
        <MIN_RATE>-1000</MIN_RATE>
        <MAX_RATE>1000</MAX_RATE>
        <METRIC_UNIT>%</METRIC_UNIT>
        <IMPERIAL_UNIT></IMPERIAL_UNIT>
        <IMPERIAL_CONVERSION_FORMULA></IMPERIAL_CONVERSION_FORMULA>
        <METRIC_CONVERSION_FORMULA></METRIC_CONVERSION_FORMULA>
       </ENVIRONMENT_OPTION>
       <ENVIRONMENT_OPTION>
        <CATEGORY_ID>Water</CATEGORY_ID>
        <ID>Clouds</ID>
        <NAME>Clouds</NAME>
        <CATEGORY>Water</CATEGORY>
        <TRANSFERENCE>100</TRANSFERENCE>
        <SHOW>true</SHOW>
        <INTERPOLATE>true</INTERPOLATE>
        <ACTIVE>true</ACTIVE>
        <VALUE>5</VALUE>
        <MIN>0</MIN>
        <MAX>100</MAX>
        <MIN_RATE>-1000</MIN_RATE>
        <MAX_RATE>1000</MAX_RATE>
        <METRIC_UNIT>%</METRIC_UNIT>
        <IMPERIAL_UNIT></IMPERIAL_UNIT>
        <IMPERIAL_CONVERSION_FORMULA></IMPERIAL_CONVERSION_FORMULA>
        <METRIC_CONVERSION_FORMULA></METRIC_CONVERSION_FORMULA>
       </ENVIRONMENT_OPTION>
       <ENVIRONMENT_OPTION>
        <CATEGORY_ID>Earth Physical Features</CATEGORY_ID>
        <ID>Compaction</ID>
        <NAME>Compaction</NAME>
        <CATEGORY>Earth Physical Features</CATEGORY>
        <TRANSFERENCE>100</TRANSFERENCE>
        <SHOW>false</SHOW>
        <INTERPOLATE>true</INTERPOLATE>
        <ACTIVE>false</ACTIVE>
        <VALUE>0</VALUE>
        <MIN>0</MIN>
        <MAX>100</MAX>
        <MIN_RATE>-1000</MIN_RATE>
        <MAX_RATE>1000</MAX_RATE>
        <METRIC_UNIT>Moh</METRIC_UNIT>
        <IMPERIAL_UNIT></IMPERIAL_UNIT>
        <IMPERIAL_CONVERSION_FORMULA></IMPERIAL_CONVERSION_FORMULA>
        <METRIC_CONVERSION_FORMULA></METRIC_CONVERSION_FORMULA>
       </ENVIRONMENT_OPTION>
       <ENVIRONMENT_OPTION>
        <CATEGORY_ID>Earth Physical Features</CATEGORY_ID>
        <ID>Composition Hardness</ID>
        <NAME>Composition Hardness</NAME>
        <CATEGORY>Earth Physical Features</CATEGORY>
        <TRANSFERENCE>100</TRANSFERENCE>
        <SHOW>false</SHOW>
        <INTERPOLATE>true</INTERPOLATE>
        <ACTIVE>false</ACTIVE>
        <VALUE>0</VALUE>
        <MIN>0</MIN>
        <MAX>100</MAX>
        <MIN_RATE>-1000</MIN_RATE>
        <MAX_RATE>1000</MAX_RATE>
        <METRIC_UNIT>Moh</METRIC_UNIT>
        <IMPERIAL_UNIT></IMPERIAL_UNIT>
        <IMPERIAL_CONVERSION_FORMULA></IMPERIAL_CONVERSION_FORMULA>
        <METRIC_CONVERSION_FORMULA></METRIC_CONVERSION_FORMULA>
       </ENVIRONMENT_OPTION>
       <ENVIRONMENT_OPTION>
        <CATEGORY_ID>Light (Sun)</CATEGORY_ID>
        <ID>Electromagnetic Radiation</ID>
        <NAME>Electromagnetic Radiation</NAME>
        <CATEGORY>Light (Sun)</CATEGORY>
        <TRANSFERENCE>100</TRANSFERENCE>
        <SHOW>true</SHOW>
        <INTERPOLATE>true</INTERPOLATE>
        <ACTIVE>true</ACTIVE>
        <VALUE>0</VALUE>
        <MIN>0</MIN>
        <MAX>100</MAX>
        <MIN_RATE>-1000</MIN_RATE>
        <MAX_RATE>1000</MAX_RATE>
        <METRIC_UNIT>%</METRIC_UNIT>
        <IMPERIAL_UNIT></IMPERIAL_UNIT>
        <IMPERIAL_CONVERSION_FORMULA></IMPERIAL_CONVERSION_FORMULA>
        <METRIC_CONVERSION_FORMULA></METRIC_CONVERSION_FORMULA>
       </ENVIRONMENT_OPTION>
       <ENVIRONMENT_OPTION>
        <CATEGORY_ID>Earth Physical Features</CATEGORY_ID>
        <ID>Elevation</ID>
        <NAME>Elevation</NAME>
        <CATEGORY>Earth Physical Features</CATEGORY>
        <TRANSFERENCE>100</TRANSFERENCE>
        <SHOW>true</SHOW>
        <INTERPOLATE>true</INTERPOLATE>
        <ACTIVE>true</ACTIVE>
        <VALUE>22</VALUE>
        <MIN>0</MIN>
        <MAX>100000</MAX>
        <MIN_RATE>-1000</MIN_RATE>
        <MAX_RATE>1000</MAX_RATE>
        <METRIC_UNIT>m</METRIC_UNIT>
        <IMPERIAL_UNIT>ft</IMPERIAL_UNIT>
        <IMPERIAL_CONVERSION_FORMULA>x*3.2808</IMPERIAL_CONVERSION_FORMULA>
        <METRIC_CONVERSION_FORMULA>x/3.280</METRIC_CONVERSION_FORMULA>
       </ENVIRONMENT_OPTION>
       <ENVIRONMENT_OPTION>
        <CATEGORY_ID>Temperature</CATEGORY_ID>
        <ID>Fire</ID>
        <NAME>Fire</NAME>
        <CATEGORY>Temperature</CATEGORY>
        <TRANSFERENCE>100</TRANSFERENCE>
        <SHOW>false</SHOW>
        <INTERPOLATE>true</INTERPOLATE>
        <ACTIVE>false</ACTIVE>
        <VALUE>0</VALUE>
        <MIN>0</MIN>
        <MAX>100</MAX>
        <MIN_RATE>-1000</MIN_RATE>
        <MAX_RATE>1000</MAX_RATE>
        <METRIC_UNIT></METRIC_UNIT>
        <IMPERIAL_UNIT></IMPERIAL_UNIT>
        <IMPERIAL_CONVERSION_FORMULA></IMPERIAL_CONVERSION_FORMULA>
        <METRIC_CONVERSION_FORMULA></METRIC_CONVERSION_FORMULA>
       </ENVIRONMENT_OPTION>
       <ENVIRONMENT_OPTION>
        <CATEGORY_ID>Radiation</CATEGORY_ID>
        <ID>Gamma</ID>
        <NAME>Gamma</NAME>
        <CATEGORY>Radiation</CATEGORY>
        <TRANSFERENCE>100</TRANSFERENCE>
        <SHOW>false</SHOW>
        <INTERPOLATE>true</INTERPOLATE>
        <ACTIVE>false</ACTIVE>
        <VALUE>0</VALUE>
        <MIN>0</MIN>
        <MAX>100</MAX>
        <MIN_RATE>-1000</MIN_RATE>
        <MAX_RATE>1000</MAX_RATE>
        <METRIC_UNIT>%</METRIC_UNIT>
        <IMPERIAL_UNIT></IMPERIAL_UNIT>
        <IMPERIAL_CONVERSION_FORMULA></IMPERIAL_CONVERSION_FORMULA>
        <METRIC_CONVERSION_FORMULA></METRIC_CONVERSION_FORMULA>
       </ENVIRONMENT_OPTION>
       <ENVIRONMENT_OPTION>
        <CATEGORY_ID>Gravity</CATEGORY_ID>
        <ID>Gravity</ID>
        <NAME>Gravity</NAME>
        <CATEGORY>Gravity</CATEGORY>
        <TRANSFERENCE>100</TRANSFERENCE>
        <SHOW>true</SHOW>
        <INTERPOLATE>true</INTERPOLATE>
        <ACTIVE>true</ACTIVE>
        <VALUE>9.8</VALUE>
        <MIN>-100</MIN>
        <MAX>100</MAX>
        <MIN_RATE>-1000</MIN_RATE>
        <MAX_RATE>1000</MAX_RATE>
        <METRIC_UNIT>m/s&lt;sup>2&lt;/sup></METRIC_UNIT>
        <IMPERIAL_UNIT>ft/s&lt;sup>2&lt;/sup></IMPERIAL_UNIT>
        <IMPERIAL_CONVERSION_FORMULA>x*3.2808399</IMPERIAL_CONVERSION_FORMULA>
        <METRIC_CONVERSION_FORMULA>x*0.3048</METRIC_CONVERSION_FORMULA>
       </ENVIRONMENT_OPTION>
       <ENVIRONMENT_OPTION>
        <CATEGORY_ID>Energy</CATEGORY_ID>
        <ID>Heat</ID>
        <NAME>Heat (BTUs)</NAME>
        <CATEGORY>Energy</CATEGORY>
        <TRANSFERENCE>100</TRANSFERENCE>
        <SHOW>false</SHOW>
        <INTERPOLATE>true</INTERPOLATE>
        <ACTIVE>false</ACTIVE>
        <VALUE>0</VALUE>
        <MIN>-100</MIN>
        <MAX>100</MAX>
        <MIN_RATE>-1000</MIN_RATE>
        <MAX_RATE>1000</MAX_RATE>
        <METRIC_UNIT>KW</METRIC_UNIT>
        <IMPERIAL_UNIT>BTU/hr</IMPERIAL_UNIT>
        <IMPERIAL_CONVERSION_FORMULA>x*0.00029307103866</IMPERIAL_CONVERSION_FORMULA>
        <METRIC_CONVERSION_FORMULA>x*3412.142</METRIC_CONVERSION_FORMULA>
       </ENVIRONMENT_OPTION>
       <ENVIRONMENT_OPTION>
        <CATEGORY_ID>Gases</CATEGORY_ID>
        <ID>Helium</ID>
        <NAME>He</NAME>
        <CATEGORY>Gases</CATEGORY>
        <TRANSFERENCE>100</TRANSFERENCE>
        <SHOW>true</SHOW>
        <INTERPOLATE>true</INTERPOLATE>
        <ACTIVE>true</ACTIVE>
        <VALUE>0.000524</VALUE>
        <MIN>0</MIN>
        <MAX>100</MAX>
        <MIN_RATE>-1000</MIN_RATE>
        <MAX_RATE>1000</MAX_RATE>
        <METRIC_UNIT>%</METRIC_UNIT>
        <IMPERIAL_UNIT></IMPERIAL_UNIT>
        <IMPERIAL_CONVERSION_FORMULA></IMPERIAL_CONVERSION_FORMULA>
        <METRIC_CONVERSION_FORMULA></METRIC_CONVERSION_FORMULA>
       </ENVIRONMENT_OPTION>
       <ENVIRONMENT_OPTION>
        <CATEGORY_ID>Water</CATEGORY_ID>
        <ID>Humidity</ID>
        <NAME>Humidity</NAME>
        <CATEGORY>Water</CATEGORY>
        <TRANSFERENCE>100</TRANSFERENCE>
        <SHOW>true</SHOW>
        <INTERPOLATE>true</INTERPOLATE>
        <ACTIVE>true</ACTIVE>
        <VALUE>80</VALUE>
        <MIN>0</MIN>
        <MAX>100</MAX>
        <MIN_RATE>-1000</MIN_RATE>
        <MAX_RATE>1000</MAX_RATE>
        <METRIC_UNIT>%</METRIC_UNIT>
        <IMPERIAL_UNIT></IMPERIAL_UNIT>
        <IMPERIAL_CONVERSION_FORMULA></IMPERIAL_CONVERSION_FORMULA>
        <METRIC_CONVERSION_FORMULA></METRIC_CONVERSION_FORMULA>
       </ENVIRONMENT_OPTION>
       <ENVIRONMENT_OPTION>
        <CATEGORY_ID>Gases</CATEGORY_ID>
        <ID>Hydrogen</ID>
        <NAME>H</NAME>
        <CATEGORY>Gases</CATEGORY>
        <TRANSFERENCE>100</TRANSFERENCE>
        <SHOW>true</SHOW>
        <INTERPOLATE>true</INTERPOLATE>
        <ACTIVE>true</ACTIVE>
        <VALUE>0.0005</VALUE>
        <MIN>0</MIN>
        <MAX>100</MAX>
        <MIN_RATE>-1000</MIN_RATE>
        <MAX_RATE>1000</MAX_RATE>
        <METRIC_UNIT>%</METRIC_UNIT>
        <IMPERIAL_UNIT></IMPERIAL_UNIT>
        <IMPERIAL_CONVERSION_FORMULA></IMPERIAL_CONVERSION_FORMULA>
        <METRIC_CONVERSION_FORMULA></METRIC_CONVERSION_FORMULA>
       </ENVIRONMENT_OPTION>
       <ENVIRONMENT_OPTION>
        <CATEGORY_ID>Light (Sun)</CATEGORY_ID>
        <ID>Infrared</ID>
        <NAME>Infrared</NAME>
        <CATEGORY>Light (Sun)</CATEGORY>
        <TRANSFERENCE>100</TRANSFERENCE>
        <SHOW>true</SHOW>
        <INTERPOLATE>true</INTERPOLATE>
        <ACTIVE>true</ACTIVE>
        <VALUE>0</VALUE>
        <MIN>0</MIN>
        <MAX>100</MAX>
        <MIN_RATE>-1000</MIN_RATE>
        <MAX_RATE>1000</MAX_RATE>
        <METRIC_UNIT>%</METRIC_UNIT>
        <IMPERIAL_UNIT></IMPERIAL_UNIT>
        <IMPERIAL_CONVERSION_FORMULA></IMPERIAL_CONVERSION_FORMULA>
        <METRIC_CONVERSION_FORMULA></METRIC_CONVERSION_FORMULA>
       </ENVIRONMENT_OPTION>
       <ENVIRONMENT_OPTION>
        <CATEGORY_ID>Temperature</CATEGORY_ID>
        <ID>Ionization</ID>
        <NAME>Ionization</NAME>
        <CATEGORY>Temperature</CATEGORY>
        <TRANSFERENCE>100</TRANSFERENCE>
        <SHOW>false</SHOW>
        <INTERPOLATE>true</INTERPOLATE>
        <ACTIVE>false</ACTIVE>
        <VALUE>0</VALUE>
        <MIN>0</MIN>
        <MAX>100</MAX>
        <MIN_RATE>-1000</MIN_RATE>
        <MAX_RATE>1000</MAX_RATE>
        <METRIC_UNIT>%</METRIC_UNIT>
        <IMPERIAL_UNIT></IMPERIAL_UNIT>
        <IMPERIAL_CONVERSION_FORMULA></IMPERIAL_CONVERSION_FORMULA>
        <METRIC_CONVERSION_FORMULA></METRIC_CONVERSION_FORMULA>
       </ENVIRONMENT_OPTION>
       <ENVIRONMENT_OPTION>
        <CATEGORY_ID>Light (Sun)</CATEGORY_ID>
        <ID>Luminosity</ID>
        <NAME>Luminosity</NAME>
        <CATEGORY>Light (Sun)</CATEGORY>
        <TRANSFERENCE>100</TRANSFERENCE>
        <SHOW>false</SHOW>
        <INTERPOLATE>true</INTERPOLATE>
        <ACTIVE>false</ACTIVE>
        <VALUE>0</VALUE>
        <MIN>0</MIN>
        <MAX>100</MAX>
        <MIN_RATE>-1000</MIN_RATE>
        <MAX_RATE>1000</MAX_RATE>
        <METRIC_UNIT>%</METRIC_UNIT>
        <IMPERIAL_UNIT></IMPERIAL_UNIT>
        <IMPERIAL_CONVERSION_FORMULA></IMPERIAL_CONVERSION_FORMULA>
        <METRIC_CONVERSION_FORMULA></METRIC_CONVERSION_FORMULA>
       </ENVIRONMENT_OPTION>
       <ENVIRONMENT_OPTION>
        <CATEGORY_ID>Gases</CATEGORY_ID>
        <ID>Methane</ID>
        <NAME>Methane</NAME>
        <CATEGORY>Gases</CATEGORY>
        <TRANSFERENCE>100</TRANSFERENCE>
        <SHOW>true</SHOW>
        <INTERPOLATE>true</INTERPOLATE>
        <ACTIVE>true</ACTIVE>
        <VALUE>0.00015</VALUE>
        <MIN>0</MIN>
        <MAX>100</MAX>
        <MIN_RATE>-1000</MIN_RATE>
        <MAX_RATE>1000</MAX_RATE>
        <METRIC_UNIT>%</METRIC_UNIT>
        <IMPERIAL_UNIT></IMPERIAL_UNIT>
        <IMPERIAL_CONVERSION_FORMULA></IMPERIAL_CONVERSION_FORMULA>
        <METRIC_CONVERSION_FORMULA></METRIC_CONVERSION_FORMULA>
       </ENVIRONMENT_OPTION>
       <ENVIRONMENT_OPTION>
        <CATEGORY_ID>Gravity</CATEGORY_ID>
        <ID>Moon Phases</ID>
        <NAME>Moon Phases</NAME>
        <CATEGORY>Gravity</CATEGORY>
        <TRANSFERENCE>100</TRANSFERENCE>
        <SHOW>false</SHOW>
        <INTERPOLATE>true</INTERPOLATE>
        <ACTIVE>false</ACTIVE>
        <VALUE>0</VALUE>
        <MIN>-100</MIN>
        <MAX>100</MAX>
        <MIN_RATE>-1000</MIN_RATE>
        <MAX_RATE>1000</MAX_RATE>
        <METRIC_UNIT></METRIC_UNIT>
        <IMPERIAL_UNIT></IMPERIAL_UNIT>
        <IMPERIAL_CONVERSION_FORMULA></IMPERIAL_CONVERSION_FORMULA>
        <METRIC_CONVERSION_FORMULA></METRIC_CONVERSION_FORMULA>
       </ENVIRONMENT_OPTION>
       <ENVIRONMENT_OPTION>
        <CATEGORY_ID>Motion</CATEGORY_ID>
        <ID>Motion Direction</ID>
        <NAME>Direction</NAME>
        <CATEGORY>Motion</CATEGORY>
        <TRANSFERENCE>100</TRANSFERENCE>
        <SHOW>false</SHOW>
        <INTERPOLATE>true</INTERPOLATE>
        <ACTIVE>false</ACTIVE>
        <VALUE>0</VALUE>
        <MIN>-100</MIN>
        <MAX>100</MAX>
        <MIN_RATE>-1000</MIN_RATE>
        <MAX_RATE>1000</MAX_RATE>
        <METRIC_UNIT>degrees</METRIC_UNIT>
        <IMPERIAL_UNIT></IMPERIAL_UNIT>
        <IMPERIAL_CONVERSION_FORMULA></IMPERIAL_CONVERSION_FORMULA>
        <METRIC_CONVERSION_FORMULA></METRIC_CONVERSION_FORMULA>
       </ENVIRONMENT_OPTION>
       <ENVIRONMENT_OPTION>
        <CATEGORY_ID>Motion</CATEGORY_ID>
        <ID>Motion Speed</ID>
        <NAME>Speed</NAME>
        <CATEGORY>Motion</CATEGORY>
        <TRANSFERENCE>100</TRANSFERENCE>
        <SHOW>false</SHOW>
        <INTERPOLATE>true</INTERPOLATE>
        <ACTIVE>false</ACTIVE>
        <VALUE>0</VALUE>
        <MIN>0</MIN>
        <MAX>100</MAX>
        <MIN_RATE>-1000</MIN_RATE>
        <MAX_RATE>1000</MAX_RATE>
        <METRIC_UNIT>kph</METRIC_UNIT>
        <IMPERIAL_UNIT>mph</IMPERIAL_UNIT>
        <IMPERIAL_CONVERSION_FORMULA>x/1.609344</IMPERIAL_CONVERSION_FORMULA>
        <METRIC_CONVERSION_FORMULA>x*1.609344</METRIC_CONVERSION_FORMULA>
       </ENVIRONMENT_OPTION>
       <ENVIRONMENT_OPTION>
        <CATEGORY_ID>Radiation</CATEGORY_ID>
        <ID>Neutron</ID>
        <NAME>Neutron</NAME>
        <CATEGORY>Radiation</CATEGORY>
        <TRANSFERENCE>100</TRANSFERENCE>
        <SHOW>false</SHOW>
        <INTERPOLATE>true</INTERPOLATE>
        <ACTIVE>false</ACTIVE>
        <VALUE>0</VALUE>
        <MIN>0</MIN>
        <MAX>100</MAX>
        <MIN_RATE>-1000</MIN_RATE>
        <MAX_RATE>1000</MAX_RATE>
        <METRIC_UNIT>%</METRIC_UNIT>
        <IMPERIAL_UNIT></IMPERIAL_UNIT>
        <IMPERIAL_CONVERSION_FORMULA></IMPERIAL_CONVERSION_FORMULA>
        <METRIC_CONVERSION_FORMULA></METRIC_CONVERSION_FORMULA>
       </ENVIRONMENT_OPTION>
       <ENVIRONMENT_OPTION>
        <CATEGORY_ID>Gases</CATEGORY_ID>
        <ID>Nitrogen</ID>
        <NAME>Nitrogen</NAME>
        <CATEGORY>Gases</CATEGORY>
        <TRANSFERENCE>100</TRANSFERENCE>
        <SHOW>true</SHOW>
        <INTERPOLATE>true</INTERPOLATE>
        <ACTIVE>true</ACTIVE>
        <VALUE>78.084</VALUE>
        <MIN>0</MIN>
        <MAX>100</MAX>
        <MIN_RATE>-1000</MIN_RATE>
        <MAX_RATE>1000</MAX_RATE>
        <METRIC_UNIT>%</METRIC_UNIT>
        <IMPERIAL_UNIT></IMPERIAL_UNIT>
        <IMPERIAL_CONVERSION_FORMULA></IMPERIAL_CONVERSION_FORMULA>
        <METRIC_CONVERSION_FORMULA></METRIC_CONVERSION_FORMULA>
       </ENVIRONMENT_OPTION>
       <ENVIRONMENT_OPTION>
        <CATEGORY_ID>Gases</CATEGORY_ID>
        <ID>O2</ID>
        <NAME>O&lt;sub>2&lt;/sub></NAME>
        <CATEGORY>Gases</CATEGORY>
        <TRANSFERENCE>100</TRANSFERENCE>
        <SHOW>true</SHOW>
        <INTERPOLATE>true</INTERPOLATE>
        <ACTIVE>true</ACTIVE>
        <VALUE>20.946</VALUE>
        <MIN>0</MIN>
        <MAX>100</MAX>
        <MIN_RATE>-1000</MIN_RATE>
        <MAX_RATE>1000</MAX_RATE>
        <METRIC_UNIT>%</METRIC_UNIT>
        <IMPERIAL_UNIT></IMPERIAL_UNIT>
        <IMPERIAL_CONVERSION_FORMULA></IMPERIAL_CONVERSION_FORMULA>
        <METRIC_CONVERSION_FORMULA></METRIC_CONVERSION_FORMULA>
       </ENVIRONMENT_OPTION>
       <ENVIRONMENT_OPTION>
        <CATEGORY_ID>Electricity</CATEGORY_ID>
        <ID>Ohms</ID>
        <NAME>Ohms</NAME>
        <CATEGORY>Electricity</CATEGORY>
        <TRANSFERENCE>100</TRANSFERENCE>
        <SHOW>false</SHOW>
        <INTERPOLATE>true</INTERPOLATE>
        <ACTIVE>false</ACTIVE>
        <VALUE>0</VALUE>
        <MIN>-100</MIN>
        <MAX>100</MAX>
        <MIN_RATE>-1000</MIN_RATE>
        <MAX_RATE>1000</MAX_RATE>
        <METRIC_UNIT>&amp;#8486;</METRIC_UNIT>
        <IMPERIAL_UNIT></IMPERIAL_UNIT>
        <IMPERIAL_CONVERSION_FORMULA></IMPERIAL_CONVERSION_FORMULA>
        <METRIC_CONVERSION_FORMULA></METRIC_CONVERSION_FORMULA>
       </ENVIRONMENT_OPTION>
       <ENVIRONMENT_OPTION>
        <CATEGORY_ID>Gases</CATEGORY_ID>
        <ID>Ozone</ID>
        <NAME>Ozone</NAME>
        <CATEGORY>Gases</CATEGORY>
        <TRANSFERENCE>100</TRANSFERENCE>
        <SHOW>false</SHOW>
        <INTERPOLATE>true</INTERPOLATE>
        <ACTIVE>false</ACTIVE>
        <VALUE>0</VALUE>
        <MIN>0</MIN>
        <MAX>100</MAX>
        <MIN_RATE>-1000</MIN_RATE>
        <MAX_RATE>1000</MAX_RATE>
        <METRIC_UNIT>%</METRIC_UNIT>
        <IMPERIAL_UNIT></IMPERIAL_UNIT>
        <IMPERIAL_CONVERSION_FORMULA></IMPERIAL_CONVERSION_FORMULA>
        <METRIC_CONVERSION_FORMULA></METRIC_CONVERSION_FORMULA>
       </ENVIRONMENT_OPTION>
       <ENVIRONMENT_OPTION>
        <CATEGORY_ID>Radiation</CATEGORY_ID>
        <ID>Photon</ID>
        <NAME>Photon</NAME>
        <CATEGORY>Radiation</CATEGORY>
        <TRANSFERENCE>100</TRANSFERENCE>
        <SHOW>false</SHOW>
        <INTERPOLATE>true</INTERPOLATE>
        <ACTIVE>false</ACTIVE>
        <VALUE>0</VALUE>
        <MIN>0</MIN>
        <MAX>100</MAX>
        <MIN_RATE>-1000</MIN_RATE>
        <MAX_RATE>1000</MAX_RATE>
        <METRIC_UNIT>%</METRIC_UNIT>
        <IMPERIAL_UNIT></IMPERIAL_UNIT>
        <IMPERIAL_CONVERSION_FORMULA></IMPERIAL_CONVERSION_FORMULA>
        <METRIC_CONVERSION_FORMULA></METRIC_CONVERSION_FORMULA>
       </ENVIRONMENT_OPTION>
       <ENVIRONMENT_OPTION>
        <CATEGORY_ID>Gases</CATEGORY_ID>
        <ID>Propane</ID>
        <NAME>Propane</NAME>
        <CATEGORY>Gases</CATEGORY>
        <TRANSFERENCE>100</TRANSFERENCE>
        <SHOW>false</SHOW>
        <INTERPOLATE>true</INTERPOLATE>
        <ACTIVE>false</ACTIVE>
        <VALUE>0</VALUE>
        <MIN>0</MIN>
        <MAX>100</MAX>
        <MIN_RATE>-1000</MIN_RATE>
        <MAX_RATE>1000</MAX_RATE>
        <METRIC_UNIT>%</METRIC_UNIT>
        <IMPERIAL_UNIT></IMPERIAL_UNIT>
        <IMPERIAL_CONVERSION_FORMULA></IMPERIAL_CONVERSION_FORMULA>
        <METRIC_CONVERSION_FORMULA></METRIC_CONVERSION_FORMULA>
       </ENVIRONMENT_OPTION>
       <ENVIRONMENT_OPTION>
        <CATEGORY_ID>Light (Sun)</CATEGORY_ID>
        <ID>Radiant Heat</ID>
        <NAME>Radiant Heat</NAME>
        <CATEGORY>Light (Sun)</CATEGORY>
        <TRANSFERENCE>100</TRANSFERENCE>
        <SHOW>true</SHOW>
        <INTERPOLATE>true</INTERPOLATE>
        <ACTIVE>true</ACTIVE>
        <VALUE>0</VALUE>
        <MIN>0</MIN>
        <MAX>100</MAX>
        <MIN_RATE>-1000</MIN_RATE>
        <MAX_RATE>1000</MAX_RATE>
        <METRIC_UNIT>%</METRIC_UNIT>
        <IMPERIAL_UNIT></IMPERIAL_UNIT>
        <IMPERIAL_CONVERSION_FORMULA></IMPERIAL_CONVERSION_FORMULA>
        <METRIC_CONVERSION_FORMULA></METRIC_CONVERSION_FORMULA>
       </ENVIRONMENT_OPTION>
       <ENVIRONMENT_OPTION>
        <CATEGORY_ID>Radiation</CATEGORY_ID>
        <ID>Radiation Level</ID>
        <NAME>Level</NAME>
        <CATEGORY>Radiation</CATEGORY>
        <TRANSFERENCE>100</TRANSFERENCE>
        <SHOW>true</SHOW>
        <INTERPOLATE>true</INTERPOLATE>
        <ACTIVE>true</ACTIVE>
        <VALUE>0</VALUE>
        <MIN>0</MIN>
        <MAX>1000</MAX>
        <MIN_RATE>-1000</MIN_RATE>
        <MAX_RATE>1000</MAX_RATE>
        <METRIC_UNIT>mrem</METRIC_UNIT>
        <IMPERIAL_UNIT></IMPERIAL_UNIT>
        <IMPERIAL_CONVERSION_FORMULA></IMPERIAL_CONVERSION_FORMULA>
        <METRIC_CONVERSION_FORMULA></METRIC_CONVERSION_FORMULA>
       </ENVIRONMENT_OPTION>
       <ENVIRONMENT_OPTION>
        <CATEGORY_ID>Water</CATEGORY_ID>
        <ID>Rain</ID>
        <NAME>Rain</NAME>
        <CATEGORY>Water</CATEGORY>
        <TRANSFERENCE>100</TRANSFERENCE>
        <SHOW>true</SHOW>
        <INTERPOLATE>true</INTERPOLATE>
        <ACTIVE>true</ACTIVE>
        <VALUE>0</VALUE>
        <MIN>-100</MIN>
        <MAX>100</MAX>
        <MIN_RATE>-1000</MIN_RATE>
        <MAX_RATE>1000</MAX_RATE>
        <METRIC_UNIT>cm</METRIC_UNIT>
        <IMPERIAL_UNIT>in</IMPERIAL_UNIT>
        <IMPERIAL_CONVERSION_FORMULA>x*0.39</IMPERIAL_CONVERSION_FORMULA>
        <METRIC_CONVERSION_FORMULA>x*2.54</METRIC_CONVERSION_FORMULA>
       </ENVIRONMENT_OPTION>
       <ENVIRONMENT_OPTION>
        <CATEGORY_ID>Temperature</CATEGORY_ID>
        <ID>Smoke</ID>
        <NAME>Smoke</NAME>
        <CATEGORY>Temperature</CATEGORY>
        <TRANSFERENCE>100</TRANSFERENCE>
        <SHOW>false</SHOW>
        <INTERPOLATE>true</INTERPOLATE>
        <ACTIVE>false</ACTIVE>
        <VALUE>0</VALUE>
        <MIN>0</MIN>
        <MAX>100</MAX>
        <MIN_RATE>-1000</MIN_RATE>
        <MAX_RATE>1000</MAX_RATE>
        <METRIC_UNIT>%</METRIC_UNIT>
        <IMPERIAL_UNIT></IMPERIAL_UNIT>
        <IMPERIAL_CONVERSION_FORMULA></IMPERIAL_CONVERSION_FORMULA>
        <METRIC_CONVERSION_FORMULA></METRIC_CONVERSION_FORMULA>
       </ENVIRONMENT_OPTION>
       <ENVIRONMENT_OPTION>
        <CATEGORY_ID>Water</CATEGORY_ID>
        <ID>Snow</ID>
        <NAME>Snow</NAME>
        <CATEGORY>Water</CATEGORY>
        <TRANSFERENCE>100</TRANSFERENCE>
        <SHOW>true</SHOW>
        <INTERPOLATE>true</INTERPOLATE>
        <ACTIVE>true</ACTIVE>
        <VALUE>0</VALUE>
        <MIN>-100</MIN>
        <MAX>100</MAX>
        <MIN_RATE>-1000</MIN_RATE>
        <MAX_RATE>1000</MAX_RATE>
        <METRIC_UNIT>cm</METRIC_UNIT>
        <IMPERIAL_UNIT>in</IMPERIAL_UNIT>
        <IMPERIAL_CONVERSION_FORMULA>x*0.39</IMPERIAL_CONVERSION_FORMULA>
        <METRIC_CONVERSION_FORMULA>x*2.54</METRIC_CONVERSION_FORMULA>
       </ENVIRONMENT_OPTION>
       <ENVIRONMENT_OPTION>
        <CATEGORY_ID>Earth Physical Features</CATEGORY_ID>
        <ID>Soil pH</ID>
        <NAME>Soil pH</NAME>
        <CATEGORY>Earth Physical Features</CATEGORY>
        <TRANSFERENCE>100</TRANSFERENCE>
        <SHOW>true</SHOW>
        <INTERPOLATE>true</INTERPOLATE>
        <ACTIVE>true</ACTIVE>
        <VALUE>7</VALUE>
        <MIN>0</MIN>
        <MAX>100</MAX>
        <MIN_RATE>-1000</MIN_RATE>
        <MAX_RATE>1000</MAX_RATE>
        <METRIC_UNIT>pH</METRIC_UNIT>
        <IMPERIAL_UNIT></IMPERIAL_UNIT>
        <IMPERIAL_CONVERSION_FORMULA></IMPERIAL_CONVERSION_FORMULA>
        <METRIC_CONVERSION_FORMULA></METRIC_CONVERSION_FORMULA>
       </ENVIRONMENT_OPTION>
       <ENVIRONMENT_OPTION>
        <CATEGORY_ID>Sound</CATEGORY_ID>
        <ID>Sound Pitch</ID>
        <NAME>Pitch</NAME>
        <CATEGORY>Sound</CATEGORY>
        <TRANSFERENCE>100</TRANSFERENCE>
        <SHOW>false</SHOW>
        <INTERPOLATE>true</INTERPOLATE>
        <ACTIVE>false</ACTIVE>
        <VALUE>0</VALUE>
        <MIN>0</MIN>
        <MAX>100</MAX>
        <MIN_RATE>-1000</MIN_RATE>
        <MAX_RATE>1000</MAX_RATE>
        <METRIC_UNIT>CPS</METRIC_UNIT>
        <IMPERIAL_UNIT></IMPERIAL_UNIT>
        <IMPERIAL_CONVERSION_FORMULA></IMPERIAL_CONVERSION_FORMULA>
        <METRIC_CONVERSION_FORMULA></METRIC_CONVERSION_FORMULA>
       </ENVIRONMENT_OPTION>
       <ENVIRONMENT_OPTION>
        <CATEGORY_ID>Sound</CATEGORY_ID>
        <ID>Sound Volume</ID>
        <NAME>Volume</NAME>
        <CATEGORY>Sound</CATEGORY>
        <TRANSFERENCE>100</TRANSFERENCE>
        <SHOW>false</SHOW>
        <INTERPOLATE>true</INTERPOLATE>
        <ACTIVE>false</ACTIVE>
        <VALUE>0</VALUE>
        <MIN>0</MIN>
        <MAX>100</MAX>
        <MIN_RATE>-1000</MIN_RATE>
        <MAX_RATE>1000</MAX_RATE>
        <METRIC_UNIT>dB</METRIC_UNIT>
        <IMPERIAL_UNIT></IMPERIAL_UNIT>
        <IMPERIAL_CONVERSION_FORMULA></IMPERIAL_CONVERSION_FORMULA>
        <METRIC_CONVERSION_FORMULA></METRIC_CONVERSION_FORMULA>
       </ENVIRONMENT_OPTION>
       <ENVIRONMENT_OPTION>
        <CATEGORY_ID>Light (Sun)</CATEGORY_ID>
        <ID>Sunlight</ID>
        <NAME>Sunlight</NAME>
        <CATEGORY>Light (Sun)</CATEGORY>
        <TRANSFERENCE>100</TRANSFERENCE>
        <SHOW>true</SHOW>
        <INTERPOLATE>true</INTERPOLATE>
        <ACTIVE>true</ACTIVE>
        <VALUE>0</VALUE>
        <MIN>0</MIN>
        <MAX>100</MAX>
        <MIN_RATE>-1000</MIN_RATE>
        <MAX_RATE>1000</MAX_RATE>
        <METRIC_UNIT>%</METRIC_UNIT>
        <IMPERIAL_UNIT></IMPERIAL_UNIT>
        <IMPERIAL_CONVERSION_FORMULA></IMPERIAL_CONVERSION_FORMULA>
        <METRIC_CONVERSION_FORMULA></METRIC_CONVERSION_FORMULA>
       </ENVIRONMENT_OPTION>
       <ENVIRONMENT_OPTION>
        <CATEGORY_ID>Energy</CATEGORY_ID>
        <ID>Torque</ID>
        <NAME>Torque</NAME>
        <CATEGORY>Energy</CATEGORY>
        <TRANSFERENCE>100</TRANSFERENCE>
        <SHOW>false</SHOW>
        <INTERPOLATE>true</INTERPOLATE>
        <ACTIVE>false</ACTIVE>
        <VALUE>0</VALUE>
        <MIN>-100</MIN>
        <MAX>100</MAX>
        <MIN_RATE>-1000</MIN_RATE>
        <MAX_RATE>1000</MAX_RATE>
        <METRIC_UNIT>m/kg</METRIC_UNIT>
        <IMPERIAL_UNIT>ft/lb</IMPERIAL_UNIT>
        <IMPERIAL_CONVERSION_FORMULA>x*1.48816</IMPERIAL_CONVERSION_FORMULA>
        <METRIC_CONVERSION_FORMULA>x*0.671969</METRIC_CONVERSION_FORMULA>
       </ENVIRONMENT_OPTION>
       <ENVIRONMENT_OPTION>
        <CATEGORY_ID>Light (Sun)</CATEGORY_ID>
        <ID>Ultraviolet</ID>
        <NAME>Ultraviolet</NAME>
        <CATEGORY>Light (Sun)</CATEGORY>
        <TRANSFERENCE>100</TRANSFERENCE>
        <SHOW>true</SHOW>
        <INTERPOLATE>true</INTERPOLATE>
        <ACTIVE>true</ACTIVE>
        <VALUE>0</VALUE>
        <MIN>0</MIN>
        <MAX>100</MAX>
        <MIN_RATE>-1000</MIN_RATE>
        <MAX_RATE>1000</MAX_RATE>
        <METRIC_UNIT>%</METRIC_UNIT>
        <IMPERIAL_UNIT></IMPERIAL_UNIT>
        <IMPERIAL_CONVERSION_FORMULA></IMPERIAL_CONVERSION_FORMULA>
        <METRIC_CONVERSION_FORMULA></METRIC_CONVERSION_FORMULA>
       </ENVIRONMENT_OPTION>
       <ENVIRONMENT_OPTION>
        <CATEGORY_ID>Light (Sun)</CATEGORY_ID>
        <ID>Visible Light</ID>
        <NAME>Visible</NAME>
        <CATEGORY>Light (Sun)</CATEGORY>
        <TRANSFERENCE>100</TRANSFERENCE>
        <SHOW>true</SHOW>
        <INTERPOLATE>true</INTERPOLATE>
        <ACTIVE>true</ACTIVE>
        <VALUE>0</VALUE>
        <MIN>0</MIN>
        <MAX>100</MAX>
        <MIN_RATE>-1000</MIN_RATE>
        <MAX_RATE>1000</MAX_RATE>
        <METRIC_UNIT>%</METRIC_UNIT>
        <IMPERIAL_UNIT></IMPERIAL_UNIT>
        <IMPERIAL_CONVERSION_FORMULA></IMPERIAL_CONVERSION_FORMULA>
        <METRIC_CONVERSION_FORMULA></METRIC_CONVERSION_FORMULA>
       </ENVIRONMENT_OPTION>
       <ENVIRONMENT_OPTION>
        <CATEGORY_ID>Electricity</CATEGORY_ID>
        <ID>Voltage</ID>
        <NAME>Voltage</NAME>
        <CATEGORY>Electricity</CATEGORY>
        <TRANSFERENCE>100</TRANSFERENCE>
        <SHOW>false</SHOW>
        <INTERPOLATE>true</INTERPOLATE>
        <ACTIVE>false</ACTIVE>
        <VALUE>0</VALUE>
        <MIN>-100</MIN>
        <MAX>100</MAX>
        <MIN_RATE>-1000</MIN_RATE>
        <MAX_RATE>1000</MAX_RATE>
        <METRIC_UNIT>V</METRIC_UNIT>
        <IMPERIAL_UNIT></IMPERIAL_UNIT>
        <IMPERIAL_CONVERSION_FORMULA></IMPERIAL_CONVERSION_FORMULA>
        <METRIC_CONVERSION_FORMULA></METRIC_CONVERSION_FORMULA>
       </ENVIRONMENT_OPTION>
       <ENVIRONMENT_OPTION>
        <CATEGORY_ID>Water</CATEGORY_ID>
        <ID>Water Level</ID>
        <NAME>Water Level</NAME>
        <CATEGORY>Water</CATEGORY>
        <TRANSFERENCE>100</TRANSFERENCE>
        <SHOW>true</SHOW>
        <INTERPOLATE>true</INTERPOLATE>
        <ACTIVE>false</ACTIVE>
        <VALUE>0</VALUE>
        <MIN>0</MIN>
        <MAX>100</MAX>
        <MIN_RATE>-1000</MIN_RATE>
        <MAX_RATE>1000</MAX_RATE>
        <METRIC_UNIT>cm</METRIC_UNIT>
        <IMPERIAL_UNIT>in</IMPERIAL_UNIT>
        <IMPERIAL_CONVERSION_FORMULA>x*0.39</IMPERIAL_CONVERSION_FORMULA>
        <METRIC_CONVERSION_FORMULA>x*2.54</METRIC_CONVERSION_FORMULA>
       </ENVIRONMENT_OPTION>
       <ENVIRONMENT_OPTION>
        <CATEGORY_ID>Water</CATEGORY_ID>
        <ID>Water Speed</ID>
        <NAME>Speed</NAME>
        <CATEGORY>Water</CATEGORY>
        <TRANSFERENCE>100</TRANSFERENCE>
        <SHOW>false</SHOW>
        <INTERPOLATE>true</INTERPOLATE>
        <ACTIVE>false</ACTIVE>
        <VALUE>0</VALUE>
        <MIN>0</MIN>
        <MAX>1000</MAX>
        <MIN_RATE>-1000</MIN_RATE>
        <MAX_RATE>1000</MAX_RATE>
        <METRIC_UNIT>kph</METRIC_UNIT>
        <IMPERIAL_UNIT>mph</IMPERIAL_UNIT>
        <IMPERIAL_CONVERSION_FORMULA>x/1.609344</IMPERIAL_CONVERSION_FORMULA>
        <METRIC_CONVERSION_FORMULA>x*1.609344</METRIC_CONVERSION_FORMULA>
       </ENVIRONMENT_OPTION>
       <ENVIRONMENT_OPTION>
        <CATEGORY_ID>Water</CATEGORY_ID>
        <ID>Water Temperature</ID>
        <NAME>Temperature</NAME>
        <CATEGORY>Water</CATEGORY>
        <TRANSFERENCE>100</TRANSFERENCE>
        <SHOW>false</SHOW>
        <INTERPOLATE>true</INTERPOLATE>
        <ACTIVE>false</ACTIVE>
        <VALUE>0</VALUE>
        <MIN>-100</MIN>
        <MAX>100</MAX>
        <MIN_RATE>-1000</MIN_RATE>
        <MAX_RATE>1000</MAX_RATE>
        <METRIC_UNIT>C</METRIC_UNIT>
        <IMPERIAL_UNIT>F</IMPERIAL_UNIT>
        <IMPERIAL_CONVERSION_FORMULA>x*(9/5)+32</IMPERIAL_CONVERSION_FORMULA>
        <METRIC_CONVERSION_FORMULA>(x-32)*(5/9)</METRIC_CONVERSION_FORMULA>
       </ENVIRONMENT_OPTION>
       <ENVIRONMENT_OPTION>
        <CATEGORY_ID>Water</CATEGORY_ID>
        <ID>Water Volume</ID>
        <NAME>Volume</NAME>
        <CATEGORY>Water</CATEGORY>
        <TRANSFERENCE>100</TRANSFERENCE>
        <SHOW>false</SHOW>
        <INTERPOLATE>true</INTERPOLATE>
        <ACTIVE>false</ACTIVE>
        <VALUE>0</VALUE>
        <MIN>0</MIN>
        <MAX>10000</MAX>
        <MIN_RATE>-1000</MIN_RATE>
        <MAX_RATE>1000</MAX_RATE>
        <METRIC_UNIT>L</METRIC_UNIT>
        <IMPERIAL_UNIT>gal</IMPERIAL_UNIT>
        <IMPERIAL_CONVERSION_FORMULA>x*0.26417</IMPERIAL_CONVERSION_FORMULA>
        <METRIC_CONVERSION_FORMULA>x/0.26417</METRIC_CONVERSION_FORMULA>
       </ENVIRONMENT_OPTION>
       <ENVIRONMENT_OPTION>
        <CATEGORY_ID>Water</CATEGORY_ID>
        <ID>Water pH</ID>
        <NAME>Water pH</NAME>
        <CATEGORY>Water</CATEGORY>
        <TRANSFERENCE>100</TRANSFERENCE>
        <SHOW>false</SHOW>
        <INTERPOLATE>true</INTERPOLATE>
        <ACTIVE>false</ACTIVE>
        <VALUE>0</VALUE>
        <MIN>0</MIN>
        <MAX>100</MAX>
        <MIN_RATE>-1000</MIN_RATE>
        <MAX_RATE>1000</MAX_RATE>
        <METRIC_UNIT>pH</METRIC_UNIT>
        <IMPERIAL_UNIT></IMPERIAL_UNIT>
        <IMPERIAL_CONVERSION_FORMULA></IMPERIAL_CONVERSION_FORMULA>
        <METRIC_CONVERSION_FORMULA></METRIC_CONVERSION_FORMULA>
       </ENVIRONMENT_OPTION>
       <ENVIRONMENT_OPTION>
        <CATEGORY_ID>Electricity</CATEGORY_ID>
        <ID>Watts</ID>
        <NAME>Watts</NAME>
        <CATEGORY>Electricity</CATEGORY>
        <TRANSFERENCE>100</TRANSFERENCE>
        <SHOW>false</SHOW>
        <INTERPOLATE>true</INTERPOLATE>
        <ACTIVE>false</ACTIVE>
        <VALUE>0</VALUE>
        <MIN>-100</MIN>
        <MAX>100</MAX>
        <MIN_RATE>-1000</MIN_RATE>
        <MAX_RATE>1000</MAX_RATE>
        <METRIC_UNIT>W</METRIC_UNIT>
        <IMPERIAL_UNIT></IMPERIAL_UNIT>
        <IMPERIAL_CONVERSION_FORMULA></IMPERIAL_CONVERSION_FORMULA>
        <METRIC_CONVERSION_FORMULA></METRIC_CONVERSION_FORMULA>
       </ENVIRONMENT_OPTION>
       <ENVIRONMENT_OPTION>
        <CATEGORY_ID>Sound</CATEGORY_ID>
        <ID>White Noise</ID>
        <NAME>White Noise</NAME>
        <CATEGORY>Sound</CATEGORY>
        <TRANSFERENCE>100</TRANSFERENCE>
        <SHOW>false</SHOW>
        <INTERPOLATE>true</INTERPOLATE>
        <ACTIVE>false</ACTIVE>
        <VALUE>0</VALUE>
        <MIN>0</MIN>
        <MAX>100</MAX>
        <MIN_RATE>-1000</MIN_RATE>
        <MAX_RATE>1000</MAX_RATE>
        <METRIC_UNIT>%</METRIC_UNIT>
        <IMPERIAL_UNIT></IMPERIAL_UNIT>
        <IMPERIAL_CONVERSION_FORMULA></IMPERIAL_CONVERSION_FORMULA>
        <METRIC_CONVERSION_FORMULA></METRIC_CONVERSION_FORMULA>
       </ENVIRONMENT_OPTION>
       <ENVIRONMENT_OPTION>
        <CATEGORY_ID>Wind</CATEGORY_ID>
        <ID>Wind Direction</ID>
        <NAME>Direction</NAME>
        <CATEGORY>Wind</CATEGORY>
        <TRANSFERENCE>100</TRANSFERENCE>
        <SHOW>true</SHOW>
        <INTERPOLATE>true</INTERPOLATE>
        <ACTIVE>true</ACTIVE>
        <VALUE>5</VALUE>
        <MIN>-100</MIN>
        <MAX>100</MAX>
        <MIN_RATE>-1000</MIN_RATE>
        <MAX_RATE>1000</MAX_RATE>
        <METRIC_UNIT>degrees</METRIC_UNIT>
        <IMPERIAL_UNIT></IMPERIAL_UNIT>
        <IMPERIAL_CONVERSION_FORMULA></IMPERIAL_CONVERSION_FORMULA>
        <METRIC_CONVERSION_FORMULA></METRIC_CONVERSION_FORMULA>
       </ENVIRONMENT_OPTION>
       <ENVIRONMENT_OPTION>
        <CATEGORY_ID>Wind</CATEGORY_ID>
        <ID>Wind Gusts</ID>
        <NAME>Variance (gusts)</NAME>
        <CATEGORY>Wind</CATEGORY>
        <TRANSFERENCE>100</TRANSFERENCE>
        <SHOW>true</SHOW>
        <INTERPOLATE>true</INTERPOLATE>
        <ACTIVE>true</ACTIVE>
        <VALUE>0</VALUE>
        <MIN>0</MIN>
        <MAX>100</MAX>
        <MIN_RATE>-1000</MIN_RATE>
        <MAX_RATE>1000</MAX_RATE>
        <METRIC_UNIT>%</METRIC_UNIT>
        <IMPERIAL_UNIT></IMPERIAL_UNIT>
        <IMPERIAL_CONVERSION_FORMULA></IMPERIAL_CONVERSION_FORMULA>
        <METRIC_CONVERSION_FORMULA></METRIC_CONVERSION_FORMULA>
       </ENVIRONMENT_OPTION>
       <ENVIRONMENT_OPTION>
        <CATEGORY_ID>Wind</CATEGORY_ID>
        <ID>Wind Speed</ID>
        <NAME>Speed</NAME>
        <CATEGORY>Wind</CATEGORY>
        <TRANSFERENCE>100</TRANSFERENCE>
        <SHOW>true</SHOW>
        <INTERPOLATE>true</INTERPOLATE>
        <ACTIVE>true</ACTIVE>
        <VALUE>0</VALUE>
        <MIN>0</MIN>
        <MAX>100</MAX>
        <MIN_RATE>-1000</MIN_RATE>
        <MAX_RATE>1000</MAX_RATE>
        <METRIC_UNIT>kph</METRIC_UNIT>
        <IMPERIAL_UNIT>mph</IMPERIAL_UNIT>
        <IMPERIAL_CONVERSION_FORMULA>x/1.609344</IMPERIAL_CONVERSION_FORMULA>
        <METRIC_CONVERSION_FORMULA>x*1.609344</METRIC_CONVERSION_FORMULA>
       </ENVIRONMENT_OPTION>
      </ENVIRONMENT_OPTIONS>
     </KEYFRAME>
     <KEYFRAME>
      <TIME>21600</TIME>
      <ENVIRONMENT_OPTIONS>
       <ENVIRONMENT_OPTION>
        <CATEGORY_ID>Radiation</CATEGORY_ID>
        <ID>Alpha</ID>
        <NAME>Alpha</NAME>
        <CATEGORY>Radiation</CATEGORY>
        <TRANSFERENCE>100</TRANSFERENCE>
        <SHOW>false</SHOW>
        <INTERPOLATE>true</INTERPOLATE>
        <ACTIVE>false</ACTIVE>
        <VALUE>0</VALUE>
        <MIN>0</MIN>
        <MAX>100</MAX>
        <MIN_RATE>-1000</MIN_RATE>
        <MAX_RATE>1000</MAX_RATE>
        <METRIC_UNIT>%</METRIC_UNIT>
        <IMPERIAL_UNIT></IMPERIAL_UNIT>
        <IMPERIAL_CONVERSION_FORMULA></IMPERIAL_CONVERSION_FORMULA>
        <METRIC_CONVERSION_FORMULA></METRIC_CONVERSION_FORMULA>
       </ENVIRONMENT_OPTION>
       <ENVIRONMENT_OPTION>
        <CATEGORY_ID>Temperature</CATEGORY_ID>
        <ID>Ambient Temperature</ID>
        <NAME>Ambient Temperature</NAME>
        <CATEGORY>Temperature</CATEGORY>
        <TRANSFERENCE>100</TRANSFERENCE>
        <SHOW>true</SHOW>
        <INTERPOLATE>true</INTERPOLATE>
        <ACTIVE>true</ACTIVE>
        <VALUE>0</VALUE>
        <MIN>-100</MIN>
        <MAX>100</MAX>
        <MIN_RATE>-0.00138889</MIN_RATE>
        <MAX_RATE>0.00138889</MAX_RATE>
        <METRIC_UNIT>C</METRIC_UNIT>
        <IMPERIAL_UNIT>F</IMPERIAL_UNIT>
        <IMPERIAL_CONVERSION_FORMULA>x*(9/5)+32</IMPERIAL_CONVERSION_FORMULA>
        <METRIC_CONVERSION_FORMULA>(x-32)*(5/9)</METRIC_CONVERSION_FORMULA>
       </ENVIRONMENT_OPTION>
       <ENVIRONMENT_OPTION>
        <CATEGORY_ID>Gases</CATEGORY_ID>
        <ID>Argon</ID>
        <NAME>Argon</NAME>
        <CATEGORY>Gases</CATEGORY>
        <TRANSFERENCE>100</TRANSFERENCE>
        <SHOW>true</SHOW>
        <INTERPOLATE>true</INTERPOLATE>
        <ACTIVE>false</ACTIVE>
        <VALUE>0</VALUE>
        <MIN>0</MIN>
        <MAX>100</MAX>
        <MIN_RATE>-1000</MIN_RATE>
        <MAX_RATE>1000</MAX_RATE>
        <METRIC_UNIT>%</METRIC_UNIT>
        <IMPERIAL_UNIT></IMPERIAL_UNIT>
        <IMPERIAL_CONVERSION_FORMULA></IMPERIAL_CONVERSION_FORMULA>
        <METRIC_CONVERSION_FORMULA></METRIC_CONVERSION_FORMULA>
       </ENVIRONMENT_OPTION>
       <ENVIRONMENT_OPTION>
        <CATEGORY_ID>Other</CATEGORY_ID>
        <ID>Atmospheric Pressure</ID>
        <NAME>Atmospheric Pressure</NAME>
        <CATEGORY>Other</CATEGORY>
        <TRANSFERENCE>100</TRANSFERENCE>
        <SHOW>true</SHOW>
        <INTERPOLATE>true</INTERPOLATE>
        <ACTIVE>false</ACTIVE>
        <VALUE>0</VALUE>
        <MIN>-100</MIN>
        <MAX>200</MAX>
        <MIN_RATE>-1000</MIN_RATE>
        <MAX_RATE>1000</MAX_RATE>
        <METRIC_UNIT>kPa</METRIC_UNIT>
        <IMPERIAL_UNIT>psi</IMPERIAL_UNIT>
        <IMPERIAL_CONVERSION_FORMULA>x*.14503773773020923</IMPERIAL_CONVERSION_FORMULA>
        <METRIC_CONVERSION_FORMULA></METRIC_CONVERSION_FORMULA>
       </ENVIRONMENT_OPTION>
       <ENVIRONMENT_OPTION>
        <CATEGORY_ID>Radiation</CATEGORY_ID>
        <ID>Beta</ID>
        <NAME>Beta</NAME>
        <CATEGORY>Radiation</CATEGORY>
        <TRANSFERENCE>100</TRANSFERENCE>
        <SHOW>false</SHOW>
        <INTERPOLATE>true</INTERPOLATE>
        <ACTIVE>false</ACTIVE>
        <VALUE>0</VALUE>
        <MIN>0</MIN>
        <MAX>100</MAX>
        <MIN_RATE>-1000</MIN_RATE>
        <MAX_RATE>1000</MAX_RATE>
        <METRIC_UNIT>%</METRIC_UNIT>
        <IMPERIAL_UNIT></IMPERIAL_UNIT>
        <IMPERIAL_CONVERSION_FORMULA></IMPERIAL_CONVERSION_FORMULA>
        <METRIC_CONVERSION_FORMULA></METRIC_CONVERSION_FORMULA>
       </ENVIRONMENT_OPTION>
       <ENVIRONMENT_OPTION>
        <CATEGORY_ID>Gases</CATEGORY_ID>
        <ID>CO</ID>
        <NAME>CO</NAME>
        <CATEGORY>Gases</CATEGORY>
        <TRANSFERENCE>100</TRANSFERENCE>
        <SHOW>true</SHOW>
        <INTERPOLATE>true</INTERPOLATE>
        <ACTIVE>false</ACTIVE>
        <VALUE>0</VALUE>
        <MIN>0</MIN>
        <MAX>100</MAX>
        <MIN_RATE>-1000</MIN_RATE>
        <MAX_RATE>1000</MAX_RATE>
        <METRIC_UNIT>%</METRIC_UNIT>
        <IMPERIAL_UNIT></IMPERIAL_UNIT>
        <IMPERIAL_CONVERSION_FORMULA></IMPERIAL_CONVERSION_FORMULA>
        <METRIC_CONVERSION_FORMULA></METRIC_CONVERSION_FORMULA>
       </ENVIRONMENT_OPTION>
       <ENVIRONMENT_OPTION>
        <CATEGORY_ID>Gases</CATEGORY_ID>
        <ID>CO2</ID>
        <NAME>CO&lt;sub>2&lt;/sub></NAME>
        <CATEGORY>Gases</CATEGORY>
        <TRANSFERENCE>100</TRANSFERENCE>
        <SHOW>true</SHOW>
        <INTERPOLATE>true</INTERPOLATE>
        <ACTIVE>false</ACTIVE>
        <VALUE>0</VALUE>
        <MIN>0</MIN>
        <MAX>100</MAX>
        <MIN_RATE>-1000</MIN_RATE>
        <MAX_RATE>1000</MAX_RATE>
        <METRIC_UNIT>%</METRIC_UNIT>
        <IMPERIAL_UNIT></IMPERIAL_UNIT>
        <IMPERIAL_CONVERSION_FORMULA></IMPERIAL_CONVERSION_FORMULA>
        <METRIC_CONVERSION_FORMULA></METRIC_CONVERSION_FORMULA>
       </ENVIRONMENT_OPTION>
       <ENVIRONMENT_OPTION>
        <CATEGORY_ID>Water</CATEGORY_ID>
        <ID>Clouds</ID>
        <NAME>Clouds</NAME>
        <CATEGORY>Water</CATEGORY>
        <TRANSFERENCE>100</TRANSFERENCE>
        <SHOW>true</SHOW>
        <INTERPOLATE>true</INTERPOLATE>
        <ACTIVE>false</ACTIVE>
        <VALUE>0</VALUE>
        <MIN>0</MIN>
        <MAX>100</MAX>
        <MIN_RATE>-1000</MIN_RATE>
        <MAX_RATE>1000</MAX_RATE>
        <METRIC_UNIT>%</METRIC_UNIT>
        <IMPERIAL_UNIT></IMPERIAL_UNIT>
        <IMPERIAL_CONVERSION_FORMULA></IMPERIAL_CONVERSION_FORMULA>
        <METRIC_CONVERSION_FORMULA></METRIC_CONVERSION_FORMULA>
       </ENVIRONMENT_OPTION>
       <ENVIRONMENT_OPTION>
        <CATEGORY_ID>Earth Physical Features</CATEGORY_ID>
        <ID>Compaction</ID>
        <NAME>Compaction</NAME>
        <CATEGORY>Earth Physical Features</CATEGORY>
        <TRANSFERENCE>100</TRANSFERENCE>
        <SHOW>false</SHOW>
        <INTERPOLATE>true</INTERPOLATE>
        <ACTIVE>false</ACTIVE>
        <VALUE>0</VALUE>
        <MIN>0</MIN>
        <MAX>100</MAX>
        <MIN_RATE>-1000</MIN_RATE>
        <MAX_RATE>1000</MAX_RATE>
        <METRIC_UNIT>Moh</METRIC_UNIT>
        <IMPERIAL_UNIT></IMPERIAL_UNIT>
        <IMPERIAL_CONVERSION_FORMULA></IMPERIAL_CONVERSION_FORMULA>
        <METRIC_CONVERSION_FORMULA></METRIC_CONVERSION_FORMULA>
       </ENVIRONMENT_OPTION>
       <ENVIRONMENT_OPTION>
        <CATEGORY_ID>Earth Physical Features</CATEGORY_ID>
        <ID>Composition Hardness</ID>
        <NAME>Composition Hardness</NAME>
        <CATEGORY>Earth Physical Features</CATEGORY>
        <TRANSFERENCE>100</TRANSFERENCE>
        <SHOW>false</SHOW>
        <INTERPOLATE>true</INTERPOLATE>
        <ACTIVE>false</ACTIVE>
        <VALUE>0</VALUE>
        <MIN>0</MIN>
        <MAX>100</MAX>
        <MIN_RATE>-1000</MIN_RATE>
        <MAX_RATE>1000</MAX_RATE>
        <METRIC_UNIT>Moh</METRIC_UNIT>
        <IMPERIAL_UNIT></IMPERIAL_UNIT>
        <IMPERIAL_CONVERSION_FORMULA></IMPERIAL_CONVERSION_FORMULA>
        <METRIC_CONVERSION_FORMULA></METRIC_CONVERSION_FORMULA>
       </ENVIRONMENT_OPTION>
       <ENVIRONMENT_OPTION>
        <CATEGORY_ID>Light (Sun)</CATEGORY_ID>
        <ID>Electromagnetic Radiation</ID>
        <NAME>Electromagnetic Radiation</NAME>
        <CATEGORY>Light (Sun)</CATEGORY>
        <TRANSFERENCE>100</TRANSFERENCE>
        <SHOW>true</SHOW>
        <INTERPOLATE>true</INTERPOLATE>
        <ACTIVE>true</ACTIVE>
        <VALUE>0</VALUE>
        <MIN>0</MIN>
        <MAX>100</MAX>
        <MIN_RATE>-1000</MIN_RATE>
        <MAX_RATE>1000</MAX_RATE>
        <METRIC_UNIT>%</METRIC_UNIT>
        <IMPERIAL_UNIT></IMPERIAL_UNIT>
        <IMPERIAL_CONVERSION_FORMULA></IMPERIAL_CONVERSION_FORMULA>
        <METRIC_CONVERSION_FORMULA></METRIC_CONVERSION_FORMULA>
       </ENVIRONMENT_OPTION>
       <ENVIRONMENT_OPTION>
        <CATEGORY_ID>Earth Physical Features</CATEGORY_ID>
        <ID>Elevation</ID>
        <NAME>Elevation</NAME>
        <CATEGORY>Earth Physical Features</CATEGORY>
        <TRANSFERENCE>100</TRANSFERENCE>
        <SHOW>true</SHOW>
        <INTERPOLATE>true</INTERPOLATE>
        <ACTIVE>false</ACTIVE>
        <VALUE>0</VALUE>
        <MIN>0</MIN>
        <MAX>100000</MAX>
        <MIN_RATE>-1000</MIN_RATE>
        <MAX_RATE>1000</MAX_RATE>
        <METRIC_UNIT>m</METRIC_UNIT>
        <IMPERIAL_UNIT>ft</IMPERIAL_UNIT>
        <IMPERIAL_CONVERSION_FORMULA>x*3.2808</IMPERIAL_CONVERSION_FORMULA>
        <METRIC_CONVERSION_FORMULA>x/3.280</METRIC_CONVERSION_FORMULA>
       </ENVIRONMENT_OPTION>
       <ENVIRONMENT_OPTION>
        <CATEGORY_ID>Temperature</CATEGORY_ID>
        <ID>Fire</ID>
        <NAME>Fire</NAME>
        <CATEGORY>Temperature</CATEGORY>
        <TRANSFERENCE>100</TRANSFERENCE>
        <SHOW>false</SHOW>
        <INTERPOLATE>true</INTERPOLATE>
        <ACTIVE>false</ACTIVE>
        <VALUE>0</VALUE>
        <MIN>0</MIN>
        <MAX>100</MAX>
        <MIN_RATE>-1000</MIN_RATE>
        <MAX_RATE>1000</MAX_RATE>
        <METRIC_UNIT></METRIC_UNIT>
        <IMPERIAL_UNIT></IMPERIAL_UNIT>
        <IMPERIAL_CONVERSION_FORMULA></IMPERIAL_CONVERSION_FORMULA>
        <METRIC_CONVERSION_FORMULA></METRIC_CONVERSION_FORMULA>
       </ENVIRONMENT_OPTION>
       <ENVIRONMENT_OPTION>
        <CATEGORY_ID>Radiation</CATEGORY_ID>
        <ID>Gamma</ID>
        <NAME>Gamma</NAME>
        <CATEGORY>Radiation</CATEGORY>
        <TRANSFERENCE>100</TRANSFERENCE>
        <SHOW>false</SHOW>
        <INTERPOLATE>true</INTERPOLATE>
        <ACTIVE>false</ACTIVE>
        <VALUE>0</VALUE>
        <MIN>0</MIN>
        <MAX>100</MAX>
        <MIN_RATE>-1000</MIN_RATE>
        <MAX_RATE>1000</MAX_RATE>
        <METRIC_UNIT>%</METRIC_UNIT>
        <IMPERIAL_UNIT></IMPERIAL_UNIT>
        <IMPERIAL_CONVERSION_FORMULA></IMPERIAL_CONVERSION_FORMULA>
        <METRIC_CONVERSION_FORMULA></METRIC_CONVERSION_FORMULA>
       </ENVIRONMENT_OPTION>
       <ENVIRONMENT_OPTION>
        <CATEGORY_ID>Gravity</CATEGORY_ID>
        <ID>Gravity</ID>
        <NAME>Gravity</NAME>
        <CATEGORY>Gravity</CATEGORY>
        <TRANSFERENCE>100</TRANSFERENCE>
        <SHOW>true</SHOW>
        <INTERPOLATE>true</INTERPOLATE>
        <ACTIVE>false</ACTIVE>
        <VALUE>0</VALUE>
        <MIN>-100</MIN>
        <MAX>100</MAX>
        <MIN_RATE>-1000</MIN_RATE>
        <MAX_RATE>1000</MAX_RATE>
        <METRIC_UNIT>m/s&lt;sup>2&lt;/sup></METRIC_UNIT>
        <IMPERIAL_UNIT>ft/s&lt;sup>2&lt;/sup></IMPERIAL_UNIT>
        <IMPERIAL_CONVERSION_FORMULA>x*3.2808399</IMPERIAL_CONVERSION_FORMULA>
        <METRIC_CONVERSION_FORMULA>x*0.3048</METRIC_CONVERSION_FORMULA>
       </ENVIRONMENT_OPTION>
       <ENVIRONMENT_OPTION>
        <CATEGORY_ID>Energy</CATEGORY_ID>
        <ID>Heat</ID>
        <NAME>Heat (BTUs)</NAME>
        <CATEGORY>Energy</CATEGORY>
        <TRANSFERENCE>100</TRANSFERENCE>
        <SHOW>false</SHOW>
        <INTERPOLATE>true</INTERPOLATE>
        <ACTIVE>false</ACTIVE>
        <VALUE>0</VALUE>
        <MIN>-100</MIN>
        <MAX>100</MAX>
        <MIN_RATE>-1000</MIN_RATE>
        <MAX_RATE>1000</MAX_RATE>
        <METRIC_UNIT>KW</METRIC_UNIT>
        <IMPERIAL_UNIT>BTU/hr</IMPERIAL_UNIT>
        <IMPERIAL_CONVERSION_FORMULA>x*0.00029307103866</IMPERIAL_CONVERSION_FORMULA>
        <METRIC_CONVERSION_FORMULA>x*3412.142</METRIC_CONVERSION_FORMULA>
       </ENVIRONMENT_OPTION>
       <ENVIRONMENT_OPTION>
        <CATEGORY_ID>Gases</CATEGORY_ID>
        <ID>Helium</ID>
        <NAME>He</NAME>
        <CATEGORY>Gases</CATEGORY>
        <TRANSFERENCE>100</TRANSFERENCE>
        <SHOW>true</SHOW>
        <INTERPOLATE>true</INTERPOLATE>
        <ACTIVE>false</ACTIVE>
        <VALUE>0</VALUE>
        <MIN>0</MIN>
        <MAX>100</MAX>
        <MIN_RATE>-1000</MIN_RATE>
        <MAX_RATE>1000</MAX_RATE>
        <METRIC_UNIT>%</METRIC_UNIT>
        <IMPERIAL_UNIT></IMPERIAL_UNIT>
        <IMPERIAL_CONVERSION_FORMULA></IMPERIAL_CONVERSION_FORMULA>
        <METRIC_CONVERSION_FORMULA></METRIC_CONVERSION_FORMULA>
       </ENVIRONMENT_OPTION>
       <ENVIRONMENT_OPTION>
        <CATEGORY_ID>Water</CATEGORY_ID>
        <ID>Humidity</ID>
        <NAME>Humidity</NAME>
        <CATEGORY>Water</CATEGORY>
        <TRANSFERENCE>100</TRANSFERENCE>
        <SHOW>true</SHOW>
        <INTERPOLATE>true</INTERPOLATE>
        <ACTIVE>false</ACTIVE>
        <VALUE>0</VALUE>
        <MIN>0</MIN>
        <MAX>100</MAX>
        <MIN_RATE>-1000</MIN_RATE>
        <MAX_RATE>1000</MAX_RATE>
        <METRIC_UNIT>%</METRIC_UNIT>
        <IMPERIAL_UNIT></IMPERIAL_UNIT>
        <IMPERIAL_CONVERSION_FORMULA></IMPERIAL_CONVERSION_FORMULA>
        <METRIC_CONVERSION_FORMULA></METRIC_CONVERSION_FORMULA>
       </ENVIRONMENT_OPTION>
       <ENVIRONMENT_OPTION>
        <CATEGORY_ID>Gases</CATEGORY_ID>
        <ID>Hydrogen</ID>
        <NAME>H</NAME>
        <CATEGORY>Gases</CATEGORY>
        <TRANSFERENCE>100</TRANSFERENCE>
        <SHOW>true</SHOW>
        <INTERPOLATE>true</INTERPOLATE>
        <ACTIVE>false</ACTIVE>
        <VALUE>0</VALUE>
        <MIN>0</MIN>
        <MAX>100</MAX>
        <MIN_RATE>-1000</MIN_RATE>
        <MAX_RATE>1000</MAX_RATE>
        <METRIC_UNIT>%</METRIC_UNIT>
        <IMPERIAL_UNIT></IMPERIAL_UNIT>
        <IMPERIAL_CONVERSION_FORMULA></IMPERIAL_CONVERSION_FORMULA>
        <METRIC_CONVERSION_FORMULA></METRIC_CONVERSION_FORMULA>
       </ENVIRONMENT_OPTION>
       <ENVIRONMENT_OPTION>
        <CATEGORY_ID>Light (Sun)</CATEGORY_ID>
        <ID>Infrared</ID>
        <NAME>Infrared</NAME>
        <CATEGORY>Light (Sun)</CATEGORY>
        <TRANSFERENCE>100</TRANSFERENCE>
        <SHOW>true</SHOW>
        <INTERPOLATE>true</INTERPOLATE>
        <ACTIVE>true</ACTIVE>
        <VALUE>0</VALUE>
        <MIN>0</MIN>
        <MAX>100</MAX>
        <MIN_RATE>-1000</MIN_RATE>
        <MAX_RATE>1000</MAX_RATE>
        <METRIC_UNIT>%</METRIC_UNIT>
        <IMPERIAL_UNIT></IMPERIAL_UNIT>
        <IMPERIAL_CONVERSION_FORMULA></IMPERIAL_CONVERSION_FORMULA>
        <METRIC_CONVERSION_FORMULA></METRIC_CONVERSION_FORMULA>
       </ENVIRONMENT_OPTION>
       <ENVIRONMENT_OPTION>
        <CATEGORY_ID>Temperature</CATEGORY_ID>
        <ID>Ionization</ID>
        <NAME>Ionization</NAME>
        <CATEGORY>Temperature</CATEGORY>
        <TRANSFERENCE>100</TRANSFERENCE>
        <SHOW>false</SHOW>
        <INTERPOLATE>true</INTERPOLATE>
        <ACTIVE>false</ACTIVE>
        <VALUE>0</VALUE>
        <MIN>0</MIN>
        <MAX>100</MAX>
        <MIN_RATE>-1000</MIN_RATE>
        <MAX_RATE>1000</MAX_RATE>
        <METRIC_UNIT>%</METRIC_UNIT>
        <IMPERIAL_UNIT></IMPERIAL_UNIT>
        <IMPERIAL_CONVERSION_FORMULA></IMPERIAL_CONVERSION_FORMULA>
        <METRIC_CONVERSION_FORMULA></METRIC_CONVERSION_FORMULA>
       </ENVIRONMENT_OPTION>
       <ENVIRONMENT_OPTION>
        <CATEGORY_ID>Light (Sun)</CATEGORY_ID>
        <ID>Luminosity</ID>
        <NAME>Luminosity</NAME>
        <CATEGORY>Light (Sun)</CATEGORY>
        <TRANSFERENCE>100</TRANSFERENCE>
        <SHOW>false</SHOW>
        <INTERPOLATE>true</INTERPOLATE>
        <ACTIVE>false</ACTIVE>
        <VALUE>0</VALUE>
        <MIN>0</MIN>
        <MAX>100</MAX>
        <MIN_RATE>-1000</MIN_RATE>
        <MAX_RATE>1000</MAX_RATE>
        <METRIC_UNIT>%</METRIC_UNIT>
        <IMPERIAL_UNIT></IMPERIAL_UNIT>
        <IMPERIAL_CONVERSION_FORMULA></IMPERIAL_CONVERSION_FORMULA>
        <METRIC_CONVERSION_FORMULA></METRIC_CONVERSION_FORMULA>
       </ENVIRONMENT_OPTION>
       <ENVIRONMENT_OPTION>
        <CATEGORY_ID>Gases</CATEGORY_ID>
        <ID>Methane</ID>
        <NAME>Methane</NAME>
        <CATEGORY>Gases</CATEGORY>
        <TRANSFERENCE>100</TRANSFERENCE>
        <SHOW>true</SHOW>
        <INTERPOLATE>true</INTERPOLATE>
        <ACTIVE>false</ACTIVE>
        <VALUE>0</VALUE>
        <MIN>0</MIN>
        <MAX>100</MAX>
        <MIN_RATE>-1000</MIN_RATE>
        <MAX_RATE>1000</MAX_RATE>
        <METRIC_UNIT>%</METRIC_UNIT>
        <IMPERIAL_UNIT></IMPERIAL_UNIT>
        <IMPERIAL_CONVERSION_FORMULA></IMPERIAL_CONVERSION_FORMULA>
        <METRIC_CONVERSION_FORMULA></METRIC_CONVERSION_FORMULA>
       </ENVIRONMENT_OPTION>
       <ENVIRONMENT_OPTION>
        <CATEGORY_ID>Gravity</CATEGORY_ID>
        <ID>Moon Phases</ID>
        <NAME>Moon Phases</NAME>
        <CATEGORY>Gravity</CATEGORY>
        <TRANSFERENCE>100</TRANSFERENCE>
        <SHOW>false</SHOW>
        <INTERPOLATE>true</INTERPOLATE>
        <ACTIVE>false</ACTIVE>
        <VALUE>0</VALUE>
        <MIN>-100</MIN>
        <MAX>100</MAX>
        <MIN_RATE>-1000</MIN_RATE>
        <MAX_RATE>1000</MAX_RATE>
        <METRIC_UNIT></METRIC_UNIT>
        <IMPERIAL_UNIT></IMPERIAL_UNIT>
        <IMPERIAL_CONVERSION_FORMULA></IMPERIAL_CONVERSION_FORMULA>
        <METRIC_CONVERSION_FORMULA></METRIC_CONVERSION_FORMULA>
       </ENVIRONMENT_OPTION>
       <ENVIRONMENT_OPTION>
        <CATEGORY_ID>Motion</CATEGORY_ID>
        <ID>Motion Direction</ID>
        <NAME>Direction</NAME>
        <CATEGORY>Motion</CATEGORY>
        <TRANSFERENCE>100</TRANSFERENCE>
        <SHOW>false</SHOW>
        <INTERPOLATE>true</INTERPOLATE>
        <ACTIVE>false</ACTIVE>
        <VALUE>0</VALUE>
        <MIN>-100</MIN>
        <MAX>100</MAX>
        <MIN_RATE>-1000</MIN_RATE>
        <MAX_RATE>1000</MAX_RATE>
        <METRIC_UNIT>degrees</METRIC_UNIT>
        <IMPERIAL_UNIT></IMPERIAL_UNIT>
        <IMPERIAL_CONVERSION_FORMULA></IMPERIAL_CONVERSION_FORMULA>
        <METRIC_CONVERSION_FORMULA></METRIC_CONVERSION_FORMULA>
       </ENVIRONMENT_OPTION>
       <ENVIRONMENT_OPTION>
        <CATEGORY_ID>Motion</CATEGORY_ID>
        <ID>Motion Speed</ID>
        <NAME>Speed</NAME>
        <CATEGORY>Motion</CATEGORY>
        <TRANSFERENCE>100</TRANSFERENCE>
        <SHOW>false</SHOW>
        <INTERPOLATE>true</INTERPOLATE>
        <ACTIVE>false</ACTIVE>
        <VALUE>0</VALUE>
        <MIN>0</MIN>
        <MAX>100</MAX>
        <MIN_RATE>-1000</MIN_RATE>
        <MAX_RATE>1000</MAX_RATE>
        <METRIC_UNIT>kph</METRIC_UNIT>
        <IMPERIAL_UNIT>mph</IMPERIAL_UNIT>
        <IMPERIAL_CONVERSION_FORMULA>x/1.609344</IMPERIAL_CONVERSION_FORMULA>
        <METRIC_CONVERSION_FORMULA>x*1.609344</METRIC_CONVERSION_FORMULA>
       </ENVIRONMENT_OPTION>
       <ENVIRONMENT_OPTION>
        <CATEGORY_ID>Radiation</CATEGORY_ID>
        <ID>Neutron</ID>
        <NAME>Neutron</NAME>
        <CATEGORY>Radiation</CATEGORY>
        <TRANSFERENCE>100</TRANSFERENCE>
        <SHOW>false</SHOW>
        <INTERPOLATE>true</INTERPOLATE>
        <ACTIVE>false</ACTIVE>
        <VALUE>0</VALUE>
        <MIN>0</MIN>
        <MAX>100</MAX>
        <MIN_RATE>-1000</MIN_RATE>
        <MAX_RATE>1000</MAX_RATE>
        <METRIC_UNIT>%</METRIC_UNIT>
        <IMPERIAL_UNIT></IMPERIAL_UNIT>
        <IMPERIAL_CONVERSION_FORMULA></IMPERIAL_CONVERSION_FORMULA>
        <METRIC_CONVERSION_FORMULA></METRIC_CONVERSION_FORMULA>
       </ENVIRONMENT_OPTION>
       <ENVIRONMENT_OPTION>
        <CATEGORY_ID>Gases</CATEGORY_ID>
        <ID>Nitrogen</ID>
        <NAME>Nitrogen</NAME>
        <CATEGORY>Gases</CATEGORY>
        <TRANSFERENCE>100</TRANSFERENCE>
        <SHOW>true</SHOW>
        <INTERPOLATE>true</INTERPOLATE>
        <ACTIVE>false</ACTIVE>
        <VALUE>0</VALUE>
        <MIN>0</MIN>
        <MAX>100</MAX>
        <MIN_RATE>-1000</MIN_RATE>
        <MAX_RATE>1000</MAX_RATE>
        <METRIC_UNIT>%</METRIC_UNIT>
        <IMPERIAL_UNIT></IMPERIAL_UNIT>
        <IMPERIAL_CONVERSION_FORMULA></IMPERIAL_CONVERSION_FORMULA>
        <METRIC_CONVERSION_FORMULA></METRIC_CONVERSION_FORMULA>
       </ENVIRONMENT_OPTION>
       <ENVIRONMENT_OPTION>
        <CATEGORY_ID>Gases</CATEGORY_ID>
        <ID>O2</ID>
        <NAME>O&lt;sub>2&lt;/sub></NAME>
        <CATEGORY>Gases</CATEGORY>
        <TRANSFERENCE>100</TRANSFERENCE>
        <SHOW>true</SHOW>
        <INTERPOLATE>true</INTERPOLATE>
        <ACTIVE>false</ACTIVE>
        <VALUE>0</VALUE>
        <MIN>0</MIN>
        <MAX>100</MAX>
        <MIN_RATE>-1000</MIN_RATE>
        <MAX_RATE>1000</MAX_RATE>
        <METRIC_UNIT>%</METRIC_UNIT>
        <IMPERIAL_UNIT></IMPERIAL_UNIT>
        <IMPERIAL_CONVERSION_FORMULA></IMPERIAL_CONVERSION_FORMULA>
        <METRIC_CONVERSION_FORMULA></METRIC_CONVERSION_FORMULA>
       </ENVIRONMENT_OPTION>
       <ENVIRONMENT_OPTION>
        <CATEGORY_ID>Electricity</CATEGORY_ID>
        <ID>Ohms</ID>
        <NAME>Ohms</NAME>
        <CATEGORY>Electricity</CATEGORY>
        <TRANSFERENCE>100</TRANSFERENCE>
        <SHOW>false</SHOW>
        <INTERPOLATE>true</INTERPOLATE>
        <ACTIVE>false</ACTIVE>
        <VALUE>0</VALUE>
        <MIN>-100</MIN>
        <MAX>100</MAX>
        <MIN_RATE>-1000</MIN_RATE>
        <MAX_RATE>1000</MAX_RATE>
        <METRIC_UNIT>&amp;#8486;</METRIC_UNIT>
        <IMPERIAL_UNIT></IMPERIAL_UNIT>
        <IMPERIAL_CONVERSION_FORMULA></IMPERIAL_CONVERSION_FORMULA>
        <METRIC_CONVERSION_FORMULA></METRIC_CONVERSION_FORMULA>
       </ENVIRONMENT_OPTION>
       <ENVIRONMENT_OPTION>
        <CATEGORY_ID>Gases</CATEGORY_ID>
        <ID>Ozone</ID>
        <NAME>Ozone</NAME>
        <CATEGORY>Gases</CATEGORY>
        <TRANSFERENCE>100</TRANSFERENCE>
        <SHOW>false</SHOW>
        <INTERPOLATE>true</INTERPOLATE>
        <ACTIVE>false</ACTIVE>
        <VALUE>0</VALUE>
        <MIN>0</MIN>
        <MAX>100</MAX>
        <MIN_RATE>-1000</MIN_RATE>
        <MAX_RATE>1000</MAX_RATE>
        <METRIC_UNIT>%</METRIC_UNIT>
        <IMPERIAL_UNIT></IMPERIAL_UNIT>
        <IMPERIAL_CONVERSION_FORMULA></IMPERIAL_CONVERSION_FORMULA>
        <METRIC_CONVERSION_FORMULA></METRIC_CONVERSION_FORMULA>
       </ENVIRONMENT_OPTION>
       <ENVIRONMENT_OPTION>
        <CATEGORY_ID>Radiation</CATEGORY_ID>
        <ID>Photon</ID>
        <NAME>Photon</NAME>
        <CATEGORY>Radiation</CATEGORY>
        <TRANSFERENCE>100</TRANSFERENCE>
        <SHOW>false</SHOW>
        <INTERPOLATE>true</INTERPOLATE>
        <ACTIVE>false</ACTIVE>
        <VALUE>0</VALUE>
        <MIN>0</MIN>
        <MAX>100</MAX>
        <MIN_RATE>-1000</MIN_RATE>
        <MAX_RATE>1000</MAX_RATE>
        <METRIC_UNIT>%</METRIC_UNIT>
        <IMPERIAL_UNIT></IMPERIAL_UNIT>
        <IMPERIAL_CONVERSION_FORMULA></IMPERIAL_CONVERSION_FORMULA>
        <METRIC_CONVERSION_FORMULA></METRIC_CONVERSION_FORMULA>
       </ENVIRONMENT_OPTION>
       <ENVIRONMENT_OPTION>
        <CATEGORY_ID>Gases</CATEGORY_ID>
        <ID>Propane</ID>
        <NAME>Propane</NAME>
        <CATEGORY>Gases</CATEGORY>
        <TRANSFERENCE>100</TRANSFERENCE>
        <SHOW>false</SHOW>
        <INTERPOLATE>true</INTERPOLATE>
        <ACTIVE>false</ACTIVE>
        <VALUE>0</VALUE>
        <MIN>0</MIN>
        <MAX>100</MAX>
        <MIN_RATE>-1000</MIN_RATE>
        <MAX_RATE>1000</MAX_RATE>
        <METRIC_UNIT>%</METRIC_UNIT>
        <IMPERIAL_UNIT></IMPERIAL_UNIT>
        <IMPERIAL_CONVERSION_FORMULA></IMPERIAL_CONVERSION_FORMULA>
        <METRIC_CONVERSION_FORMULA></METRIC_CONVERSION_FORMULA>
       </ENVIRONMENT_OPTION>
       <ENVIRONMENT_OPTION>
        <CATEGORY_ID>Light (Sun)</CATEGORY_ID>
        <ID>Radiant Heat</ID>
        <NAME>Radiant Heat</NAME>
        <CATEGORY>Light (Sun)</CATEGORY>
        <TRANSFERENCE>100</TRANSFERENCE>
        <SHOW>true</SHOW>
        <INTERPOLATE>true</INTERPOLATE>
        <ACTIVE>true</ACTIVE>
        <VALUE>0</VALUE>
        <MIN>0</MIN>
        <MAX>100</MAX>
        <MIN_RATE>-1000</MIN_RATE>
        <MAX_RATE>1000</MAX_RATE>
        <METRIC_UNIT>%</METRIC_UNIT>
        <IMPERIAL_UNIT></IMPERIAL_UNIT>
        <IMPERIAL_CONVERSION_FORMULA></IMPERIAL_CONVERSION_FORMULA>
        <METRIC_CONVERSION_FORMULA></METRIC_CONVERSION_FORMULA>
       </ENVIRONMENT_OPTION>
       <ENVIRONMENT_OPTION>
        <CATEGORY_ID>Radiation</CATEGORY_ID>
        <ID>Radiation Level</ID>
        <NAME>Level</NAME>
        <CATEGORY>Radiation</CATEGORY>
        <TRANSFERENCE>100</TRANSFERENCE>
        <SHOW>true</SHOW>
        <INTERPOLATE>true</INTERPOLATE>
        <ACTIVE>true</ACTIVE>
        <VALUE>0</VALUE>
        <MIN>0</MIN>
        <MAX>1000</MAX>
        <MIN_RATE>-1000</MIN_RATE>
        <MAX_RATE>1000</MAX_RATE>
        <METRIC_UNIT>mrem</METRIC_UNIT>
        <IMPERIAL_UNIT></IMPERIAL_UNIT>
        <IMPERIAL_CONVERSION_FORMULA></IMPERIAL_CONVERSION_FORMULA>
        <METRIC_CONVERSION_FORMULA></METRIC_CONVERSION_FORMULA>
       </ENVIRONMENT_OPTION>
       <ENVIRONMENT_OPTION>
        <CATEGORY_ID>Water</CATEGORY_ID>
        <ID>Rain</ID>
        <NAME>Rain</NAME>
        <CATEGORY>Water</CATEGORY>
        <TRANSFERENCE>100</TRANSFERENCE>
        <SHOW>true</SHOW>
        <INTERPOLATE>true</INTERPOLATE>
        <ACTIVE>false</ACTIVE>
        <VALUE>0</VALUE>
        <MIN>-100</MIN>
        <MAX>100</MAX>
        <MIN_RATE>-1000</MIN_RATE>
        <MAX_RATE>1000</MAX_RATE>
        <METRIC_UNIT>cm</METRIC_UNIT>
        <IMPERIAL_UNIT>in</IMPERIAL_UNIT>
        <IMPERIAL_CONVERSION_FORMULA>x*0.39</IMPERIAL_CONVERSION_FORMULA>
        <METRIC_CONVERSION_FORMULA>x*2.54</METRIC_CONVERSION_FORMULA>
       </ENVIRONMENT_OPTION>
       <ENVIRONMENT_OPTION>
        <CATEGORY_ID>Temperature</CATEGORY_ID>
        <ID>Smoke</ID>
        <NAME>Smoke</NAME>
        <CATEGORY>Temperature</CATEGORY>
        <TRANSFERENCE>100</TRANSFERENCE>
        <SHOW>false</SHOW>
        <INTERPOLATE>true</INTERPOLATE>
        <ACTIVE>false</ACTIVE>
        <VALUE>0</VALUE>
        <MIN>0</MIN>
        <MAX>100</MAX>
        <MIN_RATE>-1000</MIN_RATE>
        <MAX_RATE>1000</MAX_RATE>
        <METRIC_UNIT>%</METRIC_UNIT>
        <IMPERIAL_UNIT></IMPERIAL_UNIT>
        <IMPERIAL_CONVERSION_FORMULA></IMPERIAL_CONVERSION_FORMULA>
        <METRIC_CONVERSION_FORMULA></METRIC_CONVERSION_FORMULA>
       </ENVIRONMENT_OPTION>
       <ENVIRONMENT_OPTION>
        <CATEGORY_ID>Water</CATEGORY_ID>
        <ID>Snow</ID>
        <NAME>Snow</NAME>
        <CATEGORY>Water</CATEGORY>
        <TRANSFERENCE>100</TRANSFERENCE>
        <SHOW>true</SHOW>
        <INTERPOLATE>true</INTERPOLATE>
        <ACTIVE>false</ACTIVE>
        <VALUE>0</VALUE>
        <MIN>-100</MIN>
        <MAX>100</MAX>
        <MIN_RATE>-1000</MIN_RATE>
        <MAX_RATE>1000</MAX_RATE>
        <METRIC_UNIT>cm</METRIC_UNIT>
        <IMPERIAL_UNIT>in</IMPERIAL_UNIT>
        <IMPERIAL_CONVERSION_FORMULA>x*0.39</IMPERIAL_CONVERSION_FORMULA>
        <METRIC_CONVERSION_FORMULA>x*2.54</METRIC_CONVERSION_FORMULA>
       </ENVIRONMENT_OPTION>
       <ENVIRONMENT_OPTION>
        <CATEGORY_ID>Earth Physical Features</CATEGORY_ID>
        <ID>Soil pH</ID>
        <NAME>Soil pH</NAME>
        <CATEGORY>Earth Physical Features</CATEGORY>
        <TRANSFERENCE>100</TRANSFERENCE>
        <SHOW>true</SHOW>
        <INTERPOLATE>true</INTERPOLATE>
        <ACTIVE>false</ACTIVE>
        <VALUE>0</VALUE>
        <MIN>0</MIN>
        <MAX>100</MAX>
        <MIN_RATE>-1000</MIN_RATE>
        <MAX_RATE>1000</MAX_RATE>
        <METRIC_UNIT>pH</METRIC_UNIT>
        <IMPERIAL_UNIT></IMPERIAL_UNIT>
        <IMPERIAL_CONVERSION_FORMULA></IMPERIAL_CONVERSION_FORMULA>
        <METRIC_CONVERSION_FORMULA></METRIC_CONVERSION_FORMULA>
       </ENVIRONMENT_OPTION>
       <ENVIRONMENT_OPTION>
        <CATEGORY_ID>Sound</CATEGORY_ID>
        <ID>Sound Pitch</ID>
        <NAME>Pitch</NAME>
        <CATEGORY>Sound</CATEGORY>
        <TRANSFERENCE>100</TRANSFERENCE>
        <SHOW>false</SHOW>
        <INTERPOLATE>true</INTERPOLATE>
        <ACTIVE>false</ACTIVE>
        <VALUE>0</VALUE>
        <MIN>0</MIN>
        <MAX>100</MAX>
        <MIN_RATE>-1000</MIN_RATE>
        <MAX_RATE>1000</MAX_RATE>
        <METRIC_UNIT>CPS</METRIC_UNIT>
        <IMPERIAL_UNIT></IMPERIAL_UNIT>
        <IMPERIAL_CONVERSION_FORMULA></IMPERIAL_CONVERSION_FORMULA>
        <METRIC_CONVERSION_FORMULA></METRIC_CONVERSION_FORMULA>
       </ENVIRONMENT_OPTION>
       <ENVIRONMENT_OPTION>
        <CATEGORY_ID>Sound</CATEGORY_ID>
        <ID>Sound Volume</ID>
        <NAME>Volume</NAME>
        <CATEGORY>Sound</CATEGORY>
        <TRANSFERENCE>100</TRANSFERENCE>
        <SHOW>false</SHOW>
        <INTERPOLATE>true</INTERPOLATE>
        <ACTIVE>false</ACTIVE>
        <VALUE>0</VALUE>
        <MIN>0</MIN>
        <MAX>100</MAX>
        <MIN_RATE>-1000</MIN_RATE>
        <MAX_RATE>1000</MAX_RATE>
        <METRIC_UNIT>dB</METRIC_UNIT>
        <IMPERIAL_UNIT></IMPERIAL_UNIT>
        <IMPERIAL_CONVERSION_FORMULA></IMPERIAL_CONVERSION_FORMULA>
        <METRIC_CONVERSION_FORMULA></METRIC_CONVERSION_FORMULA>
       </ENVIRONMENT_OPTION>
       <ENVIRONMENT_OPTION>
        <CATEGORY_ID>Light (Sun)</CATEGORY_ID>
        <ID>Sunlight</ID>
        <NAME>Sunlight</NAME>
        <CATEGORY>Light (Sun)</CATEGORY>
        <TRANSFERENCE>100</TRANSFERENCE>
        <SHOW>true</SHOW>
        <INTERPOLATE>true</INTERPOLATE>
        <ACTIVE>true</ACTIVE>
        <VALUE>0</VALUE>
        <MIN>0</MIN>
        <MAX>100</MAX>
        <MIN_RATE>-1000</MIN_RATE>
        <MAX_RATE>1000</MAX_RATE>
        <METRIC_UNIT>%</METRIC_UNIT>
        <IMPERIAL_UNIT></IMPERIAL_UNIT>
        <IMPERIAL_CONVERSION_FORMULA></IMPERIAL_CONVERSION_FORMULA>
        <METRIC_CONVERSION_FORMULA></METRIC_CONVERSION_FORMULA>
       </ENVIRONMENT_OPTION>
       <ENVIRONMENT_OPTION>
        <CATEGORY_ID>Energy</CATEGORY_ID>
        <ID>Torque</ID>
        <NAME>Torque</NAME>
        <CATEGORY>Energy</CATEGORY>
        <TRANSFERENCE>100</TRANSFERENCE>
        <SHOW>false</SHOW>
        <INTERPOLATE>true</INTERPOLATE>
        <ACTIVE>false</ACTIVE>
        <VALUE>0</VALUE>
        <MIN>-100</MIN>
        <MAX>100</MAX>
        <MIN_RATE>-1000</MIN_RATE>
        <MAX_RATE>1000</MAX_RATE>
        <METRIC_UNIT>m/kg</METRIC_UNIT>
        <IMPERIAL_UNIT>ft/lb</IMPERIAL_UNIT>
        <IMPERIAL_CONVERSION_FORMULA>x*1.48816</IMPERIAL_CONVERSION_FORMULA>
        <METRIC_CONVERSION_FORMULA>x*0.671969</METRIC_CONVERSION_FORMULA>
       </ENVIRONMENT_OPTION>
       <ENVIRONMENT_OPTION>
        <CATEGORY_ID>Light (Sun)</CATEGORY_ID>
        <ID>Ultraviolet</ID>
        <NAME>Ultraviolet</NAME>
        <CATEGORY>Light (Sun)</CATEGORY>
        <TRANSFERENCE>100</TRANSFERENCE>
        <SHOW>true</SHOW>
        <INTERPOLATE>true</INTERPOLATE>
        <ACTIVE>true</ACTIVE>
        <VALUE>0</VALUE>
        <MIN>0</MIN>
        <MAX>100</MAX>
        <MIN_RATE>-1000</MIN_RATE>
        <MAX_RATE>1000</MAX_RATE>
        <METRIC_UNIT>%</METRIC_UNIT>
        <IMPERIAL_UNIT></IMPERIAL_UNIT>
        <IMPERIAL_CONVERSION_FORMULA></IMPERIAL_CONVERSION_FORMULA>
        <METRIC_CONVERSION_FORMULA></METRIC_CONVERSION_FORMULA>
       </ENVIRONMENT_OPTION>
       <ENVIRONMENT_OPTION>
        <CATEGORY_ID>Light (Sun)</CATEGORY_ID>
        <ID>Visible Light</ID>
        <NAME>Visible</NAME>
        <CATEGORY>Light (Sun)</CATEGORY>
        <TRANSFERENCE>100</TRANSFERENCE>
        <SHOW>true</SHOW>
        <INTERPOLATE>true</INTERPOLATE>
        <ACTIVE>true</ACTIVE>
        <VALUE>0</VALUE>
        <MIN>0</MIN>
        <MAX>100</MAX>
        <MIN_RATE>-1000</MIN_RATE>
        <MAX_RATE>1000</MAX_RATE>
        <METRIC_UNIT>%</METRIC_UNIT>
        <IMPERIAL_UNIT></IMPERIAL_UNIT>
        <IMPERIAL_CONVERSION_FORMULA></IMPERIAL_CONVERSION_FORMULA>
        <METRIC_CONVERSION_FORMULA></METRIC_CONVERSION_FORMULA>
       </ENVIRONMENT_OPTION>
       <ENVIRONMENT_OPTION>
        <CATEGORY_ID>Electricity</CATEGORY_ID>
        <ID>Voltage</ID>
        <NAME>Voltage</NAME>
        <CATEGORY>Electricity</CATEGORY>
        <TRANSFERENCE>100</TRANSFERENCE>
        <SHOW>false</SHOW>
        <INTERPOLATE>true</INTERPOLATE>
        <ACTIVE>false</ACTIVE>
        <VALUE>0</VALUE>
        <MIN>-100</MIN>
        <MAX>100</MAX>
        <MIN_RATE>-1000</MIN_RATE>
        <MAX_RATE>1000</MAX_RATE>
        <METRIC_UNIT>V</METRIC_UNIT>
        <IMPERIAL_UNIT></IMPERIAL_UNIT>
        <IMPERIAL_CONVERSION_FORMULA></IMPERIAL_CONVERSION_FORMULA>
        <METRIC_CONVERSION_FORMULA></METRIC_CONVERSION_FORMULA>
       </ENVIRONMENT_OPTION>
       <ENVIRONMENT_OPTION>
        <CATEGORY_ID>Water</CATEGORY_ID>
        <ID>Water Level</ID>
        <NAME>Water Level</NAME>
        <CATEGORY>Water</CATEGORY>
        <TRANSFERENCE>100</TRANSFERENCE>
        <SHOW>true</SHOW>
        <INTERPOLATE>true</INTERPOLATE>
        <ACTIVE>false</ACTIVE>
        <VALUE>0</VALUE>
        <MIN>0</MIN>
        <MAX>100</MAX>
        <MIN_RATE>-1000</MIN_RATE>
        <MAX_RATE>1000</MAX_RATE>
        <METRIC_UNIT>cm</METRIC_UNIT>
        <IMPERIAL_UNIT>in</IMPERIAL_UNIT>
        <IMPERIAL_CONVERSION_FORMULA>x*0.39</IMPERIAL_CONVERSION_FORMULA>
        <METRIC_CONVERSION_FORMULA>x*2.54</METRIC_CONVERSION_FORMULA>
       </ENVIRONMENT_OPTION>
       <ENVIRONMENT_OPTION>
        <CATEGORY_ID>Water</CATEGORY_ID>
        <ID>Water Speed</ID>
        <NAME>Speed</NAME>
        <CATEGORY>Water</CATEGORY>
        <TRANSFERENCE>100</TRANSFERENCE>
        <SHOW>false</SHOW>
        <INTERPOLATE>true</INTERPOLATE>
        <ACTIVE>false</ACTIVE>
        <VALUE>0</VALUE>
        <MIN>0</MIN>
        <MAX>1000</MAX>
        <MIN_RATE>-1000</MIN_RATE>
        <MAX_RATE>1000</MAX_RATE>
        <METRIC_UNIT>kph</METRIC_UNIT>
        <IMPERIAL_UNIT>mph</IMPERIAL_UNIT>
        <IMPERIAL_CONVERSION_FORMULA>x/1.609344</IMPERIAL_CONVERSION_FORMULA>
        <METRIC_CONVERSION_FORMULA>x*1.609344</METRIC_CONVERSION_FORMULA>
       </ENVIRONMENT_OPTION>
       <ENVIRONMENT_OPTION>
        <CATEGORY_ID>Water</CATEGORY_ID>
        <ID>Water Temperature</ID>
        <NAME>Temperature</NAME>
        <CATEGORY>Water</CATEGORY>
        <TRANSFERENCE>100</TRANSFERENCE>
        <SHOW>false</SHOW>
        <INTERPOLATE>true</INTERPOLATE>
        <ACTIVE>false</ACTIVE>
        <VALUE>0</VALUE>
        <MIN>-100</MIN>
        <MAX>100</MAX>
        <MIN_RATE>-1000</MIN_RATE>
        <MAX_RATE>1000</MAX_RATE>
        <METRIC_UNIT>C</METRIC_UNIT>
        <IMPERIAL_UNIT>F</IMPERIAL_UNIT>
        <IMPERIAL_CONVERSION_FORMULA>x*(9/5)+32</IMPERIAL_CONVERSION_FORMULA>
        <METRIC_CONVERSION_FORMULA>(x-32)*(5/9)</METRIC_CONVERSION_FORMULA>
       </ENVIRONMENT_OPTION>
       <ENVIRONMENT_OPTION>
        <CATEGORY_ID>Water</CATEGORY_ID>
        <ID>Water Volume</ID>
        <NAME>Volume</NAME>
        <CATEGORY>Water</CATEGORY>
        <TRANSFERENCE>100</TRANSFERENCE>
        <SHOW>false</SHOW>
        <INTERPOLATE>true</INTERPOLATE>
        <ACTIVE>false</ACTIVE>
        <VALUE>0</VALUE>
        <MIN>0</MIN>
        <MAX>10000</MAX>
        <MIN_RATE>-1000</MIN_RATE>
        <MAX_RATE>1000</MAX_RATE>
        <METRIC_UNIT>L</METRIC_UNIT>
        <IMPERIAL_UNIT>gal</IMPERIAL_UNIT>
        <IMPERIAL_CONVERSION_FORMULA>x*0.26417</IMPERIAL_CONVERSION_FORMULA>
        <METRIC_CONVERSION_FORMULA>x/0.26417</METRIC_CONVERSION_FORMULA>
       </ENVIRONMENT_OPTION>
       <ENVIRONMENT_OPTION>
        <CATEGORY_ID>Water</CATEGORY_ID>
        <ID>Water pH</ID>
        <NAME>Water pH</NAME>
        <CATEGORY>Water</CATEGORY>
        <TRANSFERENCE>100</TRANSFERENCE>
        <SHOW>false</SHOW>
        <INTERPOLATE>true</INTERPOLATE>
        <ACTIVE>false</ACTIVE>
        <VALUE>0</VALUE>
        <MIN>0</MIN>
        <MAX>100</MAX>
        <MIN_RATE>-1000</MIN_RATE>
        <MAX_RATE>1000</MAX_RATE>
        <METRIC_UNIT>pH</METRIC_UNIT>
        <IMPERIAL_UNIT></IMPERIAL_UNIT>
        <IMPERIAL_CONVERSION_FORMULA></IMPERIAL_CONVERSION_FORMULA>
        <METRIC_CONVERSION_FORMULA></METRIC_CONVERSION_FORMULA>
       </ENVIRONMENT_OPTION>
       <ENVIRONMENT_OPTION>
        <CATEGORY_ID>Electricity</CATEGORY_ID>
        <ID>Watts</ID>
        <NAME>Watts</NAME>
        <CATEGORY>Electricity</CATEGORY>
        <TRANSFERENCE>100</TRANSFERENCE>
        <SHOW>false</SHOW>
        <INTERPOLATE>true</INTERPOLATE>
        <ACTIVE>false</ACTIVE>
        <VALUE>0</VALUE>
        <MIN>-100</MIN>
        <MAX>100</MAX>
        <MIN_RATE>-1000</MIN_RATE>
        <MAX_RATE>1000</MAX_RATE>
        <METRIC_UNIT>W</METRIC_UNIT>
        <IMPERIAL_UNIT></IMPERIAL_UNIT>
        <IMPERIAL_CONVERSION_FORMULA></IMPERIAL_CONVERSION_FORMULA>
        <METRIC_CONVERSION_FORMULA></METRIC_CONVERSION_FORMULA>
       </ENVIRONMENT_OPTION>
       <ENVIRONMENT_OPTION>
        <CATEGORY_ID>Sound</CATEGORY_ID>
        <ID>White Noise</ID>
        <NAME>White Noise</NAME>
        <CATEGORY>Sound</CATEGORY>
        <TRANSFERENCE>100</TRANSFERENCE>
        <SHOW>false</SHOW>
        <INTERPOLATE>true</INTERPOLATE>
        <ACTIVE>false</ACTIVE>
        <VALUE>0</VALUE>
        <MIN>0</MIN>
        <MAX>100</MAX>
        <MIN_RATE>-1000</MIN_RATE>
        <MAX_RATE>1000</MAX_RATE>
        <METRIC_UNIT>%</METRIC_UNIT>
        <IMPERIAL_UNIT></IMPERIAL_UNIT>
        <IMPERIAL_CONVERSION_FORMULA></IMPERIAL_CONVERSION_FORMULA>
        <METRIC_CONVERSION_FORMULA></METRIC_CONVERSION_FORMULA>
       </ENVIRONMENT_OPTION>
       <ENVIRONMENT_OPTION>
        <CATEGORY_ID>Wind</CATEGORY_ID>
        <ID>Wind Direction</ID>
        <NAME>Direction</NAME>
        <CATEGORY>Wind</CATEGORY>
        <TRANSFERENCE>100</TRANSFERENCE>
        <SHOW>true</SHOW>
        <INTERPOLATE>true</INTERPOLATE>
        <ACTIVE>false</ACTIVE>
        <VALUE>0</VALUE>
        <MIN>-100</MIN>
        <MAX>100</MAX>
        <MIN_RATE>-1000</MIN_RATE>
        <MAX_RATE>1000</MAX_RATE>
        <METRIC_UNIT>degrees</METRIC_UNIT>
        <IMPERIAL_UNIT></IMPERIAL_UNIT>
        <IMPERIAL_CONVERSION_FORMULA></IMPERIAL_CONVERSION_FORMULA>
        <METRIC_CONVERSION_FORMULA></METRIC_CONVERSION_FORMULA>
       </ENVIRONMENT_OPTION>
       <ENVIRONMENT_OPTION>
        <CATEGORY_ID>Wind</CATEGORY_ID>
        <ID>Wind Gusts</ID>
        <NAME>Variance (gusts)</NAME>
        <CATEGORY>Wind</CATEGORY>
        <TRANSFERENCE>100</TRANSFERENCE>
        <SHOW>true</SHOW>
        <INTERPOLATE>true</INTERPOLATE>
        <ACTIVE>false</ACTIVE>
        <VALUE>0</VALUE>
        <MIN>0</MIN>
        <MAX>100</MAX>
        <MIN_RATE>-1000</MIN_RATE>
        <MAX_RATE>1000</MAX_RATE>
        <METRIC_UNIT>%</METRIC_UNIT>
        <IMPERIAL_UNIT></IMPERIAL_UNIT>
        <IMPERIAL_CONVERSION_FORMULA></IMPERIAL_CONVERSION_FORMULA>
        <METRIC_CONVERSION_FORMULA></METRIC_CONVERSION_FORMULA>
       </ENVIRONMENT_OPTION>
       <ENVIRONMENT_OPTION>
        <CATEGORY_ID>Wind</CATEGORY_ID>
        <ID>Wind Speed</ID>
        <NAME>Speed</NAME>
        <CATEGORY>Wind</CATEGORY>
        <TRANSFERENCE>100</TRANSFERENCE>
        <SHOW>true</SHOW>
        <INTERPOLATE>true</INTERPOLATE>
        <ACTIVE>false</ACTIVE>
        <VALUE>0</VALUE>
        <MIN>0</MIN>
        <MAX>100</MAX>
        <MIN_RATE>-1000</MIN_RATE>
        <MAX_RATE>1000</MAX_RATE>
        <METRIC_UNIT>kph</METRIC_UNIT>
        <IMPERIAL_UNIT>mph</IMPERIAL_UNIT>
        <IMPERIAL_CONVERSION_FORMULA>x/1.609344</IMPERIAL_CONVERSION_FORMULA>
        <METRIC_CONVERSION_FORMULA>x*1.609344</METRIC_CONVERSION_FORMULA>
       </ENVIRONMENT_OPTION>
      </ENVIRONMENT_OPTIONS>
     </KEYFRAME>
     <KEYFRAME>
      <TIME>43200</TIME>
      <ENVIRONMENT_OPTIONS>
       <ENVIRONMENT_OPTION>
        <CATEGORY_ID>Radiation</CATEGORY_ID>
        <ID>Alpha</ID>
        <NAME>Alpha</NAME>
        <CATEGORY>Radiation</CATEGORY>
        <TRANSFERENCE>100</TRANSFERENCE>
        <SHOW>false</SHOW>
        <INTERPOLATE>true</INTERPOLATE>
        <ACTIVE>false</ACTIVE>
        <VALUE>0</VALUE>
        <MIN>0</MIN>
        <MAX>100</MAX>
        <MIN_RATE>-1000</MIN_RATE>
        <MAX_RATE>1000</MAX_RATE>
        <METRIC_UNIT>%</METRIC_UNIT>
        <IMPERIAL_UNIT></IMPERIAL_UNIT>
        <IMPERIAL_CONVERSION_FORMULA></IMPERIAL_CONVERSION_FORMULA>
        <METRIC_CONVERSION_FORMULA></METRIC_CONVERSION_FORMULA>
       </ENVIRONMENT_OPTION>
       <ENVIRONMENT_OPTION>
        <CATEGORY_ID>Temperature</CATEGORY_ID>
        <ID>Ambient Temperature</ID>
        <NAME>Ambient Temperature</NAME>
        <CATEGORY>Temperature</CATEGORY>
        <TRANSFERENCE>100</TRANSFERENCE>
        <SHOW>true</SHOW>
        <INTERPOLATE>true</INTERPOLATE>
        <ACTIVE>true</ACTIVE>
        <VALUE>24</VALUE>
        <MIN>-100</MIN>
        <MAX>100</MAX>
        <MIN_RATE>-0.00138889</MIN_RATE>
        <MAX_RATE>0.00138889</MAX_RATE>
        <METRIC_UNIT>C</METRIC_UNIT>
        <IMPERIAL_UNIT>F</IMPERIAL_UNIT>
        <IMPERIAL_CONVERSION_FORMULA>x*(9/5)+32</IMPERIAL_CONVERSION_FORMULA>
        <METRIC_CONVERSION_FORMULA>(x-32)*(5/9)</METRIC_CONVERSION_FORMULA>
       </ENVIRONMENT_OPTION>
       <ENVIRONMENT_OPTION>
        <CATEGORY_ID>Gases</CATEGORY_ID>
        <ID>Argon</ID>
        <NAME>Argon</NAME>
        <CATEGORY>Gases</CATEGORY>
        <TRANSFERENCE>100</TRANSFERENCE>
        <SHOW>true</SHOW>
        <INTERPOLATE>true</INTERPOLATE>
        <ACTIVE>false</ACTIVE>
        <VALUE>0</VALUE>
        <MIN>0</MIN>
        <MAX>100</MAX>
        <MIN_RATE>-1000</MIN_RATE>
        <MAX_RATE>1000</MAX_RATE>
        <METRIC_UNIT>%</METRIC_UNIT>
        <IMPERIAL_UNIT></IMPERIAL_UNIT>
        <IMPERIAL_CONVERSION_FORMULA></IMPERIAL_CONVERSION_FORMULA>
        <METRIC_CONVERSION_FORMULA></METRIC_CONVERSION_FORMULA>
       </ENVIRONMENT_OPTION>
       <ENVIRONMENT_OPTION>
        <CATEGORY_ID>Other</CATEGORY_ID>
        <ID>Atmospheric Pressure</ID>
        <NAME>Atmospheric Pressure</NAME>
        <CATEGORY>Other</CATEGORY>
        <TRANSFERENCE>100</TRANSFERENCE>
        <SHOW>true</SHOW>
        <INTERPOLATE>true</INTERPOLATE>
        <ACTIVE>false</ACTIVE>
        <VALUE>0</VALUE>
        <MIN>-100</MIN>
        <MAX>200</MAX>
        <MIN_RATE>-1000</MIN_RATE>
        <MAX_RATE>1000</MAX_RATE>
        <METRIC_UNIT>kPa</METRIC_UNIT>
        <IMPERIAL_UNIT>psi</IMPERIAL_UNIT>
        <IMPERIAL_CONVERSION_FORMULA>x*.14503773773020923</IMPERIAL_CONVERSION_FORMULA>
        <METRIC_CONVERSION_FORMULA></METRIC_CONVERSION_FORMULA>
       </ENVIRONMENT_OPTION>
       <ENVIRONMENT_OPTION>
        <CATEGORY_ID>Radiation</CATEGORY_ID>
        <ID>Beta</ID>
        <NAME>Beta</NAME>
        <CATEGORY>Radiation</CATEGORY>
        <TRANSFERENCE>100</TRANSFERENCE>
        <SHOW>false</SHOW>
        <INTERPOLATE>true</INTERPOLATE>
        <ACTIVE>false</ACTIVE>
        <VALUE>0</VALUE>
        <MIN>0</MIN>
        <MAX>100</MAX>
        <MIN_RATE>-1000</MIN_RATE>
        <MAX_RATE>1000</MAX_RATE>
        <METRIC_UNIT>%</METRIC_UNIT>
        <IMPERIAL_UNIT></IMPERIAL_UNIT>
        <IMPERIAL_CONVERSION_FORMULA></IMPERIAL_CONVERSION_FORMULA>
        <METRIC_CONVERSION_FORMULA></METRIC_CONVERSION_FORMULA>
       </ENVIRONMENT_OPTION>
       <ENVIRONMENT_OPTION>
        <CATEGORY_ID>Gases</CATEGORY_ID>
        <ID>CO</ID>
        <NAME>CO</NAME>
        <CATEGORY>Gases</CATEGORY>
        <TRANSFERENCE>100</TRANSFERENCE>
        <SHOW>true</SHOW>
        <INTERPOLATE>true</INTERPOLATE>
        <ACTIVE>false</ACTIVE>
        <VALUE>0</VALUE>
        <MIN>0</MIN>
        <MAX>100</MAX>
        <MIN_RATE>-1000</MIN_RATE>
        <MAX_RATE>1000</MAX_RATE>
        <METRIC_UNIT>%</METRIC_UNIT>
        <IMPERIAL_UNIT></IMPERIAL_UNIT>
        <IMPERIAL_CONVERSION_FORMULA></IMPERIAL_CONVERSION_FORMULA>
        <METRIC_CONVERSION_FORMULA></METRIC_CONVERSION_FORMULA>
       </ENVIRONMENT_OPTION>
       <ENVIRONMENT_OPTION>
        <CATEGORY_ID>Gases</CATEGORY_ID>
        <ID>CO2</ID>
        <NAME>CO&lt;sub>2&lt;/sub></NAME>
        <CATEGORY>Gases</CATEGORY>
        <TRANSFERENCE>100</TRANSFERENCE>
        <SHOW>true</SHOW>
        <INTERPOLATE>true</INTERPOLATE>
        <ACTIVE>false</ACTIVE>
        <VALUE>0</VALUE>
        <MIN>0</MIN>
        <MAX>100</MAX>
        <MIN_RATE>-1000</MIN_RATE>
        <MAX_RATE>1000</MAX_RATE>
        <METRIC_UNIT>%</METRIC_UNIT>
        <IMPERIAL_UNIT></IMPERIAL_UNIT>
        <IMPERIAL_CONVERSION_FORMULA></IMPERIAL_CONVERSION_FORMULA>
        <METRIC_CONVERSION_FORMULA></METRIC_CONVERSION_FORMULA>
       </ENVIRONMENT_OPTION>
       <ENVIRONMENT_OPTION>
        <CATEGORY_ID>Water</CATEGORY_ID>
        <ID>Clouds</ID>
        <NAME>Clouds</NAME>
        <CATEGORY>Water</CATEGORY>
        <TRANSFERENCE>100</TRANSFERENCE>
        <SHOW>true</SHOW>
        <INTERPOLATE>true</INTERPOLATE>
        <ACTIVE>true</ACTIVE>
        <VALUE>10</VALUE>
        <MIN>0</MIN>
        <MAX>100</MAX>
        <MIN_RATE>-1000</MIN_RATE>
        <MAX_RATE>1000</MAX_RATE>
        <METRIC_UNIT>%</METRIC_UNIT>
        <IMPERIAL_UNIT></IMPERIAL_UNIT>
        <IMPERIAL_CONVERSION_FORMULA></IMPERIAL_CONVERSION_FORMULA>
        <METRIC_CONVERSION_FORMULA></METRIC_CONVERSION_FORMULA>
       </ENVIRONMENT_OPTION>
       <ENVIRONMENT_OPTION>
        <CATEGORY_ID>Earth Physical Features</CATEGORY_ID>
        <ID>Compaction</ID>
        <NAME>Compaction</NAME>
        <CATEGORY>Earth Physical Features</CATEGORY>
        <TRANSFERENCE>100</TRANSFERENCE>
        <SHOW>false</SHOW>
        <INTERPOLATE>true</INTERPOLATE>
        <ACTIVE>false</ACTIVE>
        <VALUE>0</VALUE>
        <MIN>0</MIN>
        <MAX>100</MAX>
        <MIN_RATE>-1000</MIN_RATE>
        <MAX_RATE>1000</MAX_RATE>
        <METRIC_UNIT>Moh</METRIC_UNIT>
        <IMPERIAL_UNIT></IMPERIAL_UNIT>
        <IMPERIAL_CONVERSION_FORMULA></IMPERIAL_CONVERSION_FORMULA>
        <METRIC_CONVERSION_FORMULA></METRIC_CONVERSION_FORMULA>
       </ENVIRONMENT_OPTION>
       <ENVIRONMENT_OPTION>
        <CATEGORY_ID>Earth Physical Features</CATEGORY_ID>
        <ID>Composition Hardness</ID>
        <NAME>Composition Hardness</NAME>
        <CATEGORY>Earth Physical Features</CATEGORY>
        <TRANSFERENCE>100</TRANSFERENCE>
        <SHOW>false</SHOW>
        <INTERPOLATE>true</INTERPOLATE>
        <ACTIVE>false</ACTIVE>
        <VALUE>0</VALUE>
        <MIN>0</MIN>
        <MAX>100</MAX>
        <MIN_RATE>-1000</MIN_RATE>
        <MAX_RATE>1000</MAX_RATE>
        <METRIC_UNIT>Moh</METRIC_UNIT>
        <IMPERIAL_UNIT></IMPERIAL_UNIT>
        <IMPERIAL_CONVERSION_FORMULA></IMPERIAL_CONVERSION_FORMULA>
        <METRIC_CONVERSION_FORMULA></METRIC_CONVERSION_FORMULA>
       </ENVIRONMENT_OPTION>
       <ENVIRONMENT_OPTION>
        <CATEGORY_ID>Light (Sun)</CATEGORY_ID>
        <ID>Electromagnetic Radiation</ID>
        <NAME>Electromagnetic Radiation</NAME>
        <CATEGORY>Light (Sun)</CATEGORY>
        <TRANSFERENCE>100</TRANSFERENCE>
        <SHOW>true</SHOW>
        <INTERPOLATE>true</INTERPOLATE>
        <ACTIVE>true</ACTIVE>
        <VALUE>100</VALUE>
        <MIN>0</MIN>
        <MAX>100</MAX>
        <MIN_RATE>-1000</MIN_RATE>
        <MAX_RATE>1000</MAX_RATE>
        <METRIC_UNIT>%</METRIC_UNIT>
        <IMPERIAL_UNIT></IMPERIAL_UNIT>
        <IMPERIAL_CONVERSION_FORMULA></IMPERIAL_CONVERSION_FORMULA>
        <METRIC_CONVERSION_FORMULA></METRIC_CONVERSION_FORMULA>
       </ENVIRONMENT_OPTION>
       <ENVIRONMENT_OPTION>
        <CATEGORY_ID>Earth Physical Features</CATEGORY_ID>
        <ID>Elevation</ID>
        <NAME>Elevation</NAME>
        <CATEGORY>Earth Physical Features</CATEGORY>
        <TRANSFERENCE>100</TRANSFERENCE>
        <SHOW>true</SHOW>
        <INTERPOLATE>true</INTERPOLATE>
        <ACTIVE>false</ACTIVE>
        <VALUE>0</VALUE>
        <MIN>0</MIN>
        <MAX>100000</MAX>
        <MIN_RATE>-1000</MIN_RATE>
        <MAX_RATE>1000</MAX_RATE>
        <METRIC_UNIT>m</METRIC_UNIT>
        <IMPERIAL_UNIT>ft</IMPERIAL_UNIT>
        <IMPERIAL_CONVERSION_FORMULA>x*3.2808</IMPERIAL_CONVERSION_FORMULA>
        <METRIC_CONVERSION_FORMULA>x/3.280</METRIC_CONVERSION_FORMULA>
       </ENVIRONMENT_OPTION>
       <ENVIRONMENT_OPTION>
        <CATEGORY_ID>Temperature</CATEGORY_ID>
        <ID>Fire</ID>
        <NAME>Fire</NAME>
        <CATEGORY>Temperature</CATEGORY>
        <TRANSFERENCE>100</TRANSFERENCE>
        <SHOW>false</SHOW>
        <INTERPOLATE>true</INTERPOLATE>
        <ACTIVE>false</ACTIVE>
        <VALUE>0</VALUE>
        <MIN>0</MIN>
        <MAX>100</MAX>
        <MIN_RATE>-1000</MIN_RATE>
        <MAX_RATE>1000</MAX_RATE>
        <METRIC_UNIT></METRIC_UNIT>
        <IMPERIAL_UNIT></IMPERIAL_UNIT>
        <IMPERIAL_CONVERSION_FORMULA></IMPERIAL_CONVERSION_FORMULA>
        <METRIC_CONVERSION_FORMULA></METRIC_CONVERSION_FORMULA>
       </ENVIRONMENT_OPTION>
       <ENVIRONMENT_OPTION>
        <CATEGORY_ID>Radiation</CATEGORY_ID>
        <ID>Gamma</ID>
        <NAME>Gamma</NAME>
        <CATEGORY>Radiation</CATEGORY>
        <TRANSFERENCE>100</TRANSFERENCE>
        <SHOW>false</SHOW>
        <INTERPOLATE>true</INTERPOLATE>
        <ACTIVE>false</ACTIVE>
        <VALUE>0</VALUE>
        <MIN>0</MIN>
        <MAX>100</MAX>
        <MIN_RATE>-1000</MIN_RATE>
        <MAX_RATE>1000</MAX_RATE>
        <METRIC_UNIT>%</METRIC_UNIT>
        <IMPERIAL_UNIT></IMPERIAL_UNIT>
        <IMPERIAL_CONVERSION_FORMULA></IMPERIAL_CONVERSION_FORMULA>
        <METRIC_CONVERSION_FORMULA></METRIC_CONVERSION_FORMULA>
       </ENVIRONMENT_OPTION>
       <ENVIRONMENT_OPTION>
        <CATEGORY_ID>Gravity</CATEGORY_ID>
        <ID>Gravity</ID>
        <NAME>Gravity</NAME>
        <CATEGORY>Gravity</CATEGORY>
        <TRANSFERENCE>100</TRANSFERENCE>
        <SHOW>true</SHOW>
        <INTERPOLATE>true</INTERPOLATE>
        <ACTIVE>false</ACTIVE>
        <VALUE>0</VALUE>
        <MIN>-100</MIN>
        <MAX>100</MAX>
        <MIN_RATE>-1000</MIN_RATE>
        <MAX_RATE>1000</MAX_RATE>
        <METRIC_UNIT>m/s&lt;sup>2&lt;/sup></METRIC_UNIT>
        <IMPERIAL_UNIT>ft/s&lt;sup>2&lt;/sup></IMPERIAL_UNIT>
        <IMPERIAL_CONVERSION_FORMULA>x*3.2808399</IMPERIAL_CONVERSION_FORMULA>
        <METRIC_CONVERSION_FORMULA>x*0.3048</METRIC_CONVERSION_FORMULA>
       </ENVIRONMENT_OPTION>
       <ENVIRONMENT_OPTION>
        <CATEGORY_ID>Energy</CATEGORY_ID>
        <ID>Heat</ID>
        <NAME>Heat (BTUs)</NAME>
        <CATEGORY>Energy</CATEGORY>
        <TRANSFERENCE>100</TRANSFERENCE>
        <SHOW>false</SHOW>
        <INTERPOLATE>true</INTERPOLATE>
        <ACTIVE>false</ACTIVE>
        <VALUE>0</VALUE>
        <MIN>-100</MIN>
        <MAX>100</MAX>
        <MIN_RATE>-1000</MIN_RATE>
        <MAX_RATE>1000</MAX_RATE>
        <METRIC_UNIT>KW</METRIC_UNIT>
        <IMPERIAL_UNIT>BTU/hr</IMPERIAL_UNIT>
        <IMPERIAL_CONVERSION_FORMULA>x*0.00029307103866</IMPERIAL_CONVERSION_FORMULA>
        <METRIC_CONVERSION_FORMULA>x*3412.142</METRIC_CONVERSION_FORMULA>
       </ENVIRONMENT_OPTION>
       <ENVIRONMENT_OPTION>
        <CATEGORY_ID>Gases</CATEGORY_ID>
        <ID>Helium</ID>
        <NAME>He</NAME>
        <CATEGORY>Gases</CATEGORY>
        <TRANSFERENCE>100</TRANSFERENCE>
        <SHOW>true</SHOW>
        <INTERPOLATE>true</INTERPOLATE>
        <ACTIVE>false</ACTIVE>
        <VALUE>0</VALUE>
        <MIN>0</MIN>
        <MAX>100</MAX>
        <MIN_RATE>-1000</MIN_RATE>
        <MAX_RATE>1000</MAX_RATE>
        <METRIC_UNIT>%</METRIC_UNIT>
        <IMPERIAL_UNIT></IMPERIAL_UNIT>
        <IMPERIAL_CONVERSION_FORMULA></IMPERIAL_CONVERSION_FORMULA>
        <METRIC_CONVERSION_FORMULA></METRIC_CONVERSION_FORMULA>
       </ENVIRONMENT_OPTION>
       <ENVIRONMENT_OPTION>
        <CATEGORY_ID>Water</CATEGORY_ID>
        <ID>Humidity</ID>
        <NAME>Humidity</NAME>
        <CATEGORY>Water</CATEGORY>
        <TRANSFERENCE>100</TRANSFERENCE>
        <SHOW>true</SHOW>
        <INTERPOLATE>true</INTERPOLATE>
        <ACTIVE>true</ACTIVE>
        <VALUE>70</VALUE>
        <MIN>0</MIN>
        <MAX>100</MAX>
        <MIN_RATE>-1000</MIN_RATE>
        <MAX_RATE>1000</MAX_RATE>
        <METRIC_UNIT>%</METRIC_UNIT>
        <IMPERIAL_UNIT></IMPERIAL_UNIT>
        <IMPERIAL_CONVERSION_FORMULA></IMPERIAL_CONVERSION_FORMULA>
        <METRIC_CONVERSION_FORMULA></METRIC_CONVERSION_FORMULA>
       </ENVIRONMENT_OPTION>
       <ENVIRONMENT_OPTION>
        <CATEGORY_ID>Gases</CATEGORY_ID>
        <ID>Hydrogen</ID>
        <NAME>H</NAME>
        <CATEGORY>Gases</CATEGORY>
        <TRANSFERENCE>100</TRANSFERENCE>
        <SHOW>true</SHOW>
        <INTERPOLATE>true</INTERPOLATE>
        <ACTIVE>false</ACTIVE>
        <VALUE>0</VALUE>
        <MIN>0</MIN>
        <MAX>100</MAX>
        <MIN_RATE>-1000</MIN_RATE>
        <MAX_RATE>1000</MAX_RATE>
        <METRIC_UNIT>%</METRIC_UNIT>
        <IMPERIAL_UNIT></IMPERIAL_UNIT>
        <IMPERIAL_CONVERSION_FORMULA></IMPERIAL_CONVERSION_FORMULA>
        <METRIC_CONVERSION_FORMULA></METRIC_CONVERSION_FORMULA>
       </ENVIRONMENT_OPTION>
       <ENVIRONMENT_OPTION>
        <CATEGORY_ID>Light (Sun)</CATEGORY_ID>
        <ID>Infrared</ID>
        <NAME>Infrared</NAME>
        <CATEGORY>Light (Sun)</CATEGORY>
        <TRANSFERENCE>100</TRANSFERENCE>
        <SHOW>true</SHOW>
        <INTERPOLATE>true</INTERPOLATE>
        <ACTIVE>true</ACTIVE>
        <VALUE>55</VALUE>
        <MIN>0</MIN>
        <MAX>100</MAX>
        <MIN_RATE>-1000</MIN_RATE>
        <MAX_RATE>1000</MAX_RATE>
        <METRIC_UNIT>%</METRIC_UNIT>
        <IMPERIAL_UNIT></IMPERIAL_UNIT>
        <IMPERIAL_CONVERSION_FORMULA></IMPERIAL_CONVERSION_FORMULA>
        <METRIC_CONVERSION_FORMULA></METRIC_CONVERSION_FORMULA>
       </ENVIRONMENT_OPTION>
       <ENVIRONMENT_OPTION>
        <CATEGORY_ID>Temperature</CATEGORY_ID>
        <ID>Ionization</ID>
        <NAME>Ionization</NAME>
        <CATEGORY>Temperature</CATEGORY>
        <TRANSFERENCE>100</TRANSFERENCE>
        <SHOW>false</SHOW>
        <INTERPOLATE>true</INTERPOLATE>
        <ACTIVE>false</ACTIVE>
        <VALUE>0</VALUE>
        <MIN>0</MIN>
        <MAX>100</MAX>
        <MIN_RATE>-1000</MIN_RATE>
        <MAX_RATE>1000</MAX_RATE>
        <METRIC_UNIT>%</METRIC_UNIT>
        <IMPERIAL_UNIT></IMPERIAL_UNIT>
        <IMPERIAL_CONVERSION_FORMULA></IMPERIAL_CONVERSION_FORMULA>
        <METRIC_CONVERSION_FORMULA></METRIC_CONVERSION_FORMULA>
       </ENVIRONMENT_OPTION>
       <ENVIRONMENT_OPTION>
        <CATEGORY_ID>Light (Sun)</CATEGORY_ID>
        <ID>Luminosity</ID>
        <NAME>Luminosity</NAME>
        <CATEGORY>Light (Sun)</CATEGORY>
        <TRANSFERENCE>100</TRANSFERENCE>
        <SHOW>false</SHOW>
        <INTERPOLATE>true</INTERPOLATE>
        <ACTIVE>false</ACTIVE>
        <VALUE>0</VALUE>
        <MIN>0</MIN>
        <MAX>100</MAX>
        <MIN_RATE>-1000</MIN_RATE>
        <MAX_RATE>1000</MAX_RATE>
        <METRIC_UNIT>%</METRIC_UNIT>
        <IMPERIAL_UNIT></IMPERIAL_UNIT>
        <IMPERIAL_CONVERSION_FORMULA></IMPERIAL_CONVERSION_FORMULA>
        <METRIC_CONVERSION_FORMULA></METRIC_CONVERSION_FORMULA>
       </ENVIRONMENT_OPTION>
       <ENVIRONMENT_OPTION>
        <CATEGORY_ID>Gases</CATEGORY_ID>
        <ID>Methane</ID>
        <NAME>Methane</NAME>
        <CATEGORY>Gases</CATEGORY>
        <TRANSFERENCE>100</TRANSFERENCE>
        <SHOW>true</SHOW>
        <INTERPOLATE>true</INTERPOLATE>
        <ACTIVE>false</ACTIVE>
        <VALUE>0</VALUE>
        <MIN>0</MIN>
        <MAX>100</MAX>
        <MIN_RATE>-1000</MIN_RATE>
        <MAX_RATE>1000</MAX_RATE>
        <METRIC_UNIT>%</METRIC_UNIT>
        <IMPERIAL_UNIT></IMPERIAL_UNIT>
        <IMPERIAL_CONVERSION_FORMULA></IMPERIAL_CONVERSION_FORMULA>
        <METRIC_CONVERSION_FORMULA></METRIC_CONVERSION_FORMULA>
       </ENVIRONMENT_OPTION>
       <ENVIRONMENT_OPTION>
        <CATEGORY_ID>Gravity</CATEGORY_ID>
        <ID>Moon Phases</ID>
        <NAME>Moon Phases</NAME>
        <CATEGORY>Gravity</CATEGORY>
        <TRANSFERENCE>100</TRANSFERENCE>
        <SHOW>false</SHOW>
        <INTERPOLATE>true</INTERPOLATE>
        <ACTIVE>false</ACTIVE>
        <VALUE>0</VALUE>
        <MIN>-100</MIN>
        <MAX>100</MAX>
        <MIN_RATE>-1000</MIN_RATE>
        <MAX_RATE>1000</MAX_RATE>
        <METRIC_UNIT></METRIC_UNIT>
        <IMPERIAL_UNIT></IMPERIAL_UNIT>
        <IMPERIAL_CONVERSION_FORMULA></IMPERIAL_CONVERSION_FORMULA>
        <METRIC_CONVERSION_FORMULA></METRIC_CONVERSION_FORMULA>
       </ENVIRONMENT_OPTION>
       <ENVIRONMENT_OPTION>
        <CATEGORY_ID>Motion</CATEGORY_ID>
        <ID>Motion Direction</ID>
        <NAME>Direction</NAME>
        <CATEGORY>Motion</CATEGORY>
        <TRANSFERENCE>100</TRANSFERENCE>
        <SHOW>false</SHOW>
        <INTERPOLATE>true</INTERPOLATE>
        <ACTIVE>false</ACTIVE>
        <VALUE>0</VALUE>
        <MIN>-100</MIN>
        <MAX>100</MAX>
        <MIN_RATE>-1000</MIN_RATE>
        <MAX_RATE>1000</MAX_RATE>
        <METRIC_UNIT>degrees</METRIC_UNIT>
        <IMPERIAL_UNIT></IMPERIAL_UNIT>
        <IMPERIAL_CONVERSION_FORMULA></IMPERIAL_CONVERSION_FORMULA>
        <METRIC_CONVERSION_FORMULA></METRIC_CONVERSION_FORMULA>
       </ENVIRONMENT_OPTION>
       <ENVIRONMENT_OPTION>
        <CATEGORY_ID>Motion</CATEGORY_ID>
        <ID>Motion Speed</ID>
        <NAME>Speed</NAME>
        <CATEGORY>Motion</CATEGORY>
        <TRANSFERENCE>100</TRANSFERENCE>
        <SHOW>false</SHOW>
        <INTERPOLATE>true</INTERPOLATE>
        <ACTIVE>false</ACTIVE>
        <VALUE>0</VALUE>
        <MIN>0</MIN>
        <MAX>100</MAX>
        <MIN_RATE>-1000</MIN_RATE>
        <MAX_RATE>1000</MAX_RATE>
        <METRIC_UNIT>kph</METRIC_UNIT>
        <IMPERIAL_UNIT>mph</IMPERIAL_UNIT>
        <IMPERIAL_CONVERSION_FORMULA>x/1.609344</IMPERIAL_CONVERSION_FORMULA>
        <METRIC_CONVERSION_FORMULA>x*1.609344</METRIC_CONVERSION_FORMULA>
       </ENVIRONMENT_OPTION>
       <ENVIRONMENT_OPTION>
        <CATEGORY_ID>Radiation</CATEGORY_ID>
        <ID>Neutron</ID>
        <NAME>Neutron</NAME>
        <CATEGORY>Radiation</CATEGORY>
        <TRANSFERENCE>100</TRANSFERENCE>
        <SHOW>false</SHOW>
        <INTERPOLATE>true</INTERPOLATE>
        <ACTIVE>false</ACTIVE>
        <VALUE>0</VALUE>
        <MIN>0</MIN>
        <MAX>100</MAX>
        <MIN_RATE>-1000</MIN_RATE>
        <MAX_RATE>1000</MAX_RATE>
        <METRIC_UNIT>%</METRIC_UNIT>
        <IMPERIAL_UNIT></IMPERIAL_UNIT>
        <IMPERIAL_CONVERSION_FORMULA></IMPERIAL_CONVERSION_FORMULA>
        <METRIC_CONVERSION_FORMULA></METRIC_CONVERSION_FORMULA>
       </ENVIRONMENT_OPTION>
       <ENVIRONMENT_OPTION>
        <CATEGORY_ID>Gases</CATEGORY_ID>
        <ID>Nitrogen</ID>
        <NAME>Nitrogen</NAME>
        <CATEGORY>Gases</CATEGORY>
        <TRANSFERENCE>100</TRANSFERENCE>
        <SHOW>true</SHOW>
        <INTERPOLATE>true</INTERPOLATE>
        <ACTIVE>false</ACTIVE>
        <VALUE>0</VALUE>
        <MIN>0</MIN>
        <MAX>100</MAX>
        <MIN_RATE>-1000</MIN_RATE>
        <MAX_RATE>1000</MAX_RATE>
        <METRIC_UNIT>%</METRIC_UNIT>
        <IMPERIAL_UNIT></IMPERIAL_UNIT>
        <IMPERIAL_CONVERSION_FORMULA></IMPERIAL_CONVERSION_FORMULA>
        <METRIC_CONVERSION_FORMULA></METRIC_CONVERSION_FORMULA>
       </ENVIRONMENT_OPTION>
       <ENVIRONMENT_OPTION>
        <CATEGORY_ID>Gases</CATEGORY_ID>
        <ID>O2</ID>
        <NAME>O&lt;sub>2&lt;/sub></NAME>
        <CATEGORY>Gases</CATEGORY>
        <TRANSFERENCE>100</TRANSFERENCE>
        <SHOW>true</SHOW>
        <INTERPOLATE>true</INTERPOLATE>
        <ACTIVE>false</ACTIVE>
        <VALUE>0</VALUE>
        <MIN>0</MIN>
        <MAX>100</MAX>
        <MIN_RATE>-1000</MIN_RATE>
        <MAX_RATE>1000</MAX_RATE>
        <METRIC_UNIT>%</METRIC_UNIT>
        <IMPERIAL_UNIT></IMPERIAL_UNIT>
        <IMPERIAL_CONVERSION_FORMULA></IMPERIAL_CONVERSION_FORMULA>
        <METRIC_CONVERSION_FORMULA></METRIC_CONVERSION_FORMULA>
       </ENVIRONMENT_OPTION>
       <ENVIRONMENT_OPTION>
        <CATEGORY_ID>Electricity</CATEGORY_ID>
        <ID>Ohms</ID>
        <NAME>Ohms</NAME>
        <CATEGORY>Electricity</CATEGORY>
        <TRANSFERENCE>100</TRANSFERENCE>
        <SHOW>false</SHOW>
        <INTERPOLATE>true</INTERPOLATE>
        <ACTIVE>false</ACTIVE>
        <VALUE>0</VALUE>
        <MIN>-100</MIN>
        <MAX>100</MAX>
        <MIN_RATE>-1000</MIN_RATE>
        <MAX_RATE>1000</MAX_RATE>
        <METRIC_UNIT>&amp;#8486;</METRIC_UNIT>
        <IMPERIAL_UNIT></IMPERIAL_UNIT>
        <IMPERIAL_CONVERSION_FORMULA></IMPERIAL_CONVERSION_FORMULA>
        <METRIC_CONVERSION_FORMULA></METRIC_CONVERSION_FORMULA>
       </ENVIRONMENT_OPTION>
       <ENVIRONMENT_OPTION>
        <CATEGORY_ID>Gases</CATEGORY_ID>
        <ID>Ozone</ID>
        <NAME>Ozone</NAME>
        <CATEGORY>Gases</CATEGORY>
        <TRANSFERENCE>100</TRANSFERENCE>
        <SHOW>false</SHOW>
        <INTERPOLATE>true</INTERPOLATE>
        <ACTIVE>false</ACTIVE>
        <VALUE>0</VALUE>
        <MIN>0</MIN>
        <MAX>100</MAX>
        <MIN_RATE>-1000</MIN_RATE>
        <MAX_RATE>1000</MAX_RATE>
        <METRIC_UNIT>%</METRIC_UNIT>
        <IMPERIAL_UNIT></IMPERIAL_UNIT>
        <IMPERIAL_CONVERSION_FORMULA></IMPERIAL_CONVERSION_FORMULA>
        <METRIC_CONVERSION_FORMULA></METRIC_CONVERSION_FORMULA>
       </ENVIRONMENT_OPTION>
       <ENVIRONMENT_OPTION>
        <CATEGORY_ID>Radiation</CATEGORY_ID>
        <ID>Photon</ID>
        <NAME>Photon</NAME>
        <CATEGORY>Radiation</CATEGORY>
        <TRANSFERENCE>100</TRANSFERENCE>
        <SHOW>false</SHOW>
        <INTERPOLATE>true</INTERPOLATE>
        <ACTIVE>false</ACTIVE>
        <VALUE>0</VALUE>
        <MIN>0</MIN>
        <MAX>100</MAX>
        <MIN_RATE>-1000</MIN_RATE>
        <MAX_RATE>1000</MAX_RATE>
        <METRIC_UNIT>%</METRIC_UNIT>
        <IMPERIAL_UNIT></IMPERIAL_UNIT>
        <IMPERIAL_CONVERSION_FORMULA></IMPERIAL_CONVERSION_FORMULA>
        <METRIC_CONVERSION_FORMULA></METRIC_CONVERSION_FORMULA>
       </ENVIRONMENT_OPTION>
       <ENVIRONMENT_OPTION>
        <CATEGORY_ID>Gases</CATEGORY_ID>
        <ID>Propane</ID>
        <NAME>Propane</NAME>
        <CATEGORY>Gases</CATEGORY>
        <TRANSFERENCE>100</TRANSFERENCE>
        <SHOW>false</SHOW>
        <INTERPOLATE>true</INTERPOLATE>
        <ACTIVE>false</ACTIVE>
        <VALUE>0</VALUE>
        <MIN>0</MIN>
        <MAX>100</MAX>
        <MIN_RATE>-1000</MIN_RATE>
        <MAX_RATE>1000</MAX_RATE>
        <METRIC_UNIT>%</METRIC_UNIT>
        <IMPERIAL_UNIT></IMPERIAL_UNIT>
        <IMPERIAL_CONVERSION_FORMULA></IMPERIAL_CONVERSION_FORMULA>
        <METRIC_CONVERSION_FORMULA></METRIC_CONVERSION_FORMULA>
       </ENVIRONMENT_OPTION>
       <ENVIRONMENT_OPTION>
        <CATEGORY_ID>Light (Sun)</CATEGORY_ID>
        <ID>Radiant Heat</ID>
        <NAME>Radiant Heat</NAME>
        <CATEGORY>Light (Sun)</CATEGORY>
        <TRANSFERENCE>100</TRANSFERENCE>
        <SHOW>true</SHOW>
        <INTERPOLATE>true</INTERPOLATE>
        <ACTIVE>true</ACTIVE>
        <VALUE>100</VALUE>
        <MIN>0</MIN>
        <MAX>100</MAX>
        <MIN_RATE>-1000</MIN_RATE>
        <MAX_RATE>1000</MAX_RATE>
        <METRIC_UNIT>%</METRIC_UNIT>
        <IMPERIAL_UNIT></IMPERIAL_UNIT>
        <IMPERIAL_CONVERSION_FORMULA></IMPERIAL_CONVERSION_FORMULA>
        <METRIC_CONVERSION_FORMULA></METRIC_CONVERSION_FORMULA>
       </ENVIRONMENT_OPTION>
       <ENVIRONMENT_OPTION>
        <CATEGORY_ID>Radiation</CATEGORY_ID>
        <ID>Radiation Level</ID>
        <NAME>Level</NAME>
        <CATEGORY>Radiation</CATEGORY>
        <TRANSFERENCE>100</TRANSFERENCE>
        <SHOW>true</SHOW>
        <INTERPOLATE>true</INTERPOLATE>
        <ACTIVE>true</ACTIVE>
        <VALUE>0</VALUE>
        <MIN>0</MIN>
        <MAX>1000</MAX>
        <MIN_RATE>-1000</MIN_RATE>
        <MAX_RATE>1000</MAX_RATE>
        <METRIC_UNIT>mrem</METRIC_UNIT>
        <IMPERIAL_UNIT></IMPERIAL_UNIT>
        <IMPERIAL_CONVERSION_FORMULA></IMPERIAL_CONVERSION_FORMULA>
        <METRIC_CONVERSION_FORMULA></METRIC_CONVERSION_FORMULA>
       </ENVIRONMENT_OPTION>
       <ENVIRONMENT_OPTION>
        <CATEGORY_ID>Water</CATEGORY_ID>
        <ID>Rain</ID>
        <NAME>Rain</NAME>
        <CATEGORY>Water</CATEGORY>
        <TRANSFERENCE>100</TRANSFERENCE>
        <SHOW>true</SHOW>
        <INTERPOLATE>true</INTERPOLATE>
        <ACTIVE>true</ACTIVE>
        <VALUE>1</VALUE>
        <MIN>-100</MIN>
        <MAX>100</MAX>
        <MIN_RATE>-1000</MIN_RATE>
        <MAX_RATE>1000</MAX_RATE>
        <METRIC_UNIT>cm</METRIC_UNIT>
        <IMPERIAL_UNIT>in</IMPERIAL_UNIT>
        <IMPERIAL_CONVERSION_FORMULA>x*0.39</IMPERIAL_CONVERSION_FORMULA>
        <METRIC_CONVERSION_FORMULA>x*2.54</METRIC_CONVERSION_FORMULA>
       </ENVIRONMENT_OPTION>
       <ENVIRONMENT_OPTION>
        <CATEGORY_ID>Temperature</CATEGORY_ID>
        <ID>Smoke</ID>
        <NAME>Smoke</NAME>
        <CATEGORY>Temperature</CATEGORY>
        <TRANSFERENCE>100</TRANSFERENCE>
        <SHOW>false</SHOW>
        <INTERPOLATE>true</INTERPOLATE>
        <ACTIVE>false</ACTIVE>
        <VALUE>0</VALUE>
        <MIN>0</MIN>
        <MAX>100</MAX>
        <MIN_RATE>-1000</MIN_RATE>
        <MAX_RATE>1000</MAX_RATE>
        <METRIC_UNIT>%</METRIC_UNIT>
        <IMPERIAL_UNIT></IMPERIAL_UNIT>
        <IMPERIAL_CONVERSION_FORMULA></IMPERIAL_CONVERSION_FORMULA>
        <METRIC_CONVERSION_FORMULA></METRIC_CONVERSION_FORMULA>
       </ENVIRONMENT_OPTION>
       <ENVIRONMENT_OPTION>
        <CATEGORY_ID>Water</CATEGORY_ID>
        <ID>Snow</ID>
        <NAME>Snow</NAME>
        <CATEGORY>Water</CATEGORY>
        <TRANSFERENCE>100</TRANSFERENCE>
        <SHOW>true</SHOW>
        <INTERPOLATE>true</INTERPOLATE>
        <ACTIVE>false</ACTIVE>
        <VALUE>0</VALUE>
        <MIN>-100</MIN>
        <MAX>100</MAX>
        <MIN_RATE>-1000</MIN_RATE>
        <MAX_RATE>1000</MAX_RATE>
        <METRIC_UNIT>cm</METRIC_UNIT>
        <IMPERIAL_UNIT>in</IMPERIAL_UNIT>
        <IMPERIAL_CONVERSION_FORMULA>x*0.39</IMPERIAL_CONVERSION_FORMULA>
        <METRIC_CONVERSION_FORMULA>x*2.54</METRIC_CONVERSION_FORMULA>
       </ENVIRONMENT_OPTION>
       <ENVIRONMENT_OPTION>
        <CATEGORY_ID>Earth Physical Features</CATEGORY_ID>
        <ID>Soil pH</ID>
        <NAME>Soil pH</NAME>
        <CATEGORY>Earth Physical Features</CATEGORY>
        <TRANSFERENCE>100</TRANSFERENCE>
        <SHOW>true</SHOW>
        <INTERPOLATE>true</INTERPOLATE>
        <ACTIVE>false</ACTIVE>
        <VALUE>0</VALUE>
        <MIN>0</MIN>
        <MAX>100</MAX>
        <MIN_RATE>-1000</MIN_RATE>
        <MAX_RATE>1000</MAX_RATE>
        <METRIC_UNIT>pH</METRIC_UNIT>
        <IMPERIAL_UNIT></IMPERIAL_UNIT>
        <IMPERIAL_CONVERSION_FORMULA></IMPERIAL_CONVERSION_FORMULA>
        <METRIC_CONVERSION_FORMULA></METRIC_CONVERSION_FORMULA>
       </ENVIRONMENT_OPTION>
       <ENVIRONMENT_OPTION>
        <CATEGORY_ID>Sound</CATEGORY_ID>
        <ID>Sound Pitch</ID>
        <NAME>Pitch</NAME>
        <CATEGORY>Sound</CATEGORY>
        <TRANSFERENCE>100</TRANSFERENCE>
        <SHOW>false</SHOW>
        <INTERPOLATE>true</INTERPOLATE>
        <ACTIVE>false</ACTIVE>
        <VALUE>0</VALUE>
        <MIN>0</MIN>
        <MAX>100</MAX>
        <MIN_RATE>-1000</MIN_RATE>
        <MAX_RATE>1000</MAX_RATE>
        <METRIC_UNIT>CPS</METRIC_UNIT>
        <IMPERIAL_UNIT></IMPERIAL_UNIT>
        <IMPERIAL_CONVERSION_FORMULA></IMPERIAL_CONVERSION_FORMULA>
        <METRIC_CONVERSION_FORMULA></METRIC_CONVERSION_FORMULA>
       </ENVIRONMENT_OPTION>
       <ENVIRONMENT_OPTION>
        <CATEGORY_ID>Sound</CATEGORY_ID>
        <ID>Sound Volume</ID>
        <NAME>Volume</NAME>
        <CATEGORY>Sound</CATEGORY>
        <TRANSFERENCE>100</TRANSFERENCE>
        <SHOW>false</SHOW>
        <INTERPOLATE>true</INTERPOLATE>
        <ACTIVE>false</ACTIVE>
        <VALUE>0</VALUE>
        <MIN>0</MIN>
        <MAX>100</MAX>
        <MIN_RATE>-1000</MIN_RATE>
        <MAX_RATE>1000</MAX_RATE>
        <METRIC_UNIT>dB</METRIC_UNIT>
        <IMPERIAL_UNIT></IMPERIAL_UNIT>
        <IMPERIAL_CONVERSION_FORMULA></IMPERIAL_CONVERSION_FORMULA>
        <METRIC_CONVERSION_FORMULA></METRIC_CONVERSION_FORMULA>
       </ENVIRONMENT_OPTION>
       <ENVIRONMENT_OPTION>
        <CATEGORY_ID>Light (Sun)</CATEGORY_ID>
        <ID>Sunlight</ID>
        <NAME>Sunlight</NAME>
        <CATEGORY>Light (Sun)</CATEGORY>
        <TRANSFERENCE>100</TRANSFERENCE>
        <SHOW>true</SHOW>
        <INTERPOLATE>true</INTERPOLATE>
        <ACTIVE>true</ACTIVE>
        <VALUE>100</VALUE>
        <MIN>0</MIN>
        <MAX>100</MAX>
        <MIN_RATE>-1000</MIN_RATE>
        <MAX_RATE>1000</MAX_RATE>
        <METRIC_UNIT>%</METRIC_UNIT>
        <IMPERIAL_UNIT></IMPERIAL_UNIT>
        <IMPERIAL_CONVERSION_FORMULA></IMPERIAL_CONVERSION_FORMULA>
        <METRIC_CONVERSION_FORMULA></METRIC_CONVERSION_FORMULA>
       </ENVIRONMENT_OPTION>
       <ENVIRONMENT_OPTION>
        <CATEGORY_ID>Energy</CATEGORY_ID>
        <ID>Torque</ID>
        <NAME>Torque</NAME>
        <CATEGORY>Energy</CATEGORY>
        <TRANSFERENCE>100</TRANSFERENCE>
        <SHOW>false</SHOW>
        <INTERPOLATE>true</INTERPOLATE>
        <ACTIVE>false</ACTIVE>
        <VALUE>0</VALUE>
        <MIN>-100</MIN>
        <MAX>100</MAX>
        <MIN_RATE>-1000</MIN_RATE>
        <MAX_RATE>1000</MAX_RATE>
        <METRIC_UNIT>m/kg</METRIC_UNIT>
        <IMPERIAL_UNIT>ft/lb</IMPERIAL_UNIT>
        <IMPERIAL_CONVERSION_FORMULA>x*1.48816</IMPERIAL_CONVERSION_FORMULA>
        <METRIC_CONVERSION_FORMULA>x*0.671969</METRIC_CONVERSION_FORMULA>
       </ENVIRONMENT_OPTION>
       <ENVIRONMENT_OPTION>
        <CATEGORY_ID>Light (Sun)</CATEGORY_ID>
        <ID>Ultraviolet</ID>
        <NAME>Ultraviolet</NAME>
        <CATEGORY>Light (Sun)</CATEGORY>
        <TRANSFERENCE>100</TRANSFERENCE>
        <SHOW>true</SHOW>
        <INTERPOLATE>true</INTERPOLATE>
        <ACTIVE>true</ACTIVE>
        <VALUE>3</VALUE>
        <MIN>0</MIN>
        <MAX>100</MAX>
        <MIN_RATE>-1000</MIN_RATE>
        <MAX_RATE>1000</MAX_RATE>
        <METRIC_UNIT>%</METRIC_UNIT>
        <IMPERIAL_UNIT></IMPERIAL_UNIT>
        <IMPERIAL_CONVERSION_FORMULA></IMPERIAL_CONVERSION_FORMULA>
        <METRIC_CONVERSION_FORMULA></METRIC_CONVERSION_FORMULA>
       </ENVIRONMENT_OPTION>
       <ENVIRONMENT_OPTION>
        <CATEGORY_ID>Light (Sun)</CATEGORY_ID>
        <ID>Visible Light</ID>
        <NAME>Visible</NAME>
        <CATEGORY>Light (Sun)</CATEGORY>
        <TRANSFERENCE>100</TRANSFERENCE>
        <SHOW>true</SHOW>
        <INTERPOLATE>true</INTERPOLATE>
        <ACTIVE>true</ACTIVE>
        <VALUE>42</VALUE>
        <MIN>0</MIN>
        <MAX>100</MAX>
        <MIN_RATE>-1000</MIN_RATE>
        <MAX_RATE>1000</MAX_RATE>
        <METRIC_UNIT>%</METRIC_UNIT>
        <IMPERIAL_UNIT></IMPERIAL_UNIT>
        <IMPERIAL_CONVERSION_FORMULA></IMPERIAL_CONVERSION_FORMULA>
        <METRIC_CONVERSION_FORMULA></METRIC_CONVERSION_FORMULA>
       </ENVIRONMENT_OPTION>
       <ENVIRONMENT_OPTION>
        <CATEGORY_ID>Electricity</CATEGORY_ID>
        <ID>Voltage</ID>
        <NAME>Voltage</NAME>
        <CATEGORY>Electricity</CATEGORY>
        <TRANSFERENCE>100</TRANSFERENCE>
        <SHOW>false</SHOW>
        <INTERPOLATE>true</INTERPOLATE>
        <ACTIVE>false</ACTIVE>
        <VALUE>0</VALUE>
        <MIN>-100</MIN>
        <MAX>100</MAX>
        <MIN_RATE>-1000</MIN_RATE>
        <MAX_RATE>1000</MAX_RATE>
        <METRIC_UNIT>V</METRIC_UNIT>
        <IMPERIAL_UNIT></IMPERIAL_UNIT>
        <IMPERIAL_CONVERSION_FORMULA></IMPERIAL_CONVERSION_FORMULA>
        <METRIC_CONVERSION_FORMULA></METRIC_CONVERSION_FORMULA>
       </ENVIRONMENT_OPTION>
       <ENVIRONMENT_OPTION>
        <CATEGORY_ID>Water</CATEGORY_ID>
        <ID>Water Level</ID>
        <NAME>Water Level</NAME>
        <CATEGORY>Water</CATEGORY>
        <TRANSFERENCE>100</TRANSFERENCE>
        <SHOW>true</SHOW>
        <INTERPOLATE>true</INTERPOLATE>
        <ACTIVE>false</ACTIVE>
        <VALUE>0</VALUE>
        <MIN>0</MIN>
        <MAX>100</MAX>
        <MIN_RATE>-1000</MIN_RATE>
        <MAX_RATE>1000</MAX_RATE>
        <METRIC_UNIT>cm</METRIC_UNIT>
        <IMPERIAL_UNIT>in</IMPERIAL_UNIT>
        <IMPERIAL_CONVERSION_FORMULA>x*0.39</IMPERIAL_CONVERSION_FORMULA>
        <METRIC_CONVERSION_FORMULA>x*2.54</METRIC_CONVERSION_FORMULA>
       </ENVIRONMENT_OPTION>
       <ENVIRONMENT_OPTION>
        <CATEGORY_ID>Water</CATEGORY_ID>
        <ID>Water Speed</ID>
        <NAME>Speed</NAME>
        <CATEGORY>Water</CATEGORY>
        <TRANSFERENCE>100</TRANSFERENCE>
        <SHOW>false</SHOW>
        <INTERPOLATE>true</INTERPOLATE>
        <ACTIVE>false</ACTIVE>
        <VALUE>0</VALUE>
        <MIN>0</MIN>
        <MAX>1000</MAX>
        <MIN_RATE>-1000</MIN_RATE>
        <MAX_RATE>1000</MAX_RATE>
        <METRIC_UNIT>kph</METRIC_UNIT>
        <IMPERIAL_UNIT>mph</IMPERIAL_UNIT>
        <IMPERIAL_CONVERSION_FORMULA>x/1.609344</IMPERIAL_CONVERSION_FORMULA>
        <METRIC_CONVERSION_FORMULA>x*1.609344</METRIC_CONVERSION_FORMULA>
       </ENVIRONMENT_OPTION>
       <ENVIRONMENT_OPTION>
        <CATEGORY_ID>Water</CATEGORY_ID>
        <ID>Water Temperature</ID>
        <NAME>Temperature</NAME>
        <CATEGORY>Water</CATEGORY>
        <TRANSFERENCE>100</TRANSFERENCE>
        <SHOW>false</SHOW>
        <INTERPOLATE>true</INTERPOLATE>
        <ACTIVE>false</ACTIVE>
        <VALUE>0</VALUE>
        <MIN>-100</MIN>
        <MAX>100</MAX>
        <MIN_RATE>-1000</MIN_RATE>
        <MAX_RATE>1000</MAX_RATE>
        <METRIC_UNIT>C</METRIC_UNIT>
        <IMPERIAL_UNIT>F</IMPERIAL_UNIT>
        <IMPERIAL_CONVERSION_FORMULA>x*(9/5)+32</IMPERIAL_CONVERSION_FORMULA>
        <METRIC_CONVERSION_FORMULA>(x-32)*(5/9)</METRIC_CONVERSION_FORMULA>
       </ENVIRONMENT_OPTION>
       <ENVIRONMENT_OPTION>
        <CATEGORY_ID>Water</CATEGORY_ID>
        <ID>Water Volume</ID>
        <NAME>Volume</NAME>
        <CATEGORY>Water</CATEGORY>
        <TRANSFERENCE>100</TRANSFERENCE>
        <SHOW>false</SHOW>
        <INTERPOLATE>true</INTERPOLATE>
        <ACTIVE>false</ACTIVE>
        <VALUE>0</VALUE>
        <MIN>0</MIN>
        <MAX>10000</MAX>
        <MIN_RATE>-1000</MIN_RATE>
        <MAX_RATE>1000</MAX_RATE>
        <METRIC_UNIT>L</METRIC_UNIT>
        <IMPERIAL_UNIT>gal</IMPERIAL_UNIT>
        <IMPERIAL_CONVERSION_FORMULA>x*0.26417</IMPERIAL_CONVERSION_FORMULA>
        <METRIC_CONVERSION_FORMULA>x/0.26417</METRIC_CONVERSION_FORMULA>
       </ENVIRONMENT_OPTION>
       <ENVIRONMENT_OPTION>
        <CATEGORY_ID>Water</CATEGORY_ID>
        <ID>Water pH</ID>
        <NAME>Water pH</NAME>
        <CATEGORY>Water</CATEGORY>
        <TRANSFERENCE>100</TRANSFERENCE>
        <SHOW>false</SHOW>
        <INTERPOLATE>true</INTERPOLATE>
        <ACTIVE>false</ACTIVE>
        <VALUE>0</VALUE>
        <MIN>0</MIN>
        <MAX>100</MAX>
        <MIN_RATE>-1000</MIN_RATE>
        <MAX_RATE>1000</MAX_RATE>
        <METRIC_UNIT>pH</METRIC_UNIT>
        <IMPERIAL_UNIT></IMPERIAL_UNIT>
        <IMPERIAL_CONVERSION_FORMULA></IMPERIAL_CONVERSION_FORMULA>
        <METRIC_CONVERSION_FORMULA></METRIC_CONVERSION_FORMULA>
       </ENVIRONMENT_OPTION>
       <ENVIRONMENT_OPTION>
        <CATEGORY_ID>Electricity</CATEGORY_ID>
        <ID>Watts</ID>
        <NAME>Watts</NAME>
        <CATEGORY>Electricity</CATEGORY>
        <TRANSFERENCE>100</TRANSFERENCE>
        <SHOW>false</SHOW>
        <INTERPOLATE>true</INTERPOLATE>
        <ACTIVE>false</ACTIVE>
        <VALUE>0</VALUE>
        <MIN>-100</MIN>
        <MAX>100</MAX>
        <MIN_RATE>-1000</MIN_RATE>
        <MAX_RATE>1000</MAX_RATE>
        <METRIC_UNIT>W</METRIC_UNIT>
        <IMPERIAL_UNIT></IMPERIAL_UNIT>
        <IMPERIAL_CONVERSION_FORMULA></IMPERIAL_CONVERSION_FORMULA>
        <METRIC_CONVERSION_FORMULA></METRIC_CONVERSION_FORMULA>
       </ENVIRONMENT_OPTION>
       <ENVIRONMENT_OPTION>
        <CATEGORY_ID>Sound</CATEGORY_ID>
        <ID>White Noise</ID>
        <NAME>White Noise</NAME>
        <CATEGORY>Sound</CATEGORY>
        <TRANSFERENCE>100</TRANSFERENCE>
        <SHOW>false</SHOW>
        <INTERPOLATE>true</INTERPOLATE>
        <ACTIVE>false</ACTIVE>
        <VALUE>0</VALUE>
        <MIN>0</MIN>
        <MAX>100</MAX>
        <MIN_RATE>-1000</MIN_RATE>
        <MAX_RATE>1000</MAX_RATE>
        <METRIC_UNIT>%</METRIC_UNIT>
        <IMPERIAL_UNIT></IMPERIAL_UNIT>
        <IMPERIAL_CONVERSION_FORMULA></IMPERIAL_CONVERSION_FORMULA>
        <METRIC_CONVERSION_FORMULA></METRIC_CONVERSION_FORMULA>
       </ENVIRONMENT_OPTION>
       <ENVIRONMENT_OPTION>
        <CATEGORY_ID>Wind</CATEGORY_ID>
        <ID>Wind Direction</ID>
        <NAME>Direction</NAME>
        <CATEGORY>Wind</CATEGORY>
        <TRANSFERENCE>100</TRANSFERENCE>
        <SHOW>true</SHOW>
        <INTERPOLATE>true</INTERPOLATE>
        <ACTIVE>true</ACTIVE>
        <VALUE>90</VALUE>
        <MIN>-100</MIN>
        <MAX>100</MAX>
        <MIN_RATE>-1000</MIN_RATE>
        <MAX_RATE>1000</MAX_RATE>
        <METRIC_UNIT>degrees</METRIC_UNIT>
        <IMPERIAL_UNIT></IMPERIAL_UNIT>
        <IMPERIAL_CONVERSION_FORMULA></IMPERIAL_CONVERSION_FORMULA>
        <METRIC_CONVERSION_FORMULA></METRIC_CONVERSION_FORMULA>
       </ENVIRONMENT_OPTION>
       <ENVIRONMENT_OPTION>
        <CATEGORY_ID>Wind</CATEGORY_ID>
        <ID>Wind Gusts</ID>
        <NAME>Variance (gusts)</NAME>
        <CATEGORY>Wind</CATEGORY>
        <TRANSFERENCE>100</TRANSFERENCE>
        <SHOW>true</SHOW>
        <INTERPOLATE>true</INTERPOLATE>
        <ACTIVE>true</ACTIVE>
        <VALUE>20</VALUE>
        <MIN>0</MIN>
        <MAX>100</MAX>
        <MIN_RATE>-1000</MIN_RATE>
        <MAX_RATE>1000</MAX_RATE>
        <METRIC_UNIT>%</METRIC_UNIT>
        <IMPERIAL_UNIT></IMPERIAL_UNIT>
        <IMPERIAL_CONVERSION_FORMULA></IMPERIAL_CONVERSION_FORMULA>
        <METRIC_CONVERSION_FORMULA></METRIC_CONVERSION_FORMULA>
       </ENVIRONMENT_OPTION>
       <ENVIRONMENT_OPTION>
        <CATEGORY_ID>Wind</CATEGORY_ID>
        <ID>Wind Speed</ID>
        <NAME>Speed</NAME>
        <CATEGORY>Wind</CATEGORY>
        <TRANSFERENCE>100</TRANSFERENCE>
        <SHOW>true</SHOW>
        <INTERPOLATE>true</INTERPOLATE>
        <ACTIVE>true</ACTIVE>
        <VALUE>0</VALUE>
        <MIN>0</MIN>
        <MAX>100</MAX>
        <MIN_RATE>-1000</MIN_RATE>
        <MAX_RATE>1000</MAX_RATE>
        <METRIC_UNIT>kph</METRIC_UNIT>
        <IMPERIAL_UNIT>mph</IMPERIAL_UNIT>
        <IMPERIAL_CONVERSION_FORMULA>x/1.609344</IMPERIAL_CONVERSION_FORMULA>
        <METRIC_CONVERSION_FORMULA>x*1.609344</METRIC_CONVERSION_FORMULA>
       </ENVIRONMENT_OPTION>
      </ENVIRONMENT_OPTIONS>
     </KEYFRAME>
     <KEYFRAME>
      <TIME>64800</TIME>
      <ENVIRONMENT_OPTIONS>
       <ENVIRONMENT_OPTION>
        <CATEGORY_ID>Radiation</CATEGORY_ID>
        <ID>Alpha</ID>
        <NAME>Alpha</NAME>
        <CATEGORY>Radiation</CATEGORY>
        <TRANSFERENCE>100</TRANSFERENCE>
        <SHOW>false</SHOW>
        <INTERPOLATE>true</INTERPOLATE>
        <ACTIVE>false</ACTIVE>
        <VALUE>0</VALUE>
        <MIN>0</MIN>
        <MAX>100</MAX>
        <MIN_RATE>-1000</MIN_RATE>
        <MAX_RATE>1000</MAX_RATE>
        <METRIC_UNIT>%</METRIC_UNIT>
        <IMPERIAL_UNIT></IMPERIAL_UNIT>
        <IMPERIAL_CONVERSION_FORMULA></IMPERIAL_CONVERSION_FORMULA>
        <METRIC_CONVERSION_FORMULA></METRIC_CONVERSION_FORMULA>
       </ENVIRONMENT_OPTION>
       <ENVIRONMENT_OPTION>
        <CATEGORY_ID>Temperature</CATEGORY_ID>
        <ID>Ambient Temperature</ID>
        <NAME>Ambient Temperature</NAME>
        <CATEGORY>Temperature</CATEGORY>
        <TRANSFERENCE>100</TRANSFERENCE>
        <SHOW>true</SHOW>
        <INTERPOLATE>true</INTERPOLATE>
        <ACTIVE>true</ACTIVE>
        <VALUE>0</VALUE>
        <MIN>-100</MIN>
        <MAX>100</MAX>
        <MIN_RATE>-0.00138889</MIN_RATE>
        <MAX_RATE>0.00138889</MAX_RATE>
        <METRIC_UNIT>C</METRIC_UNIT>
        <IMPERIAL_UNIT>F</IMPERIAL_UNIT>
        <IMPERIAL_CONVERSION_FORMULA>x*(9/5)+32</IMPERIAL_CONVERSION_FORMULA>
        <METRIC_CONVERSION_FORMULA>(x-32)*(5/9)</METRIC_CONVERSION_FORMULA>
       </ENVIRONMENT_OPTION>
       <ENVIRONMENT_OPTION>
        <CATEGORY_ID>Gases</CATEGORY_ID>
        <ID>Argon</ID>
        <NAME>Argon</NAME>
        <CATEGORY>Gases</CATEGORY>
        <TRANSFERENCE>100</TRANSFERENCE>
        <SHOW>true</SHOW>
        <INTERPOLATE>true</INTERPOLATE>
        <ACTIVE>false</ACTIVE>
        <VALUE>0</VALUE>
        <MIN>0</MIN>
        <MAX>100</MAX>
        <MIN_RATE>-1000</MIN_RATE>
        <MAX_RATE>1000</MAX_RATE>
        <METRIC_UNIT>%</METRIC_UNIT>
        <IMPERIAL_UNIT></IMPERIAL_UNIT>
        <IMPERIAL_CONVERSION_FORMULA></IMPERIAL_CONVERSION_FORMULA>
        <METRIC_CONVERSION_FORMULA></METRIC_CONVERSION_FORMULA>
       </ENVIRONMENT_OPTION>
       <ENVIRONMENT_OPTION>
        <CATEGORY_ID>Other</CATEGORY_ID>
        <ID>Atmospheric Pressure</ID>
        <NAME>Atmospheric Pressure</NAME>
        <CATEGORY>Other</CATEGORY>
        <TRANSFERENCE>100</TRANSFERENCE>
        <SHOW>true</SHOW>
        <INTERPOLATE>true</INTERPOLATE>
        <ACTIVE>false</ACTIVE>
        <VALUE>0</VALUE>
        <MIN>-100</MIN>
        <MAX>200</MAX>
        <MIN_RATE>-1000</MIN_RATE>
        <MAX_RATE>1000</MAX_RATE>
        <METRIC_UNIT>kPa</METRIC_UNIT>
        <IMPERIAL_UNIT>psi</IMPERIAL_UNIT>
        <IMPERIAL_CONVERSION_FORMULA>x*.14503773773020923</IMPERIAL_CONVERSION_FORMULA>
        <METRIC_CONVERSION_FORMULA></METRIC_CONVERSION_FORMULA>
       </ENVIRONMENT_OPTION>
       <ENVIRONMENT_OPTION>
        <CATEGORY_ID>Radiation</CATEGORY_ID>
        <ID>Beta</ID>
        <NAME>Beta</NAME>
        <CATEGORY>Radiation</CATEGORY>
        <TRANSFERENCE>100</TRANSFERENCE>
        <SHOW>false</SHOW>
        <INTERPOLATE>true</INTERPOLATE>
        <ACTIVE>false</ACTIVE>
        <VALUE>0</VALUE>
        <MIN>0</MIN>
        <MAX>100</MAX>
        <MIN_RATE>-1000</MIN_RATE>
        <MAX_RATE>1000</MAX_RATE>
        <METRIC_UNIT>%</METRIC_UNIT>
        <IMPERIAL_UNIT></IMPERIAL_UNIT>
        <IMPERIAL_CONVERSION_FORMULA></IMPERIAL_CONVERSION_FORMULA>
        <METRIC_CONVERSION_FORMULA></METRIC_CONVERSION_FORMULA>
       </ENVIRONMENT_OPTION>
       <ENVIRONMENT_OPTION>
        <CATEGORY_ID>Gases</CATEGORY_ID>
        <ID>CO</ID>
        <NAME>CO</NAME>
        <CATEGORY>Gases</CATEGORY>
        <TRANSFERENCE>100</TRANSFERENCE>
        <SHOW>true</SHOW>
        <INTERPOLATE>true</INTERPOLATE>
        <ACTIVE>false</ACTIVE>
        <VALUE>0</VALUE>
        <MIN>0</MIN>
        <MAX>100</MAX>
        <MIN_RATE>-1000</MIN_RATE>
        <MAX_RATE>1000</MAX_RATE>
        <METRIC_UNIT>%</METRIC_UNIT>
        <IMPERIAL_UNIT></IMPERIAL_UNIT>
        <IMPERIAL_CONVERSION_FORMULA></IMPERIAL_CONVERSION_FORMULA>
        <METRIC_CONVERSION_FORMULA></METRIC_CONVERSION_FORMULA>
       </ENVIRONMENT_OPTION>
       <ENVIRONMENT_OPTION>
        <CATEGORY_ID>Gases</CATEGORY_ID>
        <ID>CO2</ID>
        <NAME>CO&lt;sub>2&lt;/sub></NAME>
        <CATEGORY>Gases</CATEGORY>
        <TRANSFERENCE>100</TRANSFERENCE>
        <SHOW>true</SHOW>
        <INTERPOLATE>true</INTERPOLATE>
        <ACTIVE>false</ACTIVE>
        <VALUE>0</VALUE>
        <MIN>0</MIN>
        <MAX>100</MAX>
        <MIN_RATE>-1000</MIN_RATE>
        <MAX_RATE>1000</MAX_RATE>
        <METRIC_UNIT>%</METRIC_UNIT>
        <IMPERIAL_UNIT></IMPERIAL_UNIT>
        <IMPERIAL_CONVERSION_FORMULA></IMPERIAL_CONVERSION_FORMULA>
        <METRIC_CONVERSION_FORMULA></METRIC_CONVERSION_FORMULA>
       </ENVIRONMENT_OPTION>
       <ENVIRONMENT_OPTION>
        <CATEGORY_ID>Water</CATEGORY_ID>
        <ID>Clouds</ID>
        <NAME>Clouds</NAME>
        <CATEGORY>Water</CATEGORY>
        <TRANSFERENCE>100</TRANSFERENCE>
        <SHOW>true</SHOW>
        <INTERPOLATE>true</INTERPOLATE>
        <ACTIVE>false</ACTIVE>
        <VALUE>0</VALUE>
        <MIN>0</MIN>
        <MAX>100</MAX>
        <MIN_RATE>-1000</MIN_RATE>
        <MAX_RATE>1000</MAX_RATE>
        <METRIC_UNIT>%</METRIC_UNIT>
        <IMPERIAL_UNIT></IMPERIAL_UNIT>
        <IMPERIAL_CONVERSION_FORMULA></IMPERIAL_CONVERSION_FORMULA>
        <METRIC_CONVERSION_FORMULA></METRIC_CONVERSION_FORMULA>
       </ENVIRONMENT_OPTION>
       <ENVIRONMENT_OPTION>
        <CATEGORY_ID>Earth Physical Features</CATEGORY_ID>
        <ID>Compaction</ID>
        <NAME>Compaction</NAME>
        <CATEGORY>Earth Physical Features</CATEGORY>
        <TRANSFERENCE>100</TRANSFERENCE>
        <SHOW>false</SHOW>
        <INTERPOLATE>true</INTERPOLATE>
        <ACTIVE>false</ACTIVE>
        <VALUE>0</VALUE>
        <MIN>0</MIN>
        <MAX>100</MAX>
        <MIN_RATE>-1000</MIN_RATE>
        <MAX_RATE>1000</MAX_RATE>
        <METRIC_UNIT>Moh</METRIC_UNIT>
        <IMPERIAL_UNIT></IMPERIAL_UNIT>
        <IMPERIAL_CONVERSION_FORMULA></IMPERIAL_CONVERSION_FORMULA>
        <METRIC_CONVERSION_FORMULA></METRIC_CONVERSION_FORMULA>
       </ENVIRONMENT_OPTION>
       <ENVIRONMENT_OPTION>
        <CATEGORY_ID>Earth Physical Features</CATEGORY_ID>
        <ID>Composition Hardness</ID>
        <NAME>Composition Hardness</NAME>
        <CATEGORY>Earth Physical Features</CATEGORY>
        <TRANSFERENCE>100</TRANSFERENCE>
        <SHOW>false</SHOW>
        <INTERPOLATE>true</INTERPOLATE>
        <ACTIVE>false</ACTIVE>
        <VALUE>0</VALUE>
        <MIN>0</MIN>
        <MAX>100</MAX>
        <MIN_RATE>-1000</MIN_RATE>
        <MAX_RATE>1000</MAX_RATE>
        <METRIC_UNIT>Moh</METRIC_UNIT>
        <IMPERIAL_UNIT></IMPERIAL_UNIT>
        <IMPERIAL_CONVERSION_FORMULA></IMPERIAL_CONVERSION_FORMULA>
        <METRIC_CONVERSION_FORMULA></METRIC_CONVERSION_FORMULA>
       </ENVIRONMENT_OPTION>
       <ENVIRONMENT_OPTION>
        <CATEGORY_ID>Light (Sun)</CATEGORY_ID>
        <ID>Electromagnetic Radiation</ID>
        <NAME>Electromagnetic Radiation</NAME>
        <CATEGORY>Light (Sun)</CATEGORY>
        <TRANSFERENCE>100</TRANSFERENCE>
        <SHOW>true</SHOW>
        <INTERPOLATE>true</INTERPOLATE>
        <ACTIVE>true</ACTIVE>
        <VALUE>0</VALUE>
        <MIN>0</MIN>
        <MAX>100</MAX>
        <MIN_RATE>-1000</MIN_RATE>
        <MAX_RATE>1000</MAX_RATE>
        <METRIC_UNIT>%</METRIC_UNIT>
        <IMPERIAL_UNIT></IMPERIAL_UNIT>
        <IMPERIAL_CONVERSION_FORMULA></IMPERIAL_CONVERSION_FORMULA>
        <METRIC_CONVERSION_FORMULA></METRIC_CONVERSION_FORMULA>
       </ENVIRONMENT_OPTION>
       <ENVIRONMENT_OPTION>
        <CATEGORY_ID>Earth Physical Features</CATEGORY_ID>
        <ID>Elevation</ID>
        <NAME>Elevation</NAME>
        <CATEGORY>Earth Physical Features</CATEGORY>
        <TRANSFERENCE>100</TRANSFERENCE>
        <SHOW>true</SHOW>
        <INTERPOLATE>true</INTERPOLATE>
        <ACTIVE>false</ACTIVE>
        <VALUE>0</VALUE>
        <MIN>0</MIN>
        <MAX>100000</MAX>
        <MIN_RATE>-1000</MIN_RATE>
        <MAX_RATE>1000</MAX_RATE>
        <METRIC_UNIT>m</METRIC_UNIT>
        <IMPERIAL_UNIT>ft</IMPERIAL_UNIT>
        <IMPERIAL_CONVERSION_FORMULA>x*3.2808</IMPERIAL_CONVERSION_FORMULA>
        <METRIC_CONVERSION_FORMULA>x/3.280</METRIC_CONVERSION_FORMULA>
       </ENVIRONMENT_OPTION>
       <ENVIRONMENT_OPTION>
        <CATEGORY_ID>Temperature</CATEGORY_ID>
        <ID>Fire</ID>
        <NAME>Fire</NAME>
        <CATEGORY>Temperature</CATEGORY>
        <TRANSFERENCE>100</TRANSFERENCE>
        <SHOW>false</SHOW>
        <INTERPOLATE>true</INTERPOLATE>
        <ACTIVE>false</ACTIVE>
        <VALUE>0</VALUE>
        <MIN>0</MIN>
        <MAX>100</MAX>
        <MIN_RATE>-1000</MIN_RATE>
        <MAX_RATE>1000</MAX_RATE>
        <METRIC_UNIT></METRIC_UNIT>
        <IMPERIAL_UNIT></IMPERIAL_UNIT>
        <IMPERIAL_CONVERSION_FORMULA></IMPERIAL_CONVERSION_FORMULA>
        <METRIC_CONVERSION_FORMULA></METRIC_CONVERSION_FORMULA>
       </ENVIRONMENT_OPTION>
       <ENVIRONMENT_OPTION>
        <CATEGORY_ID>Radiation</CATEGORY_ID>
        <ID>Gamma</ID>
        <NAME>Gamma</NAME>
        <CATEGORY>Radiation</CATEGORY>
        <TRANSFERENCE>100</TRANSFERENCE>
        <SHOW>false</SHOW>
        <INTERPOLATE>true</INTERPOLATE>
        <ACTIVE>false</ACTIVE>
        <VALUE>0</VALUE>
        <MIN>0</MIN>
        <MAX>100</MAX>
        <MIN_RATE>-1000</MIN_RATE>
        <MAX_RATE>1000</MAX_RATE>
        <METRIC_UNIT>%</METRIC_UNIT>
        <IMPERIAL_UNIT></IMPERIAL_UNIT>
        <IMPERIAL_CONVERSION_FORMULA></IMPERIAL_CONVERSION_FORMULA>
        <METRIC_CONVERSION_FORMULA></METRIC_CONVERSION_FORMULA>
       </ENVIRONMENT_OPTION>
       <ENVIRONMENT_OPTION>
        <CATEGORY_ID>Gravity</CATEGORY_ID>
        <ID>Gravity</ID>
        <NAME>Gravity</NAME>
        <CATEGORY>Gravity</CATEGORY>
        <TRANSFERENCE>100</TRANSFERENCE>
        <SHOW>true</SHOW>
        <INTERPOLATE>true</INTERPOLATE>
        <ACTIVE>false</ACTIVE>
        <VALUE>0</VALUE>
        <MIN>-100</MIN>
        <MAX>100</MAX>
        <MIN_RATE>-1000</MIN_RATE>
        <MAX_RATE>1000</MAX_RATE>
        <METRIC_UNIT>m/s&lt;sup>2&lt;/sup></METRIC_UNIT>
        <IMPERIAL_UNIT>ft/s&lt;sup>2&lt;/sup></IMPERIAL_UNIT>
        <IMPERIAL_CONVERSION_FORMULA>x*3.2808399</IMPERIAL_CONVERSION_FORMULA>
        <METRIC_CONVERSION_FORMULA>x*0.3048</METRIC_CONVERSION_FORMULA>
       </ENVIRONMENT_OPTION>
       <ENVIRONMENT_OPTION>
        <CATEGORY_ID>Energy</CATEGORY_ID>
        <ID>Heat</ID>
        <NAME>Heat (BTUs)</NAME>
        <CATEGORY>Energy</CATEGORY>
        <TRANSFERENCE>100</TRANSFERENCE>
        <SHOW>false</SHOW>
        <INTERPOLATE>true</INTERPOLATE>
        <ACTIVE>false</ACTIVE>
        <VALUE>0</VALUE>
        <MIN>-100</MIN>
        <MAX>100</MAX>
        <MIN_RATE>-1000</MIN_RATE>
        <MAX_RATE>1000</MAX_RATE>
        <METRIC_UNIT>KW</METRIC_UNIT>
        <IMPERIAL_UNIT>BTU/hr</IMPERIAL_UNIT>
        <IMPERIAL_CONVERSION_FORMULA>x*0.00029307103866</IMPERIAL_CONVERSION_FORMULA>
        <METRIC_CONVERSION_FORMULA>x*3412.142</METRIC_CONVERSION_FORMULA>
       </ENVIRONMENT_OPTION>
       <ENVIRONMENT_OPTION>
        <CATEGORY_ID>Gases</CATEGORY_ID>
        <ID>Helium</ID>
        <NAME>He</NAME>
        <CATEGORY>Gases</CATEGORY>
        <TRANSFERENCE>100</TRANSFERENCE>
        <SHOW>true</SHOW>
        <INTERPOLATE>true</INTERPOLATE>
        <ACTIVE>false</ACTIVE>
        <VALUE>0</VALUE>
        <MIN>0</MIN>
        <MAX>100</MAX>
        <MIN_RATE>-1000</MIN_RATE>
        <MAX_RATE>1000</MAX_RATE>
        <METRIC_UNIT>%</METRIC_UNIT>
        <IMPERIAL_UNIT></IMPERIAL_UNIT>
        <IMPERIAL_CONVERSION_FORMULA></IMPERIAL_CONVERSION_FORMULA>
        <METRIC_CONVERSION_FORMULA></METRIC_CONVERSION_FORMULA>
       </ENVIRONMENT_OPTION>
       <ENVIRONMENT_OPTION>
        <CATEGORY_ID>Water</CATEGORY_ID>
        <ID>Humidity</ID>
        <NAME>Humidity</NAME>
        <CATEGORY>Water</CATEGORY>
        <TRANSFERENCE>100</TRANSFERENCE>
        <SHOW>true</SHOW>
        <INTERPOLATE>true</INTERPOLATE>
        <ACTIVE>false</ACTIVE>
        <VALUE>0</VALUE>
        <MIN>0</MIN>
        <MAX>100</MAX>
        <MIN_RATE>-1000</MIN_RATE>
        <MAX_RATE>1000</MAX_RATE>
        <METRIC_UNIT>%</METRIC_UNIT>
        <IMPERIAL_UNIT></IMPERIAL_UNIT>
        <IMPERIAL_CONVERSION_FORMULA></IMPERIAL_CONVERSION_FORMULA>
        <METRIC_CONVERSION_FORMULA></METRIC_CONVERSION_FORMULA>
       </ENVIRONMENT_OPTION>
       <ENVIRONMENT_OPTION>
        <CATEGORY_ID>Gases</CATEGORY_ID>
        <ID>Hydrogen</ID>
        <NAME>H</NAME>
        <CATEGORY>Gases</CATEGORY>
        <TRANSFERENCE>100</TRANSFERENCE>
        <SHOW>true</SHOW>
        <INTERPOLATE>true</INTERPOLATE>
        <ACTIVE>false</ACTIVE>
        <VALUE>0</VALUE>
        <MIN>0</MIN>
        <MAX>100</MAX>
        <MIN_RATE>-1000</MIN_RATE>
        <MAX_RATE>1000</MAX_RATE>
        <METRIC_UNIT>%</METRIC_UNIT>
        <IMPERIAL_UNIT></IMPERIAL_UNIT>
        <IMPERIAL_CONVERSION_FORMULA></IMPERIAL_CONVERSION_FORMULA>
        <METRIC_CONVERSION_FORMULA></METRIC_CONVERSION_FORMULA>
       </ENVIRONMENT_OPTION>
       <ENVIRONMENT_OPTION>
        <CATEGORY_ID>Light (Sun)</CATEGORY_ID>
        <ID>Infrared</ID>
        <NAME>Infrared</NAME>
        <CATEGORY>Light (Sun)</CATEGORY>
        <TRANSFERENCE>100</TRANSFERENCE>
        <SHOW>true</SHOW>
        <INTERPOLATE>true</INTERPOLATE>
        <ACTIVE>true</ACTIVE>
        <VALUE>0</VALUE>
        <MIN>0</MIN>
        <MAX>100</MAX>
        <MIN_RATE>-1000</MIN_RATE>
        <MAX_RATE>1000</MAX_RATE>
        <METRIC_UNIT>%</METRIC_UNIT>
        <IMPERIAL_UNIT></IMPERIAL_UNIT>
        <IMPERIAL_CONVERSION_FORMULA></IMPERIAL_CONVERSION_FORMULA>
        <METRIC_CONVERSION_FORMULA></METRIC_CONVERSION_FORMULA>
       </ENVIRONMENT_OPTION>
       <ENVIRONMENT_OPTION>
        <CATEGORY_ID>Temperature</CATEGORY_ID>
        <ID>Ionization</ID>
        <NAME>Ionization</NAME>
        <CATEGORY>Temperature</CATEGORY>
        <TRANSFERENCE>100</TRANSFERENCE>
        <SHOW>false</SHOW>
        <INTERPOLATE>true</INTERPOLATE>
        <ACTIVE>false</ACTIVE>
        <VALUE>0</VALUE>
        <MIN>0</MIN>
        <MAX>100</MAX>
        <MIN_RATE>-1000</MIN_RATE>
        <MAX_RATE>1000</MAX_RATE>
        <METRIC_UNIT>%</METRIC_UNIT>
        <IMPERIAL_UNIT></IMPERIAL_UNIT>
        <IMPERIAL_CONVERSION_FORMULA></IMPERIAL_CONVERSION_FORMULA>
        <METRIC_CONVERSION_FORMULA></METRIC_CONVERSION_FORMULA>
       </ENVIRONMENT_OPTION>
       <ENVIRONMENT_OPTION>
        <CATEGORY_ID>Light (Sun)</CATEGORY_ID>
        <ID>Luminosity</ID>
        <NAME>Luminosity</NAME>
        <CATEGORY>Light (Sun)</CATEGORY>
        <TRANSFERENCE>100</TRANSFERENCE>
        <SHOW>false</SHOW>
        <INTERPOLATE>true</INTERPOLATE>
        <ACTIVE>false</ACTIVE>
        <VALUE>0</VALUE>
        <MIN>0</MIN>
        <MAX>100</MAX>
        <MIN_RATE>-1000</MIN_RATE>
        <MAX_RATE>1000</MAX_RATE>
        <METRIC_UNIT>%</METRIC_UNIT>
        <IMPERIAL_UNIT></IMPERIAL_UNIT>
        <IMPERIAL_CONVERSION_FORMULA></IMPERIAL_CONVERSION_FORMULA>
        <METRIC_CONVERSION_FORMULA></METRIC_CONVERSION_FORMULA>
       </ENVIRONMENT_OPTION>
       <ENVIRONMENT_OPTION>
        <CATEGORY_ID>Gases</CATEGORY_ID>
        <ID>Methane</ID>
        <NAME>Methane</NAME>
        <CATEGORY>Gases</CATEGORY>
        <TRANSFERENCE>100</TRANSFERENCE>
        <SHOW>true</SHOW>
        <INTERPOLATE>true</INTERPOLATE>
        <ACTIVE>false</ACTIVE>
        <VALUE>0</VALUE>
        <MIN>0</MIN>
        <MAX>100</MAX>
        <MIN_RATE>-1000</MIN_RATE>
        <MAX_RATE>1000</MAX_RATE>
        <METRIC_UNIT>%</METRIC_UNIT>
        <IMPERIAL_UNIT></IMPERIAL_UNIT>
        <IMPERIAL_CONVERSION_FORMULA></IMPERIAL_CONVERSION_FORMULA>
        <METRIC_CONVERSION_FORMULA></METRIC_CONVERSION_FORMULA>
       </ENVIRONMENT_OPTION>
       <ENVIRONMENT_OPTION>
        <CATEGORY_ID>Gravity</CATEGORY_ID>
        <ID>Moon Phases</ID>
        <NAME>Moon Phases</NAME>
        <CATEGORY>Gravity</CATEGORY>
        <TRANSFERENCE>100</TRANSFERENCE>
        <SHOW>false</SHOW>
        <INTERPOLATE>true</INTERPOLATE>
        <ACTIVE>false</ACTIVE>
        <VALUE>0</VALUE>
        <MIN>-100</MIN>
        <MAX>100</MAX>
        <MIN_RATE>-1000</MIN_RATE>
        <MAX_RATE>1000</MAX_RATE>
        <METRIC_UNIT></METRIC_UNIT>
        <IMPERIAL_UNIT></IMPERIAL_UNIT>
        <IMPERIAL_CONVERSION_FORMULA></IMPERIAL_CONVERSION_FORMULA>
        <METRIC_CONVERSION_FORMULA></METRIC_CONVERSION_FORMULA>
       </ENVIRONMENT_OPTION>
       <ENVIRONMENT_OPTION>
        <CATEGORY_ID>Motion</CATEGORY_ID>
        <ID>Motion Direction</ID>
        <NAME>Direction</NAME>
        <CATEGORY>Motion</CATEGORY>
        <TRANSFERENCE>100</TRANSFERENCE>
        <SHOW>false</SHOW>
        <INTERPOLATE>true</INTERPOLATE>
        <ACTIVE>false</ACTIVE>
        <VALUE>0</VALUE>
        <MIN>-100</MIN>
        <MAX>100</MAX>
        <MIN_RATE>-1000</MIN_RATE>
        <MAX_RATE>1000</MAX_RATE>
        <METRIC_UNIT>degrees</METRIC_UNIT>
        <IMPERIAL_UNIT></IMPERIAL_UNIT>
        <IMPERIAL_CONVERSION_FORMULA></IMPERIAL_CONVERSION_FORMULA>
        <METRIC_CONVERSION_FORMULA></METRIC_CONVERSION_FORMULA>
       </ENVIRONMENT_OPTION>
       <ENVIRONMENT_OPTION>
        <CATEGORY_ID>Motion</CATEGORY_ID>
        <ID>Motion Speed</ID>
        <NAME>Speed</NAME>
        <CATEGORY>Motion</CATEGORY>
        <TRANSFERENCE>100</TRANSFERENCE>
        <SHOW>false</SHOW>
        <INTERPOLATE>true</INTERPOLATE>
        <ACTIVE>false</ACTIVE>
        <VALUE>0</VALUE>
        <MIN>0</MIN>
        <MAX>100</MAX>
        <MIN_RATE>-1000</MIN_RATE>
        <MAX_RATE>1000</MAX_RATE>
        <METRIC_UNIT>kph</METRIC_UNIT>
        <IMPERIAL_UNIT>mph</IMPERIAL_UNIT>
        <IMPERIAL_CONVERSION_FORMULA>x/1.609344</IMPERIAL_CONVERSION_FORMULA>
        <METRIC_CONVERSION_FORMULA>x*1.609344</METRIC_CONVERSION_FORMULA>
       </ENVIRONMENT_OPTION>
       <ENVIRONMENT_OPTION>
        <CATEGORY_ID>Radiation</CATEGORY_ID>
        <ID>Neutron</ID>
        <NAME>Neutron</NAME>
        <CATEGORY>Radiation</CATEGORY>
        <TRANSFERENCE>100</TRANSFERENCE>
        <SHOW>false</SHOW>
        <INTERPOLATE>true</INTERPOLATE>
        <ACTIVE>false</ACTIVE>
        <VALUE>0</VALUE>
        <MIN>0</MIN>
        <MAX>100</MAX>
        <MIN_RATE>-1000</MIN_RATE>
        <MAX_RATE>1000</MAX_RATE>
        <METRIC_UNIT>%</METRIC_UNIT>
        <IMPERIAL_UNIT></IMPERIAL_UNIT>
        <IMPERIAL_CONVERSION_FORMULA></IMPERIAL_CONVERSION_FORMULA>
        <METRIC_CONVERSION_FORMULA></METRIC_CONVERSION_FORMULA>
       </ENVIRONMENT_OPTION>
       <ENVIRONMENT_OPTION>
        <CATEGORY_ID>Gases</CATEGORY_ID>
        <ID>Nitrogen</ID>
        <NAME>Nitrogen</NAME>
        <CATEGORY>Gases</CATEGORY>
        <TRANSFERENCE>100</TRANSFERENCE>
        <SHOW>true</SHOW>
        <INTERPOLATE>true</INTERPOLATE>
        <ACTIVE>false</ACTIVE>
        <VALUE>0</VALUE>
        <MIN>0</MIN>
        <MAX>100</MAX>
        <MIN_RATE>-1000</MIN_RATE>
        <MAX_RATE>1000</MAX_RATE>
        <METRIC_UNIT>%</METRIC_UNIT>
        <IMPERIAL_UNIT></IMPERIAL_UNIT>
        <IMPERIAL_CONVERSION_FORMULA></IMPERIAL_CONVERSION_FORMULA>
        <METRIC_CONVERSION_FORMULA></METRIC_CONVERSION_FORMULA>
       </ENVIRONMENT_OPTION>
       <ENVIRONMENT_OPTION>
        <CATEGORY_ID>Gases</CATEGORY_ID>
        <ID>O2</ID>
        <NAME>O&lt;sub>2&lt;/sub></NAME>
        <CATEGORY>Gases</CATEGORY>
        <TRANSFERENCE>100</TRANSFERENCE>
        <SHOW>true</SHOW>
        <INTERPOLATE>true</INTERPOLATE>
        <ACTIVE>false</ACTIVE>
        <VALUE>0</VALUE>
        <MIN>0</MIN>
        <MAX>100</MAX>
        <MIN_RATE>-1000</MIN_RATE>
        <MAX_RATE>1000</MAX_RATE>
        <METRIC_UNIT>%</METRIC_UNIT>
        <IMPERIAL_UNIT></IMPERIAL_UNIT>
        <IMPERIAL_CONVERSION_FORMULA></IMPERIAL_CONVERSION_FORMULA>
        <METRIC_CONVERSION_FORMULA></METRIC_CONVERSION_FORMULA>
       </ENVIRONMENT_OPTION>
       <ENVIRONMENT_OPTION>
        <CATEGORY_ID>Electricity</CATEGORY_ID>
        <ID>Ohms</ID>
        <NAME>Ohms</NAME>
        <CATEGORY>Electricity</CATEGORY>
        <TRANSFERENCE>100</TRANSFERENCE>
        <SHOW>false</SHOW>
        <INTERPOLATE>true</INTERPOLATE>
        <ACTIVE>false</ACTIVE>
        <VALUE>0</VALUE>
        <MIN>-100</MIN>
        <MAX>100</MAX>
        <MIN_RATE>-1000</MIN_RATE>
        <MAX_RATE>1000</MAX_RATE>
        <METRIC_UNIT>&amp;#8486;</METRIC_UNIT>
        <IMPERIAL_UNIT></IMPERIAL_UNIT>
        <IMPERIAL_CONVERSION_FORMULA></IMPERIAL_CONVERSION_FORMULA>
        <METRIC_CONVERSION_FORMULA></METRIC_CONVERSION_FORMULA>
       </ENVIRONMENT_OPTION>
       <ENVIRONMENT_OPTION>
        <CATEGORY_ID>Gases</CATEGORY_ID>
        <ID>Ozone</ID>
        <NAME>Ozone</NAME>
        <CATEGORY>Gases</CATEGORY>
        <TRANSFERENCE>100</TRANSFERENCE>
        <SHOW>false</SHOW>
        <INTERPOLATE>true</INTERPOLATE>
        <ACTIVE>false</ACTIVE>
        <VALUE>0</VALUE>
        <MIN>0</MIN>
        <MAX>100</MAX>
        <MIN_RATE>-1000</MIN_RATE>
        <MAX_RATE>1000</MAX_RATE>
        <METRIC_UNIT>%</METRIC_UNIT>
        <IMPERIAL_UNIT></IMPERIAL_UNIT>
        <IMPERIAL_CONVERSION_FORMULA></IMPERIAL_CONVERSION_FORMULA>
        <METRIC_CONVERSION_FORMULA></METRIC_CONVERSION_FORMULA>
       </ENVIRONMENT_OPTION>
       <ENVIRONMENT_OPTION>
        <CATEGORY_ID>Radiation</CATEGORY_ID>
        <ID>Photon</ID>
        <NAME>Photon</NAME>
        <CATEGORY>Radiation</CATEGORY>
        <TRANSFERENCE>100</TRANSFERENCE>
        <SHOW>false</SHOW>
        <INTERPOLATE>true</INTERPOLATE>
        <ACTIVE>false</ACTIVE>
        <VALUE>0</VALUE>
        <MIN>0</MIN>
        <MAX>100</MAX>
        <MIN_RATE>-1000</MIN_RATE>
        <MAX_RATE>1000</MAX_RATE>
        <METRIC_UNIT>%</METRIC_UNIT>
        <IMPERIAL_UNIT></IMPERIAL_UNIT>
        <IMPERIAL_CONVERSION_FORMULA></IMPERIAL_CONVERSION_FORMULA>
        <METRIC_CONVERSION_FORMULA></METRIC_CONVERSION_FORMULA>
       </ENVIRONMENT_OPTION>
       <ENVIRONMENT_OPTION>
        <CATEGORY_ID>Gases</CATEGORY_ID>
        <ID>Propane</ID>
        <NAME>Propane</NAME>
        <CATEGORY>Gases</CATEGORY>
        <TRANSFERENCE>100</TRANSFERENCE>
        <SHOW>false</SHOW>
        <INTERPOLATE>true</INTERPOLATE>
        <ACTIVE>false</ACTIVE>
        <VALUE>0</VALUE>
        <MIN>0</MIN>
        <MAX>100</MAX>
        <MIN_RATE>-1000</MIN_RATE>
        <MAX_RATE>1000</MAX_RATE>
        <METRIC_UNIT>%</METRIC_UNIT>
        <IMPERIAL_UNIT></IMPERIAL_UNIT>
        <IMPERIAL_CONVERSION_FORMULA></IMPERIAL_CONVERSION_FORMULA>
        <METRIC_CONVERSION_FORMULA></METRIC_CONVERSION_FORMULA>
       </ENVIRONMENT_OPTION>
       <ENVIRONMENT_OPTION>
        <CATEGORY_ID>Light (Sun)</CATEGORY_ID>
        <ID>Radiant Heat</ID>
        <NAME>Radiant Heat</NAME>
        <CATEGORY>Light (Sun)</CATEGORY>
        <TRANSFERENCE>100</TRANSFERENCE>
        <SHOW>true</SHOW>
        <INTERPOLATE>true</INTERPOLATE>
        <ACTIVE>true</ACTIVE>
        <VALUE>0</VALUE>
        <MIN>0</MIN>
        <MAX>100</MAX>
        <MIN_RATE>-1000</MIN_RATE>
        <MAX_RATE>1000</MAX_RATE>
        <METRIC_UNIT>%</METRIC_UNIT>
        <IMPERIAL_UNIT></IMPERIAL_UNIT>
        <IMPERIAL_CONVERSION_FORMULA></IMPERIAL_CONVERSION_FORMULA>
        <METRIC_CONVERSION_FORMULA></METRIC_CONVERSION_FORMULA>
       </ENVIRONMENT_OPTION>
       <ENVIRONMENT_OPTION>
        <CATEGORY_ID>Radiation</CATEGORY_ID>
        <ID>Radiation Level</ID>
        <NAME>Level</NAME>
        <CATEGORY>Radiation</CATEGORY>
        <TRANSFERENCE>100</TRANSFERENCE>
        <SHOW>true</SHOW>
        <INTERPOLATE>true</INTERPOLATE>
        <ACTIVE>true</ACTIVE>
        <VALUE>0</VALUE>
        <MIN>0</MIN>
        <MAX>1000</MAX>
        <MIN_RATE>-1000</MIN_RATE>
        <MAX_RATE>1000</MAX_RATE>
        <METRIC_UNIT>mrem</METRIC_UNIT>
        <IMPERIAL_UNIT></IMPERIAL_UNIT>
        <IMPERIAL_CONVERSION_FORMULA></IMPERIAL_CONVERSION_FORMULA>
        <METRIC_CONVERSION_FORMULA></METRIC_CONVERSION_FORMULA>
       </ENVIRONMENT_OPTION>
       <ENVIRONMENT_OPTION>
        <CATEGORY_ID>Water</CATEGORY_ID>
        <ID>Rain</ID>
        <NAME>Rain</NAME>
        <CATEGORY>Water</CATEGORY>
        <TRANSFERENCE>100</TRANSFERENCE>
        <SHOW>true</SHOW>
        <INTERPOLATE>true</INTERPOLATE>
        <ACTIVE>false</ACTIVE>
        <VALUE>0</VALUE>
        <MIN>-100</MIN>
        <MAX>100</MAX>
        <MIN_RATE>-1000</MIN_RATE>
        <MAX_RATE>1000</MAX_RATE>
        <METRIC_UNIT>cm</METRIC_UNIT>
        <IMPERIAL_UNIT>in</IMPERIAL_UNIT>
        <IMPERIAL_CONVERSION_FORMULA>x*0.39</IMPERIAL_CONVERSION_FORMULA>
        <METRIC_CONVERSION_FORMULA>x*2.54</METRIC_CONVERSION_FORMULA>
       </ENVIRONMENT_OPTION>
       <ENVIRONMENT_OPTION>
        <CATEGORY_ID>Temperature</CATEGORY_ID>
        <ID>Smoke</ID>
        <NAME>Smoke</NAME>
        <CATEGORY>Temperature</CATEGORY>
        <TRANSFERENCE>100</TRANSFERENCE>
        <SHOW>false</SHOW>
        <INTERPOLATE>true</INTERPOLATE>
        <ACTIVE>false</ACTIVE>
        <VALUE>0</VALUE>
        <MIN>0</MIN>
        <MAX>100</MAX>
        <MIN_RATE>-1000</MIN_RATE>
        <MAX_RATE>1000</MAX_RATE>
        <METRIC_UNIT>%</METRIC_UNIT>
        <IMPERIAL_UNIT></IMPERIAL_UNIT>
        <IMPERIAL_CONVERSION_FORMULA></IMPERIAL_CONVERSION_FORMULA>
        <METRIC_CONVERSION_FORMULA></METRIC_CONVERSION_FORMULA>
       </ENVIRONMENT_OPTION>
       <ENVIRONMENT_OPTION>
        <CATEGORY_ID>Water</CATEGORY_ID>
        <ID>Snow</ID>
        <NAME>Snow</NAME>
        <CATEGORY>Water</CATEGORY>
        <TRANSFERENCE>100</TRANSFERENCE>
        <SHOW>true</SHOW>
        <INTERPOLATE>true</INTERPOLATE>
        <ACTIVE>false</ACTIVE>
        <VALUE>0</VALUE>
        <MIN>-100</MIN>
        <MAX>100</MAX>
        <MIN_RATE>-1000</MIN_RATE>
        <MAX_RATE>1000</MAX_RATE>
        <METRIC_UNIT>cm</METRIC_UNIT>
        <IMPERIAL_UNIT>in</IMPERIAL_UNIT>
        <IMPERIAL_CONVERSION_FORMULA>x*0.39</IMPERIAL_CONVERSION_FORMULA>
        <METRIC_CONVERSION_FORMULA>x*2.54</METRIC_CONVERSION_FORMULA>
       </ENVIRONMENT_OPTION>
       <ENVIRONMENT_OPTION>
        <CATEGORY_ID>Earth Physical Features</CATEGORY_ID>
        <ID>Soil pH</ID>
        <NAME>Soil pH</NAME>
        <CATEGORY>Earth Physical Features</CATEGORY>
        <TRANSFERENCE>100</TRANSFERENCE>
        <SHOW>true</SHOW>
        <INTERPOLATE>true</INTERPOLATE>
        <ACTIVE>false</ACTIVE>
        <VALUE>0</VALUE>
        <MIN>0</MIN>
        <MAX>100</MAX>
        <MIN_RATE>-1000</MIN_RATE>
        <MAX_RATE>1000</MAX_RATE>
        <METRIC_UNIT>pH</METRIC_UNIT>
        <IMPERIAL_UNIT></IMPERIAL_UNIT>
        <IMPERIAL_CONVERSION_FORMULA></IMPERIAL_CONVERSION_FORMULA>
        <METRIC_CONVERSION_FORMULA></METRIC_CONVERSION_FORMULA>
       </ENVIRONMENT_OPTION>
       <ENVIRONMENT_OPTION>
        <CATEGORY_ID>Sound</CATEGORY_ID>
        <ID>Sound Pitch</ID>
        <NAME>Pitch</NAME>
        <CATEGORY>Sound</CATEGORY>
        <TRANSFERENCE>100</TRANSFERENCE>
        <SHOW>false</SHOW>
        <INTERPOLATE>true</INTERPOLATE>
        <ACTIVE>false</ACTIVE>
        <VALUE>0</VALUE>
        <MIN>0</MIN>
        <MAX>100</MAX>
        <MIN_RATE>-1000</MIN_RATE>
        <MAX_RATE>1000</MAX_RATE>
        <METRIC_UNIT>CPS</METRIC_UNIT>
        <IMPERIAL_UNIT></IMPERIAL_UNIT>
        <IMPERIAL_CONVERSION_FORMULA></IMPERIAL_CONVERSION_FORMULA>
        <METRIC_CONVERSION_FORMULA></METRIC_CONVERSION_FORMULA>
       </ENVIRONMENT_OPTION>
       <ENVIRONMENT_OPTION>
        <CATEGORY_ID>Sound</CATEGORY_ID>
        <ID>Sound Volume</ID>
        <NAME>Volume</NAME>
        <CATEGORY>Sound</CATEGORY>
        <TRANSFERENCE>100</TRANSFERENCE>
        <SHOW>false</SHOW>
        <INTERPOLATE>true</INTERPOLATE>
        <ACTIVE>false</ACTIVE>
        <VALUE>0</VALUE>
        <MIN>0</MIN>
        <MAX>100</MAX>
        <MIN_RATE>-1000</MIN_RATE>
        <MAX_RATE>1000</MAX_RATE>
        <METRIC_UNIT>dB</METRIC_UNIT>
        <IMPERIAL_UNIT></IMPERIAL_UNIT>
        <IMPERIAL_CONVERSION_FORMULA></IMPERIAL_CONVERSION_FORMULA>
        <METRIC_CONVERSION_FORMULA></METRIC_CONVERSION_FORMULA>
       </ENVIRONMENT_OPTION>
       <ENVIRONMENT_OPTION>
        <CATEGORY_ID>Light (Sun)</CATEGORY_ID>
        <ID>Sunlight</ID>
        <NAME>Sunlight</NAME>
        <CATEGORY>Light (Sun)</CATEGORY>
        <TRANSFERENCE>100</TRANSFERENCE>
        <SHOW>true</SHOW>
        <INTERPOLATE>true</INTERPOLATE>
        <ACTIVE>true</ACTIVE>
        <VALUE>0</VALUE>
        <MIN>0</MIN>
        <MAX>100</MAX>
        <MIN_RATE>-1000</MIN_RATE>
        <MAX_RATE>1000</MAX_RATE>
        <METRIC_UNIT>%</METRIC_UNIT>
        <IMPERIAL_UNIT></IMPERIAL_UNIT>
        <IMPERIAL_CONVERSION_FORMULA></IMPERIAL_CONVERSION_FORMULA>
        <METRIC_CONVERSION_FORMULA></METRIC_CONVERSION_FORMULA>
       </ENVIRONMENT_OPTION>
       <ENVIRONMENT_OPTION>
        <CATEGORY_ID>Energy</CATEGORY_ID>
        <ID>Torque</ID>
        <NAME>Torque</NAME>
        <CATEGORY>Energy</CATEGORY>
        <TRANSFERENCE>100</TRANSFERENCE>
        <SHOW>false</SHOW>
        <INTERPOLATE>true</INTERPOLATE>
        <ACTIVE>false</ACTIVE>
        <VALUE>0</VALUE>
        <MIN>-100</MIN>
        <MAX>100</MAX>
        <MIN_RATE>-1000</MIN_RATE>
        <MAX_RATE>1000</MAX_RATE>
        <METRIC_UNIT>m/kg</METRIC_UNIT>
        <IMPERIAL_UNIT>ft/lb</IMPERIAL_UNIT>
        <IMPERIAL_CONVERSION_FORMULA>x*1.48816</IMPERIAL_CONVERSION_FORMULA>
        <METRIC_CONVERSION_FORMULA>x*0.671969</METRIC_CONVERSION_FORMULA>
       </ENVIRONMENT_OPTION>
       <ENVIRONMENT_OPTION>
        <CATEGORY_ID>Light (Sun)</CATEGORY_ID>
        <ID>Ultraviolet</ID>
        <NAME>Ultraviolet</NAME>
        <CATEGORY>Light (Sun)</CATEGORY>
        <TRANSFERENCE>100</TRANSFERENCE>
        <SHOW>true</SHOW>
        <INTERPOLATE>true</INTERPOLATE>
        <ACTIVE>true</ACTIVE>
        <VALUE>0</VALUE>
        <MIN>0</MIN>
        <MAX>100</MAX>
        <MIN_RATE>-1000</MIN_RATE>
        <MAX_RATE>1000</MAX_RATE>
        <METRIC_UNIT>%</METRIC_UNIT>
        <IMPERIAL_UNIT></IMPERIAL_UNIT>
        <IMPERIAL_CONVERSION_FORMULA></IMPERIAL_CONVERSION_FORMULA>
        <METRIC_CONVERSION_FORMULA></METRIC_CONVERSION_FORMULA>
       </ENVIRONMENT_OPTION>
       <ENVIRONMENT_OPTION>
        <CATEGORY_ID>Light (Sun)</CATEGORY_ID>
        <ID>Visible Light</ID>
        <NAME>Visible</NAME>
        <CATEGORY>Light (Sun)</CATEGORY>
        <TRANSFERENCE>100</TRANSFERENCE>
        <SHOW>true</SHOW>
        <INTERPOLATE>true</INTERPOLATE>
        <ACTIVE>true</ACTIVE>
        <VALUE>0</VALUE>
        <MIN>0</MIN>
        <MAX>100</MAX>
        <MIN_RATE>-1000</MIN_RATE>
        <MAX_RATE>1000</MAX_RATE>
        <METRIC_UNIT>%</METRIC_UNIT>
        <IMPERIAL_UNIT></IMPERIAL_UNIT>
        <IMPERIAL_CONVERSION_FORMULA></IMPERIAL_CONVERSION_FORMULA>
        <METRIC_CONVERSION_FORMULA></METRIC_CONVERSION_FORMULA>
       </ENVIRONMENT_OPTION>
       <ENVIRONMENT_OPTION>
        <CATEGORY_ID>Electricity</CATEGORY_ID>
        <ID>Voltage</ID>
        <NAME>Voltage</NAME>
        <CATEGORY>Electricity</CATEGORY>
        <TRANSFERENCE>100</TRANSFERENCE>
        <SHOW>false</SHOW>
        <INTERPOLATE>true</INTERPOLATE>
        <ACTIVE>false</ACTIVE>
        <VALUE>0</VALUE>
        <MIN>-100</MIN>
        <MAX>100</MAX>
        <MIN_RATE>-1000</MIN_RATE>
        <MAX_RATE>1000</MAX_RATE>
        <METRIC_UNIT>V</METRIC_UNIT>
        <IMPERIAL_UNIT></IMPERIAL_UNIT>
        <IMPERIAL_CONVERSION_FORMULA></IMPERIAL_CONVERSION_FORMULA>
        <METRIC_CONVERSION_FORMULA></METRIC_CONVERSION_FORMULA>
       </ENVIRONMENT_OPTION>
       <ENVIRONMENT_OPTION>
        <CATEGORY_ID>Water</CATEGORY_ID>
        <ID>Water Level</ID>
        <NAME>Water Level</NAME>
        <CATEGORY>Water</CATEGORY>
        <TRANSFERENCE>100</TRANSFERENCE>
        <SHOW>true</SHOW>
        <INTERPOLATE>true</INTERPOLATE>
        <ACTIVE>false</ACTIVE>
        <VALUE>0</VALUE>
        <MIN>0</MIN>
        <MAX>100</MAX>
        <MIN_RATE>-1000</MIN_RATE>
        <MAX_RATE>1000</MAX_RATE>
        <METRIC_UNIT>cm</METRIC_UNIT>
        <IMPERIAL_UNIT>in</IMPERIAL_UNIT>
        <IMPERIAL_CONVERSION_FORMULA>x*0.39</IMPERIAL_CONVERSION_FORMULA>
        <METRIC_CONVERSION_FORMULA>x*2.54</METRIC_CONVERSION_FORMULA>
       </ENVIRONMENT_OPTION>
       <ENVIRONMENT_OPTION>
        <CATEGORY_ID>Water</CATEGORY_ID>
        <ID>Water Speed</ID>
        <NAME>Speed</NAME>
        <CATEGORY>Water</CATEGORY>
        <TRANSFERENCE>100</TRANSFERENCE>
        <SHOW>false</SHOW>
        <INTERPOLATE>true</INTERPOLATE>
        <ACTIVE>false</ACTIVE>
        <VALUE>0</VALUE>
        <MIN>0</MIN>
        <MAX>1000</MAX>
        <MIN_RATE>-1000</MIN_RATE>
        <MAX_RATE>1000</MAX_RATE>
        <METRIC_UNIT>kph</METRIC_UNIT>
        <IMPERIAL_UNIT>mph</IMPERIAL_UNIT>
        <IMPERIAL_CONVERSION_FORMULA>x/1.609344</IMPERIAL_CONVERSION_FORMULA>
        <METRIC_CONVERSION_FORMULA>x*1.609344</METRIC_CONVERSION_FORMULA>
       </ENVIRONMENT_OPTION>
       <ENVIRONMENT_OPTION>
        <CATEGORY_ID>Water</CATEGORY_ID>
        <ID>Water Temperature</ID>
        <NAME>Temperature</NAME>
        <CATEGORY>Water</CATEGORY>
        <TRANSFERENCE>100</TRANSFERENCE>
        <SHOW>false</SHOW>
        <INTERPOLATE>true</INTERPOLATE>
        <ACTIVE>false</ACTIVE>
        <VALUE>0</VALUE>
        <MIN>-100</MIN>
        <MAX>100</MAX>
        <MIN_RATE>-1000</MIN_RATE>
        <MAX_RATE>1000</MAX_RATE>
        <METRIC_UNIT>C</METRIC_UNIT>
        <IMPERIAL_UNIT>F</IMPERIAL_UNIT>
        <IMPERIAL_CONVERSION_FORMULA>x*(9/5)+32</IMPERIAL_CONVERSION_FORMULA>
        <METRIC_CONVERSION_FORMULA>(x-32)*(5/9)</METRIC_CONVERSION_FORMULA>
       </ENVIRONMENT_OPTION>
       <ENVIRONMENT_OPTION>
        <CATEGORY_ID>Water</CATEGORY_ID>
        <ID>Water Volume</ID>
        <NAME>Volume</NAME>
        <CATEGORY>Water</CATEGORY>
        <TRANSFERENCE>100</TRANSFERENCE>
        <SHOW>false</SHOW>
        <INTERPOLATE>true</INTERPOLATE>
        <ACTIVE>false</ACTIVE>
        <VALUE>0</VALUE>
        <MIN>0</MIN>
        <MAX>10000</MAX>
        <MIN_RATE>-1000</MIN_RATE>
        <MAX_RATE>1000</MAX_RATE>
        <METRIC_UNIT>L</METRIC_UNIT>
        <IMPERIAL_UNIT>gal</IMPERIAL_UNIT>
        <IMPERIAL_CONVERSION_FORMULA>x*0.26417</IMPERIAL_CONVERSION_FORMULA>
        <METRIC_CONVERSION_FORMULA>x/0.26417</METRIC_CONVERSION_FORMULA>
       </ENVIRONMENT_OPTION>
       <ENVIRONMENT_OPTION>
        <CATEGORY_ID>Water</CATEGORY_ID>
        <ID>Water pH</ID>
        <NAME>Water pH</NAME>
        <CATEGORY>Water</CATEGORY>
        <TRANSFERENCE>100</TRANSFERENCE>
        <SHOW>false</SHOW>
        <INTERPOLATE>true</INTERPOLATE>
        <ACTIVE>false</ACTIVE>
        <VALUE>0</VALUE>
        <MIN>0</MIN>
        <MAX>100</MAX>
        <MIN_RATE>-1000</MIN_RATE>
        <MAX_RATE>1000</MAX_RATE>
        <METRIC_UNIT>pH</METRIC_UNIT>
        <IMPERIAL_UNIT></IMPERIAL_UNIT>
        <IMPERIAL_CONVERSION_FORMULA></IMPERIAL_CONVERSION_FORMULA>
        <METRIC_CONVERSION_FORMULA></METRIC_CONVERSION_FORMULA>
       </ENVIRONMENT_OPTION>
       <ENVIRONMENT_OPTION>
        <CATEGORY_ID>Electricity</CATEGORY_ID>
        <ID>Watts</ID>
        <NAME>Watts</NAME>
        <CATEGORY>Electricity</CATEGORY>
        <TRANSFERENCE>100</TRANSFERENCE>
        <SHOW>false</SHOW>
        <INTERPOLATE>true</INTERPOLATE>
        <ACTIVE>false</ACTIVE>
        <VALUE>0</VALUE>
        <MIN>-100</MIN>
        <MAX>100</MAX>
        <MIN_RATE>-1000</MIN_RATE>
        <MAX_RATE>1000</MAX_RATE>
        <METRIC_UNIT>W</METRIC_UNIT>
        <IMPERIAL_UNIT></IMPERIAL_UNIT>
        <IMPERIAL_CONVERSION_FORMULA></IMPERIAL_CONVERSION_FORMULA>
        <METRIC_CONVERSION_FORMULA></METRIC_CONVERSION_FORMULA>
       </ENVIRONMENT_OPTION>
       <ENVIRONMENT_OPTION>
        <CATEGORY_ID>Sound</CATEGORY_ID>
        <ID>White Noise</ID>
        <NAME>White Noise</NAME>
        <CATEGORY>Sound</CATEGORY>
        <TRANSFERENCE>100</TRANSFERENCE>
        <SHOW>false</SHOW>
        <INTERPOLATE>true</INTERPOLATE>
        <ACTIVE>false</ACTIVE>
        <VALUE>0</VALUE>
        <MIN>0</MIN>
        <MAX>100</MAX>
        <MIN_RATE>-1000</MIN_RATE>
        <MAX_RATE>1000</MAX_RATE>
        <METRIC_UNIT>%</METRIC_UNIT>
        <IMPERIAL_UNIT></IMPERIAL_UNIT>
        <IMPERIAL_CONVERSION_FORMULA></IMPERIAL_CONVERSION_FORMULA>
        <METRIC_CONVERSION_FORMULA></METRIC_CONVERSION_FORMULA>
       </ENVIRONMENT_OPTION>
       <ENVIRONMENT_OPTION>
        <CATEGORY_ID>Wind</CATEGORY_ID>
        <ID>Wind Direction</ID>
        <NAME>Direction</NAME>
        <CATEGORY>Wind</CATEGORY>
        <TRANSFERENCE>100</TRANSFERENCE>
        <SHOW>true</SHOW>
        <INTERPOLATE>true</INTERPOLATE>
        <ACTIVE>false</ACTIVE>
        <VALUE>0</VALUE>
        <MIN>-100</MIN>
        <MAX>100</MAX>
        <MIN_RATE>-1000</MIN_RATE>
        <MAX_RATE>1000</MAX_RATE>
        <METRIC_UNIT>degrees</METRIC_UNIT>
        <IMPERIAL_UNIT></IMPERIAL_UNIT>
        <IMPERIAL_CONVERSION_FORMULA></IMPERIAL_CONVERSION_FORMULA>
        <METRIC_CONVERSION_FORMULA></METRIC_CONVERSION_FORMULA>
       </ENVIRONMENT_OPTION>
       <ENVIRONMENT_OPTION>
        <CATEGORY_ID>Wind</CATEGORY_ID>
        <ID>Wind Gusts</ID>
        <NAME>Variance (gusts)</NAME>
        <CATEGORY>Wind</CATEGORY>
        <TRANSFERENCE>100</TRANSFERENCE>
        <SHOW>true</SHOW>
        <INTERPOLATE>true</INTERPOLATE>
        <ACTIVE>false</ACTIVE>
        <VALUE>0</VALUE>
        <MIN>0</MIN>
        <MAX>100</MAX>
        <MIN_RATE>-1000</MIN_RATE>
        <MAX_RATE>1000</MAX_RATE>
        <METRIC_UNIT>%</METRIC_UNIT>
        <IMPERIAL_UNIT></IMPERIAL_UNIT>
        <IMPERIAL_CONVERSION_FORMULA></IMPERIAL_CONVERSION_FORMULA>
        <METRIC_CONVERSION_FORMULA></METRIC_CONVERSION_FORMULA>
       </ENVIRONMENT_OPTION>
       <ENVIRONMENT_OPTION>
        <CATEGORY_ID>Wind</CATEGORY_ID>
        <ID>Wind Speed</ID>
        <NAME>Speed</NAME>
        <CATEGORY>Wind</CATEGORY>
        <TRANSFERENCE>100</TRANSFERENCE>
        <SHOW>true</SHOW>
        <INTERPOLATE>true</INTERPOLATE>
        <ACTIVE>false</ACTIVE>
        <VALUE>0</VALUE>
        <MIN>0</MIN>
        <MAX>100</MAX>
        <MIN_RATE>-1000</MIN_RATE>
        <MAX_RATE>1000</MAX_RATE>
        <METRIC_UNIT>kph</METRIC_UNIT>
        <IMPERIAL_UNIT>mph</IMPERIAL_UNIT>
        <IMPERIAL_CONVERSION_FORMULA>x/1.609344</IMPERIAL_CONVERSION_FORMULA>
        <METRIC_CONVERSION_FORMULA>x*1.609344</METRIC_CONVERSION_FORMULA>
       </ENVIRONMENT_OPTION>
      </ENVIRONMENT_OPTIONS>
     </KEYFRAME>
     <KEYFRAME>
      <TIME>86399</TIME>
      <ENVIRONMENT_OPTIONS>
       <ENVIRONMENT_OPTION>
        <CATEGORY_ID>Radiation</CATEGORY_ID>
        <ID>Alpha</ID>
        <NAME>Alpha</NAME>
        <CATEGORY>Radiation</CATEGORY>
        <TRANSFERENCE>100</TRANSFERENCE>
        <SHOW>false</SHOW>
        <INTERPOLATE>true</INTERPOLATE>
        <ACTIVE>false</ACTIVE>
        <VALUE>0</VALUE>
        <MIN>0</MIN>
        <MAX>100</MAX>
        <MIN_RATE>-1000</MIN_RATE>
        <MAX_RATE>1000</MAX_RATE>
        <METRIC_UNIT>%</METRIC_UNIT>
        <IMPERIAL_UNIT></IMPERIAL_UNIT>
        <IMPERIAL_CONVERSION_FORMULA></IMPERIAL_CONVERSION_FORMULA>
        <METRIC_CONVERSION_FORMULA></METRIC_CONVERSION_FORMULA>
       </ENVIRONMENT_OPTION>
       <ENVIRONMENT_OPTION>
        <CATEGORY_ID>Temperature</CATEGORY_ID>
        <ID>Ambient Temperature</ID>
        <NAME>Ambient Temperature</NAME>
        <CATEGORY>Temperature</CATEGORY>
        <TRANSFERENCE>100</TRANSFERENCE>
        <SHOW>true</SHOW>
        <INTERPOLATE>true</INTERPOLATE>
        <ACTIVE>true</ACTIVE>
        <VALUE>0</VALUE>
        <MIN>-100</MIN>
        <MAX>100</MAX>
        <MIN_RATE>-0.00138889</MIN_RATE>
        <MAX_RATE>0.00138889</MAX_RATE>
        <METRIC_UNIT>C</METRIC_UNIT>
        <IMPERIAL_UNIT>F</IMPERIAL_UNIT>
        <IMPERIAL_CONVERSION_FORMULA>x*(9/5)+32</IMPERIAL_CONVERSION_FORMULA>
        <METRIC_CONVERSION_FORMULA>(x-32)*(5/9)</METRIC_CONVERSION_FORMULA>
       </ENVIRONMENT_OPTION>
       <ENVIRONMENT_OPTION>
        <CATEGORY_ID>Gases</CATEGORY_ID>
        <ID>Argon</ID>
        <NAME>Argon</NAME>
        <CATEGORY>Gases</CATEGORY>
        <TRANSFERENCE>100</TRANSFERENCE>
        <SHOW>true</SHOW>
        <INTERPOLATE>true</INTERPOLATE>
        <ACTIVE>true</ACTIVE>
        <VALUE>0.934</VALUE>
        <MIN>0</MIN>
        <MAX>100</MAX>
        <MIN_RATE>-1000</MIN_RATE>
        <MAX_RATE>1000</MAX_RATE>
        <METRIC_UNIT>%</METRIC_UNIT>
        <IMPERIAL_UNIT></IMPERIAL_UNIT>
        <IMPERIAL_CONVERSION_FORMULA></IMPERIAL_CONVERSION_FORMULA>
        <METRIC_CONVERSION_FORMULA></METRIC_CONVERSION_FORMULA>
       </ENVIRONMENT_OPTION>
       <ENVIRONMENT_OPTION>
        <CATEGORY_ID>Other</CATEGORY_ID>
        <ID>Atmospheric Pressure</ID>
        <NAME>Atmospheric Pressure</NAME>
        <CATEGORY>Other</CATEGORY>
        <TRANSFERENCE>100</TRANSFERENCE>
        <SHOW>true</SHOW>
        <INTERPOLATE>true</INTERPOLATE>
        <ACTIVE>true</ACTIVE>
        <VALUE>101.325</VALUE>
        <MIN>-100</MIN>
        <MAX>200</MAX>
        <MIN_RATE>-1000</MIN_RATE>
        <MAX_RATE>1000</MAX_RATE>
        <METRIC_UNIT>kPa</METRIC_UNIT>
        <IMPERIAL_UNIT>psi</IMPERIAL_UNIT>
        <IMPERIAL_CONVERSION_FORMULA>x*.14503773773020923</IMPERIAL_CONVERSION_FORMULA>
        <METRIC_CONVERSION_FORMULA></METRIC_CONVERSION_FORMULA>
       </ENVIRONMENT_OPTION>
       <ENVIRONMENT_OPTION>
        <CATEGORY_ID>Radiation</CATEGORY_ID>
        <ID>Beta</ID>
        <NAME>Beta</NAME>
        <CATEGORY>Radiation</CATEGORY>
        <TRANSFERENCE>100</TRANSFERENCE>
        <SHOW>false</SHOW>
        <INTERPOLATE>true</INTERPOLATE>
        <ACTIVE>false</ACTIVE>
        <VALUE>0</VALUE>
        <MIN>0</MIN>
        <MAX>100</MAX>
        <MIN_RATE>-1000</MIN_RATE>
        <MAX_RATE>1000</MAX_RATE>
        <METRIC_UNIT>%</METRIC_UNIT>
        <IMPERIAL_UNIT></IMPERIAL_UNIT>
        <IMPERIAL_CONVERSION_FORMULA></IMPERIAL_CONVERSION_FORMULA>
        <METRIC_CONVERSION_FORMULA></METRIC_CONVERSION_FORMULA>
       </ENVIRONMENT_OPTION>
       <ENVIRONMENT_OPTION>
        <CATEGORY_ID>Gases</CATEGORY_ID>
        <ID>CO</ID>
        <NAME>CO</NAME>
        <CATEGORY>Gases</CATEGORY>
        <TRANSFERENCE>100</TRANSFERENCE>
        <SHOW>true</SHOW>
        <INTERPOLATE>true</INTERPOLATE>
        <ACTIVE>true</ACTIVE>
        <VALUE>0</VALUE>
        <MIN>0</MIN>
        <MAX>100</MAX>
        <MIN_RATE>-1000</MIN_RATE>
        <MAX_RATE>1000</MAX_RATE>
        <METRIC_UNIT>%</METRIC_UNIT>
        <IMPERIAL_UNIT></IMPERIAL_UNIT>
        <IMPERIAL_CONVERSION_FORMULA></IMPERIAL_CONVERSION_FORMULA>
        <METRIC_CONVERSION_FORMULA></METRIC_CONVERSION_FORMULA>
       </ENVIRONMENT_OPTION>
       <ENVIRONMENT_OPTION>
        <CATEGORY_ID>Gases</CATEGORY_ID>
        <ID>CO2</ID>
        <NAME>CO&lt;sub>2&lt;/sub></NAME>
        <CATEGORY>Gases</CATEGORY>
        <TRANSFERENCE>100</TRANSFERENCE>
        <SHOW>true</SHOW>
        <INTERPOLATE>true</INTERPOLATE>
        <ACTIVE>true</ACTIVE>
        <VALUE>0.036</VALUE>
        <MIN>0</MIN>
        <MAX>100</MAX>
        <MIN_RATE>-1000</MIN_RATE>
        <MAX_RATE>1000</MAX_RATE>
        <METRIC_UNIT>%</METRIC_UNIT>
        <IMPERIAL_UNIT></IMPERIAL_UNIT>
        <IMPERIAL_CONVERSION_FORMULA></IMPERIAL_CONVERSION_FORMULA>
        <METRIC_CONVERSION_FORMULA></METRIC_CONVERSION_FORMULA>
       </ENVIRONMENT_OPTION>
       <ENVIRONMENT_OPTION>
        <CATEGORY_ID>Water</CATEGORY_ID>
        <ID>Clouds</ID>
        <NAME>Clouds</NAME>
        <CATEGORY>Water</CATEGORY>
        <TRANSFERENCE>100</TRANSFERENCE>
        <SHOW>true</SHOW>
        <INTERPOLATE>true</INTERPOLATE>
        <ACTIVE>true</ACTIVE>
        <VALUE>5</VALUE>
        <MIN>0</MIN>
        <MAX>100</MAX>
        <MIN_RATE>-1000</MIN_RATE>
        <MAX_RATE>1000</MAX_RATE>
        <METRIC_UNIT>%</METRIC_UNIT>
        <IMPERIAL_UNIT></IMPERIAL_UNIT>
        <IMPERIAL_CONVERSION_FORMULA></IMPERIAL_CONVERSION_FORMULA>
        <METRIC_CONVERSION_FORMULA></METRIC_CONVERSION_FORMULA>
       </ENVIRONMENT_OPTION>
       <ENVIRONMENT_OPTION>
        <CATEGORY_ID>Earth Physical Features</CATEGORY_ID>
        <ID>Compaction</ID>
        <NAME>Compaction</NAME>
        <CATEGORY>Earth Physical Features</CATEGORY>
        <TRANSFERENCE>100</TRANSFERENCE>
        <SHOW>false</SHOW>
        <INTERPOLATE>true</INTERPOLATE>
        <ACTIVE>false</ACTIVE>
        <VALUE>0</VALUE>
        <MIN>0</MIN>
        <MAX>100</MAX>
        <MIN_RATE>-1000</MIN_RATE>
        <MAX_RATE>1000</MAX_RATE>
        <METRIC_UNIT>Moh</METRIC_UNIT>
        <IMPERIAL_UNIT></IMPERIAL_UNIT>
        <IMPERIAL_CONVERSION_FORMULA></IMPERIAL_CONVERSION_FORMULA>
        <METRIC_CONVERSION_FORMULA></METRIC_CONVERSION_FORMULA>
       </ENVIRONMENT_OPTION>
       <ENVIRONMENT_OPTION>
        <CATEGORY_ID>Earth Physical Features</CATEGORY_ID>
        <ID>Composition Hardness</ID>
        <NAME>Composition Hardness</NAME>
        <CATEGORY>Earth Physical Features</CATEGORY>
        <TRANSFERENCE>100</TRANSFERENCE>
        <SHOW>false</SHOW>
        <INTERPOLATE>true</INTERPOLATE>
        <ACTIVE>false</ACTIVE>
        <VALUE>0</VALUE>
        <MIN>0</MIN>
        <MAX>100</MAX>
        <MIN_RATE>-1000</MIN_RATE>
        <MAX_RATE>1000</MAX_RATE>
        <METRIC_UNIT>Moh</METRIC_UNIT>
        <IMPERIAL_UNIT></IMPERIAL_UNIT>
        <IMPERIAL_CONVERSION_FORMULA></IMPERIAL_CONVERSION_FORMULA>
        <METRIC_CONVERSION_FORMULA></METRIC_CONVERSION_FORMULA>
       </ENVIRONMENT_OPTION>
       <ENVIRONMENT_OPTION>
        <CATEGORY_ID>Light (Sun)</CATEGORY_ID>
        <ID>Electromagnetic Radiation</ID>
        <NAME>Electromagnetic Radiation</NAME>
        <CATEGORY>Light (Sun)</CATEGORY>
        <TRANSFERENCE>100</TRANSFERENCE>
        <SHOW>true</SHOW>
        <INTERPOLATE>true</INTERPOLATE>
        <ACTIVE>true</ACTIVE>
        <VALUE>0</VALUE>
        <MIN>0</MIN>
        <MAX>100</MAX>
        <MIN_RATE>-1000</MIN_RATE>
        <MAX_RATE>1000</MAX_RATE>
        <METRIC_UNIT>%</METRIC_UNIT>
        <IMPERIAL_UNIT></IMPERIAL_UNIT>
        <IMPERIAL_CONVERSION_FORMULA></IMPERIAL_CONVERSION_FORMULA>
        <METRIC_CONVERSION_FORMULA></METRIC_CONVERSION_FORMULA>
       </ENVIRONMENT_OPTION>
       <ENVIRONMENT_OPTION>
        <CATEGORY_ID>Earth Physical Features</CATEGORY_ID>
        <ID>Elevation</ID>
        <NAME>Elevation</NAME>
        <CATEGORY>Earth Physical Features</CATEGORY>
        <TRANSFERENCE>100</TRANSFERENCE>
        <SHOW>true</SHOW>
        <INTERPOLATE>true</INTERPOLATE>
        <ACTIVE>true</ACTIVE>
        <VALUE>22</VALUE>
        <MIN>0</MIN>
        <MAX>100000</MAX>
        <MIN_RATE>-1000</MIN_RATE>
        <MAX_RATE>1000</MAX_RATE>
        <METRIC_UNIT>m</METRIC_UNIT>
        <IMPERIAL_UNIT>ft</IMPERIAL_UNIT>
        <IMPERIAL_CONVERSION_FORMULA>x*3.2808</IMPERIAL_CONVERSION_FORMULA>
        <METRIC_CONVERSION_FORMULA>x/3.280</METRIC_CONVERSION_FORMULA>
       </ENVIRONMENT_OPTION>
       <ENVIRONMENT_OPTION>
        <CATEGORY_ID>Temperature</CATEGORY_ID>
        <ID>Fire</ID>
        <NAME>Fire</NAME>
        <CATEGORY>Temperature</CATEGORY>
        <TRANSFERENCE>100</TRANSFERENCE>
        <SHOW>false</SHOW>
        <INTERPOLATE>true</INTERPOLATE>
        <ACTIVE>false</ACTIVE>
        <VALUE>0</VALUE>
        <MIN>0</MIN>
        <MAX>100</MAX>
        <MIN_RATE>-1000</MIN_RATE>
        <MAX_RATE>1000</MAX_RATE>
        <METRIC_UNIT></METRIC_UNIT>
        <IMPERIAL_UNIT></IMPERIAL_UNIT>
        <IMPERIAL_CONVERSION_FORMULA></IMPERIAL_CONVERSION_FORMULA>
        <METRIC_CONVERSION_FORMULA></METRIC_CONVERSION_FORMULA>
       </ENVIRONMENT_OPTION>
       <ENVIRONMENT_OPTION>
        <CATEGORY_ID>Radiation</CATEGORY_ID>
        <ID>Gamma</ID>
        <NAME>Gamma</NAME>
        <CATEGORY>Radiation</CATEGORY>
        <TRANSFERENCE>100</TRANSFERENCE>
        <SHOW>false</SHOW>
        <INTERPOLATE>true</INTERPOLATE>
        <ACTIVE>false</ACTIVE>
        <VALUE>0</VALUE>
        <MIN>0</MIN>
        <MAX>100</MAX>
        <MIN_RATE>-1000</MIN_RATE>
        <MAX_RATE>1000</MAX_RATE>
        <METRIC_UNIT>%</METRIC_UNIT>
        <IMPERIAL_UNIT></IMPERIAL_UNIT>
        <IMPERIAL_CONVERSION_FORMULA></IMPERIAL_CONVERSION_FORMULA>
        <METRIC_CONVERSION_FORMULA></METRIC_CONVERSION_FORMULA>
       </ENVIRONMENT_OPTION>
       <ENVIRONMENT_OPTION>
        <CATEGORY_ID>Gravity</CATEGORY_ID>
        <ID>Gravity</ID>
        <NAME>Gravity</NAME>
        <CATEGORY>Gravity</CATEGORY>
        <TRANSFERENCE>100</TRANSFERENCE>
        <SHOW>true</SHOW>
        <INTERPOLATE>true</INTERPOLATE>
        <ACTIVE>true</ACTIVE>
        <VALUE>9.8</VALUE>
        <MIN>-100</MIN>
        <MAX>100</MAX>
        <MIN_RATE>-1000</MIN_RATE>
        <MAX_RATE>1000</MAX_RATE>
        <METRIC_UNIT>m/s&lt;sup>2&lt;/sup></METRIC_UNIT>
        <IMPERIAL_UNIT>ft/s&lt;sup>2&lt;/sup></IMPERIAL_UNIT>
        <IMPERIAL_CONVERSION_FORMULA>x*3.2808399</IMPERIAL_CONVERSION_FORMULA>
        <METRIC_CONVERSION_FORMULA>x*0.3048</METRIC_CONVERSION_FORMULA>
       </ENVIRONMENT_OPTION>
       <ENVIRONMENT_OPTION>
        <CATEGORY_ID>Energy</CATEGORY_ID>
        <ID>Heat</ID>
        <NAME>Heat (BTUs)</NAME>
        <CATEGORY>Energy</CATEGORY>
        <TRANSFERENCE>100</TRANSFERENCE>
        <SHOW>false</SHOW>
        <INTERPOLATE>true</INTERPOLATE>
        <ACTIVE>false</ACTIVE>
        <VALUE>0</VALUE>
        <MIN>-100</MIN>
        <MAX>100</MAX>
        <MIN_RATE>-1000</MIN_RATE>
        <MAX_RATE>1000</MAX_RATE>
        <METRIC_UNIT>KW</METRIC_UNIT>
        <IMPERIAL_UNIT>BTU/hr</IMPERIAL_UNIT>
        <IMPERIAL_CONVERSION_FORMULA>x*0.00029307103866</IMPERIAL_CONVERSION_FORMULA>
        <METRIC_CONVERSION_FORMULA>x*3412.142</METRIC_CONVERSION_FORMULA>
       </ENVIRONMENT_OPTION>
       <ENVIRONMENT_OPTION>
        <CATEGORY_ID>Gases</CATEGORY_ID>
        <ID>Helium</ID>
        <NAME>He</NAME>
        <CATEGORY>Gases</CATEGORY>
        <TRANSFERENCE>100</TRANSFERENCE>
        <SHOW>true</SHOW>
        <INTERPOLATE>true</INTERPOLATE>
        <ACTIVE>true</ACTIVE>
        <VALUE>0.000524</VALUE>
        <MIN>0</MIN>
        <MAX>100</MAX>
        <MIN_RATE>-1000</MIN_RATE>
        <MAX_RATE>1000</MAX_RATE>
        <METRIC_UNIT>%</METRIC_UNIT>
        <IMPERIAL_UNIT></IMPERIAL_UNIT>
        <IMPERIAL_CONVERSION_FORMULA></IMPERIAL_CONVERSION_FORMULA>
        <METRIC_CONVERSION_FORMULA></METRIC_CONVERSION_FORMULA>
       </ENVIRONMENT_OPTION>
       <ENVIRONMENT_OPTION>
        <CATEGORY_ID>Water</CATEGORY_ID>
        <ID>Humidity</ID>
        <NAME>Humidity</NAME>
        <CATEGORY>Water</CATEGORY>
        <TRANSFERENCE>100</TRANSFERENCE>
        <SHOW>true</SHOW>
        <INTERPOLATE>true</INTERPOLATE>
        <ACTIVE>true</ACTIVE>
        <VALUE>80</VALUE>
        <MIN>0</MIN>
        <MAX>100</MAX>
        <MIN_RATE>-1000</MIN_RATE>
        <MAX_RATE>1000</MAX_RATE>
        <METRIC_UNIT>%</METRIC_UNIT>
        <IMPERIAL_UNIT></IMPERIAL_UNIT>
        <IMPERIAL_CONVERSION_FORMULA></IMPERIAL_CONVERSION_FORMULA>
        <METRIC_CONVERSION_FORMULA></METRIC_CONVERSION_FORMULA>
       </ENVIRONMENT_OPTION>
       <ENVIRONMENT_OPTION>
        <CATEGORY_ID>Gases</CATEGORY_ID>
        <ID>Hydrogen</ID>
        <NAME>H</NAME>
        <CATEGORY>Gases</CATEGORY>
        <TRANSFERENCE>100</TRANSFERENCE>
        <SHOW>true</SHOW>
        <INTERPOLATE>true</INTERPOLATE>
        <ACTIVE>true</ACTIVE>
        <VALUE>0.0005</VALUE>
        <MIN>0</MIN>
        <MAX>100</MAX>
        <MIN_RATE>-1000</MIN_RATE>
        <MAX_RATE>1000</MAX_RATE>
        <METRIC_UNIT>%</METRIC_UNIT>
        <IMPERIAL_UNIT></IMPERIAL_UNIT>
        <IMPERIAL_CONVERSION_FORMULA></IMPERIAL_CONVERSION_FORMULA>
        <METRIC_CONVERSION_FORMULA></METRIC_CONVERSION_FORMULA>
       </ENVIRONMENT_OPTION>
       <ENVIRONMENT_OPTION>
        <CATEGORY_ID>Light (Sun)</CATEGORY_ID>
        <ID>Infrared</ID>
        <NAME>Infrared</NAME>
        <CATEGORY>Light (Sun)</CATEGORY>
        <TRANSFERENCE>100</TRANSFERENCE>
        <SHOW>true</SHOW>
        <INTERPOLATE>true</INTERPOLATE>
        <ACTIVE>true</ACTIVE>
        <VALUE>0</VALUE>
        <MIN>0</MIN>
        <MAX>100</MAX>
        <MIN_RATE>-1000</MIN_RATE>
        <MAX_RATE>1000</MAX_RATE>
        <METRIC_UNIT>%</METRIC_UNIT>
        <IMPERIAL_UNIT></IMPERIAL_UNIT>
        <IMPERIAL_CONVERSION_FORMULA></IMPERIAL_CONVERSION_FORMULA>
        <METRIC_CONVERSION_FORMULA></METRIC_CONVERSION_FORMULA>
       </ENVIRONMENT_OPTION>
       <ENVIRONMENT_OPTION>
        <CATEGORY_ID>Temperature</CATEGORY_ID>
        <ID>Ionization</ID>
        <NAME>Ionization</NAME>
        <CATEGORY>Temperature</CATEGORY>
        <TRANSFERENCE>100</TRANSFERENCE>
        <SHOW>false</SHOW>
        <INTERPOLATE>true</INTERPOLATE>
        <ACTIVE>false</ACTIVE>
        <VALUE>0</VALUE>
        <MIN>0</MIN>
        <MAX>100</MAX>
        <MIN_RATE>-1000</MIN_RATE>
        <MAX_RATE>1000</MAX_RATE>
        <METRIC_UNIT>%</METRIC_UNIT>
        <IMPERIAL_UNIT></IMPERIAL_UNIT>
        <IMPERIAL_CONVERSION_FORMULA></IMPERIAL_CONVERSION_FORMULA>
        <METRIC_CONVERSION_FORMULA></METRIC_CONVERSION_FORMULA>
       </ENVIRONMENT_OPTION>
       <ENVIRONMENT_OPTION>
        <CATEGORY_ID>Light (Sun)</CATEGORY_ID>
        <ID>Luminosity</ID>
        <NAME>Luminosity</NAME>
        <CATEGORY>Light (Sun)</CATEGORY>
        <TRANSFERENCE>100</TRANSFERENCE>
        <SHOW>false</SHOW>
        <INTERPOLATE>true</INTERPOLATE>
        <ACTIVE>false</ACTIVE>
        <VALUE>0</VALUE>
        <MIN>0</MIN>
        <MAX>100</MAX>
        <MIN_RATE>-1000</MIN_RATE>
        <MAX_RATE>1000</MAX_RATE>
        <METRIC_UNIT>%</METRIC_UNIT>
        <IMPERIAL_UNIT></IMPERIAL_UNIT>
        <IMPERIAL_CONVERSION_FORMULA></IMPERIAL_CONVERSION_FORMULA>
        <METRIC_CONVERSION_FORMULA></METRIC_CONVERSION_FORMULA>
       </ENVIRONMENT_OPTION>
       <ENVIRONMENT_OPTION>
        <CATEGORY_ID>Gases</CATEGORY_ID>
        <ID>Methane</ID>
        <NAME>Methane</NAME>
        <CATEGORY>Gases</CATEGORY>
        <TRANSFERENCE>100</TRANSFERENCE>
        <SHOW>true</SHOW>
        <INTERPOLATE>true</INTERPOLATE>
        <ACTIVE>true</ACTIVE>
        <VALUE>0.00015</VALUE>
        <MIN>0</MIN>
        <MAX>100</MAX>
        <MIN_RATE>-1000</MIN_RATE>
        <MAX_RATE>1000</MAX_RATE>
        <METRIC_UNIT>%</METRIC_UNIT>
        <IMPERIAL_UNIT></IMPERIAL_UNIT>
        <IMPERIAL_CONVERSION_FORMULA></IMPERIAL_CONVERSION_FORMULA>
        <METRIC_CONVERSION_FORMULA></METRIC_CONVERSION_FORMULA>
       </ENVIRONMENT_OPTION>
       <ENVIRONMENT_OPTION>
        <CATEGORY_ID>Gravity</CATEGORY_ID>
        <ID>Moon Phases</ID>
        <NAME>Moon Phases</NAME>
        <CATEGORY>Gravity</CATEGORY>
        <TRANSFERENCE>100</TRANSFERENCE>
        <SHOW>false</SHOW>
        <INTERPOLATE>true</INTERPOLATE>
        <ACTIVE>false</ACTIVE>
        <VALUE>0</VALUE>
        <MIN>-100</MIN>
        <MAX>100</MAX>
        <MIN_RATE>-1000</MIN_RATE>
        <MAX_RATE>1000</MAX_RATE>
        <METRIC_UNIT></METRIC_UNIT>
        <IMPERIAL_UNIT></IMPERIAL_UNIT>
        <IMPERIAL_CONVERSION_FORMULA></IMPERIAL_CONVERSION_FORMULA>
        <METRIC_CONVERSION_FORMULA></METRIC_CONVERSION_FORMULA>
       </ENVIRONMENT_OPTION>
       <ENVIRONMENT_OPTION>
        <CATEGORY_ID>Motion</CATEGORY_ID>
        <ID>Motion Direction</ID>
        <NAME>Direction</NAME>
        <CATEGORY>Motion</CATEGORY>
        <TRANSFERENCE>100</TRANSFERENCE>
        <SHOW>false</SHOW>
        <INTERPOLATE>true</INTERPOLATE>
        <ACTIVE>false</ACTIVE>
        <VALUE>0</VALUE>
        <MIN>-100</MIN>
        <MAX>100</MAX>
        <MIN_RATE>-1000</MIN_RATE>
        <MAX_RATE>1000</MAX_RATE>
        <METRIC_UNIT>degrees</METRIC_UNIT>
        <IMPERIAL_UNIT></IMPERIAL_UNIT>
        <IMPERIAL_CONVERSION_FORMULA></IMPERIAL_CONVERSION_FORMULA>
        <METRIC_CONVERSION_FORMULA></METRIC_CONVERSION_FORMULA>
       </ENVIRONMENT_OPTION>
       <ENVIRONMENT_OPTION>
        <CATEGORY_ID>Motion</CATEGORY_ID>
        <ID>Motion Speed</ID>
        <NAME>Speed</NAME>
        <CATEGORY>Motion</CATEGORY>
        <TRANSFERENCE>100</TRANSFERENCE>
        <SHOW>false</SHOW>
        <INTERPOLATE>true</INTERPOLATE>
        <ACTIVE>false</ACTIVE>
        <VALUE>0</VALUE>
        <MIN>0</MIN>
        <MAX>100</MAX>
        <MIN_RATE>-1000</MIN_RATE>
        <MAX_RATE>1000</MAX_RATE>
        <METRIC_UNIT>kph</METRIC_UNIT>
        <IMPERIAL_UNIT>mph</IMPERIAL_UNIT>
        <IMPERIAL_CONVERSION_FORMULA>x/1.609344</IMPERIAL_CONVERSION_FORMULA>
        <METRIC_CONVERSION_FORMULA>x*1.609344</METRIC_CONVERSION_FORMULA>
       </ENVIRONMENT_OPTION>
       <ENVIRONMENT_OPTION>
        <CATEGORY_ID>Radiation</CATEGORY_ID>
        <ID>Neutron</ID>
        <NAME>Neutron</NAME>
        <CATEGORY>Radiation</CATEGORY>
        <TRANSFERENCE>100</TRANSFERENCE>
        <SHOW>false</SHOW>
        <INTERPOLATE>true</INTERPOLATE>
        <ACTIVE>false</ACTIVE>
        <VALUE>0</VALUE>
        <MIN>0</MIN>
        <MAX>100</MAX>
        <MIN_RATE>-1000</MIN_RATE>
        <MAX_RATE>1000</MAX_RATE>
        <METRIC_UNIT>%</METRIC_UNIT>
        <IMPERIAL_UNIT></IMPERIAL_UNIT>
        <IMPERIAL_CONVERSION_FORMULA></IMPERIAL_CONVERSION_FORMULA>
        <METRIC_CONVERSION_FORMULA></METRIC_CONVERSION_FORMULA>
       </ENVIRONMENT_OPTION>
       <ENVIRONMENT_OPTION>
        <CATEGORY_ID>Gases</CATEGORY_ID>
        <ID>Nitrogen</ID>
        <NAME>Nitrogen</NAME>
        <CATEGORY>Gases</CATEGORY>
        <TRANSFERENCE>100</TRANSFERENCE>
        <SHOW>true</SHOW>
        <INTERPOLATE>true</INTERPOLATE>
        <ACTIVE>true</ACTIVE>
        <VALUE>78.084</VALUE>
        <MIN>0</MIN>
        <MAX>100</MAX>
        <MIN_RATE>-1000</MIN_RATE>
        <MAX_RATE>1000</MAX_RATE>
        <METRIC_UNIT>%</METRIC_UNIT>
        <IMPERIAL_UNIT></IMPERIAL_UNIT>
        <IMPERIAL_CONVERSION_FORMULA></IMPERIAL_CONVERSION_FORMULA>
        <METRIC_CONVERSION_FORMULA></METRIC_CONVERSION_FORMULA>
       </ENVIRONMENT_OPTION>
       <ENVIRONMENT_OPTION>
        <CATEGORY_ID>Gases</CATEGORY_ID>
        <ID>O2</ID>
        <NAME>O&lt;sub>2&lt;/sub></NAME>
        <CATEGORY>Gases</CATEGORY>
        <TRANSFERENCE>100</TRANSFERENCE>
        <SHOW>true</SHOW>
        <INTERPOLATE>true</INTERPOLATE>
        <ACTIVE>true</ACTIVE>
        <VALUE>20.946</VALUE>
        <MIN>0</MIN>
        <MAX>100</MAX>
        <MIN_RATE>-1000</MIN_RATE>
        <MAX_RATE>1000</MAX_RATE>
        <METRIC_UNIT>%</METRIC_UNIT>
        <IMPERIAL_UNIT></IMPERIAL_UNIT>
        <IMPERIAL_CONVERSION_FORMULA></IMPERIAL_CONVERSION_FORMULA>
        <METRIC_CONVERSION_FORMULA></METRIC_CONVERSION_FORMULA>
       </ENVIRONMENT_OPTION>
       <ENVIRONMENT_OPTION>
        <CATEGORY_ID>Electricity</CATEGORY_ID>
        <ID>Ohms</ID>
        <NAME>Ohms</NAME>
        <CATEGORY>Electricity</CATEGORY>
        <TRANSFERENCE>100</TRANSFERENCE>
        <SHOW>false</SHOW>
        <INTERPOLATE>true</INTERPOLATE>
        <ACTIVE>false</ACTIVE>
        <VALUE>0</VALUE>
        <MIN>-100</MIN>
        <MAX>100</MAX>
        <MIN_RATE>-1000</MIN_RATE>
        <MAX_RATE>1000</MAX_RATE>
        <METRIC_UNIT>&amp;#8486;</METRIC_UNIT>
        <IMPERIAL_UNIT></IMPERIAL_UNIT>
        <IMPERIAL_CONVERSION_FORMULA></IMPERIAL_CONVERSION_FORMULA>
        <METRIC_CONVERSION_FORMULA></METRIC_CONVERSION_FORMULA>
       </ENVIRONMENT_OPTION>
       <ENVIRONMENT_OPTION>
        <CATEGORY_ID>Gases</CATEGORY_ID>
        <ID>Ozone</ID>
        <NAME>Ozone</NAME>
        <CATEGORY>Gases</CATEGORY>
        <TRANSFERENCE>100</TRANSFERENCE>
        <SHOW>false</SHOW>
        <INTERPOLATE>true</INTERPOLATE>
        <ACTIVE>false</ACTIVE>
        <VALUE>0</VALUE>
        <MIN>0</MIN>
        <MAX>100</MAX>
        <MIN_RATE>-1000</MIN_RATE>
        <MAX_RATE>1000</MAX_RATE>
        <METRIC_UNIT>%</METRIC_UNIT>
        <IMPERIAL_UNIT></IMPERIAL_UNIT>
        <IMPERIAL_CONVERSION_FORMULA></IMPERIAL_CONVERSION_FORMULA>
        <METRIC_CONVERSION_FORMULA></METRIC_CONVERSION_FORMULA>
       </ENVIRONMENT_OPTION>
       <ENVIRONMENT_OPTION>
        <CATEGORY_ID>Radiation</CATEGORY_ID>
        <ID>Photon</ID>
        <NAME>Photon</NAME>
        <CATEGORY>Radiation</CATEGORY>
        <TRANSFERENCE>100</TRANSFERENCE>
        <SHOW>false</SHOW>
        <INTERPOLATE>true</INTERPOLATE>
        <ACTIVE>false</ACTIVE>
        <VALUE>0</VALUE>
        <MIN>0</MIN>
        <MAX>100</MAX>
        <MIN_RATE>-1000</MIN_RATE>
        <MAX_RATE>1000</MAX_RATE>
        <METRIC_UNIT>%</METRIC_UNIT>
        <IMPERIAL_UNIT></IMPERIAL_UNIT>
        <IMPERIAL_CONVERSION_FORMULA></IMPERIAL_CONVERSION_FORMULA>
        <METRIC_CONVERSION_FORMULA></METRIC_CONVERSION_FORMULA>
       </ENVIRONMENT_OPTION>
       <ENVIRONMENT_OPTION>
        <CATEGORY_ID>Gases</CATEGORY_ID>
        <ID>Propane</ID>
        <NAME>Propane</NAME>
        <CATEGORY>Gases</CATEGORY>
        <TRANSFERENCE>100</TRANSFERENCE>
        <SHOW>false</SHOW>
        <INTERPOLATE>true</INTERPOLATE>
        <ACTIVE>false</ACTIVE>
        <VALUE>0</VALUE>
        <MIN>0</MIN>
        <MAX>100</MAX>
        <MIN_RATE>-1000</MIN_RATE>
        <MAX_RATE>1000</MAX_RATE>
        <METRIC_UNIT>%</METRIC_UNIT>
        <IMPERIAL_UNIT></IMPERIAL_UNIT>
        <IMPERIAL_CONVERSION_FORMULA></IMPERIAL_CONVERSION_FORMULA>
        <METRIC_CONVERSION_FORMULA></METRIC_CONVERSION_FORMULA>
       </ENVIRONMENT_OPTION>
       <ENVIRONMENT_OPTION>
        <CATEGORY_ID>Light (Sun)</CATEGORY_ID>
        <ID>Radiant Heat</ID>
        <NAME>Radiant Heat</NAME>
        <CATEGORY>Light (Sun)</CATEGORY>
        <TRANSFERENCE>100</TRANSFERENCE>
        <SHOW>true</SHOW>
        <INTERPOLATE>true</INTERPOLATE>
        <ACTIVE>true</ACTIVE>
        <VALUE>0</VALUE>
        <MIN>0</MIN>
        <MAX>100</MAX>
        <MIN_RATE>-1000</MIN_RATE>
        <MAX_RATE>1000</MAX_RATE>
        <METRIC_UNIT>%</METRIC_UNIT>
        <IMPERIAL_UNIT></IMPERIAL_UNIT>
        <IMPERIAL_CONVERSION_FORMULA></IMPERIAL_CONVERSION_FORMULA>
        <METRIC_CONVERSION_FORMULA></METRIC_CONVERSION_FORMULA>
       </ENVIRONMENT_OPTION>
       <ENVIRONMENT_OPTION>
        <CATEGORY_ID>Radiation</CATEGORY_ID>
        <ID>Radiation Level</ID>
        <NAME>Level</NAME>
        <CATEGORY>Radiation</CATEGORY>
        <TRANSFERENCE>100</TRANSFERENCE>
        <SHOW>true</SHOW>
        <INTERPOLATE>true</INTERPOLATE>
        <ACTIVE>true</ACTIVE>
        <VALUE>0</VALUE>
        <MIN>0</MIN>
        <MAX>1000</MAX>
        <MIN_RATE>-1000</MIN_RATE>
        <MAX_RATE>1000</MAX_RATE>
        <METRIC_UNIT>mrem</METRIC_UNIT>
        <IMPERIAL_UNIT></IMPERIAL_UNIT>
        <IMPERIAL_CONVERSION_FORMULA></IMPERIAL_CONVERSION_FORMULA>
        <METRIC_CONVERSION_FORMULA></METRIC_CONVERSION_FORMULA>
       </ENVIRONMENT_OPTION>
       <ENVIRONMENT_OPTION>
        <CATEGORY_ID>Water</CATEGORY_ID>
        <ID>Rain</ID>
        <NAME>Rain</NAME>
        <CATEGORY>Water</CATEGORY>
        <TRANSFERENCE>100</TRANSFERENCE>
        <SHOW>true</SHOW>
        <INTERPOLATE>true</INTERPOLATE>
        <ACTIVE>true</ACTIVE>
        <VALUE>0</VALUE>
        <MIN>-100</MIN>
        <MAX>100</MAX>
        <MIN_RATE>-1000</MIN_RATE>
        <MAX_RATE>1000</MAX_RATE>
        <METRIC_UNIT>cm</METRIC_UNIT>
        <IMPERIAL_UNIT>in</IMPERIAL_UNIT>
        <IMPERIAL_CONVERSION_FORMULA>x*0.39</IMPERIAL_CONVERSION_FORMULA>
        <METRIC_CONVERSION_FORMULA>x*2.54</METRIC_CONVERSION_FORMULA>
       </ENVIRONMENT_OPTION>
       <ENVIRONMENT_OPTION>
        <CATEGORY_ID>Temperature</CATEGORY_ID>
        <ID>Smoke</ID>
        <NAME>Smoke</NAME>
        <CATEGORY>Temperature</CATEGORY>
        <TRANSFERENCE>100</TRANSFERENCE>
        <SHOW>false</SHOW>
        <INTERPOLATE>true</INTERPOLATE>
        <ACTIVE>false</ACTIVE>
        <VALUE>0</VALUE>
        <MIN>0</MIN>
        <MAX>100</MAX>
        <MIN_RATE>-1000</MIN_RATE>
        <MAX_RATE>1000</MAX_RATE>
        <METRIC_UNIT>%</METRIC_UNIT>
        <IMPERIAL_UNIT></IMPERIAL_UNIT>
        <IMPERIAL_CONVERSION_FORMULA></IMPERIAL_CONVERSION_FORMULA>
        <METRIC_CONVERSION_FORMULA></METRIC_CONVERSION_FORMULA>
       </ENVIRONMENT_OPTION>
       <ENVIRONMENT_OPTION>
        <CATEGORY_ID>Water</CATEGORY_ID>
        <ID>Snow</ID>
        <NAME>Snow</NAME>
        <CATEGORY>Water</CATEGORY>
        <TRANSFERENCE>100</TRANSFERENCE>
        <SHOW>true</SHOW>
        <INTERPOLATE>true</INTERPOLATE>
        <ACTIVE>true</ACTIVE>
        <VALUE>0</VALUE>
        <MIN>-100</MIN>
        <MAX>100</MAX>
        <MIN_RATE>-1000</MIN_RATE>
        <MAX_RATE>1000</MAX_RATE>
        <METRIC_UNIT>cm</METRIC_UNIT>
        <IMPERIAL_UNIT>in</IMPERIAL_UNIT>
        <IMPERIAL_CONVERSION_FORMULA>x*0.39</IMPERIAL_CONVERSION_FORMULA>
        <METRIC_CONVERSION_FORMULA>x*2.54</METRIC_CONVERSION_FORMULA>
       </ENVIRONMENT_OPTION>
       <ENVIRONMENT_OPTION>
        <CATEGORY_ID>Earth Physical Features</CATEGORY_ID>
        <ID>Soil pH</ID>
        <NAME>Soil pH</NAME>
        <CATEGORY>Earth Physical Features</CATEGORY>
        <TRANSFERENCE>100</TRANSFERENCE>
        <SHOW>true</SHOW>
        <INTERPOLATE>true</INTERPOLATE>
        <ACTIVE>true</ACTIVE>
        <VALUE>7</VALUE>
        <MIN>0</MIN>
        <MAX>100</MAX>
        <MIN_RATE>-1000</MIN_RATE>
        <MAX_RATE>1000</MAX_RATE>
        <METRIC_UNIT>pH</METRIC_UNIT>
        <IMPERIAL_UNIT></IMPERIAL_UNIT>
        <IMPERIAL_CONVERSION_FORMULA></IMPERIAL_CONVERSION_FORMULA>
        <METRIC_CONVERSION_FORMULA></METRIC_CONVERSION_FORMULA>
       </ENVIRONMENT_OPTION>
       <ENVIRONMENT_OPTION>
        <CATEGORY_ID>Sound</CATEGORY_ID>
        <ID>Sound Pitch</ID>
        <NAME>Pitch</NAME>
        <CATEGORY>Sound</CATEGORY>
        <TRANSFERENCE>100</TRANSFERENCE>
        <SHOW>false</SHOW>
        <INTERPOLATE>true</INTERPOLATE>
        <ACTIVE>false</ACTIVE>
        <VALUE>0</VALUE>
        <MIN>0</MIN>
        <MAX>100</MAX>
        <MIN_RATE>-1000</MIN_RATE>
        <MAX_RATE>1000</MAX_RATE>
        <METRIC_UNIT>CPS</METRIC_UNIT>
        <IMPERIAL_UNIT></IMPERIAL_UNIT>
        <IMPERIAL_CONVERSION_FORMULA></IMPERIAL_CONVERSION_FORMULA>
        <METRIC_CONVERSION_FORMULA></METRIC_CONVERSION_FORMULA>
       </ENVIRONMENT_OPTION>
       <ENVIRONMENT_OPTION>
        <CATEGORY_ID>Sound</CATEGORY_ID>
        <ID>Sound Volume</ID>
        <NAME>Volume</NAME>
        <CATEGORY>Sound</CATEGORY>
        <TRANSFERENCE>100</TRANSFERENCE>
        <SHOW>false</SHOW>
        <INTERPOLATE>true</INTERPOLATE>
        <ACTIVE>false</ACTIVE>
        <VALUE>0</VALUE>
        <MIN>0</MIN>
        <MAX>100</MAX>
        <MIN_RATE>-1000</MIN_RATE>
        <MAX_RATE>1000</MAX_RATE>
        <METRIC_UNIT>dB</METRIC_UNIT>
        <IMPERIAL_UNIT></IMPERIAL_UNIT>
        <IMPERIAL_CONVERSION_FORMULA></IMPERIAL_CONVERSION_FORMULA>
        <METRIC_CONVERSION_FORMULA></METRIC_CONVERSION_FORMULA>
       </ENVIRONMENT_OPTION>
       <ENVIRONMENT_OPTION>
        <CATEGORY_ID>Light (Sun)</CATEGORY_ID>
        <ID>Sunlight</ID>
        <NAME>Sunlight</NAME>
        <CATEGORY>Light (Sun)</CATEGORY>
        <TRANSFERENCE>100</TRANSFERENCE>
        <SHOW>true</SHOW>
        <INTERPOLATE>true</INTERPOLATE>
        <ACTIVE>true</ACTIVE>
        <VALUE>0</VALUE>
        <MIN>0</MIN>
        <MAX>100</MAX>
        <MIN_RATE>-1000</MIN_RATE>
        <MAX_RATE>1000</MAX_RATE>
        <METRIC_UNIT>%</METRIC_UNIT>
        <IMPERIAL_UNIT></IMPERIAL_UNIT>
        <IMPERIAL_CONVERSION_FORMULA></IMPERIAL_CONVERSION_FORMULA>
        <METRIC_CONVERSION_FORMULA></METRIC_CONVERSION_FORMULA>
       </ENVIRONMENT_OPTION>
       <ENVIRONMENT_OPTION>
        <CATEGORY_ID>Energy</CATEGORY_ID>
        <ID>Torque</ID>
        <NAME>Torque</NAME>
        <CATEGORY>Energy</CATEGORY>
        <TRANSFERENCE>100</TRANSFERENCE>
        <SHOW>false</SHOW>
        <INTERPOLATE>true</INTERPOLATE>
        <ACTIVE>false</ACTIVE>
        <VALUE>0</VALUE>
        <MIN>-100</MIN>
        <MAX>100</MAX>
        <MIN_RATE>-1000</MIN_RATE>
        <MAX_RATE>1000</MAX_RATE>
        <METRIC_UNIT>m/kg</METRIC_UNIT>
        <IMPERIAL_UNIT>ft/lb</IMPERIAL_UNIT>
        <IMPERIAL_CONVERSION_FORMULA>x*1.48816</IMPERIAL_CONVERSION_FORMULA>
        <METRIC_CONVERSION_FORMULA>x*0.671969</METRIC_CONVERSION_FORMULA>
       </ENVIRONMENT_OPTION>
       <ENVIRONMENT_OPTION>
        <CATEGORY_ID>Light (Sun)</CATEGORY_ID>
        <ID>Ultraviolet</ID>
        <NAME>Ultraviolet</NAME>
        <CATEGORY>Light (Sun)</CATEGORY>
        <TRANSFERENCE>100</TRANSFERENCE>
        <SHOW>true</SHOW>
        <INTERPOLATE>true</INTERPOLATE>
        <ACTIVE>true</ACTIVE>
        <VALUE>0</VALUE>
        <MIN>0</MIN>
        <MAX>100</MAX>
        <MIN_RATE>-1000</MIN_RATE>
        <MAX_RATE>1000</MAX_RATE>
        <METRIC_UNIT>%</METRIC_UNIT>
        <IMPERIAL_UNIT></IMPERIAL_UNIT>
        <IMPERIAL_CONVERSION_FORMULA></IMPERIAL_CONVERSION_FORMULA>
        <METRIC_CONVERSION_FORMULA></METRIC_CONVERSION_FORMULA>
       </ENVIRONMENT_OPTION>
       <ENVIRONMENT_OPTION>
        <CATEGORY_ID>Light (Sun)</CATEGORY_ID>
        <ID>Visible Light</ID>
        <NAME>Visible</NAME>
        <CATEGORY>Light (Sun)</CATEGORY>
        <TRANSFERENCE>100</TRANSFERENCE>
        <SHOW>true</SHOW>
        <INTERPOLATE>true</INTERPOLATE>
        <ACTIVE>true</ACTIVE>
        <VALUE>0</VALUE>
        <MIN>0</MIN>
        <MAX>100</MAX>
        <MIN_RATE>-1000</MIN_RATE>
        <MAX_RATE>1000</MAX_RATE>
        <METRIC_UNIT>%</METRIC_UNIT>
        <IMPERIAL_UNIT></IMPERIAL_UNIT>
        <IMPERIAL_CONVERSION_FORMULA></IMPERIAL_CONVERSION_FORMULA>
        <METRIC_CONVERSION_FORMULA></METRIC_CONVERSION_FORMULA>
       </ENVIRONMENT_OPTION>
       <ENVIRONMENT_OPTION>
        <CATEGORY_ID>Electricity</CATEGORY_ID>
        <ID>Voltage</ID>
        <NAME>Voltage</NAME>
        <CATEGORY>Electricity</CATEGORY>
        <TRANSFERENCE>100</TRANSFERENCE>
        <SHOW>false</SHOW>
        <INTERPOLATE>true</INTERPOLATE>
        <ACTIVE>false</ACTIVE>
        <VALUE>0</VALUE>
        <MIN>-100</MIN>
        <MAX>100</MAX>
        <MIN_RATE>-1000</MIN_RATE>
        <MAX_RATE>1000</MAX_RATE>
        <METRIC_UNIT>V</METRIC_UNIT>
        <IMPERIAL_UNIT></IMPERIAL_UNIT>
        <IMPERIAL_CONVERSION_FORMULA></IMPERIAL_CONVERSION_FORMULA>
        <METRIC_CONVERSION_FORMULA></METRIC_CONVERSION_FORMULA>
       </ENVIRONMENT_OPTION>
       <ENVIRONMENT_OPTION>
        <CATEGORY_ID>Water</CATEGORY_ID>
        <ID>Water Level</ID>
        <NAME>Water Level</NAME>
        <CATEGORY>Water</CATEGORY>
        <TRANSFERENCE>100</TRANSFERENCE>
        <SHOW>true</SHOW>
        <INTERPOLATE>true</INTERPOLATE>
        <ACTIVE>false</ACTIVE>
        <VALUE>0</VALUE>
        <MIN>0</MIN>
        <MAX>100</MAX>
        <MIN_RATE>-1000</MIN_RATE>
        <MAX_RATE>1000</MAX_RATE>
        <METRIC_UNIT>cm</METRIC_UNIT>
        <IMPERIAL_UNIT>in</IMPERIAL_UNIT>
        <IMPERIAL_CONVERSION_FORMULA>x*0.39</IMPERIAL_CONVERSION_FORMULA>
        <METRIC_CONVERSION_FORMULA>x*2.54</METRIC_CONVERSION_FORMULA>
       </ENVIRONMENT_OPTION>
       <ENVIRONMENT_OPTION>
        <CATEGORY_ID>Water</CATEGORY_ID>
        <ID>Water Speed</ID>
        <NAME>Speed</NAME>
        <CATEGORY>Water</CATEGORY>
        <TRANSFERENCE>100</TRANSFERENCE>
        <SHOW>false</SHOW>
        <INTERPOLATE>true</INTERPOLATE>
        <ACTIVE>false</ACTIVE>
        <VALUE>0</VALUE>
        <MIN>0</MIN>
        <MAX>1000</MAX>
        <MIN_RATE>-1000</MIN_RATE>
        <MAX_RATE>1000</MAX_RATE>
        <METRIC_UNIT>kph</METRIC_UNIT>
        <IMPERIAL_UNIT>mph</IMPERIAL_UNIT>
        <IMPERIAL_CONVERSION_FORMULA>x/1.609344</IMPERIAL_CONVERSION_FORMULA>
        <METRIC_CONVERSION_FORMULA>x*1.609344</METRIC_CONVERSION_FORMULA>
       </ENVIRONMENT_OPTION>
       <ENVIRONMENT_OPTION>
        <CATEGORY_ID>Water</CATEGORY_ID>
        <ID>Water Temperature</ID>
        <NAME>Temperature</NAME>
        <CATEGORY>Water</CATEGORY>
        <TRANSFERENCE>100</TRANSFERENCE>
        <SHOW>false</SHOW>
        <INTERPOLATE>true</INTERPOLATE>
        <ACTIVE>false</ACTIVE>
        <VALUE>0</VALUE>
        <MIN>-100</MIN>
        <MAX>100</MAX>
        <MIN_RATE>-1000</MIN_RATE>
        <MAX_RATE>1000</MAX_RATE>
        <METRIC_UNIT>C</METRIC_UNIT>
        <IMPERIAL_UNIT>F</IMPERIAL_UNIT>
        <IMPERIAL_CONVERSION_FORMULA>x*(9/5)+32</IMPERIAL_CONVERSION_FORMULA>
        <METRIC_CONVERSION_FORMULA>(x-32)*(5/9)</METRIC_CONVERSION_FORMULA>
       </ENVIRONMENT_OPTION>
       <ENVIRONMENT_OPTION>
        <CATEGORY_ID>Water</CATEGORY_ID>
        <ID>Water Volume</ID>
        <NAME>Volume</NAME>
        <CATEGORY>Water</CATEGORY>
        <TRANSFERENCE>100</TRANSFERENCE>
        <SHOW>false</SHOW>
        <INTERPOLATE>true</INTERPOLATE>
        <ACTIVE>false</ACTIVE>
        <VALUE>0</VALUE>
        <MIN>0</MIN>
        <MAX>10000</MAX>
        <MIN_RATE>-1000</MIN_RATE>
        <MAX_RATE>1000</MAX_RATE>
        <METRIC_UNIT>L</METRIC_UNIT>
        <IMPERIAL_UNIT>gal</IMPERIAL_UNIT>
        <IMPERIAL_CONVERSION_FORMULA>x*0.26417</IMPERIAL_CONVERSION_FORMULA>
        <METRIC_CONVERSION_FORMULA>x/0.26417</METRIC_CONVERSION_FORMULA>
       </ENVIRONMENT_OPTION>
       <ENVIRONMENT_OPTION>
        <CATEGORY_ID>Water</CATEGORY_ID>
        <ID>Water pH</ID>
        <NAME>Water pH</NAME>
        <CATEGORY>Water</CATEGORY>
        <TRANSFERENCE>100</TRANSFERENCE>
        <SHOW>false</SHOW>
        <INTERPOLATE>true</INTERPOLATE>
        <ACTIVE>false</ACTIVE>
        <VALUE>0</VALUE>
        <MIN>0</MIN>
        <MAX>100</MAX>
        <MIN_RATE>-1000</MIN_RATE>
        <MAX_RATE>1000</MAX_RATE>
        <METRIC_UNIT>pH</METRIC_UNIT>
        <IMPERIAL_UNIT></IMPERIAL_UNIT>
        <IMPERIAL_CONVERSION_FORMULA></IMPERIAL_CONVERSION_FORMULA>
        <METRIC_CONVERSION_FORMULA></METRIC_CONVERSION_FORMULA>
       </ENVIRONMENT_OPTION>
       <ENVIRONMENT_OPTION>
        <CATEGORY_ID>Electricity</CATEGORY_ID>
        <ID>Watts</ID>
        <NAME>Watts</NAME>
        <CATEGORY>Electricity</CATEGORY>
        <TRANSFERENCE>100</TRANSFERENCE>
        <SHOW>false</SHOW>
        <INTERPOLATE>true</INTERPOLATE>
        <ACTIVE>false</ACTIVE>
        <VALUE>0</VALUE>
        <MIN>-100</MIN>
        <MAX>100</MAX>
        <MIN_RATE>-1000</MIN_RATE>
        <MAX_RATE>1000</MAX_RATE>
        <METRIC_UNIT>W</METRIC_UNIT>
        <IMPERIAL_UNIT></IMPERIAL_UNIT>
        <IMPERIAL_CONVERSION_FORMULA></IMPERIAL_CONVERSION_FORMULA>
        <METRIC_CONVERSION_FORMULA></METRIC_CONVERSION_FORMULA>
       </ENVIRONMENT_OPTION>
       <ENVIRONMENT_OPTION>
        <CATEGORY_ID>Sound</CATEGORY_ID>
        <ID>White Noise</ID>
        <NAME>White Noise</NAME>
        <CATEGORY>Sound</CATEGORY>
        <TRANSFERENCE>100</TRANSFERENCE>
        <SHOW>false</SHOW>
        <INTERPOLATE>true</INTERPOLATE>
        <ACTIVE>false</ACTIVE>
        <VALUE>0</VALUE>
        <MIN>0</MIN>
        <MAX>100</MAX>
        <MIN_RATE>-1000</MIN_RATE>
        <MAX_RATE>1000</MAX_RATE>
        <METRIC_UNIT>%</METRIC_UNIT>
        <IMPERIAL_UNIT></IMPERIAL_UNIT>
        <IMPERIAL_CONVERSION_FORMULA></IMPERIAL_CONVERSION_FORMULA>
        <METRIC_CONVERSION_FORMULA></METRIC_CONVERSION_FORMULA>
       </ENVIRONMENT_OPTION>
       <ENVIRONMENT_OPTION>
        <CATEGORY_ID>Wind</CATEGORY_ID>
        <ID>Wind Direction</ID>
        <NAME>Direction</NAME>
        <CATEGORY>Wind</CATEGORY>
        <TRANSFERENCE>100</TRANSFERENCE>
        <SHOW>true</SHOW>
        <INTERPOLATE>true</INTERPOLATE>
        <ACTIVE>true</ACTIVE>
        <VALUE>0</VALUE>
        <MIN>-100</MIN>
        <MAX>100</MAX>
        <MIN_RATE>-1000</MIN_RATE>
        <MAX_RATE>1000</MAX_RATE>
        <METRIC_UNIT>degrees</METRIC_UNIT>
        <IMPERIAL_UNIT></IMPERIAL_UNIT>
        <IMPERIAL_CONVERSION_FORMULA></IMPERIAL_CONVERSION_FORMULA>
        <METRIC_CONVERSION_FORMULA></METRIC_CONVERSION_FORMULA>
       </ENVIRONMENT_OPTION>
       <ENVIRONMENT_OPTION>
        <CATEGORY_ID>Wind</CATEGORY_ID>
        <ID>Wind Gusts</ID>
        <NAME>Variance (gusts)</NAME>
        <CATEGORY>Wind</CATEGORY>
        <TRANSFERENCE>100</TRANSFERENCE>
        <SHOW>true</SHOW>
        <INTERPOLATE>true</INTERPOLATE>
        <ACTIVE>true</ACTIVE>
        <VALUE>0</VALUE>
        <MIN>0</MIN>
        <MAX>100</MAX>
        <MIN_RATE>-1000</MIN_RATE>
        <MAX_RATE>1000</MAX_RATE>
        <METRIC_UNIT>%</METRIC_UNIT>
        <IMPERIAL_UNIT></IMPERIAL_UNIT>
        <IMPERIAL_CONVERSION_FORMULA></IMPERIAL_CONVERSION_FORMULA>
        <METRIC_CONVERSION_FORMULA></METRIC_CONVERSION_FORMULA>
       </ENVIRONMENT_OPTION>
       <ENVIRONMENT_OPTION>
        <CATEGORY_ID>Wind</CATEGORY_ID>
        <ID>Wind Speed</ID>
        <NAME>Speed</NAME>
        <CATEGORY>Wind</CATEGORY>
        <TRANSFERENCE>100</TRANSFERENCE>
        <SHOW>true</SHOW>
        <INTERPOLATE>true</INTERPOLATE>
        <ACTIVE>true</ACTIVE>
        <VALUE>5</VALUE>
        <MIN>0</MIN>
        <MAX>100</MAX>
        <MIN_RATE>-1000</MIN_RATE>
        <MAX_RATE>1000</MAX_RATE>
        <METRIC_UNIT>kph</METRIC_UNIT>
        <IMPERIAL_UNIT>mph</IMPERIAL_UNIT>
        <IMPERIAL_CONVERSION_FORMULA>x/1.609344</IMPERIAL_CONVERSION_FORMULA>
        <METRIC_CONVERSION_FORMULA>x*1.609344</METRIC_CONVERSION_FORMULA>
       </ENVIRONMENT_OPTION>
      </ENVIRONMENT_OPTIONS>
     </KEYFRAME>
    </KEYFRAMES>
    <ENVIRONMENT_OPTIONS>
     <ENVIRONMENT_OPTION>
      <CATEGORY_ID>Radiation</CATEGORY_ID>
      <ID>Alpha</ID>
      <NAME>Alpha</NAME>
      <CATEGORY>Radiation</CATEGORY>
      <TRANSFERENCE>100</TRANSFERENCE>
      <SHOW>false</SHOW>
      <INTERPOLATE>true</INTERPOLATE>
      <ACTIVE>false</ACTIVE>
      <VALUE>0</VALUE>
      <MIN>0</MIN>
      <MAX>100</MAX>
      <MIN_RATE>-1000</MIN_RATE>
      <MAX_RATE>1000</MAX_RATE>
      <METRIC_UNIT>%</METRIC_UNIT>
      <IMPERIAL_UNIT></IMPERIAL_UNIT>
      <IMPERIAL_CONVERSION_FORMULA></IMPERIAL_CONVERSION_FORMULA>
      <METRIC_CONVERSION_FORMULA></METRIC_CONVERSION_FORMULA>
     </ENVIRONMENT_OPTION>
     <ENVIRONMENT_OPTION>
      <CATEGORY_ID>Temperature</CATEGORY_ID>
      <ID>Ambient Temperature</ID>
      <NAME>Ambient Temperature</NAME>
      <CATEGORY>Temperature</CATEGORY>
      <TRANSFERENCE>100</TRANSFERENCE>
      <SHOW>true</SHOW>
      <INTERPOLATE>true</INTERPOLATE>
      <ACTIVE>true</ACTIVE>
      <VALUE>0</VALUE>
      <MIN>-100</MIN>
      <MAX>100</MAX>
      <MIN_RATE>-0.00138889</MIN_RATE>
      <MAX_RATE>0.00138889</MAX_RATE>
      <METRIC_UNIT>C</METRIC_UNIT>
      <IMPERIAL_UNIT>F</IMPERIAL_UNIT>
      <IMPERIAL_CONVERSION_FORMULA>x*(9/5)+32</IMPERIAL_CONVERSION_FORMULA>
      <METRIC_CONVERSION_FORMULA>(x-32)*(5/9)</METRIC_CONVERSION_FORMULA>
     </ENVIRONMENT_OPTION>
     <ENVIRONMENT_OPTION>
      <CATEGORY_ID>Gases</CATEGORY_ID>
      <ID>Argon</ID>
      <NAME>Argon</NAME>
      <CATEGORY>Gases</CATEGORY>
      <TRANSFERENCE>100</TRANSFERENCE>
      <SHOW>true</SHOW>
      <INTERPOLATE>true</INTERPOLATE>
      <ACTIVE>true</ACTIVE>
      <VALUE>0.934</VALUE>
      <MIN>0</MIN>
      <MAX>100</MAX>
      <MIN_RATE>-1000</MIN_RATE>
      <MAX_RATE>1000</MAX_RATE>
      <METRIC_UNIT>%</METRIC_UNIT>
      <IMPERIAL_UNIT></IMPERIAL_UNIT>
      <IMPERIAL_CONVERSION_FORMULA></IMPERIAL_CONVERSION_FORMULA>
      <METRIC_CONVERSION_FORMULA></METRIC_CONVERSION_FORMULA>
     </ENVIRONMENT_OPTION>
     <ENVIRONMENT_OPTION>
      <CATEGORY_ID>Other</CATEGORY_ID>
      <ID>Atmospheric Pressure</ID>
      <NAME>Atmospheric Pressure</NAME>
      <CATEGORY>Other</CATEGORY>
      <TRANSFERENCE>100</TRANSFERENCE>
      <SHOW>true</SHOW>
      <INTERPOLATE>true</INTERPOLATE>
      <ACTIVE>true</ACTIVE>
      <VALUE>101.325</VALUE>
      <MIN>-100</MIN>
      <MAX>200</MAX>
      <MIN_RATE>-1000</MIN_RATE>
      <MAX_RATE>1000</MAX_RATE>
      <METRIC_UNIT>kPa</METRIC_UNIT>
      <IMPERIAL_UNIT>psi</IMPERIAL_UNIT>
      <IMPERIAL_CONVERSION_FORMULA>x*.14503773773020923</IMPERIAL_CONVERSION_FORMULA>
      <METRIC_CONVERSION_FORMULA></METRIC_CONVERSION_FORMULA>
     </ENVIRONMENT_OPTION>
     <ENVIRONMENT_OPTION>
      <CATEGORY_ID>Radiation</CATEGORY_ID>
      <ID>Beta</ID>
      <NAME>Beta</NAME>
      <CATEGORY>Radiation</CATEGORY>
      <TRANSFERENCE>100</TRANSFERENCE>
      <SHOW>false</SHOW>
      <INTERPOLATE>true</INTERPOLATE>
      <ACTIVE>false</ACTIVE>
      <VALUE>0</VALUE>
      <MIN>0</MIN>
      <MAX>100</MAX>
      <MIN_RATE>-1000</MIN_RATE>
      <MAX_RATE>1000</MAX_RATE>
      <METRIC_UNIT>%</METRIC_UNIT>
      <IMPERIAL_UNIT></IMPERIAL_UNIT>
      <IMPERIAL_CONVERSION_FORMULA></IMPERIAL_CONVERSION_FORMULA>
      <METRIC_CONVERSION_FORMULA></METRIC_CONVERSION_FORMULA>
     </ENVIRONMENT_OPTION>
     <ENVIRONMENT_OPTION>
      <CATEGORY_ID>Gases</CATEGORY_ID>
      <ID>CO</ID>
      <NAME>CO</NAME>
      <CATEGORY>Gases</CATEGORY>
      <TRANSFERENCE>100</TRANSFERENCE>
      <SHOW>true</SHOW>
      <INTERPOLATE>true</INTERPOLATE>
      <ACTIVE>true</ACTIVE>
      <VALUE>0</VALUE>
      <MIN>0</MIN>
      <MAX>100</MAX>
      <MIN_RATE>-1000</MIN_RATE>
      <MAX_RATE>1000</MAX_RATE>
      <METRIC_UNIT>%</METRIC_UNIT>
      <IMPERIAL_UNIT></IMPERIAL_UNIT>
      <IMPERIAL_CONVERSION_FORMULA></IMPERIAL_CONVERSION_FORMULA>
      <METRIC_CONVERSION_FORMULA></METRIC_CONVERSION_FORMULA>
     </ENVIRONMENT_OPTION>
     <ENVIRONMENT_OPTION>
      <CATEGORY_ID>Gases</CATEGORY_ID>
      <ID>CO2</ID>
      <NAME>CO&lt;sub>2&lt;/sub></NAME>
      <CATEGORY>Gases</CATEGORY>
      <TRANSFERENCE>100</TRANSFERENCE>
      <SHOW>true</SHOW>
      <INTERPOLATE>true</INTERPOLATE>
      <ACTIVE>true</ACTIVE>
      <VALUE>0.036</VALUE>
      <MIN>0</MIN>
      <MAX>100</MAX>
      <MIN_RATE>-1000</MIN_RATE>
      <MAX_RATE>1000</MAX_RATE>
      <METRIC_UNIT>%</METRIC_UNIT>
      <IMPERIAL_UNIT></IMPERIAL_UNIT>
      <IMPERIAL_CONVERSION_FORMULA></IMPERIAL_CONVERSION_FORMULA>
      <METRIC_CONVERSION_FORMULA></METRIC_CONVERSION_FORMULA>
     </ENVIRONMENT_OPTION>
     <ENVIRONMENT_OPTION>
      <CATEGORY_ID>Water</CATEGORY_ID>
      <ID>Clouds</ID>
      <NAME>Clouds</NAME>
      <CATEGORY>Water</CATEGORY>
      <TRANSFERENCE>100</TRANSFERENCE>
      <SHOW>true</SHOW>
      <INTERPOLATE>true</INTERPOLATE>
      <ACTIVE>true</ACTIVE>
      <VALUE>5.18403</VALUE>
      <MIN>0</MIN>
      <MAX>100</MAX>
      <MIN_RATE>-1000</MIN_RATE>
      <MAX_RATE>1000</MAX_RATE>
      <METRIC_UNIT>%</METRIC_UNIT>
      <IMPERIAL_UNIT></IMPERIAL_UNIT>
      <IMPERIAL_CONVERSION_FORMULA></IMPERIAL_CONVERSION_FORMULA>
      <METRIC_CONVERSION_FORMULA></METRIC_CONVERSION_FORMULA>
     </ENVIRONMENT_OPTION>
     <ENVIRONMENT_OPTION>
      <CATEGORY_ID>Earth Physical Features</CATEGORY_ID>
      <ID>Compaction</ID>
      <NAME>Compaction</NAME>
      <CATEGORY>Earth Physical Features</CATEGORY>
      <TRANSFERENCE>100</TRANSFERENCE>
      <SHOW>false</SHOW>
      <INTERPOLATE>true</INTERPOLATE>
      <ACTIVE>false</ACTIVE>
      <VALUE>0</VALUE>
      <MIN>0</MIN>
      <MAX>100</MAX>
      <MIN_RATE>-1000</MIN_RATE>
      <MAX_RATE>1000</MAX_RATE>
      <METRIC_UNIT>Moh</METRIC_UNIT>
      <IMPERIAL_UNIT></IMPERIAL_UNIT>
      <IMPERIAL_CONVERSION_FORMULA></IMPERIAL_CONVERSION_FORMULA>
      <METRIC_CONVERSION_FORMULA></METRIC_CONVERSION_FORMULA>
     </ENVIRONMENT_OPTION>
     <ENVIRONMENT_OPTION>
      <CATEGORY_ID>Earth Physical Features</CATEGORY_ID>
      <ID>Composition Hardness</ID>
      <NAME>Composition Hardness</NAME>
      <CATEGORY>Earth Physical Features</CATEGORY>
      <TRANSFERENCE>100</TRANSFERENCE>
      <SHOW>false</SHOW>
      <INTERPOLATE>true</INTERPOLATE>
      <ACTIVE>false</ACTIVE>
      <VALUE>0</VALUE>
      <MIN>0</MIN>
      <MAX>100</MAX>
      <MIN_RATE>-1000</MIN_RATE>
      <MAX_RATE>1000</MAX_RATE>
      <METRIC_UNIT>Moh</METRIC_UNIT>
      <IMPERIAL_UNIT></IMPERIAL_UNIT>
      <IMPERIAL_CONVERSION_FORMULA></IMPERIAL_CONVERSION_FORMULA>
      <METRIC_CONVERSION_FORMULA></METRIC_CONVERSION_FORMULA>
     </ENVIRONMENT_OPTION>
     <ENVIRONMENT_OPTION>
      <CATEGORY_ID>Light (Sun)</CATEGORY_ID>
      <ID>Electromagnetic Radiation</ID>
      <NAME>Electromagnetic Radiation</NAME>
      <CATEGORY>Light (Sun)</CATEGORY>
      <TRANSFERENCE>100</TRANSFERENCE>
      <SHOW>true</SHOW>
      <INTERPOLATE>true</INTERPOLATE>
      <ACTIVE>true</ACTIVE>
      <VALUE>0</VALUE>
      <MIN>0</MIN>
      <MAX>100</MAX>
      <MIN_RATE>-1000</MIN_RATE>
      <MAX_RATE>1000</MAX_RATE>
      <METRIC_UNIT>%</METRIC_UNIT>
      <IMPERIAL_UNIT></IMPERIAL_UNIT>
      <IMPERIAL_CONVERSION_FORMULA></IMPERIAL_CONVERSION_FORMULA>
      <METRIC_CONVERSION_FORMULA></METRIC_CONVERSION_FORMULA>
     </ENVIRONMENT_OPTION>
     <ENVIRONMENT_OPTION>
      <CATEGORY_ID>Earth Physical Features</CATEGORY_ID>
      <ID>Elevation</ID>
      <NAME>Elevation</NAME>
      <CATEGORY>Earth Physical Features</CATEGORY>
      <TRANSFERENCE>100</TRANSFERENCE>
      <SHOW>true</SHOW>
      <INTERPOLATE>true</INTERPOLATE>
      <ACTIVE>true</ACTIVE>
      <VALUE>22</VALUE>
      <MIN>0</MIN>
      <MAX>100000</MAX>
      <MIN_RATE>-1000</MIN_RATE>
      <MAX_RATE>1000</MAX_RATE>
      <METRIC_UNIT>m</METRIC_UNIT>
      <IMPERIAL_UNIT>ft</IMPERIAL_UNIT>
      <IMPERIAL_CONVERSION_FORMULA>x*3.2808</IMPERIAL_CONVERSION_FORMULA>
      <METRIC_CONVERSION_FORMULA>x/3.280</METRIC_CONVERSION_FORMULA>
     </ENVIRONMENT_OPTION>
     <ENVIRONMENT_OPTION>
      <CATEGORY_ID>Temperature</CATEGORY_ID>
      <ID>Fire</ID>
      <NAME>Fire</NAME>
      <CATEGORY>Temperature</CATEGORY>
      <TRANSFERENCE>100</TRANSFERENCE>
      <SHOW>false</SHOW>
      <INTERPOLATE>true</INTERPOLATE>
      <ACTIVE>false</ACTIVE>
      <VALUE>0</VALUE>
      <MIN>0</MIN>
      <MAX>100</MAX>
      <MIN_RATE>-1000</MIN_RATE>
      <MAX_RATE>1000</MAX_RATE>
      <METRIC_UNIT></METRIC_UNIT>
      <IMPERIAL_UNIT></IMPERIAL_UNIT>
      <IMPERIAL_CONVERSION_FORMULA></IMPERIAL_CONVERSION_FORMULA>
      <METRIC_CONVERSION_FORMULA></METRIC_CONVERSION_FORMULA>
     </ENVIRONMENT_OPTION>
     <ENVIRONMENT_OPTION>
      <CATEGORY_ID>Radiation</CATEGORY_ID>
      <ID>Gamma</ID>
      <NAME>Gamma</NAME>
      <CATEGORY>Radiation</CATEGORY>
      <TRANSFERENCE>100</TRANSFERENCE>
      <SHOW>false</SHOW>
      <INTERPOLATE>true</INTERPOLATE>
      <ACTIVE>false</ACTIVE>
      <VALUE>0</VALUE>
      <MIN>0</MIN>
      <MAX>100</MAX>
      <MIN_RATE>-1000</MIN_RATE>
      <MAX_RATE>1000</MAX_RATE>
      <METRIC_UNIT>%</METRIC_UNIT>
      <IMPERIAL_UNIT></IMPERIAL_UNIT>
      <IMPERIAL_CONVERSION_FORMULA></IMPERIAL_CONVERSION_FORMULA>
      <METRIC_CONVERSION_FORMULA></METRIC_CONVERSION_FORMULA>
     </ENVIRONMENT_OPTION>
     <ENVIRONMENT_OPTION>
      <CATEGORY_ID>Gravity</CATEGORY_ID>
      <ID>Gravity</ID>
      <NAME>Gravity</NAME>
      <CATEGORY>Gravity</CATEGORY>
      <TRANSFERENCE>100</TRANSFERENCE>
      <SHOW>true</SHOW>
      <INTERPOLATE>true</INTERPOLATE>
      <ACTIVE>true</ACTIVE>
      <VALUE>9.8</VALUE>
      <MIN>-100</MIN>
      <MAX>100</MAX>
      <MIN_RATE>-1000</MIN_RATE>
      <MAX_RATE>1000</MAX_RATE>
      <METRIC_UNIT>m/s&lt;sup>2&lt;/sup></METRIC_UNIT>
      <IMPERIAL_UNIT>ft/s&lt;sup>2&lt;/sup></IMPERIAL_UNIT>
      <IMPERIAL_CONVERSION_FORMULA>x*3.2808399</IMPERIAL_CONVERSION_FORMULA>
      <METRIC_CONVERSION_FORMULA>x*0.3048</METRIC_CONVERSION_FORMULA>
     </ENVIRONMENT_OPTION>
     <ENVIRONMENT_OPTION>
      <CATEGORY_ID>Energy</CATEGORY_ID>
      <ID>Heat</ID>
      <NAME>Heat (BTUs)</NAME>
      <CATEGORY>Energy</CATEGORY>
      <TRANSFERENCE>100</TRANSFERENCE>
      <SHOW>false</SHOW>
      <INTERPOLATE>true</INTERPOLATE>
      <ACTIVE>false</ACTIVE>
      <VALUE>0</VALUE>
      <MIN>-100</MIN>
      <MAX>100</MAX>
      <MIN_RATE>-1000</MIN_RATE>
      <MAX_RATE>1000</MAX_RATE>
      <METRIC_UNIT>KW</METRIC_UNIT>
      <IMPERIAL_UNIT>BTU/hr</IMPERIAL_UNIT>
      <IMPERIAL_CONVERSION_FORMULA>x*0.00029307103866</IMPERIAL_CONVERSION_FORMULA>
      <METRIC_CONVERSION_FORMULA>x*3412.142</METRIC_CONVERSION_FORMULA>
     </ENVIRONMENT_OPTION>
     <ENVIRONMENT_OPTION>
      <CATEGORY_ID>Gases</CATEGORY_ID>
      <ID>Helium</ID>
      <NAME>He</NAME>
      <CATEGORY>Gases</CATEGORY>
      <TRANSFERENCE>100</TRANSFERENCE>
      <SHOW>true</SHOW>
      <INTERPOLATE>true</INTERPOLATE>
      <ACTIVE>true</ACTIVE>
      <VALUE>0.000524</VALUE>
      <MIN>0</MIN>
      <MAX>100</MAX>
      <MIN_RATE>-1000</MIN_RATE>
      <MAX_RATE>1000</MAX_RATE>
      <METRIC_UNIT>%</METRIC_UNIT>
      <IMPERIAL_UNIT></IMPERIAL_UNIT>
      <IMPERIAL_CONVERSION_FORMULA></IMPERIAL_CONVERSION_FORMULA>
      <METRIC_CONVERSION_FORMULA></METRIC_CONVERSION_FORMULA>
     </ENVIRONMENT_OPTION>
     <ENVIRONMENT_OPTION>
      <CATEGORY_ID>Water</CATEGORY_ID>
      <ID>Humidity</ID>
      <NAME>Humidity</NAME>
      <CATEGORY>Water</CATEGORY>
      <TRANSFERENCE>100</TRANSFERENCE>
      <SHOW>true</SHOW>
      <INTERPOLATE>true</INTERPOLATE>
      <ACTIVE>true</ACTIVE>
      <VALUE>79.6319</VALUE>
      <MIN>0</MIN>
      <MAX>100</MAX>
      <MIN_RATE>-1000</MIN_RATE>
      <MAX_RATE>1000</MAX_RATE>
      <METRIC_UNIT>%</METRIC_UNIT>
      <IMPERIAL_UNIT></IMPERIAL_UNIT>
      <IMPERIAL_CONVERSION_FORMULA></IMPERIAL_CONVERSION_FORMULA>
      <METRIC_CONVERSION_FORMULA></METRIC_CONVERSION_FORMULA>
     </ENVIRONMENT_OPTION>
     <ENVIRONMENT_OPTION>
      <CATEGORY_ID>Gases</CATEGORY_ID>
      <ID>Hydrogen</ID>
      <NAME>H</NAME>
      <CATEGORY>Gases</CATEGORY>
      <TRANSFERENCE>100</TRANSFERENCE>
      <SHOW>true</SHOW>
      <INTERPOLATE>true</INTERPOLATE>
      <ACTIVE>true</ACTIVE>
      <VALUE>0.0005</VALUE>
      <MIN>0</MIN>
      <MAX>100</MAX>
      <MIN_RATE>-1000</MIN_RATE>
      <MAX_RATE>1000</MAX_RATE>
      <METRIC_UNIT>%</METRIC_UNIT>
      <IMPERIAL_UNIT></IMPERIAL_UNIT>
      <IMPERIAL_CONVERSION_FORMULA></IMPERIAL_CONVERSION_FORMULA>
      <METRIC_CONVERSION_FORMULA></METRIC_CONVERSION_FORMULA>
     </ENVIRONMENT_OPTION>
     <ENVIRONMENT_OPTION>
      <CATEGORY_ID>Light (Sun)</CATEGORY_ID>
      <ID>Infrared</ID>
      <NAME>Infrared</NAME>
      <CATEGORY>Light (Sun)</CATEGORY>
      <TRANSFERENCE>100</TRANSFERENCE>
      <SHOW>true</SHOW>
      <INTERPOLATE>true</INTERPOLATE>
      <ACTIVE>true</ACTIVE>
      <VALUE>0</VALUE>
      <MIN>0</MIN>
      <MAX>100</MAX>
      <MIN_RATE>-1000</MIN_RATE>
      <MAX_RATE>1000</MAX_RATE>
      <METRIC_UNIT>%</METRIC_UNIT>
      <IMPERIAL_UNIT></IMPERIAL_UNIT>
      <IMPERIAL_CONVERSION_FORMULA></IMPERIAL_CONVERSION_FORMULA>
      <METRIC_CONVERSION_FORMULA></METRIC_CONVERSION_FORMULA>
     </ENVIRONMENT_OPTION>
     <ENVIRONMENT_OPTION>
      <CATEGORY_ID>Temperature</CATEGORY_ID>
      <ID>Ionization</ID>
      <NAME>Ionization</NAME>
      <CATEGORY>Temperature</CATEGORY>
      <TRANSFERENCE>100</TRANSFERENCE>
      <SHOW>false</SHOW>
      <INTERPOLATE>true</INTERPOLATE>
      <ACTIVE>false</ACTIVE>
      <VALUE>0</VALUE>
      <MIN>0</MIN>
      <MAX>100</MAX>
      <MIN_RATE>-1000</MIN_RATE>
      <MAX_RATE>1000</MAX_RATE>
      <METRIC_UNIT>%</METRIC_UNIT>
      <IMPERIAL_UNIT></IMPERIAL_UNIT>
      <IMPERIAL_CONVERSION_FORMULA></IMPERIAL_CONVERSION_FORMULA>
      <METRIC_CONVERSION_FORMULA></METRIC_CONVERSION_FORMULA>
     </ENVIRONMENT_OPTION>
     <ENVIRONMENT_OPTION>
      <CATEGORY_ID>Light (Sun)</CATEGORY_ID>
      <ID>Luminosity</ID>
      <NAME>Luminosity</NAME>
      <CATEGORY>Light (Sun)</CATEGORY>
      <TRANSFERENCE>100</TRANSFERENCE>
      <SHOW>false</SHOW>
      <INTERPOLATE>true</INTERPOLATE>
      <ACTIVE>false</ACTIVE>
      <VALUE>0</VALUE>
      <MIN>0</MIN>
      <MAX>100</MAX>
      <MIN_RATE>-1000</MIN_RATE>
      <MAX_RATE>1000</MAX_RATE>
      <METRIC_UNIT>%</METRIC_UNIT>
      <IMPERIAL_UNIT></IMPERIAL_UNIT>
      <IMPERIAL_CONVERSION_FORMULA></IMPERIAL_CONVERSION_FORMULA>
      <METRIC_CONVERSION_FORMULA></METRIC_CONVERSION_FORMULA>
     </ENVIRONMENT_OPTION>
     <ENVIRONMENT_OPTION>
      <CATEGORY_ID>Gases</CATEGORY_ID>
      <ID>Methane</ID>
      <NAME>Methane</NAME>
      <CATEGORY>Gases</CATEGORY>
      <TRANSFERENCE>100</TRANSFERENCE>
      <SHOW>true</SHOW>
      <INTERPOLATE>true</INTERPOLATE>
      <ACTIVE>true</ACTIVE>
      <VALUE>0.00015</VALUE>
      <MIN>0</MIN>
      <MAX>100</MAX>
      <MIN_RATE>-1000</MIN_RATE>
      <MAX_RATE>1000</MAX_RATE>
      <METRIC_UNIT>%</METRIC_UNIT>
      <IMPERIAL_UNIT></IMPERIAL_UNIT>
      <IMPERIAL_CONVERSION_FORMULA></IMPERIAL_CONVERSION_FORMULA>
      <METRIC_CONVERSION_FORMULA></METRIC_CONVERSION_FORMULA>
     </ENVIRONMENT_OPTION>
     <ENVIRONMENT_OPTION>
      <CATEGORY_ID>Gravity</CATEGORY_ID>
      <ID>Moon Phases</ID>
      <NAME>Moon Phases</NAME>
      <CATEGORY>Gravity</CATEGORY>
      <TRANSFERENCE>100</TRANSFERENCE>
      <SHOW>false</SHOW>
      <INTERPOLATE>true</INTERPOLATE>
      <ACTIVE>false</ACTIVE>
      <VALUE>0</VALUE>
      <MIN>-100</MIN>
      <MAX>100</MAX>
      <MIN_RATE>-1000</MIN_RATE>
      <MAX_RATE>1000</MAX_RATE>
      <METRIC_UNIT></METRIC_UNIT>
      <IMPERIAL_UNIT></IMPERIAL_UNIT>
      <IMPERIAL_CONVERSION_FORMULA></IMPERIAL_CONVERSION_FORMULA>
      <METRIC_CONVERSION_FORMULA></METRIC_CONVERSION_FORMULA>
     </ENVIRONMENT_OPTION>
     <ENVIRONMENT_OPTION>
      <CATEGORY_ID>Motion</CATEGORY_ID>
      <ID>Motion Direction</ID>
      <NAME>Direction</NAME>
      <CATEGORY>Motion</CATEGORY>
      <TRANSFERENCE>100</TRANSFERENCE>
      <SHOW>false</SHOW>
      <INTERPOLATE>true</INTERPOLATE>
      <ACTIVE>false</ACTIVE>
      <VALUE>0</VALUE>
      <MIN>-100</MIN>
      <MAX>100</MAX>
      <MIN_RATE>-1000</MIN_RATE>
      <MAX_RATE>1000</MAX_RATE>
      <METRIC_UNIT>degrees</METRIC_UNIT>
      <IMPERIAL_UNIT></IMPERIAL_UNIT>
      <IMPERIAL_CONVERSION_FORMULA></IMPERIAL_CONVERSION_FORMULA>
      <METRIC_CONVERSION_FORMULA></METRIC_CONVERSION_FORMULA>
     </ENVIRONMENT_OPTION>
     <ENVIRONMENT_OPTION>
      <CATEGORY_ID>Motion</CATEGORY_ID>
      <ID>Motion Speed</ID>
      <NAME>Speed</NAME>
      <CATEGORY>Motion</CATEGORY>
      <TRANSFERENCE>100</TRANSFERENCE>
      <SHOW>false</SHOW>
      <INTERPOLATE>true</INTERPOLATE>
      <ACTIVE>false</ACTIVE>
      <VALUE>0</VALUE>
      <MIN>0</MIN>
      <MAX>100</MAX>
      <MIN_RATE>-1000</MIN_RATE>
      <MAX_RATE>1000</MAX_RATE>
      <METRIC_UNIT>kph</METRIC_UNIT>
      <IMPERIAL_UNIT>mph</IMPERIAL_UNIT>
      <IMPERIAL_CONVERSION_FORMULA>x/1.609344</IMPERIAL_CONVERSION_FORMULA>
      <METRIC_CONVERSION_FORMULA>x*1.609344</METRIC_CONVERSION_FORMULA>
     </ENVIRONMENT_OPTION>
     <ENVIRONMENT_OPTION>
      <CATEGORY_ID>Radiation</CATEGORY_ID>
      <ID>Neutron</ID>
      <NAME>Neutron</NAME>
      <CATEGORY>Radiation</CATEGORY>
      <TRANSFERENCE>100</TRANSFERENCE>
      <SHOW>false</SHOW>
      <INTERPOLATE>true</INTERPOLATE>
      <ACTIVE>false</ACTIVE>
      <VALUE>0</VALUE>
      <MIN>0</MIN>
      <MAX>100</MAX>
      <MIN_RATE>-1000</MIN_RATE>
      <MAX_RATE>1000</MAX_RATE>
      <METRIC_UNIT>%</METRIC_UNIT>
      <IMPERIAL_UNIT></IMPERIAL_UNIT>
      <IMPERIAL_CONVERSION_FORMULA></IMPERIAL_CONVERSION_FORMULA>
      <METRIC_CONVERSION_FORMULA></METRIC_CONVERSION_FORMULA>
     </ENVIRONMENT_OPTION>
     <ENVIRONMENT_OPTION>
      <CATEGORY_ID>Gases</CATEGORY_ID>
      <ID>Nitrogen</ID>
      <NAME>Nitrogen</NAME>
      <CATEGORY>Gases</CATEGORY>
      <TRANSFERENCE>100</TRANSFERENCE>
      <SHOW>true</SHOW>
      <INTERPOLATE>true</INTERPOLATE>
      <ACTIVE>true</ACTIVE>
      <VALUE>78.084</VALUE>
      <MIN>0</MIN>
      <MAX>100</MAX>
      <MIN_RATE>-1000</MIN_RATE>
      <MAX_RATE>1000</MAX_RATE>
      <METRIC_UNIT>%</METRIC_UNIT>
      <IMPERIAL_UNIT></IMPERIAL_UNIT>
      <IMPERIAL_CONVERSION_FORMULA></IMPERIAL_CONVERSION_FORMULA>
      <METRIC_CONVERSION_FORMULA></METRIC_CONVERSION_FORMULA>
     </ENVIRONMENT_OPTION>
     <ENVIRONMENT_OPTION>
      <CATEGORY_ID>Gases</CATEGORY_ID>
      <ID>O2</ID>
      <NAME>O&lt;sub>2&lt;/sub></NAME>
      <CATEGORY>Gases</CATEGORY>
      <TRANSFERENCE>100</TRANSFERENCE>
      <SHOW>true</SHOW>
      <INTERPOLATE>true</INTERPOLATE>
      <ACTIVE>true</ACTIVE>
      <VALUE>20.946</VALUE>
      <MIN>0</MIN>
      <MAX>100</MAX>
      <MIN_RATE>-1000</MIN_RATE>
      <MAX_RATE>1000</MAX_RATE>
      <METRIC_UNIT>%</METRIC_UNIT>
      <IMPERIAL_UNIT></IMPERIAL_UNIT>
      <IMPERIAL_CONVERSION_FORMULA></IMPERIAL_CONVERSION_FORMULA>
      <METRIC_CONVERSION_FORMULA></METRIC_CONVERSION_FORMULA>
     </ENVIRONMENT_OPTION>
     <ENVIRONMENT_OPTION>
      <CATEGORY_ID>Electricity</CATEGORY_ID>
      <ID>Ohms</ID>
      <NAME>Ohms</NAME>
      <CATEGORY>Electricity</CATEGORY>
      <TRANSFERENCE>100</TRANSFERENCE>
      <SHOW>false</SHOW>
      <INTERPOLATE>true</INTERPOLATE>
      <ACTIVE>false</ACTIVE>
      <VALUE>0</VALUE>
      <MIN>-100</MIN>
      <MAX>100</MAX>
      <MIN_RATE>-1000</MIN_RATE>
      <MAX_RATE>1000</MAX_RATE>
      <METRIC_UNIT>&amp;#8486;</METRIC_UNIT>
      <IMPERIAL_UNIT></IMPERIAL_UNIT>
      <IMPERIAL_CONVERSION_FORMULA></IMPERIAL_CONVERSION_FORMULA>
      <METRIC_CONVERSION_FORMULA></METRIC_CONVERSION_FORMULA>
     </ENVIRONMENT_OPTION>
     <ENVIRONMENT_OPTION>
      <CATEGORY_ID>Gases</CATEGORY_ID>
      <ID>Ozone</ID>
      <NAME>Ozone</NAME>
      <CATEGORY>Gases</CATEGORY>
      <TRANSFERENCE>100</TRANSFERENCE>
      <SHOW>false</SHOW>
      <INTERPOLATE>true</INTERPOLATE>
      <ACTIVE>false</ACTIVE>
      <VALUE>0</VALUE>
      <MIN>0</MIN>
      <MAX>100</MAX>
      <MIN_RATE>-1000</MIN_RATE>
      <MAX_RATE>1000</MAX_RATE>
      <METRIC_UNIT>%</METRIC_UNIT>
      <IMPERIAL_UNIT></IMPERIAL_UNIT>
      <IMPERIAL_CONVERSION_FORMULA></IMPERIAL_CONVERSION_FORMULA>
      <METRIC_CONVERSION_FORMULA></METRIC_CONVERSION_FORMULA>
     </ENVIRONMENT_OPTION>
     <ENVIRONMENT_OPTION>
      <CATEGORY_ID>Radiation</CATEGORY_ID>
      <ID>Photon</ID>
      <NAME>Photon</NAME>
      <CATEGORY>Radiation</CATEGORY>
      <TRANSFERENCE>100</TRANSFERENCE>
      <SHOW>false</SHOW>
      <INTERPOLATE>true</INTERPOLATE>
      <ACTIVE>false</ACTIVE>
      <VALUE>0</VALUE>
      <MIN>0</MIN>
      <MAX>100</MAX>
      <MIN_RATE>-1000</MIN_RATE>
      <MAX_RATE>1000</MAX_RATE>
      <METRIC_UNIT>%</METRIC_UNIT>
      <IMPERIAL_UNIT></IMPERIAL_UNIT>
      <IMPERIAL_CONVERSION_FORMULA></IMPERIAL_CONVERSION_FORMULA>
      <METRIC_CONVERSION_FORMULA></METRIC_CONVERSION_FORMULA>
     </ENVIRONMENT_OPTION>
     <ENVIRONMENT_OPTION>
      <CATEGORY_ID>Gases</CATEGORY_ID>
      <ID>Propane</ID>
      <NAME>Propane</NAME>
      <CATEGORY>Gases</CATEGORY>
      <TRANSFERENCE>100</TRANSFERENCE>
      <SHOW>false</SHOW>
      <INTERPOLATE>true</INTERPOLATE>
      <ACTIVE>false</ACTIVE>
      <VALUE>0</VALUE>
      <MIN>0</MIN>
      <MAX>100</MAX>
      <MIN_RATE>-1000</MIN_RATE>
      <MAX_RATE>1000</MAX_RATE>
      <METRIC_UNIT>%</METRIC_UNIT>
      <IMPERIAL_UNIT></IMPERIAL_UNIT>
      <IMPERIAL_CONVERSION_FORMULA></IMPERIAL_CONVERSION_FORMULA>
      <METRIC_CONVERSION_FORMULA></METRIC_CONVERSION_FORMULA>
     </ENVIRONMENT_OPTION>
     <ENVIRONMENT_OPTION>
      <CATEGORY_ID>Light (Sun)</CATEGORY_ID>
      <ID>Radiant Heat</ID>
      <NAME>Radiant Heat</NAME>
      <CATEGORY>Light (Sun)</CATEGORY>
      <TRANSFERENCE>100</TRANSFERENCE>
      <SHOW>true</SHOW>
      <INTERPOLATE>true</INTERPOLATE>
      <ACTIVE>true</ACTIVE>
      <VALUE>0</VALUE>
      <MIN>0</MIN>
      <MAX>100</MAX>
      <MIN_RATE>-1000</MIN_RATE>
      <MAX_RATE>1000</MAX_RATE>
      <METRIC_UNIT>%</METRIC_UNIT>
      <IMPERIAL_UNIT></IMPERIAL_UNIT>
      <IMPERIAL_CONVERSION_FORMULA></IMPERIAL_CONVERSION_FORMULA>
      <METRIC_CONVERSION_FORMULA></METRIC_CONVERSION_FORMULA>
     </ENVIRONMENT_OPTION>
     <ENVIRONMENT_OPTION>
      <CATEGORY_ID>Radiation</CATEGORY_ID>
      <ID>Radiation Level</ID>
      <NAME>Level</NAME>
      <CATEGORY>Radiation</CATEGORY>
      <TRANSFERENCE>100</TRANSFERENCE>
      <SHOW>true</SHOW>
      <INTERPOLATE>true</INTERPOLATE>
      <ACTIVE>true</ACTIVE>
      <VALUE>0</VALUE>
      <MIN>0</MIN>
      <MAX>1000</MAX>
      <MIN_RATE>-1000</MIN_RATE>
      <MAX_RATE>1000</MAX_RATE>
      <METRIC_UNIT>mrem</METRIC_UNIT>
      <IMPERIAL_UNIT></IMPERIAL_UNIT>
      <IMPERIAL_CONVERSION_FORMULA></IMPERIAL_CONVERSION_FORMULA>
      <METRIC_CONVERSION_FORMULA></METRIC_CONVERSION_FORMULA>
     </ENVIRONMENT_OPTION>
     <ENVIRONMENT_OPTION>
      <CATEGORY_ID>Water</CATEGORY_ID>
      <ID>Rain</ID>
      <NAME>Rain</NAME>
      <CATEGORY>Water</CATEGORY>
      <TRANSFERENCE>100</TRANSFERENCE>
      <SHOW>true</SHOW>
      <INTERPOLATE>true</INTERPOLATE>
      <ACTIVE>true</ACTIVE>
      <VALUE>0.0368056</VALUE>
      <MIN>-100</MIN>
      <MAX>100</MAX>
      <MIN_RATE>-1000</MIN_RATE>
      <MAX_RATE>1000</MAX_RATE>
      <METRIC_UNIT>cm</METRIC_UNIT>
      <IMPERIAL_UNIT>in</IMPERIAL_UNIT>
      <IMPERIAL_CONVERSION_FORMULA>x*0.39</IMPERIAL_CONVERSION_FORMULA>
      <METRIC_CONVERSION_FORMULA>x*2.54</METRIC_CONVERSION_FORMULA>
     </ENVIRONMENT_OPTION>
     <ENVIRONMENT_OPTION>
      <CATEGORY_ID>Temperature</CATEGORY_ID>
      <ID>Smoke</ID>
      <NAME>Smoke</NAME>
      <CATEGORY>Temperature</CATEGORY>
      <TRANSFERENCE>100</TRANSFERENCE>
      <SHOW>false</SHOW>
      <INTERPOLATE>true</INTERPOLATE>
      <ACTIVE>false</ACTIVE>
      <VALUE>0</VALUE>
      <MIN>0</MIN>
      <MAX>100</MAX>
      <MIN_RATE>-1000</MIN_RATE>
      <MAX_RATE>1000</MAX_RATE>
      <METRIC_UNIT>%</METRIC_UNIT>
      <IMPERIAL_UNIT></IMPERIAL_UNIT>
      <IMPERIAL_CONVERSION_FORMULA></IMPERIAL_CONVERSION_FORMULA>
      <METRIC_CONVERSION_FORMULA></METRIC_CONVERSION_FORMULA>
     </ENVIRONMENT_OPTION>
     <ENVIRONMENT_OPTION>
      <CATEGORY_ID>Water</CATEGORY_ID>
      <ID>Snow</ID>
      <NAME>Snow</NAME>
      <CATEGORY>Water</CATEGORY>
      <TRANSFERENCE>100</TRANSFERENCE>
      <SHOW>true</SHOW>
      <INTERPOLATE>true</INTERPOLATE>
      <ACTIVE>true</ACTIVE>
      <VALUE>0</VALUE>
      <MIN>-100</MIN>
      <MAX>100</MAX>
      <MIN_RATE>-1000</MIN_RATE>
      <MAX_RATE>1000</MAX_RATE>
      <METRIC_UNIT>cm</METRIC_UNIT>
      <IMPERIAL_UNIT>in</IMPERIAL_UNIT>
      <IMPERIAL_CONVERSION_FORMULA>x*0.39</IMPERIAL_CONVERSION_FORMULA>
      <METRIC_CONVERSION_FORMULA>x*2.54</METRIC_CONVERSION_FORMULA>
     </ENVIRONMENT_OPTION>
     <ENVIRONMENT_OPTION>
      <CATEGORY_ID>Earth Physical Features</CATEGORY_ID>
      <ID>Soil pH</ID>
      <NAME>Soil pH</NAME>
      <CATEGORY>Earth Physical Features</CATEGORY>
      <TRANSFERENCE>100</TRANSFERENCE>
      <SHOW>true</SHOW>
      <INTERPOLATE>true</INTERPOLATE>
      <ACTIVE>true</ACTIVE>
      <VALUE>7</VALUE>
      <MIN>0</MIN>
      <MAX>100</MAX>
      <MIN_RATE>-1000</MIN_RATE>
      <MAX_RATE>1000</MAX_RATE>
      <METRIC_UNIT>pH</METRIC_UNIT>
      <IMPERIAL_UNIT></IMPERIAL_UNIT>
      <IMPERIAL_CONVERSION_FORMULA></IMPERIAL_CONVERSION_FORMULA>
      <METRIC_CONVERSION_FORMULA></METRIC_CONVERSION_FORMULA>
     </ENVIRONMENT_OPTION>
     <ENVIRONMENT_OPTION>
      <CATEGORY_ID>Sound</CATEGORY_ID>
      <ID>Sound Pitch</ID>
      <NAME>Pitch</NAME>
      <CATEGORY>Sound</CATEGORY>
      <TRANSFERENCE>100</TRANSFERENCE>
      <SHOW>false</SHOW>
      <INTERPOLATE>true</INTERPOLATE>
      <ACTIVE>false</ACTIVE>
      <VALUE>0</VALUE>
      <MIN>0</MIN>
      <MAX>100</MAX>
      <MIN_RATE>-1000</MIN_RATE>
      <MAX_RATE>1000</MAX_RATE>
      <METRIC_UNIT>CPS</METRIC_UNIT>
      <IMPERIAL_UNIT></IMPERIAL_UNIT>
      <IMPERIAL_CONVERSION_FORMULA></IMPERIAL_CONVERSION_FORMULA>
      <METRIC_CONVERSION_FORMULA></METRIC_CONVERSION_FORMULA>
     </ENVIRONMENT_OPTION>
     <ENVIRONMENT_OPTION>
      <CATEGORY_ID>Sound</CATEGORY_ID>
      <ID>Sound Volume</ID>
      <NAME>Volume</NAME>
      <CATEGORY>Sound</CATEGORY>
      <TRANSFERENCE>100</TRANSFERENCE>
      <SHOW>false</SHOW>
      <INTERPOLATE>true</INTERPOLATE>
      <ACTIVE>false</ACTIVE>
      <VALUE>0</VALUE>
      <MIN>0</MIN>
      <MAX>100</MAX>
      <MIN_RATE>-1000</MIN_RATE>
      <MAX_RATE>1000</MAX_RATE>
      <METRIC_UNIT>dB</METRIC_UNIT>
      <IMPERIAL_UNIT></IMPERIAL_UNIT>
      <IMPERIAL_CONVERSION_FORMULA></IMPERIAL_CONVERSION_FORMULA>
      <METRIC_CONVERSION_FORMULA></METRIC_CONVERSION_FORMULA>
     </ENVIRONMENT_OPTION>
     <ENVIRONMENT_OPTION>
      <CATEGORY_ID>Light (Sun)</CATEGORY_ID>
      <ID>Sunlight</ID>
      <NAME>Sunlight</NAME>
      <CATEGORY>Light (Sun)</CATEGORY>
      <TRANSFERENCE>100</TRANSFERENCE>
      <SHOW>true</SHOW>
      <INTERPOLATE>true</INTERPOLATE>
      <ACTIVE>true</ACTIVE>
      <VALUE>0</VALUE>
      <MIN>0</MIN>
      <MAX>100</MAX>
      <MIN_RATE>-1000</MIN_RATE>
      <MAX_RATE>1000</MAX_RATE>
      <METRIC_UNIT>%</METRIC_UNIT>
      <IMPERIAL_UNIT></IMPERIAL_UNIT>
      <IMPERIAL_CONVERSION_FORMULA></IMPERIAL_CONVERSION_FORMULA>
      <METRIC_CONVERSION_FORMULA></METRIC_CONVERSION_FORMULA>
     </ENVIRONMENT_OPTION>
     <ENVIRONMENT_OPTION>
      <CATEGORY_ID>Energy</CATEGORY_ID>
      <ID>Torque</ID>
      <NAME>Torque</NAME>
      <CATEGORY>Energy</CATEGORY>
      <TRANSFERENCE>100</TRANSFERENCE>
      <SHOW>false</SHOW>
      <INTERPOLATE>true</INTERPOLATE>
      <ACTIVE>false</ACTIVE>
      <VALUE>0</VALUE>
      <MIN>-100</MIN>
      <MAX>100</MAX>
      <MIN_RATE>-1000</MIN_RATE>
      <MAX_RATE>1000</MAX_RATE>
      <METRIC_UNIT>m/kg</METRIC_UNIT>
      <IMPERIAL_UNIT>ft/lb</IMPERIAL_UNIT>
      <IMPERIAL_CONVERSION_FORMULA>x*1.48816</IMPERIAL_CONVERSION_FORMULA>
      <METRIC_CONVERSION_FORMULA>x*0.671969</METRIC_CONVERSION_FORMULA>
     </ENVIRONMENT_OPTION>
     <ENVIRONMENT_OPTION>
      <CATEGORY_ID>Light (Sun)</CATEGORY_ID>
      <ID>Ultraviolet</ID>
      <NAME>Ultraviolet</NAME>
      <CATEGORY>Light (Sun)</CATEGORY>
      <TRANSFERENCE>100</TRANSFERENCE>
      <SHOW>true</SHOW>
      <INTERPOLATE>true</INTERPOLATE>
      <ACTIVE>true</ACTIVE>
      <VALUE>0</VALUE>
      <MIN>0</MIN>
      <MAX>100</MAX>
      <MIN_RATE>-1000</MIN_RATE>
      <MAX_RATE>1000</MAX_RATE>
      <METRIC_UNIT>%</METRIC_UNIT>
      <IMPERIAL_UNIT></IMPERIAL_UNIT>
      <IMPERIAL_CONVERSION_FORMULA></IMPERIAL_CONVERSION_FORMULA>
      <METRIC_CONVERSION_FORMULA></METRIC_CONVERSION_FORMULA>
     </ENVIRONMENT_OPTION>
     <ENVIRONMENT_OPTION>
      <CATEGORY_ID>Light (Sun)</CATEGORY_ID>
      <ID>Visible Light</ID>
      <NAME>Visible</NAME>
      <CATEGORY>Light (Sun)</CATEGORY>
      <TRANSFERENCE>100</TRANSFERENCE>
      <SHOW>true</SHOW>
      <INTERPOLATE>true</INTERPOLATE>
      <ACTIVE>true</ACTIVE>
      <VALUE>0</VALUE>
      <MIN>0</MIN>
      <MAX>100</MAX>
      <MIN_RATE>-1000</MIN_RATE>
      <MAX_RATE>1000</MAX_RATE>
      <METRIC_UNIT>%</METRIC_UNIT>
      <IMPERIAL_UNIT></IMPERIAL_UNIT>
      <IMPERIAL_CONVERSION_FORMULA></IMPERIAL_CONVERSION_FORMULA>
      <METRIC_CONVERSION_FORMULA></METRIC_CONVERSION_FORMULA>
     </ENVIRONMENT_OPTION>
     <ENVIRONMENT_OPTION>
      <CATEGORY_ID>Electricity</CATEGORY_ID>
      <ID>Voltage</ID>
      <NAME>Voltage</NAME>
      <CATEGORY>Electricity</CATEGORY>
      <TRANSFERENCE>100</TRANSFERENCE>
      <SHOW>false</SHOW>
      <INTERPOLATE>true</INTERPOLATE>
      <ACTIVE>false</ACTIVE>
      <VALUE>0</VALUE>
      <MIN>-100</MIN>
      <MAX>100</MAX>
      <MIN_RATE>-1000</MIN_RATE>
      <MAX_RATE>1000</MAX_RATE>
      <METRIC_UNIT>V</METRIC_UNIT>
      <IMPERIAL_UNIT></IMPERIAL_UNIT>
      <IMPERIAL_CONVERSION_FORMULA></IMPERIAL_CONVERSION_FORMULA>
      <METRIC_CONVERSION_FORMULA></METRIC_CONVERSION_FORMULA>
     </ENVIRONMENT_OPTION>
     <ENVIRONMENT_OPTION>
      <CATEGORY_ID>Water</CATEGORY_ID>
      <ID>Water Level</ID>
      <NAME>Water Level</NAME>
      <CATEGORY>Water</CATEGORY>
      <TRANSFERENCE>100</TRANSFERENCE>
      <SHOW>true</SHOW>
      <INTERPOLATE>true</INTERPOLATE>
      <ACTIVE>false</ACTIVE>
      <VALUE>0</VALUE>
      <MIN>0</MIN>
      <MAX>100</MAX>
      <MIN_RATE>-1000</MIN_RATE>
      <MAX_RATE>1000</MAX_RATE>
      <METRIC_UNIT>cm</METRIC_UNIT>
      <IMPERIAL_UNIT>in</IMPERIAL_UNIT>
      <IMPERIAL_CONVERSION_FORMULA>x*0.39</IMPERIAL_CONVERSION_FORMULA>
      <METRIC_CONVERSION_FORMULA>x*2.54</METRIC_CONVERSION_FORMULA>
     </ENVIRONMENT_OPTION>
     <ENVIRONMENT_OPTION>
      <CATEGORY_ID>Water</CATEGORY_ID>
      <ID>Water Speed</ID>
      <NAME>Speed</NAME>
      <CATEGORY>Water</CATEGORY>
      <TRANSFERENCE>100</TRANSFERENCE>
      <SHOW>false</SHOW>
      <INTERPOLATE>true</INTERPOLATE>
      <ACTIVE>false</ACTIVE>
      <VALUE>0</VALUE>
      <MIN>0</MIN>
      <MAX>1000</MAX>
      <MIN_RATE>-1000</MIN_RATE>
      <MAX_RATE>1000</MAX_RATE>
      <METRIC_UNIT>kph</METRIC_UNIT>
      <IMPERIAL_UNIT>mph</IMPERIAL_UNIT>
      <IMPERIAL_CONVERSION_FORMULA>x/1.609344</IMPERIAL_CONVERSION_FORMULA>
      <METRIC_CONVERSION_FORMULA>x*1.609344</METRIC_CONVERSION_FORMULA>
     </ENVIRONMENT_OPTION>
     <ENVIRONMENT_OPTION>
      <CATEGORY_ID>Water</CATEGORY_ID>
      <ID>Water Temperature</ID>
      <NAME>Temperature</NAME>
      <CATEGORY>Water</CATEGORY>
      <TRANSFERENCE>100</TRANSFERENCE>
      <SHOW>false</SHOW>
      <INTERPOLATE>true</INTERPOLATE>
      <ACTIVE>false</ACTIVE>
      <VALUE>0</VALUE>
      <MIN>-100</MIN>
      <MAX>100</MAX>
      <MIN_RATE>-1000</MIN_RATE>
      <MAX_RATE>1000</MAX_RATE>
      <METRIC_UNIT>C</METRIC_UNIT>
      <IMPERIAL_UNIT>F</IMPERIAL_UNIT>
      <IMPERIAL_CONVERSION_FORMULA>x*(9/5)+32</IMPERIAL_CONVERSION_FORMULA>
      <METRIC_CONVERSION_FORMULA>(x-32)*(5/9)</METRIC_CONVERSION_FORMULA>
     </ENVIRONMENT_OPTION>
     <ENVIRONMENT_OPTION>
      <CATEGORY_ID>Water</CATEGORY_ID>
      <ID>Water Volume</ID>
      <NAME>Volume</NAME>
      <CATEGORY>Water</CATEGORY>
      <TRANSFERENCE>100</TRANSFERENCE>
      <SHOW>false</SHOW>
      <INTERPOLATE>true</INTERPOLATE>
      <ACTIVE>false</ACTIVE>
      <VALUE>0</VALUE>
      <MIN>0</MIN>
      <MAX>10000</MAX>
      <MIN_RATE>-1000</MIN_RATE>
      <MAX_RATE>1000</MAX_RATE>
      <METRIC_UNIT>L</METRIC_UNIT>
      <IMPERIAL_UNIT>gal</IMPERIAL_UNIT>
      <IMPERIAL_CONVERSION_FORMULA>x*0.26417</IMPERIAL_CONVERSION_FORMULA>
      <METRIC_CONVERSION_FORMULA>x/0.26417</METRIC_CONVERSION_FORMULA>
     </ENVIRONMENT_OPTION>
     <ENVIRONMENT_OPTION>
      <CATEGORY_ID>Water</CATEGORY_ID>
      <ID>Water pH</ID>
      <NAME>Water pH</NAME>
      <CATEGORY>Water</CATEGORY>
      <TRANSFERENCE>100</TRANSFERENCE>
      <SHOW>false</SHOW>
      <INTERPOLATE>true</INTERPOLATE>
      <ACTIVE>false</ACTIVE>
      <VALUE>0</VALUE>
      <MIN>0</MIN>
      <MAX>100</MAX>
      <MIN_RATE>-1000</MIN_RATE>
      <MAX_RATE>1000</MAX_RATE>
      <METRIC_UNIT>pH</METRIC_UNIT>
      <IMPERIAL_UNIT></IMPERIAL_UNIT>
      <IMPERIAL_CONVERSION_FORMULA></IMPERIAL_CONVERSION_FORMULA>
      <METRIC_CONVERSION_FORMULA></METRIC_CONVERSION_FORMULA>
     </ENVIRONMENT_OPTION>
     <ENVIRONMENT_OPTION>
      <CATEGORY_ID>Electricity</CATEGORY_ID>
      <ID>Watts</ID>
      <NAME>Watts</NAME>
      <CATEGORY>Electricity</CATEGORY>
      <TRANSFERENCE>100</TRANSFERENCE>
      <SHOW>false</SHOW>
      <INTERPOLATE>true</INTERPOLATE>
      <ACTIVE>false</ACTIVE>
      <VALUE>0</VALUE>
      <MIN>-100</MIN>
      <MAX>100</MAX>
      <MIN_RATE>-1000</MIN_RATE>
      <MAX_RATE>1000</MAX_RATE>
      <METRIC_UNIT>W</METRIC_UNIT>
      <IMPERIAL_UNIT></IMPERIAL_UNIT>
      <IMPERIAL_CONVERSION_FORMULA></IMPERIAL_CONVERSION_FORMULA>
      <METRIC_CONVERSION_FORMULA></METRIC_CONVERSION_FORMULA>
     </ENVIRONMENT_OPTION>
     <ENVIRONMENT_OPTION>
      <CATEGORY_ID>Sound</CATEGORY_ID>
      <ID>White Noise</ID>
      <NAME>White Noise</NAME>
      <CATEGORY>Sound</CATEGORY>
      <TRANSFERENCE>100</TRANSFERENCE>
      <SHOW>false</SHOW>
      <INTERPOLATE>true</INTERPOLATE>
      <ACTIVE>false</ACTIVE>
      <VALUE>0</VALUE>
      <MIN>0</MIN>
      <MAX>100</MAX>
      <MIN_RATE>-1000</MIN_RATE>
      <MAX_RATE>1000</MAX_RATE>
      <METRIC_UNIT>%</METRIC_UNIT>
      <IMPERIAL_UNIT></IMPERIAL_UNIT>
      <IMPERIAL_CONVERSION_FORMULA></IMPERIAL_CONVERSION_FORMULA>
      <METRIC_CONVERSION_FORMULA></METRIC_CONVERSION_FORMULA>
     </ENVIRONMENT_OPTION>
     <ENVIRONMENT_OPTION>
      <CATEGORY_ID>Wind</CATEGORY_ID>
      <ID>Wind Direction</ID>
      <NAME>Direction</NAME>
      <CATEGORY>Wind</CATEGORY>
      <TRANSFERENCE>100</TRANSFERENCE>
      <SHOW>true</SHOW>
      <INTERPOLATE>true</INTERPOLATE>
      <ACTIVE>true</ACTIVE>
      <VALUE>8.12847</VALUE>
      <MIN>-100</MIN>
      <MAX>100</MAX>
      <MIN_RATE>-1000</MIN_RATE>
      <MAX_RATE>1000</MAX_RATE>
      <METRIC_UNIT>degrees</METRIC_UNIT>
      <IMPERIAL_UNIT></IMPERIAL_UNIT>
      <IMPERIAL_CONVERSION_FORMULA></IMPERIAL_CONVERSION_FORMULA>
      <METRIC_CONVERSION_FORMULA></METRIC_CONVERSION_FORMULA>
     </ENVIRONMENT_OPTION>
     <ENVIRONMENT_OPTION>
      <CATEGORY_ID>Wind</CATEGORY_ID>
      <ID>Wind Gusts</ID>
      <NAME>Variance (gusts)</NAME>
      <CATEGORY>Wind</CATEGORY>
      <TRANSFERENCE>100</TRANSFERENCE>
      <SHOW>true</SHOW>
      <INTERPOLATE>true</INTERPOLATE>
      <ACTIVE>true</ACTIVE>
      <VALUE>0.736111</VALUE>
      <MIN>0</MIN>
      <MAX>100</MAX>
      <MIN_RATE>-1000</MIN_RATE>
      <MAX_RATE>1000</MAX_RATE>
      <METRIC_UNIT>%</METRIC_UNIT>
      <IMPERIAL_UNIT></IMPERIAL_UNIT>
      <IMPERIAL_CONVERSION_FORMULA></IMPERIAL_CONVERSION_FORMULA>
      <METRIC_CONVERSION_FORMULA></METRIC_CONVERSION_FORMULA>
     </ENVIRONMENT_OPTION>
     <ENVIRONMENT_OPTION>
      <CATEGORY_ID>Wind</CATEGORY_ID>
      <ID>Wind Speed</ID>
      <NAME>Speed</NAME>
      <CATEGORY>Wind</CATEGORY>
      <TRANSFERENCE>100</TRANSFERENCE>
      <SHOW>true</SHOW>
      <INTERPOLATE>true</INTERPOLATE>
      <ACTIVE>true</ACTIVE>
      <VALUE>0</VALUE>
      <MIN>0</MIN>
      <MAX>100</MAX>
      <MIN_RATE>-1000</MIN_RATE>
      <MAX_RATE>1000</MAX_RATE>
      <METRIC_UNIT>kph</METRIC_UNIT>
      <IMPERIAL_UNIT>mph</IMPERIAL_UNIT>
      <IMPERIAL_CONVERSION_FORMULA>x/1.609344</IMPERIAL_CONVERSION_FORMULA>
      <METRIC_CONVERSION_FORMULA>x*1.609344</METRIC_CONVERSION_FORMULA>
     </ENVIRONMENT_OPTION>
    </ENVIRONMENT_OPTIONS>
   </ENVIRONMENT>
   <UUID_STR>{4811c13d-1e8e-4024-abbc-4820396e8e94}</UUID_STR>
   <SLOT>0</SLOT>
   <SUB_SLOT>0</SUB_SLOT>
  </NODE>
  <BGPATH_TILED>false</BGPATH_TILED>
  <INTERCITY_GRID>
   <X>2000</X>
   <Y>1241</Y>
   <ENABLED>false</ENABLED>
  </INTERCITY_GRID>
  <CITY_GRID>
   <X>200</X>
   <Y>123</Y>
   <ENABLED>false</ENABLED>
  </CITY_GRID>
  <BUILDING_GRID>
   <X>20</X>
   <Y>12</Y>
   <ENABLED>false</ENABLED>
  </BUILDING_GRID>
  <GENERIC_CONTAINER_GRID>
   <X>1</X>
   <Y>1</Y>
   <ENABLED>false</ENABLED>
  </GENERIC_CONTAINER_GRID>
  <GRID_COLOR>#dcdcdc</GRID_COLOR>
  <NOTES/>
 </PHYSICALWORKSPACE>
 <FILTERS Telnet="yes" HSRP="yes" CAPWAP="yes" STP="yes" DHCP="yes" ISAKMP="yes" IPSec="yes" BGP="yes" SSH="yes" OSPF="yes" HSRPv6="yes" POP3="yes" TACACS="yes" SMTP="yes" LACP="yes" NTP="yes" ARP="yes" TFTP="yes" PTP="yes" Bluetooth="yes" SYSLOG="yes" REP="yes" USB="yes" DNS="yes" ICMP="yes" OSPFv6="yes" EAPOL="yes" PAgP="yes" IoT-TCP="yes" PPPoED="yes" CDP="yes" ICMPv6="yes" TCP="yes" RTP="yes" FTP="yes" EIGRPv6="yes" SNMP="yes" EIGRP="yes" LLDP="yes" HTTP="yes" DHCPv6="yes" VTP="yes" HTTPS="yes" NDP="yes" SCCP="yes" RIPng="yes" UDP="yes" RADIUS="yes" H.323="yes" DTP="yes" RIP="yes" PPP="yes" NETFLOW="yes" IoT="yes">
  <ACL_FILTERS>
   <ACL_FILTER>
    <NAME>ACL Filter</NAME>
    <STATEMENTS></STATEMENTS>
    <ENABLED>yes</ENABLED>
   </ACL_FILTER>
  </ACL_FILTERS>
  <CUSTOM_TYPE_FILTERS/>
 </FILTERS>
 <CLUSTERS>
  <ROOTCLUSTER>
   <NAME translate="true">Root</NAME>
   <CLUSTERID>1-1</CLUSTERID>
   <CLUSTER_BG_IMAGE isanim="false"></CLUSTER_BG_IMAGE>
   <CLUSTER_EMBEDDED_BG_IMAGE></CLUSTER_EMBEDDED_BG_IMAGE>
   <CLUSTER_ICON_IMAGE></CLUSTER_ICON_IMAGE>
   <TILED_BG>false</TILED_BG>
  </ROOTCLUSTER>
 </CLUSTERS>
 <LINES/>
 <RECTANGLES/>
 <ELLIPSES/>
 <POLYGONS/>
 <USER_PROFILE>
  <NAME>Guest</NAME>
  <EMAIL></EMAIL>
  <ADDITIONAL_INFO></ADDITIONAL_INFO>
 </USER_PROFILE>
 <MULTIUSER>
  <REMOTE_NETWORKS/>
  <PORT_VISIBILITY/>
 </MULTIUSER>
 <GEOVIEW_GRAPHICSITEMS/>
 <SCRIPT_MODULE>
  <PT_APP_META>
   <PT_VERSION/>
   <IPC_VERSION/>
   <NAME/>
   <VERSION/>
   <ID/>
   <DESCRIPTION/>
   <AUTHOR/>
   <CONTACT/>
   <EXECUTABLE_PATH/>
   <DETACHED>false</DETACHED>
   <KEY/>
   <SECURITY_SETTINGS/>
   <LOADING>ON_STARTUP</LOADING>
   <SAVING>NEVER</SAVING>
   <INSTANCES>1</INSTANCES>
   <MANDATORY>false</MANDATORY>
   <ASYNC_PROMPTED>true</ASYNC_PROMPTED>
  </PT_APP_META>
  <PASSWORD></PASSWORD>
  <OPEN_IF_DENIED>false</OPEN_IF_DENIED>
  <SCRIPTS>
   <SCRIPT_DATA_STORES/>
  </SCRIPTS>
  <INTERFACES/>
  <NEW_DEVICE_CUSTOM_INTERFACES/>
 </SCRIPT_MODULE>
 <CODE_TESTING/>
 <COMMAND_LOGS/>
 <CEPS/>
 <EXT_PORT_MGR/>
</PACKETTRACER5>
